GLPSOL--GLPK LP/MIP Solver 5.0
Parameter(s) specified in the command line:
 -m ../GLPK/GraphColoringGLPK.mod -d 2-FullIns_4.col.dat -o ../sol/2-FullIns_4.col.dat.sol
Reading model section from ../GLPK/GraphColoringGLPK.mod...
../GLPK/GraphColoringGLPK.mod:28: warning: unexpected end of file; missing end statement inserted
28 lines were read
Reading data section from 2-FullIns_4.col.dat...
3247 lines were read
Generating colors_count...
Generating R1...
Generating R2...
Generating R3...
Model has been successfully generated
GLPK Integer Optimizer 5.0
687728 rows, 45156 columns, 2196532 non-zeros
45156 integer variables, all of which are binary
Preprocessing...
687727 rows, 45156 columns, 2196320 non-zeros
45156 integer variables, all of which are binary
Scaling...
 A: min|aij| =  1.000e+00  max|aij| =  1.000e+00  ratio =  1.000e+00
Problem data seem to be well scaled
Constructing initial basis...
Size of triangular part is 687727
Solving LP relaxation...
GLPK Simplex Optimizer 5.0
687727 rows, 45156 columns, 2196320 non-zeros
      0: obj =   0.000000000e+00 inf =   6.696e+03 (3243)
Perturbing LP to avoid stalling [200]...
    281: obj =   1.000000000e+00 inf =   3.454e+03 (3243)
    513: obj =   1.000000000e+00 inf =   3.454e+03 (3243) 1
    724: obj =   1.000000000e+00 inf =   3.454e+03 (3243) 1
    925: obj =   1.000000000e+00 inf =   3.454e+03 (3243) 2
   1128: obj =   1.000000000e+00 inf =   3.454e+03 (3243) 2
   1332: obj =   1.000000000e+00 inf =   3.454e+03 (3243) 2
   1520: obj =   3.000000018e+00 inf =   3.092e+03 (2887) 2
   1702: obj =   3.000005439e+00 inf =   3.092e+03 (2887) 2
   1887: obj =   3.050702537e+00 inf =   3.059e+03 (2887) 2
   2059: obj =   3.065474546e+00 inf =   2.988e+03 (2887) 2
   2233: obj =   3.080076199e+00 inf =   2.972e+03 (2887) 1
   2401: obj =   3.104761922e+00 inf =   2.953e+03 (2887) 2
   2564: obj =   3.128851746e+00 inf =   2.930e+03 (2887) 2
   2733: obj =   3.164326226e+00 inf =   2.905e+03 (2887) 1
   2899: obj =   3.183120882e+00 inf =   2.886e+03 (2887) 2
   3067: obj =   3.219661645e+00 inf =   2.853e+03 (2887) 1
   3234: obj =   3.303466231e+00 inf =   2.813e+03 (2887) 2
   3399: obj =   3.393527581e+00 inf =   2.765e+03 (2783) 1
   3560: obj =   3.480902641e+00 inf =   2.712e+03 (2783) 2
   3723: obj =   3.574198032e+00 inf =   2.660e+03 (2783) 1
   3884: obj =   3.661456660e+00 inf =   2.600e+03 (2783) 2
   4051: obj =   3.822987500e+00 inf =   2.524e+03 (2783) 1
   4217: obj =   3.996537597e+00 inf =   2.467e+03 (2777) 2
   4385: obj =   4.212184929e+00 inf =   2.395e+03 (2723) 1
   4549: obj =   4.393382432e+00 inf =   2.331e+03 (2723) 2
   4715: obj =   4.745787463e+00 inf =   2.221e+03 (2723) 1
   4881: obj =   4.988100929e+00 inf =   2.148e+03 (2723) 2
   5054: obj =   5.094538533e+00 inf =   2.116e+03 (2723) 1
   5221: obj =   5.288470975e+00 inf =   2.051e+03 (2723) 2
   5388: obj =   5.735505863e+00 inf =   1.900e+03 (2723) 1
   5550: obj =   6.057331372e+00 inf =   1.793e+03 (2723) 2
   5717: obj =   6.481434442e+00 inf =   1.664e+03 (2717) 1
   5881: obj =   6.894344330e+00 inf =   1.538e+03 (2687) 2
   6050: obj =   7.247332323e+00 inf =   1.444e+03 (2685) 1
   6211: obj =   7.654125557e+00 inf =   1.333e+03 (2663) 2
   6378: obj =   7.889822364e+00 inf =   1.273e+03 (2609) 1
   6545: obj =   8.194954566e+00 inf =   1.193e+03 (2405) 1
   6710: obj =   8.370322228e+00 inf =   1.149e+03 (2383) 2
   6870: obj =   8.622593655e+00 inf =   1.097e+03 (2277) 2
   7037: obj =   8.701903319e+00 inf =   1.068e+03 (1881) 1
   7181: obj =   8.749359375e+00 inf =   1.036e+03 (1823) 2
   7308: obj =   8.760861217e+00 inf =   1.001e+03 (1783) 1
   7449: obj =   8.785313466e+00 inf =   9.615e+02 (1775) 1
   7598: obj =   8.786612106e+00 inf =   9.280e+02 (1773) 2
   7749: obj =   8.786978345e+00 inf =   8.933e+02 (1769) 1
   7896: obj =   8.790769382e+00 inf =   8.576e+02 (1769) 2
   8048: obj =   8.812904674e+00 inf =   8.276e+02 (1753) 1
   8199: obj =   8.815209389e+00 inf =   8.249e+02 (1039) 1
   8346: obj =   8.855399956e+00 inf =   7.903e+02 (1023) 2
   8492: obj =   8.858053066e+00 inf =   7.617e+02 (979) 1
   8628: obj =   8.884243518e+00 inf =   7.350e+02 (961) 2
   8779: obj =   8.907468752e+00 inf =   7.052e+02 (951) 1
   8928: obj =   8.905452699e+00 inf =   6.707e+02 (945) 1
   9062: obj =   8.889291253e+00 inf =   6.482e+02 (931) 2
   9198: obj =   8.908993424e+00 inf =   6.244e+02 (925) 1
   9337: obj =   9.006684286e+00 inf =   5.906e+02 (891) 1
   9465: obj =   9.026225118e+00 inf =   5.691e+02 (809) 2
   9607: obj =   9.030684231e+00 inf =   5.494e+02 (799) 1
   9738: obj =   9.040489713e+00 inf =   5.235e+02 (771) 1
   9869: obj =   9.041127150e+00 inf =   5.054e+02 (745) 1
  10003: obj =   9.041832729e+00 inf =   4.900e+02 (733) 2
  10152: obj =   9.019127756e+00 inf =   4.810e+02 (733) 1
  10294: obj =   9.004824736e+00 inf =   4.680e+02 (727) 2
  10439: obj =   9.001447379e+00 inf =   4.491e+02 (725) 1
  10582: obj =   9.001736688e+00 inf =   4.285e+02 (719) 1
  10721: obj =   9.006382025e+00 inf =   4.110e+02 (715) 2
  10865: obj =   9.005472735e+00 inf =   3.959e+02 (699) 1
  11007: obj =   9.006721473e+00 inf =   3.781e+02 (695) 1
  11150: obj =   9.008586157e+00 inf =   3.708e+02 (689) 2
  11296: obj =   9.039662548e+00 inf =   3.618e+02 (687) 1
  11437: obj =   9.065318489e+00 inf =   3.447e+02 (653) 1
  11573: obj =   9.083388181e+00 inf =   3.318e+02 (633) 2
  11713: obj =   9.086001616e+00 inf =   3.201e+02 (631) 1
  11852: obj =   9.084552810e+00 inf =   3.062e+02 (563) 1
  11989: obj =   9.079581248e+00 inf =   2.984e+02 (549) 2
  12133: obj =   9.072702231e+00 inf =   2.952e+02 (543) 1
  12277: obj =   9.040622819e+00 inf =   2.893e+02 (539) 1
  12418: obj =   9.027109761e+00 inf =   2.782e+02 (537) 1
  12550: obj =   9.037847140e+00 inf =   2.629e+02 (507) 2
  12687: obj =   9.023573632e+00 inf =   2.507e+02 (483) 1
  12824: obj =   9.026221420e+00 inf =   2.406e+02 (471) 1
  12958: obj =   9.019698379e+00 inf =   2.317e+02 (445) 2
  13099: obj =   9.023864310e+00 inf =   2.272e+02 (425) 1
  13240: obj =   9.029251477e+00 inf =   2.239e+02 (417) 1
  13379: obj =   9.031922654e+00 inf =   2.139e+02 (409) 1
  13514: obj =   9.043938330e+00 inf =   2.058e+02 (393) 2
  13649: obj =   9.030041539e+00 inf =   1.966e+02 (371) 1
  13768: obj =   9.027276802e+00 inf =   1.910e+02 (349) 1
  13886: obj =   9.016791321e+00 inf =   1.861e+02 (339) 1
  14001: obj =   9.010101841e+00 inf =   1.822e+02 (331) 1
  14138: obj =   9.005399348e+00 inf =   1.811e+02 (331) 1
  14262: obj =   8.998668438e+00 inf =   1.791e+02 (323) 2
  14395: obj =   9.050518583e+00 inf =   1.753e+02 (317) 1
  14523: obj =   9.114468580e+00 inf =   1.714e+02 (311) 1
  14644: obj =   9.183796214e+00 inf =   1.641e+02 (305) 1
  14779: obj =   9.247260669e+00 inf =   1.565e+02 (289) 1
  14906: obj =   9.253705120e+00 inf =   1.512e+02 (263) 2
  15025: obj =   9.260667300e+00 inf =   1.466e+02 (241) 1
  15147: obj =   9.261066595e+00 inf =   1.447e+02 (229) 1
  15274: obj =   9.254726586e+00 inf =   1.422e+02 (225) 1
  15407: obj =   9.325727166e+00 inf =   1.389e+02 (221) 1
  15533: obj =   9.374960364e+00 inf =   1.354e+02 (187) 1
  15657: obj =   9.405015331e+00 inf =   1.312e+02 (175) 2
  15778: obj =   9.453782312e+00 inf =   1.282e+02 (157) 1
  15908: obj =   9.499452128e+00 inf =   1.252e+02 (157) 1
  16025: obj =   9.508765342e+00 inf =   1.218e+02 (153) 1
  16157: obj =   9.513314938e+00 inf =   1.204e+02 (149) 1
  16289: obj =   9.515794601e+00 inf =   1.194e+02 (149) 1
  16415: obj =   9.539492903e+00 inf =   1.178e+02 (133) 2
  16543: obj =   9.550830435e+00 inf =   1.152e+02 (123) 1
  16672: obj =   9.565615903e+00 inf =   1.094e+02 (117) 1
  16793: obj =   9.570665628e+00 inf =   1.058e+02 (105) 1
  16909: obj =   9.569471968e+00 inf =   1.031e+02 (99) 1
  17034: obj =   9.565326509e+00 inf =   1.003e+02 (99) 1
  17161: obj =   9.563370391e+00 inf =   9.946e+01 (99) 2
  17284: obj =   9.566810544e+00 inf =   9.829e+01 (99) 1
  17401: obj =   9.584421295e+00 inf =   9.611e+01 (93) 1
  17525: obj =   9.612293518e+00 inf =   9.423e+01 (93) 1
  17648: obj =   9.625913745e+00 inf =   9.244e+01 (75) 1
  17772: obj =   9.647164741e+00 inf =   9.060e+01 (75) 1
  17896: obj =   9.662259663e+00 inf =   8.916e+01 (73) 1
  18016: obj =   9.675659667e+00 inf =   8.786e+01 (71) 2
  18144: obj =   9.683929184e+00 inf =   8.736e+01 (71) 1
  18270: obj =   9.711671785e+00 inf =   8.619e+01 (69) 1
  18382: obj =   9.720054105e+00 inf =   8.508e+01 (69) 1
  18495: obj =   9.731691452e+00 inf =   8.364e+01 (69) 1
  18614: obj =   9.746616239e+00 inf =   8.209e+01 (55) 1
  18736: obj =   9.766625970e+00 inf =   8.059e+01 (53) 1
  18859: obj =   9.780444761e+00 inf =   7.947e+01 (53) 1
  18980: obj =   9.781022111e+00 inf =   7.829e+01 (53) 1
  19100: obj =   9.784459802e+00 inf =   7.763e+01 (41) 1
  19223: obj =   9.796055042e+00 inf =   7.651e+01 (41) 1
  19344: obj =   9.806644432e+00 inf =   7.557e+01 (41) 2
  19464: obj =   9.816061025e+00 inf =   7.402e+01 (37) 1
  19586: obj =   9.819334314e+00 inf =   7.294e+01 (37) 1
  19704: obj =   9.825883378e+00 inf =   7.125e+01 (35) 1
  19823: obj =   9.828793308e+00 inf =   7.036e+01 (33) 1
  19945: obj =   9.835517653e+00 inf =   6.969e+01 (33) 1
  20067: obj =   9.846524082e+00 inf =   6.917e+01 (31) 1
  20188: obj =   9.852048443e+00 inf =   6.873e+01 (31) 1
  20312: obj =   9.860652179e+00 inf =   6.804e+01 (31) 1
  20429: obj =   9.870950998e+00 inf =   6.720e+01 (31) 1
  20537: obj =   9.884362059e+00 inf =   6.620e+01 (31) 1
  20661: obj =   9.910286514e+00 inf =   6.482e+01 (31) 1
  20781: obj =   9.920514812e+00 inf =   6.373e+01 (31) 1
  20901: obj =   9.941683162e+00 inf =   6.241e+01 (31) 1
  21020: obj =   9.965382011e+00 inf =   6.066e+01 (27) 2
  21143: obj =   9.966532199e+00 inf =   6.020e+01 (27) 1
  21266: obj =   9.969667593e+00 inf =   5.970e+01 (25) 1
  21391: obj =   9.975460744e+00 inf =   5.900e+01 (25) 1
  21510: obj =   9.992181028e+00 inf =   5.777e+01 (23) 1
  21634: obj =   1.001031962e+01 inf =   5.607e+01 (23) 1
  21759: obj =   1.002145039e+01 inf =   5.501e+01 (23) 1
  21883: obj =   1.003280255e+01 inf =   5.388e+01 (17) 1
  21999: obj =   1.002790582e+01 inf =   5.268e+01 (17) 1
  22120: obj =   1.002555409e+01 inf =   5.202e+01 (15) 1
  22238: obj =   1.002453767e+01 inf =   5.139e+01 (15) 2
  22355: obj =   1.003499467e+01 inf =   5.075e+01 (15) 1
  22475: obj =   1.004850343e+01 inf =   4.958e+01 (15) 1
  22594: obj =   1.007724579e+01 inf =   4.836e+01 (13) 1
  22711: obj =   1.009275135e+01 inf =   4.696e+01 (13) 1
  22832: obj =   1.011773008e+01 inf =   4.617e+01 (11) 1
  22949: obj =   1.015774244e+01 inf =   4.518e+01 (11) 1
  23056: obj =   1.017900882e+01 inf =   4.444e+01 (11) 1
  23177: obj =   1.019106828e+01 inf =   4.406e+01 (11) 1
  23298: obj =   1.019913365e+01 inf =   4.357e+01 (11) 1
  23416: obj =   1.020360004e+01 inf =   4.256e+01 (11) 1
  23532: obj =   1.021480352e+01 inf =   4.183e+01 (11) 1
  23646: obj =   1.023053492e+01 inf =   4.064e+01 (11) 1
  23762: obj =   1.024024352e+01 inf =   3.970e+01 (11) 1
  23877: obj =   1.026009942e+01 inf =   3.820e+01 (9) 1
  23995: obj =   1.026992956e+01 inf =   3.756e+01 (9) 1
  24112: obj =   1.027642050e+01 inf =   3.723e+01 (9) 1
  24232: obj =   1.028266837e+01 inf =   3.703e+01 (9) 1
  24356: obj =   1.030035361e+01 inf =   3.635e+01 (9) 1
  24476: obj =   1.034312314e+01 inf =   3.500e+01 (9) 1
  24594: obj =   1.037384371e+01 inf =   3.405e+01 (9) 1
  24718: obj =   1.039868688e+01 inf =   3.314e+01 (9) 1
  24838: obj =   1.042286464e+01 inf =   3.239e+01 (9) 2
  24961: obj =   1.045380641e+01 inf =   3.164e+01 (9) 1
  25080: obj =   1.046741508e+01 inf =   3.131e+01 (9) 1
  25206: obj =   1.047235878e+01 inf =   3.119e+01 (9) 1
  25321: obj =   1.047900792e+01 inf =   3.086e+01 (9) 1
  25436: obj =   1.048620697e+01 inf =   3.034e+01 (9) 1
  25558: obj =   1.049796564e+01 inf =   2.969e+01 (9) 1
  25683: obj =   1.051280016e+01 inf =   2.884e+01 (9) 1
  25808: obj =   1.052602814e+01 inf =   2.766e+01 (9) 1
  25927: obj =   1.054220718e+01 inf =   2.625e+01 (9) 1
  26048: obj =   1.055171067e+01 inf =   2.541e+01 (9) 1
  26170: obj =   1.055385052e+01 inf =   2.529e+01 (5) 2
  26296: obj =   1.056183721e+01 inf =   2.498e+01 (5) 1
  26421: obj =   1.057852244e+01 inf =   2.423e+01 (5) 1
  26547: obj =   1.059640624e+01 inf =   2.354e+01 (5) 1
  26673: obj =   1.060783020e+01 inf =   2.286e+01 (5) 1
  26795: obj =   1.063620816e+01 inf =   2.158e+01 (5) 1
  26918: obj =   1.065205228e+01 inf =   2.072e+01 (5) 1
  27040: obj =   1.068318781e+01 inf =   1.961e+01 (5) 1
  27163: obj =   1.068682067e+01 inf =   1.951e+01 (5) 2
  27293: obj =   1.069760616e+01 inf =   1.900e+01 (5) 1
  27418: obj =   1.072916578e+01 inf =   1.789e+01 (5) 1
  27542: obj =   1.075706517e+01 inf =   1.671e+01 (5) 1
  27666: obj =   1.079610234e+01 inf =   1.528e+01 (5) 1
  27789: obj =   1.082680784e+01 inf =   1.416e+01 (5) 1
  27913: obj =   1.087526358e+01 inf =   1.283e+01 (5) 1
  28038: obj =   1.090894660e+01 inf =   1.173e+01 (5) 1
  28166: obj =   1.091355709e+01 inf =   1.150e+01 (5) 1
  28285: obj =   1.092544053e+01 inf =   1.107e+01 (5) 2
  28411: obj =   1.095239631e+01 inf =   1.034e+01 (5) 1
  28536: obj =   1.097920149e+01 inf =   9.097e+00 (5) 1
  28660: obj =   1.100693934e+01 inf =   7.960e+00 (5) 1
  28785: obj =   1.103270222e+01 inf =   6.719e+00 (5) 1
  28908: obj =   1.106886202e+01 inf =   5.443e+00 (5) 1
  29027: obj =   1.111855010e+01 inf =   3.596e+00 (5) 1
  29152: obj =   1.112740363e+01 inf =   3.278e+00 (5) 1
  29274: obj =   1.114454600e+01 inf =   2.379e+00 (5) 1
  29398: obj =   1.116303268e+01 inf =   1.678e+00 (5) 1
  29521: obj =   1.119662096e+01 inf =   5.541e-01 (5) 1
  29632: obj =   1.121791329e+01 inf =   1.293e-04 (0) 1
* 29755: obj =   1.115384860e+01 inf =   1.283e-04 (22746) 1
* 29882: obj =   1.110342562e+01 inf =   1.293e-04 (23218) 1
* 30002: obj =   1.105047659e+01 inf =   1.252e-04 (22751) 2
* 30133: obj =   1.102781392e+01 inf =   1.216e-04 (22575) 1
* 30262: obj =   1.100436581e+01 inf =   1.219e-04 (22903) 1
* 30390: obj =   1.095069718e+01 inf =   1.204e-04 (21855) 1
* 30518: obj =   1.088805444e+01 inf =   1.193e-04 (22966) 2
* 30644: obj =   1.081552729e+01 inf =   1.195e-04 (21939) 1
* 30768: obj =   1.074312213e+01 inf =   1.196e-04 (21943) 1
* 30896: obj =   1.068123131e+01 inf =   1.203e-04 (21800) 1
* 31018: obj =   1.060223882e+01 inf =   1.203e-04 (22335) 1
* 31147: obj =   1.057682105e+01 inf =   1.203e-04 (22865) 1
* 31269: obj =   1.056171197e+01 inf =   1.203e-04 (23896) 2
* 31393: obj =   1.051512164e+01 inf =   1.186e-04 (21611) 1
* 31512: obj =   1.045135145e+01 inf =   1.186e-04 (22039) 1
* 31633: obj =   1.039148546e+01 inf =   1.184e-04 (21683) 1
* 31753: obj =   1.033037317e+01 inf =   1.183e-04 (23261) 1
* 31873: obj =   1.027366939e+01 inf =   1.179e-04 (21716) 1
* 31992: obj =   1.020574817e+01 inf =   1.180e-04 (22488) 1
* 32115: obj =   1.019034268e+01 inf =   1.227e-04 (22809) 2
* 32241: obj =   1.017095395e+01 inf =   1.208e-04 (22353) 1
* 32362: obj =   1.014716144e+01 inf =   1.116e-04 (22523) 1
* 32485: obj =   1.012415653e+01 inf =   1.122e-04 (23597) 1
* 32609: obj =   1.008478418e+01 inf =   1.127e-04 (22167) 1
* 32732: obj =   1.003385115e+01 inf =   1.136e-04 (23274) 1
* 32854: obj =   9.993869468e+00 inf =   1.139e-04 (23404) 1
* 32971: obj =   9.926358592e+00 inf =   1.145e-04 (22425) 2
* 33096: obj =   9.885694834e+00 inf =   1.098e-04 (23825) 1
* 33224: obj =   9.868202391e+00 inf =   1.154e-04 (22471) 1
* 33345: obj =   9.831134706e+00 inf =   1.198e-04 (23216) 1
* 33466: obj =   9.787755801e+00 inf =   1.197e-04 (23087) 1
* 33586: obj =   9.748424122e+00 inf =   1.192e-04 (21954) 1
* 33709: obj =   9.712319599e+00 inf =   1.174e-04 (22664) 1
* 33831: obj =   9.678649241e+00 inf =   1.180e-04 (23058) 2
* 33948: obj =   9.601849906e+00 inf =   1.179e-04 (22004) 1
* 34069: obj =   9.571078254e+00 inf =   1.216e-04 (23835) 1
* 34196: obj =   9.562998923e+00 inf =   1.224e-04 (22860) 1
* 34322: obj =   9.531614507e+00 inf =   1.219e-04 (21334) 1
* 34441: obj =   9.443803019e+00 inf =   1.234e-04 (23680) 1
* 34561: obj =   9.371741529e+00 inf =   1.235e-04 (22176) 1
* 34679: obj =   9.343338473e+00 inf =   1.245e-04 (22691) 2
* 34801: obj =   9.284905207e+00 inf =   1.243e-04 (23246) 1
* 34923: obj =   9.251137159e+00 inf =   1.239e-04 (22483) 1
* 35048: obj =   9.222043980e+00 inf =   1.244e-04 (23241) 1
* 35176: obj =   9.202795226e+00 inf =   1.234e-04 (23709) 1
* 35302: obj =   9.184150898e+00 inf =   1.238e-04 (23208) 1
* 35417: obj =   9.127915424e+00 inf =   1.241e-04 (21938) 2
* 35538: obj =   9.093403792e+00 inf =   1.239e-04 (23237) 1
* 35659: obj =   9.061808112e+00 inf =   1.217e-04 (22613) 1
* 35778: obj =   9.017538046e+00 inf =   1.220e-04 (22217) 1
* 35896: obj =   8.975498427e+00 inf =   1.286e-04 (22767) 1
* 36014: obj =   8.945360200e+00 inf =   1.288e-04 (21479) 1
* 36139: obj =   8.933500120e+00 inf =   1.292e-04 (22605) 1
* 36262: obj =   8.914667525e+00 inf =   1.248e-04 (22868) 2
* 36384: obj =   8.901007593e+00 inf =   1.246e-04 (22547) 1
* 36504: obj =   8.884048266e+00 inf =   1.259e-04 (22198) 1
* 36622: obj =   8.834764350e+00 inf =   1.257e-04 (21840) 1
* 36741: obj =   8.798938765e+00 inf =   1.269e-04 (22205) 1
* 36857: obj =   8.752771042e+00 inf =   1.267e-04 (21991) 1
* 36974: obj =   8.722232291e+00 inf =   1.277e-04 (23002) 1
* 37095: obj =   8.703211294e+00 inf =   1.268e-04 (22385) 1
* 37218: obj =   8.692563001e+00 inf =   1.270e-04 (22795) 1
* 37334: obj =   8.681041433e+00 inf =   1.273e-04 (22668) 2
* 37456: obj =   8.661682850e+00 inf =   1.258e-04 (21177) 1
* 37573: obj =   8.633804335e+00 inf =   1.268e-04 (22226) 1
* 37690: obj =   8.610215922e+00 inf =   1.270e-04 (21936) 1
* 37809: obj =   8.592644530e+00 inf =   1.272e-04 (22026) 1
* 37922: obj =   8.557537560e+00 inf =   1.273e-04 (23682) 1
* 38037: obj =   8.536841538e+00 inf =   1.296e-04 (22080) 1
* 38159: obj =   8.533901163e+00 inf =   1.365e-04 (23613) 1
* 38279: obj =   8.530107773e+00 inf =   1.365e-04 (22337) 1
* 38399: obj =   8.516981716e+00 inf =   1.371e-04 (22446) 1
* 38517: obj =   8.494516275e+00 inf =   1.377e-04 (23737) 2
* 38634: obj =   8.469612984e+00 inf =   1.354e-04 (23309) 1
* 38748: obj =   8.438277775e+00 inf =   1.354e-04 (22358) 1
* 38861: obj =   8.398492867e+00 inf =   1.351e-04 (23795) 1
* 38974: obj =   8.365504353e+00 inf =   1.329e-04 (21259) 1
* 39091: obj =   8.349504634e+00 inf =   1.328e-04 (23225) 1
* 39213: obj =   8.340426730e+00 inf =   1.319e-04 (21820) 1
* 39334: obj =   8.331213613e+00 inf =   1.322e-04 (22192) 1
* 39448: obj =   8.321786079e+00 inf =   1.325e-04 (23641) 1
* 39566: obj =   8.304916715e+00 inf =   1.336e-04 (23922) 1
* 39681: obj =   8.289153043e+00 inf =   1.340e-04 (23234) 2
* 39797: obj =   8.255458340e+00 inf =   1.359e-04 (21474) 1
* 39914: obj =   8.226497686e+00 inf =   1.335e-04 (23656) 1
* 40036: obj =   8.218676183e+00 inf =   1.348e-04 (22650) 1
* 40157: obj =   8.205828845e+00 inf =   1.339e-04 (24011) 1
* 40280: obj =   8.200081057e+00 inf =   1.369e-04 (22926) 1
* 40397: obj =   8.189864389e+00 inf =   1.432e-04 (22618) 1
* 40514: obj =   8.170589220e+00 inf =   1.453e-04 (22456) 1
* 40634: obj =   8.141729371e+00 inf =   1.471e-04 (22782) 1
* 40742: obj =   8.105272357e+00 inf =   1.479e-04 (22210) 2
* 40856: obj =   8.087018142e+00 inf =   1.488e-04 (23068) 1
* 40971: obj =   8.068749554e+00 inf =   1.487e-04 (22188) 1
* 41088: obj =   8.053073876e+00 inf =   1.554e-04 (22611) 1
* 41207: obj =   8.049172134e+00 inf =   1.563e-04 (22133) 1
* 41326: obj =   8.043627606e+00 inf =   1.525e-04 (22038) 1
* 41444: obj =   8.029999209e+00 inf =   1.517e-04 (22840) 1
* 41562: obj =   8.015121364e+00 inf =   1.510e-04 (22225) 1
* 41677: obj =   7.998365365e+00 inf =   1.509e-04 (21612) 1
* 41793: obj =   7.983569387e+00 inf =   1.507e-04 (23157) 1
* 41905: obj =   7.968895180e+00 inf =   1.510e-04 (22878) 2
* 42020: obj =   7.949576773e+00 inf =   1.517e-04 (22436) 1
* 42137: obj =   7.942453348e+00 inf =   1.502e-04 (22383) 1
* 42256: obj =   7.938186413e+00 inf =   1.503e-04 (21771) 1
* 42374: obj =   7.933045493e+00 inf =   1.505e-04 (22690) 1
* 42493: obj =   7.928362021e+00 inf =   1.531e-04 (23241) 1
* 42610: obj =   7.913680297e+00 inf =   1.542e-04 (21858) 1
* 42727: obj =   7.896221889e+00 inf =   1.545e-04 (21446) 1
* 42841: obj =   7.874897258e+00 inf =   1.546e-04 (21476) 1
* 42954: obj =   7.850699983e+00 inf =   1.550e-04 (22238) 1
* 43071: obj =   7.836445977e+00 inf =   1.589e-04 (22989) 2
* 43189: obj =   7.829395183e+00 inf =   1.514e-04 (21668) 1
* 43305: obj =   7.820474744e+00 inf =   1.508e-04 (21163) 1
* 43422: obj =   7.805434423e+00 inf =   1.518e-04 (23711) 1
* 43538: obj =   7.793798437e+00 inf =   1.529e-04 (21243) 1
* 43655: obj =   7.783390672e+00 inf =   1.541e-04 (23270) 1
* 43771: obj =   7.771536473e+00 inf =   1.601e-04 (23207) 1
* 43883: obj =   7.742946038e+00 inf =   1.603e-04 (22942) 1
* 43998: obj =   7.724600091e+00 inf =   1.606e-04 (23134) 1
* 44114: obj =   7.718569203e+00 inf =   1.666e-04 (22958) 1
* 44230: obj =   7.716718304e+00 inf =   1.670e-04 (22125) 2
* 44349: obj =   7.714803171e+00 inf =   1.707e-04 (23093) 1
* 44465: obj =   7.706351496e+00 inf =   1.731e-04 (22656) 1
* 44577: obj =   7.685125035e+00 inf =   1.718e-04 (22292) 1
* 44686: obj =   7.654253530e+00 inf =   1.724e-04 (22986) 1
* 44795: obj =   7.626509221e+00 inf =   1.734e-04 (23710) 1
* 44907: obj =   7.600622295e+00 inf =   1.745e-04 (21906) 1
* 45019: obj =   7.586081668e+00 inf =   1.744e-04 (21396) 1
* 45134: obj =   7.575549844e+00 inf =   1.723e-04 (23057) 1
* 45253: obj =   7.572220059e+00 inf =   1.737e-04 (23155) 1
* 45371: obj =   7.568546896e+00 inf =   1.731e-04 (22487) 1
* 45487: obj =   7.564712980e+00 inf =   1.750e-04 (21772) 1
* 45602: obj =   7.556847471e+00 inf =   1.760e-04 (23150) 1
* 45712: obj =   7.547198395e+00 inf =   1.757e-04 (21774) 2
* 45826: obj =   7.540358564e+00 inf =   1.760e-04 (22443) 1
* 45938: obj =   7.527898890e+00 inf =   1.756e-04 (23187) 1
* 46050: obj =   7.514367303e+00 inf =   1.770e-04 (22330) 1
* 46169: obj =   7.512600394e+00 inf =   1.750e-04 (23225) 1
* 46288: obj =   7.511721785e+00 inf =   1.859e-04 (23022) 1
* 46407: obj =   7.508517122e+00 inf =   1.845e-04 (22947) 1
* 46523: obj =   7.495749288e+00 inf =   1.842e-04 (21870) 1
* 46638: obj =   7.485103170e+00 inf =   1.839e-04 (22830) 1
* 46753: obj =   7.477651669e+00 inf =   1.837e-04 (22903) 1
* 46865: obj =   7.468590927e+00 inf =   1.825e-04 (23116) 1
* 46976: obj =   7.457583967e+00 inf =   1.826e-04 (23360) 1
* 47091: obj =   7.444983450e+00 inf =   1.815e-04 (22601) 1
* 47209: obj =   7.437968611e+00 inf =   1.828e-04 (23090) 1
* 47322: obj =   7.435712994e+00 inf =   1.810e-04 (22038) 2
* 47437: obj =   7.425775009e+00 inf =   1.803e-04 (22695) 1
* 47554: obj =   7.411875660e+00 inf =   1.800e-04 (22577) 1
* 47670: obj =   7.403372958e+00 inf =   1.793e-04 (22795) 1
* 47784: obj =   7.388906178e+00 inf =   1.797e-04 (22631) 1
* 47899: obj =   7.383525976e+00 inf =   1.794e-04 (23665) 1
* 48013: obj =   7.370196617e+00 inf =   1.788e-04 (23583) 1
* 48131: obj =   7.366584532e+00 inf =   1.769e-04 (23254) 1
* 48249: obj =   7.362349291e+00 inf =   1.784e-04 (23182) 1
* 48365: obj =   7.357851286e+00 inf =   1.776e-04 (22208) 1
* 48476: obj =   7.348811447e+00 inf =   1.791e-04 (23252) 2
* 48592: obj =   7.343910055e+00 inf =   1.783e-04 (23414) 1
* 48707: obj =   7.336391586e+00 inf =   1.808e-04 (21909) 1
* 48820: obj =   7.323299367e+00 inf =   1.815e-04 (23423) 1
* 48935: obj =   7.310682219e+00 inf =   1.813e-04 (22924) 1
* 49050: obj =   7.300881916e+00 inf =   1.853e-04 (22783) 1
* 49170: obj =   7.297690975e+00 inf =   1.964e-04 (22918) 1
* 49287: obj =   7.292137730e+00 inf =   2.044e-04 (23167) 1
* 49401: obj =   7.284955075e+00 inf =   2.075e-04 (22233) 1
* 49512: obj =   7.265231869e+00 inf =   2.097e-04 (22490) 1
* 49623: obj =   7.256568603e+00 inf =   2.082e-04 (22838) 2
* 49736: obj =   7.248980578e+00 inf =   2.124e-04 (22645) 1
* 49848: obj =   7.234856832e+00 inf =   2.149e-04 (22429) 1
* 49958: obj =   7.220985955e+00 inf =   2.153e-04 (23491) 1
* 50073: obj =   7.214048536e+00 inf =   2.083e-04 (23117) 1
* 50190: obj =   7.210733397e+00 inf =   2.142e-04 (22353) 1
* 50304: obj =   7.206560963e+00 inf =   2.179e-04 (22454) 1
* 50418: obj =   7.201957800e+00 inf =   2.164e-04 (22620) 1
* 50531: obj =   7.192205780e+00 inf =   2.137e-04 (22165) 1
* 50645: obj =   7.180025058e+00 inf =   2.154e-04 (22482) 1
* 50757: obj =   7.161813096e+00 inf =   2.164e-04 (23919) 1
* 50868: obj =   7.141127162e+00 inf =   2.179e-04 (22547) 1
* 50978: obj =   7.128537727e+00 inf =   2.182e-04 (22955) 1
* 51088: obj =   7.121847620e+00 inf =   2.100e-04 (23111) 1
* 51203: obj =   7.119721353e+00 inf =   2.013e-04 (23330) 1
* 51316: obj =   7.113942522e+00 inf =   2.116e-04 (22972) 2
* 51429: obj =   7.108054151e+00 inf =   2.110e-04 (22449) 1
* 51542: obj =   7.095541528e+00 inf =   2.116e-04 (22169) 1
* 51654: obj =   7.083301921e+00 inf =   2.123e-04 (22338) 1
* 51765: obj =   7.072991980e+00 inf =   2.136e-04 (22524) 1
* 51873: obj =   7.057807339e+00 inf =   2.142e-04 (22207) 1
* 51982: obj =   7.042939815e+00 inf =   2.189e-04 (22117) 1
* 52094: obj =   7.038208079e+00 inf =   2.248e-04 (22922) 1
* 52208: obj =   7.034071615e+00 inf =   2.291e-04 (23322) 1
* 52321: obj =   7.029057105e+00 inf =   2.214e-04 (21999) 1
* 52433: obj =   7.025500472e+00 inf =   2.194e-04 (23560) 1
* 52544: obj =   7.014699865e+00 inf =   2.248e-04 (23180) 1
* 52652: obj =   7.000190616e+00 inf =   2.260e-04 (22831) 1
* 52762: obj =   6.989996812e+00 inf =   2.264e-04 (23359) 1
* 52871: obj =   6.971229087e+00 inf =   2.162e-04 (22471) 1
* 52979: obj =   6.961233633e+00 inf =   2.148e-04 (22893) 1
* 53089: obj =   6.942436781e+00 inf =   2.155e-04 (23268) 1
* 53199: obj =   6.939330007e+00 inf =   2.322e-04 (23311) 2
* 53315: obj =   6.937905477e+00 inf =   2.316e-04 (23134) 1
* 53429: obj =   6.934071780e+00 inf =   2.301e-04 (22645) 1
* 53537: obj =   6.928587432e+00 inf =   2.324e-04 (22247) 1
* 53645: obj =   6.918653816e+00 inf =   2.330e-04 (22392) 1
* 53754: obj =   6.909089383e+00 inf =   2.331e-04 (23116) 1
* 53860: obj =   6.891885970e+00 inf =   2.352e-04 (22067) 1
* 53966: obj =   6.874935685e+00 inf =   2.375e-04 (23123) 1
* 54074: obj =   6.866471648e+00 inf =   2.383e-04 (22199) 1
* 54186: obj =   6.861707772e+00 inf =   2.389e-04 (23749) 1
* 54300: obj =   6.858538195e+00 inf =   2.423e-04 (22362) 1
* 54412: obj =   6.856218097e+00 inf =   2.387e-04 (22448) 1
* 54525: obj =   6.853679437e+00 inf =   2.394e-04 (23657) 1
* 54634: obj =   6.846061866e+00 inf =   2.393e-04 (22702) 1
* 54738: obj =   6.825933753e+00 inf =   2.400e-04 (22816) 1
* 54846: obj =   6.817314622e+00 inf =   2.420e-04 (22989) 1
* 54952: obj =   6.810074158e+00 inf =   2.437e-04 (22606) 1
* 55057: obj =   6.802836648e+00 inf =   2.491e-04 (22453) 1
* 55168: obj =   6.800106550e+00 inf =   2.479e-04 (23387) 1
* 55280: obj =   6.799242519e+00 inf =   2.601e-04 (22678) 1
* 55392: obj =   6.797167731e+00 inf =   2.630e-04 (22128) 1
* 55504: obj =   6.793563674e+00 inf =   2.636e-04 (23510) 1
* 55611: obj =   6.787645362e+00 inf =   2.703e-04 (23409) 2
* 55721: obj =   6.782364899e+00 inf =   2.702e-04 (23237) 1
* 55831: obj =   6.779382255e+00 inf =   2.725e-04 (22552) 1
* 55937: obj =   6.766244269e+00 inf =   2.746e-04 (22284) 1
* 56040: obj =   6.750411664e+00 inf =   2.755e-04 (22716) 1
* 56154: obj =   6.748542743e+00 inf =   2.749e-04 (22793) 1
* 56266: obj =   6.746149087e+00 inf =   2.754e-04 (23388) 1
* 56376: obj =   6.741359864e+00 inf =   2.755e-04 (22331) 1
* 56489: obj =   6.737962261e+00 inf =   2.761e-04 (21378) 1
* 56600: obj =   6.731755843e+00 inf =   2.765e-04 (22120) 1
* 56711: obj =   6.720244542e+00 inf =   2.778e-04 (21765) 1
* 56820: obj =   6.712382658e+00 inf =   2.786e-04 (21793) 1
* 56926: obj =   6.700322175e+00 inf =   2.772e-04 (22919) 1
* 57030: obj =   6.687273523e+00 inf =   2.755e-04 (22033) 1
* 57139: obj =   6.681079418e+00 inf =   2.723e-04 (24071) 1
* 57251: obj =   6.678299989e+00 inf =   2.722e-04 (22227) 1
* 57363: obj =   6.676564997e+00 inf =   2.743e-04 (22580) 1
* 57475: obj =   6.673422916e+00 inf =   2.796e-04 (22687) 1
* 57586: obj =   6.667798033e+00 inf =   2.803e-04 (22560) 1
* 57694: obj =   6.661175511e+00 inf =   2.907e-04 (21872) 1
* 57797: obj =   6.647891388e+00 inf =   2.926e-04 (22680) 1
* 57904: obj =   6.637281740e+00 inf =   2.990e-04 (23031) 1
* 58014: obj =   6.627545609e+00 inf =   3.015e-04 (22895) 2
* 58123: obj =   6.620869582e+00 inf =   3.032e-04 (24219) 1
* 58235: obj =   6.619887970e+00 inf =   3.145e-04 (24128) 1
* 58345: obj =   6.616904885e+00 inf =   3.145e-04 (22595) 1
* 58457: obj =   6.615892024e+00 inf =   3.165e-04 (22372) 1
* 58571: obj =   6.615038915e+00 inf =   3.154e-04 (22419) 1
* 58683: obj =   6.607671751e+00 inf =   3.109e-04 (23055) 1
* 58796: obj =   6.601544397e+00 inf =   3.145e-04 (23098) 1
* 58908: obj =   6.596275126e+00 inf =   3.179e-04 (22040) 1
* 59016: obj =   6.587629949e+00 inf =   3.114e-04 (24138) 1
* 59125: obj =   6.584368223e+00 inf =   3.119e-04 (24244) 1
* 59236: obj =   6.581746603e+00 inf =   3.039e-04 (23142) 1
* 59346: obj =   6.580113617e+00 inf =   3.126e-04 (23323) 1
* 59457: obj =   6.579008923e+00 inf =   3.229e-04 (23008) 1
* 59566: obj =   6.572312365e+00 inf =   3.224e-04 (22550) 1
* 59669: obj =   6.561291660e+00 inf =   3.235e-04 (21609) 1
* 59770: obj =   6.550541143e+00 inf =   3.247e-04 (22538) 1
* 59873: obj =   6.539500589e+00 inf =   3.258e-04 (22672) 1
* 59979: obj =   6.533387919e+00 inf =   3.268e-04 (22377) 1
* 60088: obj =   6.527901363e+00 inf =   3.269e-04 (23536) 1
* 60200: obj =   6.527678760e+00 inf =   3.289e-04 (23178) 1
* 60309: obj =   6.525800281e+00 inf =   3.307e-04 (21951) 1
* 60419: obj =   6.523659291e+00 inf =   3.343e-04 (23718) 1
* 60531: obj =   6.521121442e+00 inf =   3.352e-04 (22829) 1
* 60640: obj =   6.516616975e+00 inf =   3.390e-04 (22267) 1
* 60743: obj =   6.510316211e+00 inf =   3.378e-04 (22800) 2
* 60849: obj =   6.503333566e+00 inf =   3.377e-04 (22787) 1
* 60953: obj =   6.494217848e+00 inf =   3.377e-04 (22273) 1
* 61058: obj =   6.480310542e+00 inf =   3.383e-04 (22126) 1
* 61168: obj =   6.477573351e+00 inf =   3.387e-04 (23051) 1
* 61277: obj =   6.476276924e+00 inf =   3.406e-04 (22769) 1
* 61385: obj =   6.472988040e+00 inf =   3.413e-04 (23134) 1
* 61493: obj =   6.466643870e+00 inf =   3.422e-04 (23089) 1
* 61600: obj =   6.454185569e+00 inf =   3.417e-04 (22343) 1
* 61709: obj =   6.449265029e+00 inf =   3.434e-04 (23075) 1
* 61818: obj =   6.443208442e+00 inf =   3.428e-04 (22253) 1
* 61921: obj =   6.431445441e+00 inf =   3.452e-04 (22109) 1
* 62022: obj =   6.426266003e+00 inf =   3.419e-04 (23178) 1
* 62133: obj =   6.421402943e+00 inf =   3.353e-04 (22985) 1
* 62244: obj =   6.418793805e+00 inf =   3.348e-04 (23678) 1
* 62353: obj =   6.416366469e+00 inf =   3.333e-04 (23093) 1
* 62462: obj =   6.413457242e+00 inf =   3.442e-04 (23429) 1
* 62571: obj =   6.408082259e+00 inf =   3.424e-04 (22661) 1
* 62679: obj =   6.402023218e+00 inf =   3.551e-04 (22710) 1
* 62782: obj =   6.390607590e+00 inf =   3.707e-04 (21562) 1
* 62889: obj =   6.385820790e+00 inf =   3.777e-04 (21826) 1
* 62995: obj =   6.377561395e+00 inf =   3.781e-04 (21749) 1
* 63103: obj =   6.368006301e+00 inf =   3.798e-04 (23156) 1
* 63214: obj =   6.367453554e+00 inf =   3.728e-04 (22603) 1
* 63326: obj =   6.366001427e+00 inf =   3.731e-04 (22910) 1
* 63439: obj =   6.364659573e+00 inf =   3.773e-04 (23094) 1
* 63550: obj =   6.362331671e+00 inf =   3.739e-04 (23068) 1
* 63659: obj =   6.360690314e+00 inf =   3.705e-04 (22470) 2
* 63769: obj =   6.358883269e+00 inf =   3.719e-04 (21980) 1
* 63879: obj =   6.354885177e+00 inf =   3.722e-04 (23119) 1
* 63986: obj =   6.345330938e+00 inf =   3.664e-04 (22904) 1
* 64093: obj =   6.337655289e+00 inf =   3.610e-04 (23566) 1
* 64203: obj =   6.336542361e+00 inf =   3.561e-04 (23320) 1
* 64314: obj =   6.334611182e+00 inf =   3.428e-04 (23643) 1
* 64423: obj =   6.331948213e+00 inf =   3.441e-04 (22462) 1
* 64534: obj =   6.329624618e+00 inf =   3.393e-04 (22521) 1
* 64643: obj =   6.325004895e+00 inf =   3.442e-04 (22393) 1
* 64752: obj =   6.319014898e+00 inf =   3.439e-04 (22611) 1
* 64860: obj =   6.315484363e+00 inf =   3.439e-04 (22945) 1
* 64968: obj =   6.309711022e+00 inf =   3.664e-04 (22464) 1
* 65076: obj =   6.300368447e+00 inf =   3.693e-04 (22383) 1
* 65189: obj =   6.299766232e+00 inf =   3.732e-04 (22597) 1
* 65301: obj =   6.297409959e+00 inf =   3.748e-04 (22776) 1
* 65412: obj =   6.296046519e+00 inf =   3.644e-04 (23055) 1
* 65523: obj =   6.293454502e+00 inf =   3.645e-04 (22277) 1
* 65633: obj =   6.292136784e+00 inf =   3.657e-04 (23046) 1
* 65743: obj =   6.289160495e+00 inf =   3.723e-04 (22895) 1
* 65846: obj =   6.282071410e+00 inf =   3.669e-04 (22539) 2
* 65952: obj =   6.278834456e+00 inf =   3.670e-04 (22797) 1
* 66056: obj =   6.269710301e+00 inf =   3.669e-04 (22263) 1
* 66166: obj =   6.267995384e+00 inf =   3.736e-04 (22433) 1
* 66274: obj =   6.267793603e+00 inf =   3.660e-04 (23184) 1
* 66383: obj =   6.265247263e+00 inf =   3.641e-04 (23475) 1
* 66490: obj =   6.262622099e+00 inf =   3.632e-04 (21974) 1
* 66597: obj =   6.259993651e+00 inf =   3.681e-04 (22467) 1
* 66704: obj =   6.256493079e+00 inf =   3.659e-04 (22388) 1
* 66809: obj =   6.251092971e+00 inf =   3.672e-04 (22228) 1
* 66913: obj =   6.241049065e+00 inf =   3.662e-04 (22064) 1
* 67017: obj =   6.235285958e+00 inf =   3.730e-04 (22829) 1
* 67125: obj =   6.230067705e+00 inf =   3.705e-04 (23220) 1
* 67233: obj =   6.228209932e+00 inf =   3.636e-04 (21997) 1
* 67340: obj =   6.227181848e+00 inf =   3.628e-04 (22778) 1
* 67449: obj =   6.225760795e+00 inf =   3.643e-04 (23180) 1
* 67557: obj =   6.224134868e+00 inf =   3.616e-04 (23422) 1
* 67665: obj =   6.222564853e+00 inf =   3.642e-04 (23208) 1
* 67771: obj =   6.220045457e+00 inf =   3.574e-04 (23422) 1
* 67876: obj =   6.215128788e+00 inf =   3.587e-04 (23174) 1
* 67976: obj =   6.202856325e+00 inf =   3.610e-04 (23491) 1
* 68081: obj =   6.197688142e+00 inf =   3.601e-04 (22684) 1
* 68189: obj =   6.196636860e+00 inf =   3.625e-04 (22653) 1
* 68295: obj =   6.195099165e+00 inf =   3.641e-04 (22331) 1
* 68399: obj =   6.188853765e+00 inf =   3.666e-04 (23026) 1
* 68504: obj =   6.183826013e+00 inf =   3.658e-04 (22576) 1
* 68609: obj =   6.179843569e+00 inf =   3.684e-04 (22506) 1
* 68714: obj =   6.172469512e+00 inf =   3.697e-04 (21937) 1
* 68817: obj =   6.166269280e+00 inf =   3.700e-04 (21833) 1
* 68919: obj =   6.157406817e+00 inf =   3.728e-04 (22416) 1
* 69019: obj =   6.147837336e+00 inf =   3.738e-04 (21694) 1
* 69125: obj =   6.145251599e+00 inf =   3.698e-04 (22539) 1
* 69232: obj =   6.143627328e+00 inf =   3.773e-04 (22770) 1
* 69339: obj =   6.141195977e+00 inf =   3.807e-04 (23219) 1
* 69446: obj =   6.138698196e+00 inf =   3.788e-04 (23745) 1
* 69552: obj =   6.137896130e+00 inf =   3.800e-04 (22767) 1
* 69659: obj =   6.135421590e+00 inf =   3.802e-04 (22442) 1
* 69763: obj =   6.128216222e+00 inf =   3.875e-04 (22667) 1
* 69867: obj =   6.121965406e+00 inf =   3.855e-04 (21672) 1
* 69970: obj =   6.115420145e+00 inf =   3.907e-04 (23055) 1
* 70071: obj =   6.108611791e+00 inf =   3.900e-04 (22015) 1
* 70180: obj =   6.107976139e+00 inf =   3.968e-04 (23348) 1
* 70289: obj =   6.107040738e+00 inf =   3.960e-04 (23201) 1
* 70396: obj =   6.105039639e+00 inf =   3.865e-04 (22740) 1
* 70502: obj =   6.102561021e+00 inf =   3.876e-04 (22227) 1
* 70606: obj =   6.096736370e+00 inf =   3.879e-04 (22408) 1
* 70709: obj =   6.088804019e+00 inf =   3.893e-04 (22056) 1
* 70814: obj =   6.082267687e+00 inf =   3.951e-04 (22614) 1
* 70920: obj =   6.076585990e+00 inf =   3.946e-04 (22778) 1
* 71026: obj =   6.072995232e+00 inf =   3.950e-04 (22882) 1
* 71132: obj =   6.066598059e+00 inf =   3.899e-04 (22488) 1
* 71240: obj =   6.065338052e+00 inf =   3.946e-04 (22354) 1
* 71349: obj =   6.062917432e+00 inf =   4.217e-04 (22218) 1
* 71457: obj =   6.060817935e+00 inf =   4.249e-04 (22882) 1
* 71565: obj =   6.059261093e+00 inf =   4.242e-04 (23141) 1
* 71670: obj =   6.057828875e+00 inf =   4.253e-04 (22317) 2
* 71778: obj =   6.056091541e+00 inf =   4.256e-04 (23164) 1
* 71885: obj =   6.053085402e+00 inf =   4.271e-04 (23031) 1
* 71990: obj =   6.046477492e+00 inf =   4.359e-04 (23023) 1
* 72098: obj =   6.043571748e+00 inf =   4.310e-04 (23425) 1
* 72206: obj =   6.042604526e+00 inf =   4.316e-04 (22076) 1
* 72314: obj =   6.041523551e+00 inf =   4.252e-04 (23411) 1
* 72422: obj =   6.040166130e+00 inf =   4.578e-04 (23600) 1
* 72529: obj =   6.038624721e+00 inf =   4.579e-04 (23052) 1
* 72636: obj =   6.036122177e+00 inf =   4.611e-04 (22949) 1
* 72742: obj =   6.034317810e+00 inf =   4.614e-04 (22640) 1
* 72846: obj =   6.026496530e+00 inf =   4.716e-04 (22580) 1
* 72951: obj =   6.024123527e+00 inf =   4.790e-04 (23115) 1
* 73055: obj =   6.017274593e+00 inf =   4.865e-04 (22577) 1
* 73162: obj =   6.014892529e+00 inf =   4.755e-04 (23900) 1
* 73271: obj =   6.014762222e+00 inf =   4.738e-04 (22228) 1
* 73379: obj =   6.013745853e+00 inf =   4.732e-04 (23087) 1
* 73484: obj =   6.012928116e+00 inf =   4.867e-04 (22997) 1
* 73591: obj =   6.011254686e+00 inf =   4.859e-04 (23075) 1
* 73696: obj =   6.009484744e+00 inf =   4.773e-04 (21838) 1
* 73801: obj =   6.006418152e+00 inf =   4.800e-04 (23198) 1
* 73907: obj =   6.004161802e+00 inf =   4.832e-04 (22639) 1
* 74011: obj =   5.996245716e+00 inf =   4.882e-04 (22429) 1
* 74117: obj =   5.994296237e+00 inf =   4.913e-04 (22640) 1
* 74225: obj =   5.993479399e+00 inf =   4.837e-04 (22127) 1
* 74331: obj =   5.992285666e+00 inf =   4.940e-04 (22654) 1
* 74437: obj =   5.990901039e+00 inf =   4.909e-04 (22849) 1
* 74545: obj =   5.989838443e+00 inf =   4.930e-04 (23874) 1
* 74651: obj =   5.986979689e+00 inf =   4.866e-04 (22960) 1
* 74756: obj =   5.984219722e+00 inf =   4.915e-04 (22568) 1
* 74859: obj =   5.980572999e+00 inf =   4.946e-04 (21412) 1
* 74962: obj =   5.975717644e+00 inf =   4.969e-04 (22766) 1
* 75064: obj =   5.969340964e+00 inf =   5.122e-04 (23687) 1
* 75172: obj =   5.968123026e+00 inf =   5.057e-04 (23558) 1
* 75280: obj =   5.966980329e+00 inf =   4.954e-04 (21466) 1
* 75387: obj =   5.965361216e+00 inf =   4.940e-04 (23064) 1
* 75493: obj =   5.963996592e+00 inf =   4.959e-04 (22650) 1
* 75600: obj =   5.961838977e+00 inf =   4.963e-04 (23515) 1
* 75708: obj =   5.960279190e+00 inf =   4.993e-04 (22593) 1
* 75813: obj =   5.957715076e+00 inf =   4.935e-04 (22461) 1
* 75915: obj =   5.946814010e+00 inf =   4.970e-04 (22615) 1
* 76020: obj =   5.941101988e+00 inf =   4.964e-04 (23164) 1
* 76121: obj =   5.934250135e+00 inf =   4.981e-04 (23224) 1
* 76229: obj =   5.932089527e+00 inf =   4.958e-04 (22926) 1
* 76338: obj =   5.930114345e+00 inf =   4.999e-04 (23361) 1
* 76444: obj =   5.928598269e+00 inf =   5.001e-04 (22623) 1
* 76552: obj =   5.927279444e+00 inf =   4.959e-04 (23230) 1
* 76657: obj =   5.925035906e+00 inf =   4.999e-04 (22701) 1
* 76762: obj =   5.922912642e+00 inf =   4.974e-04 (22723) 1
* 76866: obj =   5.917914075e+00 inf =   5.024e-04 (22701) 1
* 76971: obj =   5.915890955e+00 inf =   5.038e-04 (22870) 1
* 77076: obj =   5.913039156e+00 inf =   5.016e-04 (21349) 1
* 77183: obj =   5.910336973e+00 inf =   5.046e-04 (23145) 1
* 77290: obj =   5.909649761e+00 inf =   5.180e-04 (23985) 1
* 77395: obj =   5.908282977e+00 inf =   5.168e-04 (23418) 1
* 77499: obj =   5.906215454e+00 inf =   5.156e-04 (22681) 1
* 77602: obj =   5.903491288e+00 inf =   5.123e-04 (22296) 1
* 77705: obj =   5.900242524e+00 inf =   5.128e-04 (22235) 1
* 77806: obj =   5.893932708e+00 inf =   5.169e-04 (22927) 1
* 77908: obj =   5.889514670e+00 inf =   5.151e-04 (23791) 1
* 78009: obj =   5.885047083e+00 inf =   5.166e-04 (22167) 1
* 78111: obj =   5.879762573e+00 inf =   5.342e-04 (23087) 1
* 78218: obj =   5.879191339e+00 inf =   5.572e-04 (22472) 1
* 78324: obj =   5.878696490e+00 inf =   5.501e-04 (22534) 1
* 78431: obj =   5.878195552e+00 inf =   5.536e-04 (22610) 1
* 78537: obj =   5.877272837e+00 inf =   5.528e-04 (24156) 1
* 78643: obj =   5.876069548e+00 inf =   5.466e-04 (22177) 1
* 78748: obj =   5.874513742e+00 inf =   5.439e-04 (22380) 1
* 78852: obj =   5.870995672e+00 inf =   5.576e-04 (23098) 1
* 78954: obj =   5.868601220e+00 inf =   5.579e-04 (22409) 1
* 79056: obj =   5.863112276e+00 inf =   5.627e-04 (21915) 1
* 79161: obj =   5.861151721e+00 inf =   5.678e-04 (22259) 1
* 79268: obj =   5.859900880e+00 inf =   5.758e-04 (23384) 1
* 79372: obj =   5.859724038e+00 inf =   5.756e-04 (22802) 2
* 79478: obj =   5.859109163e+00 inf =   5.737e-04 (23011) 1
* 79584: obj =   5.858435201e+00 inf =   5.765e-04 (21670) 1
* 79688: obj =   5.857531443e+00 inf =   5.786e-04 (22864) 1
* 79793: obj =   5.856625097e+00 inf =   5.784e-04 (23331) 1
* 79896: obj =   5.853208297e+00 inf =   5.765e-04 (21782) 1
* 79995: obj =   5.846668529e+00 inf =   5.847e-04 (23588) 1
* 80100: obj =   5.845020704e+00 inf =   5.873e-04 (22803) 1
* 80206: obj =   5.844456894e+00 inf =   5.878e-04 (22313) 1
* 80302: obj =   5.843444221e+00 inf =   5.907e-04 (22703)
* 80400: obj =   5.842978386e+00 inf =   5.943e-04 (22711) 1
* 80487: obj =   5.842110802e+00 inf =   5.863e-04 (22054) 1
* 80580: obj =   5.841640730e+00 inf =   5.849e-04 (22501) 1
* 80676: obj =   5.839714742e+00 inf =   5.903e-04 (22184) 1
* 80778: obj =   5.837816847e+00 inf =   5.955e-04 (22290) 1
* 80879: obj =   5.833717406e+00 inf =   5.998e-04 (22072) 1
* 80971: obj =   5.826853119e+00 inf =   5.997e-04 (22771) 1
* 81064: obj =   5.822617739e+00 inf =   6.003e-04 (23531) 1
* 81167: obj =   5.821625810e+00 inf =   5.985e-04 (22714) 1
* 81274: obj =   5.820652475e+00 inf =   6.019e-04 (22601) 1
* 81379: obj =   5.819949096e+00 inf =   5.921e-04 (23458) 1
* 81484: obj =   5.819712239e+00 inf =   6.028e-04 (23615) 1
* 81589: obj =   5.819362151e+00 inf =   6.047e-04 (23204) 1
* 81695: obj =   5.818656760e+00 inf =   6.077e-04 (23413) 1
* 81797: obj =   5.815340770e+00 inf =   6.085e-04 (23100) 1
* 81898: obj =   5.809797932e+00 inf =   6.107e-04 (23264) 1
* 82002: obj =   5.807153721e+00 inf =   6.125e-04 (22178) 1
* 82105: obj =   5.802860310e+00 inf =   6.137e-04 (22288) 1
* 82210: obj =   5.802078052e+00 inf =   6.134e-04 (22579) 1
* 82316: obj =   5.801423832e+00 inf =   6.267e-04 (22839) 1
* 82420: obj =   5.800167182e+00 inf =   6.250e-04 (22843) 1
* 82524: obj =   5.798834929e+00 inf =   6.236e-04 (22502) 1
* 82626: obj =   5.795800124e+00 inf =   6.205e-04 (21957) 1
* 82729: obj =   5.791789955e+00 inf =   6.214e-04 (22017) 1
* 82831: obj =   5.787618510e+00 inf =   6.238e-04 (22067) 1
* 82932: obj =   5.783981762e+00 inf =   6.226e-04 (23303) 1
* 83033: obj =   5.780975424e+00 inf =   6.292e-04 (22406) 1
* 83138: obj =   5.776581875e+00 inf =   6.272e-04 (22508) 1
* 83243: obj =   5.776312786e+00 inf =   6.209e-04 (23961) 1
* 83348: obj =   5.776045322e+00 inf =   6.160e-04 (22884) 1
* 83453: obj =   5.775064177e+00 inf =   6.114e-04 (22292) 1
* 83559: obj =   5.774716840e+00 inf =   6.127e-04 (22313) 1
* 83664: obj =   5.773583983e+00 inf =   6.118e-04 (22302) 1
* 83771: obj =   5.772606271e+00 inf =   6.212e-04 (22449) 1
* 83873: obj =   5.766995273e+00 inf =   6.288e-04 (22508) 1
* 83976: obj =   5.762988549e+00 inf =   6.305e-04 (22464) 1
* 84080: obj =   5.760923433e+00 inf =   6.316e-04 (22456) 1
* 84185: obj =   5.760238188e+00 inf =   6.217e-04 (22750) 1
* 84290: obj =   5.759467472e+00 inf =   6.059e-04 (22799) 1
* 84397: obj =   5.758392811e+00 inf =   6.284e-04 (22476) 1
* 84505: obj =   5.758009710e+00 inf =   6.398e-04 (23121) 1
* 84611: obj =   5.756854413e+00 inf =   6.426e-04 (22836) 1
* 84714: obj =   5.754636914e+00 inf =   6.501e-04 (22681) 1
* 84817: obj =   5.750772069e+00 inf =   6.609e-04 (22510) 1
* 84922: obj =   5.749791298e+00 inf =   6.678e-04 (22500) 1
* 85025: obj =   5.746289171e+00 inf =   6.707e-04 (23563) 1
* 85130: obj =   5.744731458e+00 inf =   6.771e-04 (23021) 1
* 85237: obj =   5.744005855e+00 inf =   6.726e-04 (22777) 1
* 85345: obj =   5.743543905e+00 inf =   6.726e-04 (22923) 1
* 85452: obj =   5.743430006e+00 inf =   6.677e-04 (22869) 1
* 85557: obj =   5.743234794e+00 inf =   6.667e-04 (22874) 1
* 85663: obj =   5.742756614e+00 inf =   6.646e-04 (23326) 1
* 85771: obj =   5.742132547e+00 inf =   6.596e-04 (22639) 1
* 85877: obj =   5.741397087e+00 inf =   6.597e-04 (23432) 1
* 85980: obj =   5.738645287e+00 inf =   6.366e-04 (22954) 1
* 86084: obj =   5.737522911e+00 inf =   6.330e-04 (23250) 1
* 86192: obj =   5.737034411e+00 inf =   6.412e-04 (21888) 1
* 86298: obj =   5.736239050e+00 inf =   6.481e-04 (22333) 1
* 86403: obj =   5.735496953e+00 inf =   6.505e-04 (22835) 1
* 86508: obj =   5.734389664e+00 inf =   6.541e-04 (22785) 1
* 86614: obj =   5.732494602e+00 inf =   6.526e-04 (22361) 1
* 86717: obj =   5.729748879e+00 inf =   6.609e-04 (22543) 1
* 86815: obj =   5.721477172e+00 inf =   6.610e-04 (22388) 1
* 86918: obj =   5.718330723e+00 inf =   6.608e-04 (22587) 1
* 87020: obj =   5.714624703e+00 inf =   6.574e-04 (21731) 1
* 87121: obj =   5.711625816e+00 inf =   6.479e-04 (23191) 1
* 87227: obj =   5.710531074e+00 inf =   6.634e-04 (23064) 1
* 87333: obj =   5.710211094e+00 inf =   6.758e-04 (23126) 1
* 87439: obj =   5.709420809e+00 inf =   6.791e-04 (23048) 1
* 87544: obj =   5.708779649e+00 inf =   6.815e-04 (23817) 1
* 87648: obj =   5.707226973e+00 inf =   6.685e-04 (23258) 1
* 87752: obj =   5.705956446e+00 inf =   6.603e-04 (22311) 1
* 87855: obj =   5.703719839e+00 inf =   6.635e-04 (22012) 1
* 87957: obj =   5.699451881e+00 inf =   6.674e-04 (22484) 1
* 88061: obj =   5.698112636e+00 inf =   6.743e-04 (22663) 1
* 88169: obj =   5.697885605e+00 inf =   6.796e-04 (22699) 1
* 88275: obj =   5.696548671e+00 inf =   6.703e-04 (23199) 1
* 88380: obj =   5.696135859e+00 inf =   6.702e-04 (23257) 1
* 88485: obj =   5.695970137e+00 inf =   6.676e-04 (22467) 1
* 88588: obj =   5.694221025e+00 inf =   6.649e-04 (22100) 1
* 88691: obj =   5.693016058e+00 inf =   6.664e-04 (22269) 1
* 88792: obj =   5.690849158e+00 inf =   6.714e-04 (23179) 1
* 88892: obj =   5.684764663e+00 inf =   6.706e-04 (22528) 1
* 88994: obj =   5.679584332e+00 inf =   6.714e-04 (22490) 1
* 89095: obj =   5.675226758e+00 inf =   6.861e-04 (23098) 1
* 89201: obj =   5.673894428e+00 inf =   6.787e-04 (23584) 1
* 89308: obj =   5.673350409e+00 inf =   6.768e-04 (22593) 1
* 89414: obj =   5.672551235e+00 inf =   6.789e-04 (23371) 1
* 89519: obj =   5.672016383e+00 inf =   6.826e-04 (22318) 1
* 89624: obj =   5.671933782e+00 inf =   6.789e-04 (22663) 1
* 89727: obj =   5.670854010e+00 inf =   6.764e-04 (22576) 1
* 89831: obj =   5.670663386e+00 inf =   6.893e-04 (23078) 1
* 89935: obj =   5.668590620e+00 inf =   6.963e-04 (23000) 1
* 90040: obj =   5.667086892e+00 inf =   6.932e-04 (22564) 1
* 90145: obj =   5.665583323e+00 inf =   6.811e-04 (23024) 1
* 90251: obj =   5.664612679e+00 inf =   6.804e-04 (23269) 1
* 90359: obj =   5.663975975e+00 inf =   6.825e-04 (22905) 1
* 90461: obj =   5.662776205e+00 inf =   6.833e-04 (22473) 1
* 90563: obj =   5.661271634e+00 inf =   6.844e-04 (22839) 1
* 90664: obj =   5.656510218e+00 inf =   7.009e-04 (22426) 1
* 90768: obj =   5.653710978e+00 inf =   7.004e-04 (23465) 1
* 90867: obj =   5.647101483e+00 inf =   7.133e-04 (22767) 1
* 90969: obj =   5.644726712e+00 inf =   7.201e-04 (22014) 1
* 91070: obj =   5.640385034e+00 inf =   7.146e-04 (23602) 1
* 91175: obj =   5.638530662e+00 inf =   7.285e-04 (22816) 1
* 91281: obj =   5.637713109e+00 inf =   7.116e-04 (22941) 1
* 91387: obj =   5.637158831e+00 inf =   7.145e-04 (22875) 1
* 91493: obj =   5.636963523e+00 inf =   7.216e-04 (21946) 1
* 91598: obj =   5.636439121e+00 inf =   7.206e-04 (21296) 1
* 91703: obj =   5.635102330e+00 inf =   7.263e-04 (22874) 1
* 91806: obj =   5.633857663e+00 inf =   7.295e-04 (23582) 1
* 91911: obj =   5.632735971e+00 inf =   7.327e-04 (22232) 1
* 92014: obj =   5.631208204e+00 inf =   7.270e-04 (22395) 1
* 92122: obj =   5.630187250e+00 inf =   7.253e-04 (23150) 1
* 92232: obj =   5.630164502e+00 inf =   7.444e-04 (23425) 1
* 92338: obj =   5.629654139e+00 inf =   7.463e-04 (23640) 1
* 92444: obj =   5.629205842e+00 inf =   7.449e-04 (22029) 1
* 92550: obj =   5.629042567e+00 inf =   7.450e-04 (21840) 1
* 92657: obj =   5.628797710e+00 inf =   7.481e-04 (23523) 1
* 92764: obj =   5.628072639e+00 inf =   7.608e-04 (22212) 1
* 92869: obj =   5.627287915e+00 inf =   7.596e-04 (22953) 1
* 92973: obj =   5.625079542e+00 inf =   7.503e-04 (23897) 1
* 93075: obj =   5.622448415e+00 inf =   7.486e-04 (23047) 1
* 93181: obj =   5.622328198e+00 inf =   7.561e-04 (22418) 1
* 93287: obj =   5.622285229e+00 inf =   7.711e-04 (22745) 1
* 93392: obj =   5.621715829e+00 inf =   7.551e-04 (22890) 1
* 93498: obj =   5.621667297e+00 inf =   7.564e-04 (22712) 1
* 93602: obj =   5.621452561e+00 inf =   7.629e-04 (22735) 1
* 93706: obj =   5.621067357e+00 inf =   7.729e-04 (23557) 1
* 93811: obj =   5.620940021e+00 inf =   7.849e-04 (23250) 1
* 93912: obj =   5.620358777e+00 inf =   7.879e-04 (22227) 1
* 94016: obj =   5.618665544e+00 inf =   7.867e-04 (22423) 1
* 94119: obj =   5.615741418e+00 inf =   7.761e-04 (22850) 1
* 94222: obj =   5.615077933e+00 inf =   7.744e-04 (22547) 1
* 94326: obj =   5.614875115e+00 inf =   7.732e-04 (23514) 1
* 94430: obj =   5.613975646e+00 inf =   7.759e-04 (22132) 1
* 94533: obj =   5.613282778e+00 inf =   7.726e-04 (22363) 1
* 94635: obj =   5.612049254e+00 inf =   7.817e-04 (23743) 1
* 94738: obj =   5.610847461e+00 inf =   7.872e-04 (23167) 1
* 94840: obj =   5.608584137e+00 inf =   7.895e-04 (22507) 1
* 94943: obj =   5.606170086e+00 inf =   7.913e-04 (21838) 1
* 95043: obj =   5.603339850e+00 inf =   8.050e-04 (23540) 1
* 95144: obj =   5.601089757e+00 inf =   8.176e-04 (22145) 1
* 95249: obj =   5.600690516e+00 inf =   8.163e-04 (22807) 1
* 95354: obj =   5.600689936e+00 inf =   8.184e-04 (22822) 1
* 95459: obj =   5.599762583e+00 inf =   8.187e-04 (22849) 1
* 95565: obj =   5.599373448e+00 inf =   8.149e-04 (22457) 1
* 95671: obj =   5.598963604e+00 inf =   8.160e-04 (22598) 1
* 95777: obj =   5.597387705e+00 inf =   8.310e-04 (23733) 1
* 95884: obj =   5.596938340e+00 inf =   8.277e-04 (24248) 1
* 95988: obj =   5.595616176e+00 inf =   8.336e-04 (23175) 1
* 96092: obj =   5.594590271e+00 inf =   8.318e-04 (23429) 1
* 96199: obj =   5.594427602e+00 inf =   8.423e-04 (22509) 1
* 96305: obj =   5.594296006e+00 inf =   8.445e-04 (23455) 1
* 96409: obj =   5.594060726e+00 inf =   8.448e-04 (22239) 1
* 96514: obj =   5.593437811e+00 inf =   8.204e-04 (23494) 1
* 96619: obj =   5.592212342e+00 inf =   8.207e-04 (23227) 1
* 96723: obj =   5.591114643e+00 inf =   8.279e-04 (22577) 1
* 96824: obj =   5.587554530e+00 inf =   8.297e-04 (22964) 1
* 96925: obj =   5.585761041e+00 inf =   8.301e-04 (23025) 1
* 97026: obj =   5.584575506e+00 inf =   8.387e-04 (22959) 1
* 97127: obj =   5.582192999e+00 inf =   8.601e-04 (22605) 1
* 97230: obj =   5.581250153e+00 inf =   8.531e-04 (22762) 1
* 97333: obj =   5.580794731e+00 inf =   8.495e-04 (23010) 1
* 97436: obj =   5.579970791e+00 inf =   8.443e-04 (23582) 1
* 97539: obj =   5.577917894e+00 inf =   8.530e-04 (22884) 1
* 97642: obj =   5.576380817e+00 inf =   8.612e-04 (23179) 1
* 97744: obj =   5.573785825e+00 inf =   8.638e-04 (22710) 1
* 97846: obj =   5.570666841e+00 inf =   8.695e-04 (22847) 1
* 97946: obj =   5.567090049e+00 inf =   8.708e-04 (22404) 1
* 98049: obj =   5.566230240e+00 inf =   8.741e-04 (22342) 1
* 98151: obj =   5.562554380e+00 inf =   8.869e-04 (21977) 1
* 98256: obj =   5.562029500e+00 inf =   8.997e-04 (22458) 1
* 98359: obj =   5.561724902e+00 inf =   9.031e-04 (22994) 1
* 98461: obj =   5.561028577e+00 inf =   9.019e-04 (22382) 1
* 98563: obj =   5.559935834e+00 inf =   9.058e-04 (22834) 1
* 98666: obj =   5.558567041e+00 inf =   9.101e-04 (23587) 1
* 98767: obj =   5.557474082e+00 inf =   9.067e-04 (22997) 1
* 98868: obj =   5.555999501e+00 inf =   9.031e-04 (22512) 1
* 98967: obj =   5.551698254e+00 inf =   9.074e-04 (22288) 1
* 99064: obj =   5.546692911e+00 inf =   9.093e-04 (22391) 1
* 99165: obj =   5.543346565e+00 inf =   9.092e-04 (23141) 1
* 99269: obj =   5.543223879e+00 inf =   9.033e-04 (22533) 1
* 99372: obj =   5.542464549e+00 inf =   9.073e-04 (22591) 1
* 99477: obj =   5.542250138e+00 inf =   9.158e-04 (23560) 1
* 99581: obj =   5.541764011e+00 inf =   9.284e-04 (22910) 1
* 99682: obj =   5.539916838e+00 inf =   9.305e-04 (23446) 1
* 99784: obj =   5.539439420e+00 inf =   9.345e-04 (22658) 1
* 99884: obj =   5.538211654e+00 inf =   9.304e-04 (22940) 1
* 99983: obj =   5.535783338e+00 inf =   9.333e-04 (22377) 1
*100085: obj =   5.534739005e+00 inf =   9.385e-04 (22667) 1
*100187: obj =   5.534054079e+00 inf =   9.404e-04 (23247) 1
*100289: obj =   5.534010818e+00 inf =   8.842e-04 (22075) 1
*100390: obj =   5.533022937e+00 inf =   8.784e-04 (23260) 1
*100492: obj =   5.532522490e+00 inf =   8.754e-04 (23029) 1
*100594: obj =   5.532307822e+00 inf =   8.803e-04 (23107) 1
*100697: obj =   5.532049092e+00 inf =   8.759e-04 (23353) 1
*100799: obj =   5.531594616e+00 inf =   8.804e-04 (23193) 1
*100899: obj =   5.530054319e+00 inf =   8.790e-04 (23304) 1
*100995: obj =   5.526247363e+00 inf =   8.893e-04 (22798) 1
*101096: obj =   5.524359374e+00 inf =   9.049e-04 (22671) 1
*101198: obj =   5.522759166e+00 inf =   9.006e-04 (23303) 1
*101299: obj =   5.522418585e+00 inf =   9.074e-04 (23424) 1
*101402: obj =   5.521710129e+00 inf =   9.061e-04 (23128) 1
*101504: obj =   5.520912757e+00 inf =   9.190e-04 (22370) 1
*101606: obj =   5.520257953e+00 inf =   9.235e-04 (22515) 1
*101709: obj =   5.518356231e+00 inf =   9.291e-04 (22969) 1
*101808: obj =   5.516084334e+00 inf =   9.327e-04 (22344) 1
*101907: obj =   5.514024902e+00 inf =   9.335e-04 (22244) 1
*102005: obj =   5.511269009e+00 inf =   9.338e-04 (22846) 1
*102105: obj =   5.509810963e+00 inf =   9.351e-04 (22971) 1
*102210: obj =   5.508537362e+00 inf =   9.461e-04 (22656) 1
*102313: obj =   5.507471628e+00 inf =   9.348e-04 (23360) 1
*102417: obj =   5.507043225e+00 inf =   9.330e-04 (22551) 1
*102519: obj =   5.506867499e+00 inf =   9.384e-04 (23070) 1
*102624: obj =   5.506467639e+00 inf =   9.666e-04 (22923) 1
*102728: obj =   5.505411072e+00 inf =   9.864e-04 (22842) 1
*102831: obj =   5.504794597e+00 inf =   9.897e-04 (23258) 1
*102933: obj =   5.503366295e+00 inf =   9.987e-04 (22116) 1
*103035: obj =   5.501780065e+00 inf =   9.906e-04 (22955) 1
*103139: obj =   5.501158892e+00 inf =   9.997e-04 (22896) 1
*103241: obj =   5.500835593e+00 inf =   1.001e-03 (23267) 1
*103344: obj =   5.500411262e+00 inf =   9.714e-04 (23057) 1
*103449: obj =   5.499891020e+00 inf =   9.704e-04 (22914) 1
*103557: obj =   5.499662534e+00 inf =   9.844e-04 (23861) 1
*103659: obj =   5.498937628e+00 inf =   9.863e-04 (22520) 1
*103761: obj =   5.498313034e+00 inf =   9.843e-04 (22525) 1
*103862: obj =   5.497897579e+00 inf =   9.914e-04 (22883) 1
*103964: obj =   5.497278003e+00 inf =   1.008e-03 (23691) 1
*104067: obj =   5.496011083e+00 inf =   1.013e-03 (22748) 1
*104169: obj =   5.495608551e+00 inf =   1.013e-03 (22787) 1
*104272: obj =   5.495131446e+00 inf =   1.004e-03 (21286) 1
*104375: obj =   5.494868343e+00 inf =   9.891e-04 (23048) 1
*104477: obj =   5.494717951e+00 inf =   9.981e-04 (23205) 1
*104582: obj =   5.494198122e+00 inf =   9.988e-04 (23275) 1
*104684: obj =   5.493498405e+00 inf =   9.982e-04 (24001) 1
*104785: obj =   5.492988693e+00 inf =   9.960e-04 (23341) 1
*104886: obj =   5.491310820e+00 inf =   1.003e-03 (22291) 1
*104990: obj =   5.489837272e+00 inf =   1.016e-03 (22813) 1
*105092: obj =   5.488213011e+00 inf =   1.015e-03 (22563) 1
*105195: obj =   5.486779900e+00 inf =   9.963e-04 (23031) 1
*105303: obj =   5.486160106e+00 inf =   1.006e-03 (22521)
*105404: obj =   5.485843127e+00 inf =   1.004e-03 (22783) 1
*105506: obj =   5.485694634e+00 inf =   1.009e-03 (23266) 1
*105609: obj =   5.485661387e+00 inf =   1.014e-03 (22478) 1
*105710: obj =   5.485403332e+00 inf =   1.016e-03 (22263) 1
*105810: obj =   5.485197219e+00 inf =   1.002e-03 (22759) 1
*105910: obj =   5.484311497e+00 inf =   1.011e-03 (23211) 1
*106011: obj =   5.483798530e+00 inf =   1.016e-03 (22950) 1
*106110: obj =   5.482456983e+00 inf =   1.039e-03 (23466) 1
*106211: obj =   5.482201933e+00 inf =   1.040e-03 (23129) 1
*106312: obj =   5.481990061e+00 inf =   1.043e-03 (22733) 1
*106413: obj =   5.481660825e+00 inf =   1.041e-03 (22187) 1
*106513: obj =   5.480967404e+00 inf =   1.040e-03 (22942) 1
*106613: obj =   5.480567299e+00 inf =   1.048e-03 (22889) 1
*106713: obj =   5.479909697e+00 inf =   1.046e-03 (22317) 1
*106813: obj =   5.479244867e+00 inf =   1.052e-03 (23459) 1
*106913: obj =   5.478586589e+00 inf =   1.057e-03 (22862) 1
*107010: obj =   5.476049185e+00 inf =   1.064e-03 (22835) 1
*107106: obj =   5.473129256e+00 inf =   1.075e-03 (22391) 1
*107208: obj =   5.473038924e+00 inf =   1.095e-03 (23273) 1
*107308: obj =   5.472150527e+00 inf =   1.107e-03 (22702) 1
*107409: obj =   5.471678295e+00 inf =   1.110e-03 (22201) 1
*107509: obj =   5.471105783e+00 inf =   1.116e-03 (22994) 1
*107608: obj =   5.469698804e+00 inf =   1.097e-03 (23399) 1
*107708: obj =   5.469023915e+00 inf =   1.097e-03 (23587) 1
*107808: obj =   5.468273931e+00 inf =   1.106e-03 (22788) 1
*107908: obj =   5.467496425e+00 inf =   1.110e-03 (24116) 1
*108006: obj =   5.465963033e+00 inf =   1.114e-03 (22295) 1
*108105: obj =   5.464341298e+00 inf =   1.128e-03 (23130) 1
*108207: obj =   5.463818687e+00 inf =   1.113e-03 (22311) 1
*108311: obj =   5.463568833e+00 inf =   1.117e-03 (22928) 1
*108415: obj =   5.463028255e+00 inf =   1.143e-03 (23404) 1
*108518: obj =   5.462488058e+00 inf =   1.127e-03 (22809) 1
*108621: obj =   5.462186817e+00 inf =   1.125e-03 (22333) 1
*108721: obj =   5.458830942e+00 inf =   1.121e-03 (22145) 1
*108824: obj =   5.457780800e+00 inf =   1.123e-03 (22109) 1
*108927: obj =   5.454529620e+00 inf =   1.112e-03 (23202)
*109025: obj =   5.452862499e+00 inf =   1.116e-03 (23380) 1
*109123: obj =   5.448892777e+00 inf =   1.122e-03 (24309) 1
*109226: obj =   5.448839062e+00 inf =   1.123e-03 (23020) 1
*109329: obj =   5.448007231e+00 inf =   1.127e-03 (22575) 1
*109432: obj =   5.447798273e+00 inf =   1.146e-03 (23118) 1
*109534: obj =   5.447396175e+00 inf =   1.147e-03 (22512) 1
*109635: obj =   5.446923177e+00 inf =   1.153e-03 (22008) 1
*109736: obj =   5.446591389e+00 inf =   1.152e-03 (22931) 1
*109837: obj =   5.446239540e+00 inf =   1.144e-03 (23349) 1
*109937: obj =   5.444989254e+00 inf =   1.152e-03 (23053) 1
*110037: obj =   5.443438037e+00 inf =   1.146e-03 (22423) 1
*110139: obj =   5.442884541e+00 inf =   1.160e-03 (23282) 1
*110241: obj =   5.442615231e+00 inf =   1.163e-03 (23645) 1
*110342: obj =   5.442569181e+00 inf =   1.154e-03 (23643) 1
*110444: obj =   5.442565289e+00 inf =   1.157e-03 (23392) 1
*110546: obj =   5.442484310e+00 inf =   1.152e-03 (23371) 1
*110647: obj =   5.442016100e+00 inf =   1.151e-03 (22848) 1
*110748: obj =   5.441321980e+00 inf =   1.145e-03 (22586) 1
*110848: obj =   5.440476471e+00 inf =   1.140e-03 (23103) 1
*110949: obj =   5.439517725e+00 inf =   1.149e-03 (22691) 1
*111048: obj =   5.437469415e+00 inf =   1.164e-03 (22374) 1
*111149: obj =   5.436576326e+00 inf =   1.165e-03 (23178) 1
*111250: obj =   5.436484814e+00 inf =   1.184e-03 (22621) 1
*111352: obj =   5.436129250e+00 inf =   1.195e-03 (22203) 1
*111454: obj =   5.435735615e+00 inf =   1.209e-03 (22669) 1
*111555: obj =   5.435587722e+00 inf =   1.227e-03 (22855) 1
*111656: obj =   5.435481259e+00 inf =   1.216e-03 (23772) 1
*111755: obj =   5.435018682e+00 inf =   1.217e-03 (24020) 1
*111855: obj =   5.434865192e+00 inf =   1.217e-03 (24010) 1
*111955: obj =   5.434330305e+00 inf =   1.211e-03 (21832) 1
*112055: obj =   5.433730943e+00 inf =   1.217e-03 (23505) 1
*112156: obj =   5.433480174e+00 inf =   1.213e-03 (25138) 1
*112257: obj =   5.433452149e+00 inf =   1.206e-03 (23838) 1
*112358: obj =   5.433294489e+00 inf =   1.229e-03 (24249) 1
*112456: obj =   5.432189256e+00 inf =   1.245e-03 (22796) 1
*112555: obj =   5.431305170e+00 inf =   1.244e-03 (22921) 1
*112659: obj =   5.430729031e+00 inf =   1.250e-03 (22357) 1
*112763: obj =   5.429034297e+00 inf =   1.252e-03 (22940)
*112860: obj =   5.427544243e+00 inf =   1.263e-03 (22663) 1
*112957: obj =   5.425749828e+00 inf =   1.263e-03 (22474) 1
*113054: obj =   5.423095792e+00 inf =   1.262e-03 (22670) 1
*113152: obj =   5.421532545e+00 inf =   1.278e-03 (23308) 1
*113253: obj =   5.421447158e+00 inf =   1.288e-03 (22579) 1
*113353: obj =   5.420996856e+00 inf =   1.292e-03 (23555) 1
*113452: obj =   5.420141603e+00 inf =   1.280e-03 (23645) 1
*113552: obj =   5.419421168e+00 inf =   1.282e-03 (23051) 1
*113653: obj =   5.418067202e+00 inf =   1.285e-03 (22807) 1
*113755: obj =   5.417849050e+00 inf =   1.278e-03 (23138) 1
*113854: obj =   5.415964010e+00 inf =   1.278e-03 (22666) 1
*113955: obj =   5.415183678e+00 inf =   1.276e-03 (23016) 1
*114054: obj =   5.414300400e+00 inf =   1.292e-03 (22351) 1
*114153: obj =   5.412499987e+00 inf =   1.273e-03 (23112) 1
*114253: obj =   5.412134018e+00 inf =   1.282e-03 (22029) 1
*114354: obj =   5.411732280e+00 inf =   1.288e-03 (22445) 1
*114455: obj =   5.411283516e+00 inf =   1.258e-03 (23329) 1
*114555: obj =   5.410260746e+00 inf =   1.258e-03 (22395) 1
*114654: obj =   5.408416864e+00 inf =   1.261e-03 (23454) 1
*114754: obj =   5.407133632e+00 inf =   1.266e-03 (22791) 1
*114854: obj =   5.406294199e+00 inf =   1.267e-03 (22572) 1
*114954: obj =   5.406057172e+00 inf =   1.271e-03 (22717) 1
*115053: obj =   5.404885287e+00 inf =   1.275e-03 (23459) 1
*115152: obj =   5.403611685e+00 inf =   1.263e-03 (22420) 1
*115252: obj =   5.402457742e+00 inf =   1.224e-03 (23960) 1
*115353: obj =   5.402269286e+00 inf =   1.231e-03 (23598) 1
*115454: obj =   5.401841016e+00 inf =   1.227e-03 (22475) 1
*115555: obj =   5.400888905e+00 inf =   1.225e-03 (23568) 1
*115658: obj =   5.399487771e+00 inf =   1.228e-03 (22066) 1
*115758: obj =   5.393593275e+00 inf =   1.227e-03 (22386)
*115855: obj =   5.389888373e+00 inf =   1.236e-03 (22774) 1
*115951: obj =   5.387553407e+00 inf =   1.238e-03 (22498) 1
*116049: obj =   5.386565370e+00 inf =   1.236e-03 (23097) 1
*116147: obj =   5.384792243e+00 inf =   1.243e-03 (22909) 1
*116249: obj =   5.384363577e+00 inf =   1.226e-03 (23127) 1
*116350: obj =   5.384207976e+00 inf =   1.221e-03 (22629) 1
*116450: obj =   5.383705150e+00 inf =   1.222e-03 (23075) 1
*116549: obj =   5.383278569e+00 inf =   1.208e-03 (22297) 1
*116649: obj =   5.382997220e+00 inf =   1.209e-03 (22372) 1
*116749: obj =   5.382567565e+00 inf =   1.207e-03 (22902) 1
*116847: obj =   5.381292938e+00 inf =   1.207e-03 (23011) 1
*116946: obj =   5.380043442e+00 inf =   1.212e-03 (23413) 1
*117043: obj =   5.377648697e+00 inf =   1.213e-03 (23011) 1
*117140: obj =   5.375634659e+00 inf =   1.249e-03 (23051) 1
*117241: obj =   5.375148674e+00 inf =   1.240e-03 (22347) 1
*117342: obj =   5.374753413e+00 inf =   1.237e-03 (23301) 1
*117444: obj =   5.374679077e+00 inf =   1.237e-03 (23778) 1
*117544: obj =   5.374513123e+00 inf =   1.225e-03 (23116) 1
*117644: obj =   5.373863024e+00 inf =   1.222e-03 (22860) 1
*117743: obj =   5.373394621e+00 inf =   1.222e-03 (22518) 1
*117842: obj =   5.372860089e+00 inf =   1.221e-03 (22655) 1
*117940: obj =   5.371536796e+00 inf =   1.225e-03 (22944) 1
*118042: obj =   5.371232447e+00 inf =   1.233e-03 (22677) 1
*118140: obj =   5.369365120e+00 inf =   1.231e-03 (22820) 1
*118241: obj =   5.369049934e+00 inf =   1.218e-03 (22992) 1
*118342: obj =   5.368713258e+00 inf =   1.222e-03 (24747) 1
*118443: obj =   5.368582072e+00 inf =   1.231e-03 (22610) 1
*118543: obj =   5.368234124e+00 inf =   1.254e-03 (22252) 1
*118644: obj =   5.367160511e+00 inf =   1.251e-03 (22317) 1
*118748: obj =   5.366064551e+00 inf =   1.242e-03 (22426) 1
*118851: obj =   5.364798216e+00 inf =   1.236e-03 (22726) 1
*118953: obj =   5.363298235e+00 inf =   1.237e-03 (23059)
*119050: obj =   5.359330917e+00 inf =   1.257e-03 (22623) 1
*119150: obj =   5.358073215e+00 inf =   1.270e-03 (22464) 1
*119251: obj =   5.357880373e+00 inf =   1.259e-03 (23211) 1
*119351: obj =   5.357713675e+00 inf =   1.264e-03 (23006) 1
*119450: obj =   5.356819811e+00 inf =   1.257e-03 (23256) 1
*119549: obj =   5.356065053e+00 inf =   1.273e-03 (22653) 1
*119648: obj =   5.355324394e+00 inf =   1.276e-03 (22539) 1
*119748: obj =   5.354098508e+00 inf =   1.279e-03 (22977) 1
*119843: obj =   5.351877849e+00 inf =   1.288e-03 (23204) 1
*119940: obj =   5.350932791e+00 inf =   1.293e-03 (22481) 1
*120038: obj =   5.350256305e+00 inf =   1.344e-03 (22552) 1
*120134: obj =   5.348141009e+00 inf =   1.358e-03 (22576) 1
*120234: obj =   5.347979745e+00 inf =   1.325e-03 (22691) 1
*120333: obj =   5.347844769e+00 inf =   1.331e-03 (23097) 1
*120432: obj =   5.347774612e+00 inf =   1.332e-03 (22924) 1
*120531: obj =   5.347381545e+00 inf =   1.393e-03 (23284) 1
*120630: obj =   5.347224231e+00 inf =   1.395e-03 (22747) 1
*120730: obj =   5.346657880e+00 inf =   1.406e-03 (23059) 1
*120830: obj =   5.346025928e+00 inf =   1.415e-03 (23090) 1
*120930: obj =   5.346001613e+00 inf =   1.414e-03 (22973) 1
*121029: obj =   5.344324204e+00 inf =   1.415e-03 (22929) 1
*121129: obj =   5.343460346e+00 inf =   1.444e-03 (23020) 1
*121229: obj =   5.343029048e+00 inf =   1.446e-03 (22907) 1
*121328: obj =   5.342582397e+00 inf =   1.462e-03 (23033) 1
*121428: obj =   5.342544244e+00 inf =   1.461e-03 (23680) 1
*121529: obj =   5.342498946e+00 inf =   1.532e-03 (22450) 1
*121628: obj =   5.342151810e+00 inf =   1.546e-03 (22917) 1
*121727: obj =   5.341348975e+00 inf =   1.551e-03 (23619) 1
*121831: obj =   5.341199492e+00 inf =   1.552e-03 (22862) 1
*121933: obj =   5.339962165e+00 inf =   1.566e-03 (22631) 1
*122035: obj =   5.339038890e+00 inf =   1.570e-03 (23137) 1
*122137: obj =   5.337700829e+00 inf =   1.574e-03 (22643) 1
*122239: obj =   5.337044960e+00 inf =   1.653e-03 (23074) 1
*122342: obj =   5.336638899e+00 inf =   1.693e-03 (23322) 1
*122444: obj =   5.336245792e+00 inf =   1.697e-03 (22792) 1
*122548: obj =   5.336217354e+00 inf =   1.700e-03 (21815) 1
*122649: obj =   5.336108398e+00 inf =   1.699e-03 (23001) 1
*122753: obj =   5.335408703e+00 inf =   1.703e-03 (23238) 1
*122855: obj =   5.334897293e+00 inf =   1.701e-03 (22933) 1
*122958: obj =   5.333815503e+00 inf =   1.707e-03 (22860) 1
*123061: obj =   5.333670708e+00 inf =   1.702e-03 (23236) 1
*123167: obj =   5.333145875e+00 inf =   1.692e-03 (22712)
*123268: obj =   5.332999856e+00 inf =   1.656e-03 (23871) 1
*123368: obj =   5.332175992e+00 inf =   1.666e-03 (22958) 1
*123469: obj =   5.332068890e+00 inf =   1.661e-03 (23568) 1
*123570: obj =   5.331505031e+00 inf =   1.641e-03 (22274) 1
*123670: obj =   5.331086418e+00 inf =   1.627e-03 (22822) 1
*123769: obj =   5.330701684e+00 inf =   1.631e-03 (21768) 1
*123866: obj =   5.328651041e+00 inf =   1.631e-03 (22343) 1
*123963: obj =   5.327743130e+00 inf =   1.636e-03 (22525) 1
*124061: obj =   5.326251239e+00 inf =   1.638e-03 (23605) 1
*124158: obj =   5.321417759e+00 inf =   1.656e-03 (22318) 1
*124258: obj =   5.320999933e+00 inf =   1.658e-03 (23150) 1
*124356: obj =   5.320273317e+00 inf =   1.655e-03 (23445) 1
*124456: obj =   5.320006244e+00 inf =   1.658e-03 (22891) 1
*124556: obj =   5.319947382e+00 inf =   1.662e-03 (22350) 1
*124655: obj =   5.319754861e+00 inf =   1.670e-03 (22965) 1
*124755: obj =   5.319567012e+00 inf =   1.681e-03 (22162) 1
*124855: obj =   5.319471696e+00 inf =   1.686e-03 (23415) 1
*124952: obj =   5.318280739e+00 inf =   1.685e-03 (22387) 1
*125050: obj =   5.317737516e+00 inf =   1.686e-03 (22672) 1
*125148: obj =   5.316304476e+00 inf =   1.689e-03 (21680) 1
*125249: obj =   5.315993541e+00 inf =   1.679e-03 (23219) 1
*125348: obj =   5.315765712e+00 inf =   1.676e-03 (23695) 1
*125446: obj =   5.315460110e+00 inf =   1.674e-03 (23099) 1
*125544: obj =   5.315278444e+00 inf =   1.669e-03 (22632) 1
*125643: obj =   5.315014521e+00 inf =   1.674e-03 (23681) 1
*125741: obj =   5.314702195e+00 inf =   1.667e-03 (22593) 1
*125839: obj =   5.313898212e+00 inf =   1.658e-03 (23767) 1
*125942: obj =   5.313554228e+00 inf =   1.666e-03 (23103) 1
*126043: obj =   5.311416029e+00 inf =   1.666e-03 (22844)
*126137: obj =   5.308200583e+00 inf =   1.674e-03 (22807) 1
*126235: obj =   5.307676094e+00 inf =   1.668e-03 (23458) 1
*126334: obj =   5.307599326e+00 inf =   1.669e-03 (22820) 1
*126432: obj =   5.306835625e+00 inf =   1.679e-03 (23041) 1
*126530: obj =   5.306244261e+00 inf =   1.678e-03 (23300) 1
*126628: obj =   5.305412388e+00 inf =   1.694e-03 (23326) 1
*126728: obj =   5.304005132e+00 inf =   1.688e-03 (22818) 1
*126827: obj =   5.303465845e+00 inf =   1.674e-03 (22938) 1
*126925: obj =   5.302551656e+00 inf =   1.675e-03 (23354) 1
*127023: obj =   5.301110827e+00 inf =   1.673e-03 (22371) 1
*127118: obj =   5.298159673e+00 inf =   1.675e-03 (22827) 1
*127217: obj =   5.297205350e+00 inf =   1.677e-03 (22370) 1
*127316: obj =   5.296816824e+00 inf =   1.674e-03 (23377) 1
*127417: obj =   5.296383380e+00 inf =   1.674e-03 (22811) 1
*127519: obj =   5.296124854e+00 inf =   1.675e-03 (22207) 1
*127619: obj =   5.296006516e+00 inf =   1.684e-03 (23197) 1
*127719: obj =   5.295725615e+00 inf =   1.671e-03 (23097) 1
*127818: obj =   5.295400546e+00 inf =   1.674e-03 (22838) 1
*127917: obj =   5.294822520e+00 inf =   1.685e-03 (22502) 1
*128015: obj =   5.294148946e+00 inf =   1.693e-03 (22751) 1
*128112: obj =   5.291724000e+00 inf =   1.709e-03 (23133) 1
*128215: obj =   5.290905990e+00 inf =   1.709e-03 (23104)
*128313: obj =   5.290714647e+00 inf =   1.740e-03 (21962) 1
*128411: obj =   5.290705674e+00 inf =   1.738e-03 (23192) 1
*128509: obj =   5.290460940e+00 inf =   1.732e-03 (22611) 1
*128606: obj =   5.290046692e+00 inf =   1.698e-03 (23126) 1
*128703: obj =   5.289693273e+00 inf =   1.709e-03 (22933) 1
*128801: obj =   5.289691868e+00 inf =   1.719e-03 (22947) 1
*128898: obj =   5.288932027e+00 inf =   1.715e-03 (23482) 1
*128995: obj =   5.288486662e+00 inf =   1.715e-03 (23600) 1
*129093: obj =   5.288382350e+00 inf =   1.705e-03 (22746) 1
*129193: obj =   5.288254549e+00 inf =   1.725e-03 (22606) 1
*129293: obj =   5.288050896e+00 inf =   1.706e-03 (22675) 1
*129394: obj =   5.287932716e+00 inf =   1.687e-03 (23365) 1
*129493: obj =   5.287772172e+00 inf =   1.704e-03 (23033) 1
*129593: obj =   5.287466466e+00 inf =   1.687e-03 (23233) 1
*129692: obj =   5.287427865e+00 inf =   1.704e-03 (22444) 1
*129790: obj =   5.287356463e+00 inf =   1.693e-03 (23519) 1
*129888: obj =   5.286825848e+00 inf =   1.697e-03 (23566) 1
*129987: obj =   5.286394107e+00 inf =   1.696e-03 (22536) 1
*130083: obj =   5.285091325e+00 inf =   1.739e-03 (22778) 1
*130180: obj =   5.282705473e+00 inf =   1.737e-03 (23008) 1
*130283: obj =   5.282174965e+00 inf =   1.751e-03 (22408) 1
*130384: obj =   5.282130036e+00 inf =   1.735e-03 (22073) 1
*130486: obj =   5.281611642e+00 inf =   1.735e-03 (23635) 1
*130588: obj =   5.281448523e+00 inf =   1.741e-03 (23049) 1
*130692: obj =   5.281242985e+00 inf =   1.726e-03 (22565) 1
*130795: obj =   5.280806623e+00 inf =   1.732e-03 (23500) 1
*130897: obj =   5.280130640e+00 inf =   1.732e-03 (24152) 1
*130999: obj =   5.278313556e+00 inf =   1.735e-03 (23107) 1
*131100: obj =   5.277178106e+00 inf =   1.744e-03 (22491) 1
*131202: obj =   5.275938424e+00 inf =   1.647e-03 (23103)
*131301: obj =   5.275727571e+00 inf =   1.648e-03 (23720) 1
*131398: obj =   5.275280091e+00 inf =   1.654e-03 (22229) 1
*131495: obj =   5.273662488e+00 inf =   1.661e-03 (22456) 1
*131593: obj =   5.273207194e+00 inf =   1.649e-03 (22532) 1
*131691: obj =   5.272584172e+00 inf =   1.651e-03 (22408) 1
*131788: obj =   5.271522519e+00 inf =   1.658e-03 (22825) 1
*131885: obj =   5.270311952e+00 inf =   1.661e-03 (23458) 1
*131980: obj =   5.268467148e+00 inf =   1.658e-03 (22679) 1
*132075: obj =   5.266465271e+00 inf =   1.666e-03 (22914) 1
*132174: obj =   5.266101549e+00 inf =   1.675e-03 (23187) 1
*132273: obj =   5.265323323e+00 inf =   1.685e-03 (21705) 1
*132371: obj =   5.264368113e+00 inf =   1.705e-03 (23383) 1
*132468: obj =   5.263596233e+00 inf =   1.713e-03 (22610) 1
*132566: obj =   5.263595292e+00 inf =   1.714e-03 (22635) 1
*132664: obj =   5.263395408e+00 inf =   1.718e-03 (23164) 1
*132762: obj =   5.262970559e+00 inf =   1.725e-03 (22449) 1
*132861: obj =   5.262620966e+00 inf =   1.735e-03 (23118) 1
*132961: obj =   5.262197558e+00 inf =   1.721e-03 (23319) 1
*133057: obj =   5.260494744e+00 inf =   1.726e-03 (21899) 1
*133152: obj =   5.259481254e+00 inf =   1.713e-03 (21414) 1
*133255: obj =   5.258893057e+00 inf =   1.696e-03 (22994) 1
*133357: obj =   5.258276979e+00 inf =   1.695e-03 (22430) 1
*133460: obj =   5.256198413e+00 inf =   1.695e-03 (22572)
*133554: obj =   5.252148787e+00 inf =   1.691e-03 (21749) 1
*133646: obj =   5.247854725e+00 inf =   1.734e-03 (21938) 1
*133741: obj =   5.245503930e+00 inf =   1.732e-03 (22740) 1
*133834: obj =   5.241473735e+00 inf =   1.729e-03 (21637) 1
*133928: obj =   5.239641986e+00 inf =   1.732e-03 (22013) 1
*134021: obj =   5.236512844e+00 inf =   1.735e-03 (22437) 1
*134113: obj =   5.233811552e+00 inf =   1.738e-03 (22748) 1
*134209: obj =   5.232436727e+00 inf =   1.729e-03 (23075) 1
*134307: obj =   5.232129694e+00 inf =   1.734e-03 (22841) 1
*134405: obj =   5.231812145e+00 inf =   1.731e-03 (23021) 1
*134503: obj =   5.230804701e+00 inf =   1.733e-03 (22640) 1
*134601: obj =   5.230521952e+00 inf =   1.730e-03 (22294) 1
*134701: obj =   5.228978121e+00 inf =   1.742e-03 (22238) 1
*134802: obj =   5.227967751e+00 inf =   1.743e-03 (22750) 1
*134904: obj =   5.227729942e+00 inf =   1.747e-03 (23758)
*135000: obj =   5.226979797e+00 inf =   1.747e-03 (23001) 1
*135096: obj =   5.225405147e+00 inf =   1.749e-03 (22963) 1
*135193: obj =   5.224082857e+00 inf =   1.750e-03 (22515) 1
*135290: obj =   5.224015563e+00 inf =   1.771e-03 (23352) 1
*135388: obj =   5.223904911e+00 inf =   1.778e-03 (23000) 1
*135484: obj =   5.223564048e+00 inf =   1.768e-03 (23393) 1
*135582: obj =   5.223524196e+00 inf =   1.763e-03 (22615) 1
*135680: obj =   5.223243131e+00 inf =   1.773e-03 (22584) 1
*135778: obj =   5.222943207e+00 inf =   1.782e-03 (23439) 1
*135877: obj =   5.222527455e+00 inf =   1.771e-03 (22836) 1
*135975: obj =   5.222335065e+00 inf =   1.772e-03 (22727) 1
*136071: obj =   5.221129645e+00 inf =   1.775e-03 (22919) 1
*136169: obj =   5.220330966e+00 inf =   1.779e-03 (21909) 1
*136267: obj =   5.220276813e+00 inf =   1.776e-03 (22794) 1
*136366: obj =   5.220273856e+00 inf =   1.775e-03 (22804) 1
*136465: obj =   5.220272390e+00 inf =   1.768e-03 (22818) 1
*136564: obj =   5.220169151e+00 inf =   1.769e-03 (23413) 1
*136663: obj =   5.219385595e+00 inf =   1.770e-03 (22233) 1
*136762: obj =   5.219201697e+00 inf =   1.774e-03 (22414) 1
*136862: obj =   5.218381840e+00 inf =   1.803e-03 (23360) 1
*136964: obj =   5.215959036e+00 inf =   1.810e-03 (23541)
*137058: obj =   5.212849672e+00 inf =   1.809e-03 (22920) 1
*137154: obj =   5.210029743e+00 inf =   1.808e-03 (23201) 1
*137253: obj =   5.209668430e+00 inf =   1.789e-03 (22221) 1
*137352: obj =   5.209465266e+00 inf =   1.784e-03 (22920) 1
*137448: obj =   5.209206002e+00 inf =   1.768e-03 (23138) 1
*137546: obj =   5.208980989e+00 inf =   1.774e-03 (22232) 1
*137644: obj =   5.208285817e+00 inf =   1.781e-03 (23862) 1
*137742: obj =   5.207939498e+00 inf =   1.784e-03 (22393) 1
*137839: obj =   5.207685047e+00 inf =   1.782e-03 (21528) 1
*137935: obj =   5.206963831e+00 inf =   1.784e-03 (23094) 1
*138032: obj =   5.206050350e+00 inf =   1.783e-03 (22526) 1
*138130: obj =   5.205809467e+00 inf =   1.782e-03 (23600) 1
*138232: obj =   5.205125046e+00 inf =   1.818e-03 (23598) 1
*138330: obj =   5.205056202e+00 inf =   1.817e-03 (23284) 1
*138427: obj =   5.204558563e+00 inf =   1.831e-03 (23453) 1
*138524: obj =   5.204305827e+00 inf =   1.834e-03 (23683) 1
*138620: obj =   5.203967508e+00 inf =   1.817e-03 (23184) 1
*138717: obj =   5.203719422e+00 inf =   1.817e-03 (22045) 1
*138818: obj =   5.203237842e+00 inf =   1.811e-03 (23318) 1
*138920: obj =   5.203028895e+00 inf =   1.812e-03 (23398) 1
*139021: obj =   5.201585139e+00 inf =   1.828e-03 (22382) 1
*139121: obj =   5.199371526e+00 inf =   1.830e-03 (22809)
*139219: obj =   5.198955056e+00 inf =   1.810e-03 (22464) 1
*139316: obj =   5.198494345e+00 inf =   1.805e-03 (23108) 1
*139413: obj =   5.197991387e+00 inf =   1.802e-03 (22243) 1
*139511: obj =   5.197964674e+00 inf =   1.806e-03 (22697) 1
*139609: obj =   5.197872797e+00 inf =   1.793e-03 (22205) 1
*139706: obj =   5.197527452e+00 inf =   1.785e-03 (22285) 1
*139805: obj =   5.197414685e+00 inf =   1.796e-03 (23444) 1
*139902: obj =   5.197339264e+00 inf =   1.801e-03 (22485) 1
*139998: obj =   5.196532727e+00 inf =   1.798e-03 (22423) 1
*140092: obj =   5.196111769e+00 inf =   1.789e-03 (22389) 1
*140188: obj =   5.195543178e+00 inf =   1.784e-03 (22831) 1
*140285: obj =   5.195413160e+00 inf =   1.781e-03 (22773) 1
*140382: obj =   5.195115318e+00 inf =   1.767e-03 (22797) 1
*140479: obj =   5.194860723e+00 inf =   1.776e-03 (23376) 1
*140576: obj =   5.194406647e+00 inf =   1.755e-03 (22557) 1
*140673: obj =   5.194157261e+00 inf =   1.745e-03 (22981) 1
*140770: obj =   5.194033755e+00 inf =   1.747e-03 (23487) 1
*140867: obj =   5.193731910e+00 inf =   1.750e-03 (22954) 1
*140966: obj =   5.193290134e+00 inf =   1.752e-03 (23316) 1
*141067: obj =   5.192240261e+00 inf =   1.753e-03 (23400)
*141162: obj =   5.191120518e+00 inf =   1.761e-03 (21814) 1
*141259: obj =   5.190695453e+00 inf =   1.726e-03 (23299) 1
*141358: obj =   5.190532815e+00 inf =   1.715e-03 (22782) 1
*141457: obj =   5.190516627e+00 inf =   1.743e-03 (21951) 1
*141555: obj =   5.190452070e+00 inf =   1.738e-03 (22474) 1
*141652: obj =   5.190223773e+00 inf =   1.734e-03 (22766) 1
*141750: obj =   5.190003185e+00 inf =   1.729e-03 (23239) 1
*141847: obj =   5.189900331e+00 inf =   1.730e-03 (23149) 1
*141943: obj =   5.188862246e+00 inf =   1.738e-03 (22127) 1
*142038: obj =   5.186359189e+00 inf =   1.742e-03 (22997) 1
*142131: obj =   5.183443341e+00 inf =   1.745e-03 (22371) 1
*142228: obj =   5.182603185e+00 inf =   1.737e-03 (22690) 1
*142324: obj =   5.182086673e+00 inf =   1.739e-03 (23417) 1
*142421: obj =   5.182085856e+00 inf =   1.755e-03 (23430) 1
*142519: obj =   5.182080403e+00 inf =   1.742e-03 (23107) 1
*142620: obj =   5.181988124e+00 inf =   1.740e-03 (23574) 1
*142722: obj =   5.181951268e+00 inf =   1.753e-03 (23568) 1
*142824: obj =   5.181920721e+00 inf =   1.752e-03 (23119) 1
*142925: obj =   5.181902404e+00 inf =   1.751e-03 (22646) 1
*143027: obj =   5.181775165e+00 inf =   1.764e-03 (22926)
*143124: obj =   5.181301760e+00 inf =   1.766e-03 (23473) 1
*143221: obj =   5.180702206e+00 inf =   1.742e-03 (23357) 1
*143318: obj =   5.180547324e+00 inf =   1.749e-03 (22728) 1
*143415: obj =   5.180247402e+00 inf =   1.748e-03 (23558) 1
*143512: obj =   5.179821785e+00 inf =   1.749e-03 (23337) 1
*143610: obj =   5.179677897e+00 inf =   1.742e-03 (21954) 1
*143708: obj =   5.179673947e+00 inf =   1.755e-03 (21963) 1
*143804: obj =   5.179378498e+00 inf =   1.763e-03 (23779) 1
*143900: obj =   5.178931934e+00 inf =   1.778e-03 (24464) 1
*143996: obj =   5.177987070e+00 inf =   1.785e-03 (22773) 1
*144089: obj =   5.176867338e+00 inf =   1.796e-03 (22706) 1
*144185: obj =   5.176389106e+00 inf =   1.775e-03 (23179) 1
*144281: obj =   5.175982486e+00 inf =   1.757e-03 (23734) 1
*144378: obj =   5.175563000e+00 inf =   1.750e-03 (22204) 1
*144474: obj =   5.175546503e+00 inf =   1.812e-03 (23256) 1
*144571: obj =   5.175370588e+00 inf =   1.811e-03 (23263) 1
*144667: obj =   5.174856242e+00 inf =   1.813e-03 (22669) 1
*144765: obj =   5.174573024e+00 inf =   1.808e-03 (22966) 1
*144867: obj =   5.174528764e+00 inf =   1.798e-03 (22910) 1
*144969: obj =   5.174079175e+00 inf =   1.790e-03 (23092) 1
*145070: obj =   5.173536348e+00 inf =   1.791e-03 (23183) 1
*145171: obj =   5.172724924e+00 inf =   1.788e-03 (22666) 1
*145272: obj =   5.172324169e+00 inf =   1.822e-03 (23875) 1
*145374: obj =   5.172312057e+00 inf =   1.826e-03 (22882) 1
*145475: obj =   5.172163485e+00 inf =   1.824e-03 (23431) 1
*145578: obj =   5.171735207e+00 inf =   1.802e-03 (23291) 1
*145680: obj =   5.171524468e+00 inf =   1.793e-03 (22568) 1
*145781: obj =   5.171370552e+00 inf =   1.790e-03 (23548) 1
*145882: obj =   5.171031830e+00 inf =   1.794e-03 (22642)
*145978: obj =   5.170147839e+00 inf =   1.802e-03 (22980) 1
*146073: obj =   5.169914951e+00 inf =   1.800e-03 (24151) 1
*146170: obj =   5.169155890e+00 inf =   1.805e-03 (24169) 1
*146269: obj =   5.169121660e+00 inf =   1.805e-03 (23254) 1
*146367: obj =   5.168915604e+00 inf =   1.817e-03 (23753) 1
*146465: obj =   5.168890335e+00 inf =   1.822e-03 (22723) 1
*146562: obj =   5.168542400e+00 inf =   1.835e-03 (23300) 1
*146658: obj =   5.168014727e+00 inf =   1.851e-03 (23606) 1
*146754: obj =   5.167456464e+00 inf =   1.862e-03 (23313) 1
*146848: obj =   5.166840262e+00 inf =   1.874e-03 (23090) 1
*146943: obj =   5.166370488e+00 inf =   1.896e-03 (22936) 1
*147037: obj =   5.165253605e+00 inf =   1.896e-03 (22616) 1
*147132: obj =   5.164445634e+00 inf =   1.897e-03 (23012) 1
*147230: obj =   5.163863558e+00 inf =   1.850e-03 (22411) 1
*147328: obj =   5.163688512e+00 inf =   1.847e-03 (23232) 1
*147424: obj =   5.163447280e+00 inf =   1.856e-03 (23011) 1
*147521: obj =   5.163125312e+00 inf =   1.875e-03 (23905) 1
*147622: obj =   5.163001567e+00 inf =   1.881e-03 (22989) 1
*147724: obj =   5.162838991e+00 inf =   1.873e-03 (23404) 1
*147825: obj =   5.162787218e+00 inf =   1.869e-03 (23945) 1
*147926: obj =   5.162656190e+00 inf =   1.868e-03 (22929) 1
*148027: obj =   5.162359615e+00 inf =   1.877e-03 (22372) 1
*148128: obj =   5.161953993e+00 inf =   1.876e-03 (22547) 1
*148230: obj =   5.161434975e+00 inf =   1.891e-03 (22385) 1
*148332: obj =   5.161324514e+00 inf =   1.876e-03 (22872) 1
*148435: obj =   5.160779546e+00 inf =   1.872e-03 (22504) 1
*148537: obj =   5.160438887e+00 inf =   1.855e-03 (22258)
*148634: obj =   5.160328487e+00 inf =   1.836e-03 (23567) 1
*148730: obj =   5.160030047e+00 inf =   1.852e-03 (22077) 1
*148827: obj =   5.159463298e+00 inf =   1.840e-03 (22709) 1
*148923: obj =   5.158930293e+00 inf =   1.839e-03 (22790) 1
*149017: obj =   5.157229632e+00 inf =   1.845e-03 (23010) 1
*149112: obj =   5.156249934e+00 inf =   1.849e-03 (22945) 1
*149207: obj =   5.155332985e+00 inf =   1.852e-03 (22962) 1
*149303: obj =   5.155324294e+00 inf =   1.856e-03 (22183) 1
*149400: obj =   5.154453572e+00 inf =   1.820e-03 (23008) 1
*149497: obj =   5.154365739e+00 inf =   1.818e-03 (22382) 1
*149594: obj =   5.154255838e+00 inf =   1.822e-03 (22770) 1
*149690: obj =   5.153878800e+00 inf =   1.815e-03 (22550) 1
*149786: obj =   5.153215926e+00 inf =   1.820e-03 (22803) 1
*149881: obj =   5.151868959e+00 inf =   1.820e-03 (24224) 1
*149980: obj =   5.150211443e+00 inf =   1.829e-03 (22026) 1
*150080: obj =   5.149202341e+00 inf =   1.835e-03 (22081)
*150174: obj =   5.148665179e+00 inf =   1.831e-03 (22806) 1
*150270: obj =   5.148632596e+00 inf =   1.846e-03 (22691) 1
*150367: obj =   5.148544202e+00 inf =   1.852e-03 (23447) 1
*150464: obj =   5.148285135e+00 inf =   1.846e-03 (22796) 1
*150561: obj =   5.147929174e+00 inf =   1.853e-03 (23403) 1
*150657: obj =   5.147485656e+00 inf =   1.856e-03 (22617) 1
*150754: obj =   5.146912257e+00 inf =   1.852e-03 (23269) 1
*150850: obj =   5.146369228e+00 inf =   1.852e-03 (22216) 1
*150945: obj =   5.145697870e+00 inf =   1.842e-03 (22987) 1
*151040: obj =   5.145378459e+00 inf =   1.845e-03 (23150) 1
*151136: obj =   5.145244883e+00 inf =   1.846e-03 (23516) 1
*151234: obj =   5.145207089e+00 inf =   1.868e-03 (23404) 1
*151332: obj =   5.145095747e+00 inf =   1.860e-03 (22795) 1
*151428: obj =   5.144705069e+00 inf =   1.866e-03 (22904) 1
*151524: obj =   5.144631503e+00 inf =   1.860e-03 (23321) 1
*151623: obj =   5.144315217e+00 inf =   1.848e-03 (23695) 1
*151725: obj =   5.143980376e+00 inf =   1.837e-03 (23466) 1
*151827: obj =   5.143783156e+00 inf =   1.844e-03 (23228) 1
*151928: obj =   5.143630446e+00 inf =   1.857e-03 (21834) 1
*152029: obj =   5.143005868e+00 inf =   1.859e-03 (23265) 1
*152130: obj =   5.142400728e+00 inf =   1.861e-03 (23976)
*152227: obj =   5.141715670e+00 inf =   1.860e-03 (22891) 1
*152324: obj =   5.141465241e+00 inf =   1.864e-03 (22500) 1
*152420: obj =   5.140905889e+00 inf =   1.866e-03 (23790) 1
*152517: obj =   5.140629154e+00 inf =   1.867e-03 (22517) 1
*152613: obj =   5.140494122e+00 inf =   1.863e-03 (22369) 1
*152708: obj =   5.140002991e+00 inf =   1.861e-03 (24180) 1
*152803: obj =   5.139764512e+00 inf =   1.859e-03 (22884) 1
*152897: obj =   5.139204975e+00 inf =   1.872e-03 (21841) 1
*152992: obj =   5.138259724e+00 inf =   1.875e-03 (22723) 1
*153086: obj =   5.137265105e+00 inf =   1.873e-03 (22868) 1
*153181: obj =   5.136337324e+00 inf =   1.888e-03 (23196) 1
*153278: obj =   5.135954454e+00 inf =   1.891e-03 (23231) 1
*153374: obj =   5.135674195e+00 inf =   1.894e-03 (23611) 1
*153471: obj =   5.135509753e+00 inf =   1.885e-03 (22384) 1
*153567: obj =   5.134866013e+00 inf =   1.883e-03 (22405) 1
*153665: obj =   5.134352214e+00 inf =   1.881e-03 (22673) 1
*153764: obj =   5.134149714e+00 inf =   1.874e-03 (22770) 1
*153866: obj =   5.133946293e+00 inf =   1.876e-03 (22416) 1
*153966: obj =   5.132669697e+00 inf =   1.904e-03 (21546)
*154058: obj =   5.130269530e+00 inf =   1.908e-03 (23412) 1
*154149: obj =   5.128479147e+00 inf =   1.906e-03 (21003) 1
*154247: obj =   5.128124761e+00 inf =   1.901e-03 (22585) 1
*154343: obj =   5.128075627e+00 inf =   1.894e-03 (22655) 1
*154438: obj =   5.127875364e+00 inf =   1.893e-03 (22267) 1
*154533: obj =   5.127865298e+00 inf =   1.892e-03 (21897) 1
*154628: obj =   5.127458226e+00 inf =   1.885e-03 (22739) 1
*154723: obj =   5.126551407e+00 inf =   1.884e-03 (22545) 1
*154816: obj =   5.126008416e+00 inf =   1.887e-03 (22804) 1
*154908: obj =   5.124035959e+00 inf =   1.892e-03 (23432) 1
*155001: obj =   5.122733698e+00 inf =   1.898e-03 (22219) 1
*155098: obj =   5.120580826e+00 inf =   1.901e-03 (22780)
*155193: obj =   5.118945270e+00 inf =   1.929e-03 (22688) 1
*155288: obj =   5.118802218e+00 inf =   1.947e-03 (22153) 1
*155385: obj =   5.118767071e+00 inf =   1.947e-03 (23269) 1
*155482: obj =   5.118708698e+00 inf =   1.956e-03 (23234) 1
*155579: obj =   5.118701877e+00 inf =   1.961e-03 (23388) 1
*155674: obj =   5.118555608e+00 inf =   1.955e-03 (22793) 1
*155770: obj =   5.118449768e+00 inf =   1.951e-03 (22568) 1
*155865: obj =   5.117792660e+00 inf =   2.008e-03 (22485) 1
*155959: obj =   5.117329325e+00 inf =   2.012e-03 (22636) 1
*156053: obj =   5.116894362e+00 inf =   2.010e-03 (23393) 1
