GLPSOL--GLPK LP/MIP Solver 5.0
Parameter(s) specified in the command line:
 -m ../GLPK/GraphColoringGLPK.mod -d 4-FullIns_3.col.dat -o ../sol/4-FullIns_3.col.dat.sol
Reading model section from ../GLPK/GraphColoringGLPK.mod...
../GLPK/GraphColoringGLPK.mod:28: warning: unexpected end of file; missing end statement inserted
28 lines were read
Reading data section from 4-FullIns_3.col.dat...
1087 lines were read
Generating colors_count...
Generating R1...
Generating R2...
Generating R3...
Model has been successfully generated
GLPK Integer Optimizer 5.0
123576 rows, 13110 columns, 408918 non-zeros
13110 integer variables, all of which are binary
Preprocessing...
123575 rows, 13110 columns, 408804 non-zeros
13110 integer variables, all of which are binary
Scaling...
 A: min|aij| =  1.000e+00  max|aij| =  1.000e+00  ratio =  1.000e+00
Problem data seem to be well scaled
Constructing initial basis...
Size of triangular part is 123575
Solving LP relaxation...
GLPK Simplex Optimizer 5.0
123575 rows, 13110 columns, 408804 non-zeros
      0: obj =   0.000000000e+00 inf =   2.278e+03 (1083)
Perturbing LP to avoid stalling [200]...
   1193: obj =   3.114390805e+00 inf =   9.943e+02 (945) 9
   2242: obj =   3.130501373e+00 inf =   8.193e+02 (799) 10
   3157: obj =   3.340586833e+00 inf =   6.951e+02 (773) 9
   3961: obj =   3.428831176e+00 inf =   5.652e+02 (767) 8
   4750: obj =   3.711764564e+00 inf =   4.671e+02 (687) 8
   5510: obj =   4.137209746e+00 inf =   3.253e+02 (653) 7
   6244: obj =   4.463172142e+00 inf =   2.388e+02 (565) 6
   6963: obj =   4.758664255e+00 inf =   1.592e+02 (355) 7
   7657: obj =   4.852894280e+00 inf =   1.036e+02 (225) 6
   8364: obj =   5.272853504e+00 inf =   7.498e+01 (121) 7
   9058: obj =   5.670074993e+00 inf =   5.328e+01 (71) 6
   9744: obj =   6.040763315e+00 inf =   3.449e+01 (31) 6
  10421: obj =   6.332602831e+00 inf =   2.380e+01 (23) 6
  11092: obj =   6.653656679e+00 inf =   1.001e+01 (17) 6
  11700: obj =   6.881207214e+00 inf =   8.508e-06 (0) 5
* 12367: obj =   6.368909034e+00 inf =   5.354e-06 (6524) 6
* 13035: obj =   5.963579443e+00 inf =   6.162e-06 (6441) 7
* 13715: obj =   5.648215111e+00 inf =   7.432e-06 (6408) 6
* 14353: obj =   5.410481819e+00 inf =   7.372e-06 (6769) 7
* 14984: obj =   5.143391300e+00 inf =   7.476e-06 (6464) 6
* 15623: obj =   4.952794768e+00 inf =   1.126e-05 (6392) 6
* 16263: obj =   4.827013178e+00 inf =   1.567e-05 (6472) 6
* 16887: obj =   4.639491789e+00 inf =   1.257e-05 (6635) 6
* 17555: obj =   4.532303163e+00 inf =   1.082e-05 (6289) 6
* 18166: obj =   4.409684455e+00 inf =   1.773e-05 (6704) 6
* 18771: obj =   4.281806066e+00 inf =   1.928e-05 (6370) 6
* 19380: obj =   4.220620453e+00 inf =   1.986e-05 (6389) 6
* 19986: obj =   4.137766990e+00 inf =   2.093e-05 (6482) 6
* 20593: obj =   4.076698026e+00 inf =   2.115e-05 (6601) 5
* 21190: obj =   4.021125157e+00 inf =   1.859e-05 (6657) 6
* 21782: obj =   3.973475003e+00 inf =   2.267e-05 (6391) 6
* 22380: obj =   3.927012282e+00 inf =   2.077e-05 (6663) 5
* 22969: obj =   3.856525640e+00 inf =   2.246e-05 (6427) 6
* 23570: obj =   3.829898031e+00 inf =   2.245e-05 (6645) 6
* 24160: obj =   3.791921340e+00 inf =   2.636e-05 (6836) 6
* 24751: obj =   3.742182120e+00 inf =   3.223e-05 (6381) 5
* 25341: obj =   3.711859151e+00 inf =   3.473e-05 (6594) 6
* 25921: obj =   3.665859074e+00 inf =   3.770e-05 (6366) 6
* 26515: obj =   3.641937390e+00 inf =   4.219e-05 (6480) 5
* 27098: obj =   3.609150664e+00 inf =   4.396e-05 (6533) 6
* 27680: obj =   3.586625974e+00 inf =   5.076e-05 (6470) 6
* 28265: obj =   3.567029448e+00 inf =   5.225e-05 (6603) 5
* 28837: obj =   3.539947713e+00 inf =   5.277e-05 (6443) 6
* 29425: obj =   3.526753866e+00 inf =   5.334e-05 (6415) 5
* 30054: obj =   3.501259157e+00 inf =   6.765e-05 (6383) 6
* 30680: obj =   3.485045878e+00 inf =   7.551e-05 (6564) 7
* 31304: obj =   3.452811183e+00 inf =   8.059e-05 (6506) 6
* 31939: obj =   3.431507405e+00 inf =   8.639e-05 (6494) 6
* 32571: obj =   3.405318610e+00 inf =   9.468e-05 (6495) 6
* 33203: obj =   3.380548605e+00 inf =   1.011e-04 (6479) 6
* 33826: obj =   3.345787508e+00 inf =   1.145e-04 (6580) 6
* 34459: obj =   3.333073412e+00 inf =   1.207e-04 (6519) 6
* 35081: obj =   3.318126977e+00 inf =   1.207e-04 (6592) 6
* 35699: obj =   3.305868514e+00 inf =   1.269e-04 (6465) 6
* 36305: obj =   3.277604865e+00 inf =   1.292e-04 (6520) 6
* 36916: obj =   3.258108179e+00 inf =   1.279e-04 (6466) 6
* 37535: obj =   3.244588734e+00 inf =   1.310e-04 (6512) 6
* 38138: obj =   3.222496992e+00 inf =   1.395e-04 (6641) 6
* 38759: obj =   3.217770501e+00 inf =   1.479e-04 (6487) 6
* 39371: obj =   3.198730351e+00 inf =   1.633e-04 (6520) 6
* 39991: obj =   3.189182725e+00 inf =   1.706e-04 (6494) 6
* 40615: obj =   3.178763310e+00 inf =   1.768e-04 (6565) 6
* 41222: obj =   3.159857249e+00 inf =   1.942e-04 (6588) 6
* 41851: obj =   3.151360131e+00 inf =   1.993e-04 (6619) 6
* 42469: obj =   3.142488481e+00 inf =   1.966e-04 (6618) 6
* 43081: obj =   3.125909945e+00 inf =   2.144e-04 (6460) 6
* 43702: obj =   3.120242949e+00 inf =   2.292e-04 (6407) 7
* 44314: obj =   3.108192913e+00 inf =   2.440e-04 (6427) 6
* 44924: obj =   3.096108644e+00 inf =   2.534e-04 (6359) 6
* 45556: obj =   3.089278243e+00 inf =   2.631e-04 (6548) 6
* 46165: obj =   3.071249498e+00 inf =   2.737e-04 (6585) 6
* 46792: obj =   3.065995415e+00 inf =   2.843e-04 (6560) 6
* 47405: obj =   3.058847605e+00 inf =   2.944e-04 (6470) 6
* 48000: obj =   3.043043042e+00 inf =   3.171e-04 (6527) 6
* 48607: obj =   3.034523151e+00 inf =   3.198e-04 (6604) 6
* 49224: obj =   3.023696540e+00 inf =   3.436e-04 (6507) 6
* 49842: obj =   3.016388841e+00 inf =   3.562e-04 (6541) 6
* 50453: obj =   3.008049650e+00 inf =   3.637e-04 (6523) 6
* 51063: obj =   2.995177581e+00 inf =   3.769e-04 (6456) 6
* 51682: obj =   2.988671543e+00 inf =   3.899e-04 (6378) 6
* 52287: obj =   2.980097869e+00 inf =   4.035e-04 (6502) 6
* 52890: obj =   2.970681091e+00 inf =   4.068e-04 (6433) 6
* 53497: obj =   2.961306144e+00 inf =   4.371e-04 (6555) 6
* 54108: obj =   2.952353305e+00 inf =   4.482e-04 (6458) 6
* 54722: obj =   2.948547552e+00 inf =   4.504e-04 (6528) 6
* 55330: obj =   2.946060944e+00 inf =   4.675e-04 (6545) 6
* 55932: obj =   2.939270482e+00 inf =   4.797e-04 (6557) 6
* 56540: obj =   2.929825474e+00 inf =   4.920e-04 (6463) 6
* 57143: obj =   2.923236794e+00 inf =   5.218e-04 (6588) 5
* 57744: obj =   2.920060442e+00 inf =   5.303e-04 (6407) 6
* 58344: obj =   2.911528250e+00 inf =   5.628e-04 (6492) 6
* 58956: obj =   2.906826948e+00 inf =   5.614e-04 (6420) 6
* 59569: obj =   2.900956063e+00 inf =   5.737e-04 (6429) 6
* 60156: obj =   2.894647033e+00 inf =   5.907e-04 (6453) 6
* 60746: obj =   2.889388499e+00 inf =   6.308e-04 (6485) 6
* 61331: obj =   2.881397470e+00 inf =   6.480e-04 (6452) 6
* 61927: obj =   2.874288783e+00 inf =   6.392e-04 (6603) 5
* 62528: obj =   2.870047269e+00 inf =   6.570e-04 (6577) 6
* 63139: obj =   2.863250947e+00 inf =   6.862e-04 (6417) 6
* 63765: obj =   2.859825357e+00 inf =   7.277e-04 (6379) 6
* 64392: obj =   2.855643563e+00 inf =   7.239e-04 (6456) 7
* 65007: obj =   2.851962488e+00 inf =   7.408e-04 (6455) 6
* 65631: obj =   2.849350570e+00 inf =   7.696e-04 (6485) 6
* 66250: obj =   2.845871302e+00 inf =   7.961e-04 (6389) 6
* 66856: obj =   2.838860357e+00 inf =   8.095e-04 (6413) 6
* 67460: obj =   2.834406263e+00 inf =   8.168e-04 (6529) 6
* 68054: obj =   2.828220444e+00 inf =   8.386e-04 (6472) 6
* 68662: obj =   2.825828693e+00 inf =   8.506e-04 (6527) 6
* 69259: obj =   2.820078615e+00 inf =   8.718e-04 (6484) 5
* 69854: obj =   2.816597478e+00 inf =   8.657e-04 (6493) 6
* 70456: obj =   2.812911509e+00 inf =   8.652e-04 (6328) 6
* 71039: obj =   2.808277069e+00 inf =   8.653e-04 (6456) 6
* 71635: obj =   2.803048727e+00 inf =   8.758e-04 (6496) 6
* 72234: obj =   2.796357639e+00 inf =   8.668e-04 (6471) 6
* 72832: obj =   2.792812527e+00 inf =   8.736e-04 (6425) 6
* 73432: obj =   2.788854013e+00 inf =   8.878e-04 (6469) 6
* 74033: obj =   2.783535356e+00 inf =   9.093e-04 (6513) 5
* 74633: obj =   2.780643307e+00 inf =   9.442e-04 (6537) 6
* 75217: obj =   2.778042324e+00 inf =   9.322e-04 (6543) 6
* 75800: obj =   2.770268983e+00 inf =   9.403e-04 (6521) 6
* 76396: obj =   2.765207131e+00 inf =   9.713e-04 (6326) 6
* 76994: obj =   2.758297300e+00 inf =   9.880e-04 (6504) 6
* 77604: obj =   2.754343006e+00 inf =   1.019e-03 (6364) 6
* 78207: obj =   2.747945283e+00 inf =   1.029e-03 (6455) 6
* 78818: obj =   2.746006384e+00 inf =   1.019e-03 (6393) 6
* 79425: obj =   2.743345402e+00 inf =   1.057e-03 (6475) 6
* 80028: obj =   2.741824668e+00 inf =   1.058e-03 (6456) 5
* 80627: obj =   2.740519847e+00 inf =   1.079e-03 (6448) 6
* 81236: obj =   2.737046068e+00 inf =   1.111e-03 (6537) 6
* 81859: obj =   2.735151649e+00 inf =   1.131e-03 (6416) 6
* 82466: obj =   2.730168879e+00 inf =   1.156e-03 (6610) 6
* 83069: obj =   2.726868742e+00 inf =   1.195e-03 (6531) 6
* 83685: obj =   2.723241658e+00 inf =   1.160e-03 (6355) 6
* 84279: obj =   2.714574398e+00 inf =   1.165e-03 (6521) 6
* 84878: obj =   2.711634051e+00 inf =   1.186e-03 (6437) 6
* 85474: obj =   2.709932249e+00 inf =   1.199e-03 (6457) 6
* 86064: obj =   2.700672229e+00 inf =   1.226e-03 (6439) 6
* 86676: obj =   2.697964271e+00 inf =   1.276e-03 (6407) 6
* 87273: obj =   2.691802728e+00 inf =   1.296e-03 (6420) 6
* 87877: obj =   2.690278596e+00 inf =   1.337e-03 (6504) 6
* 88468: obj =   2.684059758e+00 inf =   1.327e-03 (6474) 6
* 89060: obj =   2.678941932e+00 inf =   1.296e-03 (6451) 5
* 89658: obj =   2.676399843e+00 inf =   1.335e-03 (6516) 6
* 90257: obj =   2.674328298e+00 inf =   1.343e-03 (6413) 6
* 90854: obj =   2.672954551e+00 inf =   1.367e-03 (6422) 6
* 91465: obj =   2.671612259e+00 inf =   1.366e-03 (6507) 6
* 92059: obj =   2.667262758e+00 inf =   1.393e-03 (6412) 6
* 92658: obj =   2.664092567e+00 inf =   1.379e-03 (6493) 6
* 93249: obj =   2.659586124e+00 inf =   1.370e-03 (6536) 6
* 93849: obj =   2.656527926e+00 inf =   1.385e-03 (6568) 6
* 94460: obj =   2.655033604e+00 inf =   1.380e-03 (6487) 6
* 95063: obj =   2.649805224e+00 inf =   1.399e-03 (6414) 5
* 95658: obj =   2.648327646e+00 inf =   1.397e-03 (6463) 6
* 96261: obj =   2.642872299e+00 inf =   1.426e-03 (6420) 6
* 96855: obj =   2.639521988e+00 inf =   1.419e-03 (6433) 6
* 97445: obj =   2.638401120e+00 inf =   1.410e-03 (6535) 6
* 98033: obj =   2.634667028e+00 inf =   1.428e-03 (6483) 6
* 98628: obj =   2.632120481e+00 inf =   1.477e-03 (6626) 6
* 99221: obj =   2.628411753e+00 inf =   1.480e-03 (6588) 6
* 99819: obj =   2.627408686e+00 inf =   1.473e-03 (6385) 5
*100414: obj =   2.626439174e+00 inf =   1.513e-03 (6636) 6
*101007: obj =   2.625700855e+00 inf =   1.515e-03 (6329) 6
*101609: obj =   2.623174468e+00 inf =   1.520e-03 (6467) 6
*102209: obj =   2.620984756e+00 inf =   1.534e-03 (6426) 6
*102812: obj =   2.620093032e+00 inf =   1.530e-03 (6460) 6
*103407: obj =   2.616182192e+00 inf =   1.533e-03 (6442) 6
*104005: obj =   2.614195481e+00 inf =   1.554e-03 (6417) 6
*104615: obj =   2.613617217e+00 inf =   1.548e-03 (6364) 6
*105216: obj =   2.612159893e+00 inf =   1.555e-03 (6468) 6
*105812: obj =   2.610745637e+00 inf =   1.562e-03 (6460) 6
*106421: obj =   2.609063636e+00 inf =   1.575e-03 (6452) 6
*107027: obj =   2.606069774e+00 inf =   1.599e-03 (6364) 5
*107627: obj =   2.605615357e+00 inf =   1.614e-03 (6432) 6
*108225: obj =   2.602393262e+00 inf =   1.614e-03 (6436) 6
*108829: obj =   2.598162712e+00 inf =   1.649e-03 (6453) 6
*109445: obj =   2.596253230e+00 inf =   1.681e-03 (6434) 6
*110061: obj =   2.594680365e+00 inf =   1.696e-03 (6397) 6
*110676: obj =   2.593042457e+00 inf =   1.686e-03 (6407) 6
*111285: obj =   2.590456275e+00 inf =   1.706e-03 (6625) 6
*111894: obj =   2.589412169e+00 inf =   1.719e-03 (6461) 7
*112502: obj =   2.586769301e+00 inf =   1.738e-03 (6545) 6
*113108: obj =   2.584859147e+00 inf =   1.707e-03 (6533) 6
*113716: obj =   2.584294596e+00 inf =   1.712e-03 (6343) 6
*114315: obj =   2.579924661e+00 inf =   1.710e-03 (6448) 5
*114908: obj =   2.578548528e+00 inf =   1.705e-03 (6428) 6
*115507: obj =   2.576301478e+00 inf =   1.703e-03 (6437) 6
*116103: obj =   2.573415486e+00 inf =   1.720e-03 (6397) 6
*116717: obj =   2.572502656e+00 inf =   1.741e-03 (6346) 6
*117314: obj =   2.569005032e+00 inf =   1.736e-03 (6391) 6
*117926: obj =   2.565030479e+00 inf =   1.721e-03 (6414) 6
*118532: obj =   2.562901542e+00 inf =   1.731e-03 (6531) 6
*119132: obj =   2.560822990e+00 inf =   1.728e-03 (6535) 6
*119751: obj =   2.559426896e+00 inf =   1.716e-03 (6408) 6
*120360: obj =   2.555998471e+00 inf =   1.726e-03 (6362) 6
*120965: obj =   2.552683431e+00 inf =   1.750e-03 (6503) 6
*121572: obj =   2.550422661e+00 inf =   1.749e-03 (6466) 6
*122178: obj =   2.548163193e+00 inf =   1.748e-03 (6430) 6
*122788: obj =   2.546869940e+00 inf =   1.721e-03 (6424) 6
*123390: obj =   2.543775053e+00 inf =   1.764e-03 (6451) 6
*123992: obj =   2.541165879e+00 inf =   1.770e-03 (6492) 6
*124602: obj =   2.539862338e+00 inf =   1.788e-03 (6518) 6
*125211: obj =   2.537598019e+00 inf =   1.778e-03 (6448) 6
*125819: obj =   2.533096053e+00 inf =   1.785e-03 (6549) 6
*126430: obj =   2.528643180e+00 inf =   1.788e-03 (6345) 6
*127043: obj =   2.526651678e+00 inf =   1.801e-03 (6294) 6
*127661: obj =   2.525650348e+00 inf =   1.850e-03 (6374) 6
*128263: obj =   2.522570575e+00 inf =   1.838e-03 (6464) 6
*128867: obj =   2.520829641e+00 inf =   1.835e-03 (6454) 6
*129480: obj =   2.519604272e+00 inf =   1.867e-03 (6519) 6
*130075: obj =   2.516653785e+00 inf =   1.869e-03 (6437) 6
*130683: obj =   2.515477724e+00 inf =   1.883e-03 (6493) 6
*131291: obj =   2.511755462e+00 inf =   1.887e-03 (6335) 6
*131902: obj =   2.508844835e+00 inf =   1.895e-03 (6378) 6
*132515: obj =   2.506443146e+00 inf =   1.889e-03 (6546) 6
*133118: obj =   2.501050135e+00 inf =   1.889e-03 (6503) 6
*133739: obj =   2.500285133e+00 inf =   1.901e-03 (6405) 6
*134349: obj =   2.499078889e+00 inf =   1.883e-03 (6466) 6
*134964: obj =   2.497234904e+00 inf =   1.896e-03 (6410) 6
*135576: obj =   2.495331554e+00 inf =   1.925e-03 (6456) 6
*136181: obj =   2.489554155e+00 inf =   1.925e-03 (6434) 6
*136797: obj =   2.487040705e+00 inf =   1.939e-03 (6282) 6
*137406: obj =   2.485204652e+00 inf =   2.014e-03 (6477) 6
*138014: obj =   2.483727896e+00 inf =   2.018e-03 (6394) 6
*138628: obj =   2.483338794e+00 inf =   2.030e-03 (6514) 6
*139238: obj =   2.480658932e+00 inf =   2.062e-03 (6499) 6
*139847: obj =   2.479077627e+00 inf =   2.080e-03 (6411) 6
*140461: obj =   2.476383327e+00 inf =   2.096e-03 (6419) 6
*141069: obj =   2.474082182e+00 inf =   2.113e-03 (6329) 6
*141686: obj =   2.472942646e+00 inf =   2.113e-03 (6527) 6
*142298: obj =   2.468543559e+00 inf =   2.117e-03 (6522) 6
*142910: obj =   2.465602507e+00 inf =   2.123e-03 (6377) 7
*143532: obj =   2.462322730e+00 inf =   2.114e-03 (6334) 6
*144142: obj =   2.457318923e+00 inf =   2.114e-03 (6302) 6
*144764: obj =   2.454647293e+00 inf =   2.112e-03 (6491) 6
*145378: obj =   2.453153438e+00 inf =   2.112e-03 (6473) 6
*145983: obj =   2.450765238e+00 inf =   2.122e-03 (6380) 6
*146599: obj =   2.449829232e+00 inf =   2.127e-03 (6536) 6
*147204: obj =   2.448620256e+00 inf =   2.104e-03 (6375) 6
*147816: obj =   2.447618184e+00 inf =   2.106e-03 (6479) 6
*148429: obj =   2.442649063e+00 inf =   2.125e-03 (6333) 6
*149048: obj =   2.441601332e+00 inf =   2.155e-03 (6417) 6
*149672: obj =   2.439170043e+00 inf =   2.161e-03 (6386) 6
*150292: obj =   2.436137060e+00 inf =   2.171e-03 (6504) 6
*150915: obj =   2.434395834e+00 inf =   2.184e-03 (6457) 6
*151536: obj =   2.432964694e+00 inf =   2.189e-03 (6356) 7
*152154: obj =   2.430889069e+00 inf =   2.209e-03 (6539) 6
*152776: obj =   2.428752005e+00 inf =   2.208e-03 (6371) 6
*153398: obj =   2.426666742e+00 inf =   2.223e-03 (6493) 6
*154017: obj =   2.426243390e+00 inf =   2.211e-03 (6474) 6
*154654: obj =   2.424642785e+00 inf =   2.210e-03 (6474) 6
*155273: obj =   2.421823262e+00 inf =   2.220e-03 (6640) 6
*155884: obj =   2.420745737e+00 inf =   2.243e-03 (6574) 7
*156499: obj =   2.418432909e+00 inf =   2.266e-03 (6450) 6
*157116: obj =   2.416705102e+00 inf =   2.249e-03 (6528) 6
*157722: obj =   2.413820316e+00 inf =   2.251e-03 (6388) 6
*158330: obj =   2.411825471e+00 inf =   2.311e-03 (6317) 6
*158950: obj =   2.409745956e+00 inf =   2.322e-03 (6516) 6
*159571: obj =   2.407636108e+00 inf =   2.337e-03 (6280) 6
*160183: obj =   2.406122962e+00 inf =   2.344e-03 (6450) 6
*160803: obj =   2.405019931e+00 inf =   2.324e-03 (6442) 6
*161414: obj =   2.402650396e+00 inf =   2.315e-03 (6459) 6
*162028: obj =   2.401538653e+00 inf =   2.305e-03 (6329) 6
*162634: obj =   2.400380212e+00 inf =   2.280e-03 (6188) 6
*163231: obj =   2.398653812e+00 inf =   2.298e-03 (6397) 6
*163832: obj =   2.396345112e+00 inf =   2.269e-03 (6496) 6
*164442: obj =   2.394840990e+00 inf =   2.259e-03 (6476) 6
*165049: obj =   2.393192448e+00 inf =   2.278e-03 (6433) 6
*165664: obj =   2.391929806e+00 inf =   2.289e-03 (6278) 6
*166280: obj =   2.390370853e+00 inf =   2.349e-03 (6518) 6
*166895: obj =   2.389562835e+00 inf =   2.345e-03 (6453) 6
*167515: obj =   2.388236072e+00 inf =   2.358e-03 (6375) 6
*168134: obj =   2.386069341e+00 inf =   2.397e-03 (6394) 6
*168752: obj =   2.384777713e+00 inf =   2.382e-03 (6384) 7
*169383: obj =   2.383822416e+00 inf =   2.363e-03 (6279) 6
*170001: obj =   2.383236719e+00 inf =   2.349e-03 (6351) 6
*170624: obj =   2.381885634e+00 inf =   2.402e-03 (6504) 6
*171243: obj =   2.380730143e+00 inf =   2.423e-03 (6420) 6
*171860: obj =   2.379718387e+00 inf =   2.433e-03 (6592) 6
*172475: obj =   2.377525004e+00 inf =   2.437e-03 (6552) 6
*173084: obj =   2.375226240e+00 inf =   2.415e-03 (6345) 6
*173703: obj =   2.374053929e+00 inf =   2.421e-03 (6195) 6
*174317: obj =   2.371026000e+00 inf =   2.456e-03 (6349) 7
*174938: obj =   2.366988656e+00 inf =   2.496e-03 (6585) 6
*175566: obj =   2.363427812e+00 inf =   2.495e-03 (6316) 6
*176181: obj =   2.359759744e+00 inf =   2.530e-03 (6676) 6
*176809: obj =   2.356956507e+00 inf =   2.537e-03 (6536) 6
*177429: obj =   2.353208443e+00 inf =   2.554e-03 (6471) 6
*178046: obj =   2.346112983e+00 inf =   2.545e-03 (6395) 6
*178667: obj =   2.345206279e+00 inf =   2.545e-03 (6411) 7
*179291: obj =   2.344134637e+00 inf =   2.543e-03 (6403) 6
*179914: obj =   2.342749889e+00 inf =   2.590e-03 (6407) 6
*180540: obj =   2.341307690e+00 inf =   2.593e-03 (6403) 6
*181162: obj =   2.339048870e+00 inf =   2.602e-03 (6360) 6
*181792: obj =   2.337538847e+00 inf =   2.609e-03 (6568) 6
*182409: obj =   2.334799261e+00 inf =   2.624e-03 (6455) 6
*183027: obj =   2.332827988e+00 inf =   2.624e-03 (6456) 7
*183654: obj =   2.332050270e+00 inf =   2.616e-03 (6475) 6
*184280: obj =   2.329143377e+00 inf =   2.646e-03 (6357) 6
*184915: obj =   2.327239937e+00 inf =   2.634e-03 (6396) 6
*185551: obj =   2.326614011e+00 inf =   2.614e-03 (6473) 7
*186182: obj =   2.324882268e+00 inf =   2.592e-03 (6607) 6
*186813: obj =   2.323592700e+00 inf =   2.573e-03 (6584) 6
*187450: obj =   2.320871366e+00 inf =   2.584e-03 (6326) 6
*188079: obj =   2.318726382e+00 inf =   2.602e-03 (6457) 6
*188707: obj =   2.315266125e+00 inf =   2.622e-03 (6322) 7
*189336: obj =   2.312846006e+00 inf =   2.655e-03 (6446) 6
*189954: obj =   2.309242482e+00 inf =   2.701e-03 (6443) 6
*190580: obj =   2.306866259e+00 inf =   2.729e-03 (6315) 6
*191196: obj =   2.305643435e+00 inf =   2.721e-03 (6373) 6
*191827: obj =   2.304360004e+00 inf =   2.709e-03 (6166) 7
*192453: obj =   2.302493182e+00 inf =   2.720e-03 (6371) 6
*193076: obj =   2.296664732e+00 inf =   2.753e-03 (6640) 6
*193711: obj =   2.293380020e+00 inf =   2.750e-03 (6483) 6
*194340: obj =   2.292168854e+00 inf =   2.714e-03 (6430) 6
*194966: obj =   2.290432786e+00 inf =   2.742e-03 (6445) 6
*195589: obj =   2.287917695e+00 inf =   2.774e-03 (6335) 7
*196213: obj =   2.286308373e+00 inf =   2.808e-03 (6777) 6
*196849: obj =   2.285087172e+00 inf =   2.808e-03 (6578) 6
*197475: obj =   2.281366268e+00 inf =   2.780e-03 (6735) 6
*198100: obj =   2.280946602e+00 inf =   2.789e-03 (6644) 7
*198742: obj =   2.279593704e+00 inf =   2.797e-03 (6494) 6
*199374: obj =   2.277961463e+00 inf =   2.792e-03 (6452) 6
*200005: obj =   2.276881028e+00 inf =   2.809e-03 (6593) 6
*200630: obj =   2.274785623e+00 inf =   2.827e-03 (6644) 7
*201250: obj =   2.273336049e+00 inf =   2.845e-03 (6348) 6
*201888: obj =   2.270930804e+00 inf =   2.866e-03 (6322) 6
*202523: obj =   2.270139357e+00 inf =   2.902e-03 (6584) 6
*203149: obj =   2.269189491e+00 inf =   2.897e-03 (6283) 6
*203788: obj =   2.268969396e+00 inf =   2.939e-03 (6275) 7
*204421: obj =   2.268085920e+00 inf =   2.952e-03 (6660) 6
*205049: obj =   2.266825977e+00 inf =   2.947e-03 (6526) 6
*205681: obj =   2.266445661e+00 inf =   2.946e-03 (6529) 6
*206299: obj =   2.265029061e+00 inf =   2.923e-03 (6525) 7
*206933: obj =   2.262343160e+00 inf =   2.914e-03 (6688) 6
*207569: obj =   2.260081451e+00 inf =   2.912e-03 (6474) 6
*208205: obj =   2.256051278e+00 inf =   2.921e-03 (6423) 6
*208846: obj =   2.253867918e+00 inf =   2.923e-03 (6265) 7
*209487: obj =   2.252984193e+00 inf =   2.912e-03 (6711) 6
*210122: obj =   2.248834669e+00 inf =   2.915e-03 (6482) 6
*210758: obj =   2.248060482e+00 inf =   2.937e-03 (6311) 7
*211395: obj =   2.247420182e+00 inf =   2.947e-03 (6559) 6
*212030: obj =   2.246071345e+00 inf =   2.937e-03 (6427) 6
*212663: obj =   2.245063231e+00 inf =   2.922e-03 (6345) 7
*213306: obj =   2.242265813e+00 inf =   2.898e-03 (6561) 6
*213941: obj =   2.237997732e+00 inf =   2.892e-03 (6333) 6
*214574: obj =   2.237437963e+00 inf =   2.940e-03 (6799) 6
*215198: obj =   2.236598712e+00 inf =   2.936e-03 (6548) 7
*215835: obj =   2.236151718e+00 inf =   2.941e-03 (6623) 6
*216473: obj =   2.235617163e+00 inf =   2.932e-03 (6368) 6
*217108: obj =   2.235567993e+00 inf =   2.910e-03 (6658) 6
*217742: obj =   2.235154037e+00 inf =   2.896e-03 (6366) 7
*218385: obj =   2.232072728e+00 inf =   2.918e-03 (6417) 6
*219020: obj =   2.230800097e+00 inf =   2.899e-03 (6309) 6
*219658: obj =   2.227902653e+00 inf =   2.921e-03 (6315) 7
*220292: obj =   2.225491592e+00 inf =   2.950e-03 (6771) 6
*220930: obj =   2.225074457e+00 inf =   2.951e-03 (6493) 6
*221562: obj =   2.221850842e+00 inf =   2.984e-03 (6343) 7
*222191: obj =   2.221347955e+00 inf =   2.953e-03 (6508) 6
*222833: obj =   2.219737830e+00 inf =   2.985e-03 (6350) 6
*223483: obj =   2.219710723e+00 inf =   2.970e-03 (6399) 7
*224132: obj =   2.215339949e+00 inf =   3.011e-03 (6165) 6
*224776: obj =   2.214705565e+00 inf =   3.052e-03 (6389) 6
*225408: obj =   2.214074623e+00 inf =   3.071e-03 (6442) 7
*226052: obj =   2.213836549e+00 inf =   3.080e-03 (6366) 6
*226701: obj =   2.213641071e+00 inf =   3.124e-03 (6628) 6
*227335: obj =   2.211355270e+00 inf =   3.105e-03 (6339) 7
*227979: obj =   2.204925424e+00 inf =   3.137e-03 (6429) 6
*228624: obj =   2.203635238e+00 inf =   3.154e-03 (6678) 6
*229262: obj =   2.203361222e+00 inf =   3.158e-03 (6476) 7
*229920: obj =   2.202643643e+00 inf =   3.215e-03 (6390) 6
*230563: obj =   2.199666300e+00 inf =   3.238e-03 (6225) 6
*231206: obj =   2.199529147e+00 inf =   3.240e-03 (6490) 7
*231861: obj =   2.193417955e+00 inf =   3.244e-03 (6666) 6
*232514: obj =   2.192331528e+00 inf =   3.244e-03 (6491) 7
*233174: obj =   2.190528690e+00 inf =   3.242e-03 (6642) 6
*233815: obj =   2.187447358e+00 inf =   3.264e-03 (6227) 7
*234469: obj =   2.183332436e+00 inf =   3.248e-03 (6686) 6
*235122: obj =   2.183116265e+00 inf =   3.254e-03 (6539) 7
*235785: obj =   2.182640632e+00 inf =   3.272e-03 (6298) 6
*236437: obj =   2.182120404e+00 inf =   3.290e-03 (6367) 7
*237099: obj =   2.181787252e+00 inf =   3.269e-03 (6408) 6
*237754: obj =   2.180934969e+00 inf =   3.302e-03 (6323) 7
*238420: obj =   2.173790079e+00 inf =   3.317e-03 (6218) 6
*239068: obj =   2.171510495e+00 inf =   3.306e-03 (6344) 6
*239721: obj =   2.169119172e+00 inf =   3.265e-03 (6361) 7
*240372: obj =   2.162454856e+00 inf =   3.277e-03 (6588) 6
*241003: obj =   2.161940459e+00 inf =   3.276e-03 (6507) 7
*241668: obj =   2.161187782e+00 inf =   3.282e-03 (6350) 6
*242320: obj =   2.160045296e+00 inf =   3.290e-03 (6530) 7
*242982: obj =   2.156818197e+00 inf =   3.234e-03 (6233) 6
*243625: obj =   2.152468677e+00 inf =   3.212e-03 (6437) 7
*244266: obj =   2.152239986e+00 inf =   3.167e-03 (6392) 6
*244915: obj =   2.151705863e+00 inf =   3.169e-03 (6522) 6
*245562: obj =   2.151255937e+00 inf =   3.222e-03 (6567) 7
*246220: obj =   2.150954438e+00 inf =   3.246e-03 (6390) 6
*246869: obj =   2.150448462e+00 inf =   3.305e-03 (6558) 7
*247527: obj =   2.149192344e+00 inf =   3.303e-03 (6421) 6
*248178: obj =   2.142113065e+00 inf =   3.323e-03 (6477) 7
*248844: obj =   2.141704994e+00 inf =   3.388e-03 (6793) 6
*249502: obj =   2.141471611e+00 inf =   3.502e-03 (6457) 7
*250149: obj =   2.140032500e+00 inf =   3.493e-03 (6317) 6
*250799: obj =   2.131842396e+00 inf =   3.435e-03 (6127) 6
*251444: obj =   2.131314306e+00 inf =   3.431e-03 (6573) 7
*252101: obj =   2.131095265e+00 inf =   3.413e-03 (6467) 6
*252752: obj =   2.130617919e+00 inf =   3.396e-03 (6456) 7
*253401: obj =   2.128935556e+00 inf =   3.413e-03 (6388) 6
*254051: obj =   2.125311542e+00 inf =   3.410e-03 (6620) 7
*254694: obj =   2.124364692e+00 inf =   3.372e-03 (6323) 6
*255338: obj =   2.123669660e+00 inf =   3.337e-03 (6325) 6
*255980: obj =   2.123167548e+00 inf =   3.345e-03 (6634) 7
*256632: obj =   2.122949078e+00 inf =   3.360e-03 (6568) 6
*257285: obj =   2.122529119e+00 inf =   3.421e-03 (6808) 6
*257933: obj =   2.122230679e+00 inf =   3.454e-03 (6345) 7
*258585: obj =   2.121993382e+00 inf =   3.440e-03 (6405) 6
*259224: obj =   2.121312824e+00 inf =   3.435e-03 (6612) 7
*259894: obj =   2.120819007e+00 inf =   3.462e-03 (6413) 6
*260549: obj =   2.118387672e+00 inf =   3.472e-03 (6260) 7
*261204: obj =   2.111765314e+00 inf =   3.468e-03 (6243) 6
*261863: obj =   2.111405492e+00 inf =   3.489e-03 (6474) 7
*262531: obj =   2.110798113e+00 inf =   3.499e-03 (6428) 6
*263183: obj =   2.105357990e+00 inf =   3.470e-03 (6450) 7
*263856: obj =   2.104211550e+00 inf =   3.460e-03 (6377) 6
*264495: obj =   2.104087501e+00 inf =   3.920e-03 (6132) 7
*265147: obj =   2.102494205e+00 inf =   4.217e-03 (6242) 6
*265789: obj =   2.101719827e+00 inf =   4.578e-03 (6463) 7
*266449: obj =   2.101323673e+00 inf =   4.773e-03 (6537) 6
*267092: obj =   2.095900561e+00 inf =   4.881e-03 (6372) 6
*267728: obj =   2.092981446e+00 inf =   5.325e-03 (6179) 7
*268366: obj =   2.092811121e+00 inf =   6.020e-03 (6242) 6
*269028: obj =   2.092784013e+00 inf =   6.157e-03 (6408) 7
*269680: obj =   2.092693910e+00 inf =   6.473e-03 (6432) 6
*270321: obj =   2.092649012e+00 inf =   7.304e-03 (6392) 6
*270953: obj =   2.092542387e+00 inf =   7.385e-03 (6506) 7
*271587: obj =   2.092461891e+00 inf =   7.448e-03 (6504) 6
*272228: obj =   2.092151600e+00 inf =   7.379e-03 (6476) 6
*272866: obj =   2.092040764e+00 inf =   7.485e-03 (6380) 6
*273492: obj =   2.091978234e+00 inf =   7.711e-03 (6616) 7
*274129: obj =   2.091915792e+00 inf =   7.894e-03 (6598) 6
*274762: obj =   2.091874668e+00 inf =   8.312e-03 (6156) 6
*275383: obj =   2.091825866e+00 inf =   8.586e-03 (6342) 6
*276006: obj =   2.091791634e+00 inf =   8.529e-03 (6388) 7
*276638: obj =   2.091738332e+00 inf =   9.200e-03 (6370) 6
*277259: obj =   2.091700160e+00 inf =   9.431e-03 (6347) 6
*277891: obj =   2.091646718e+00 inf =   9.474e-03 (6270) 6
*278535: obj =   2.091382783e+00 inf =   9.283e-03 (6131) 7
*279171: obj =   2.091338069e+00 inf =   9.586e-03 (6308) 6
*279812: obj =   2.091101969e+00 inf =   9.974e-03 (6232) 6
*280451: obj =   2.091062819e+00 inf =   1.043e-02 (6287) 6
*281080: obj =   2.091015088e+00 inf =   1.057e-02 (6183) 7
*281714: obj =   2.090943157e+00 inf =   1.050e-02 (6306) 6
*282348: obj =   2.090861255e+00 inf =   1.019e-02 (6532) 6
*282985: obj =   2.090766200e+00 inf =   1.007e-02 (6459) 7
*283625: obj =   2.090488878e+00 inf =   9.972e-03 (6561) 6
*284267: obj =   2.089032316e+00 inf =   9.906e-03 (6361) 6
*284907: obj =   2.087638339e+00 inf =   9.860e-03 (6420) 7
*285547: obj =   2.085666256e+00 inf =   9.769e-03 (6540) 6
*286199: obj =   2.085324782e+00 inf =   9.567e-03 (6741) 6
*286846: obj =   2.083871171e+00 inf =   9.485e-03 (6667) 7
*287506: obj =   2.083844253e+00 inf =   9.497e-03 (6682) 6
*288147: obj =   2.083548897e+00 inf =   9.388e-03 (6703) 7
*288809: obj =   2.083530419e+00 inf =   9.260e-03 (6676) 6
*289462: obj =   2.083192532e+00 inf =   9.178e-03 (6701) 7
*290111: obj =   2.083029789e+00 inf =   9.039e-03 (6673) 6
*290760: obj =   2.082897492e+00 inf =   8.866e-03 (6337) 6
*291396: obj =   2.082870881e+00 inf =   8.773e-03 (6382) 7
*292047: obj =   2.082807394e+00 inf =   8.788e-03 (6562) 6
*292697: obj =   2.082516275e+00 inf =   8.932e-03 (6538) 6
*293329: obj =   2.082380536e+00 inf =   8.972e-03 (6409) 7
*293967: obj =   2.082347189e+00 inf =   9.176e-03 (6673) 6
*294598: obj =   2.082257324e+00 inf =   9.260e-03 (6797) 6
*295231: obj =   2.082226032e+00 inf =   9.214e-03 (6752) 7
*295872: obj =   2.082166911e+00 inf =   9.463e-03 (6797) 6
*296504: obj =   2.081983903e+00 inf =   9.672e-03 (6651) 6
*297133: obj =   2.081269995e+00 inf =   9.935e-03 (6705) 6
*297753: obj =   2.080772566e+00 inf =   9.900e-03 (6475) 6
*298371: obj =   2.080407831e+00 inf =   9.773e-03 (6700) 7
*299003: obj =   2.079815955e+00 inf =   9.803e-03 (6813) 6
*299632: obj =   2.079693497e+00 inf =   1.009e-02 (6784) 6
*300251: obj =   2.079618099e+00 inf =   1.045e-02 (6487) 6
*300874: obj =   2.079581182e+00 inf =   1.084e-02 (6751) 6
*301508: obj =   2.079518875e+00 inf =   1.120e-02 (6531) 7
*302154: obj =   2.079123256e+00 inf =   1.102e-02 (6566) 6
*302792: obj =   2.079088359e+00 inf =   1.096e-02 (6490) 6
*303429: obj =   2.078985032e+00 inf =   1.114e-02 (6512) 7
*304079: obj =   2.078941952e+00 inf =   1.109e-02 (6159) 6
*304739: obj =   2.078903191e+00 inf =   1.120e-02 (6184) 6
*305375: obj =   2.078863010e+00 inf =   1.101e-02 (6198) 7
*306024: obj =   2.078806761e+00 inf =   1.079e-02 (6251) 6
*306664: obj =   2.076447607e+00 inf =   1.066e-02 (6305) 7
*307342: obj =   2.075611285e+00 inf =   1.040e-02 (6654) 6
*307996: obj =   2.075408050e+00 inf =   1.015e-02 (6444) 7
*308659: obj =   2.074854534e+00 inf =   9.967e-03 (6619) 6
*309308: obj =   2.074090756e+00 inf =   9.738e-03 (6560) 7
*309963: obj =   2.073859896e+00 inf =   9.399e-03 (6540) 6
*310607: obj =   2.073667664e+00 inf =   9.093e-03 (6520) 7
*311255: obj =   2.073522038e+00 inf =   8.997e-03 (6404) 6
*311899: obj =   2.073452018e+00 inf =   8.892e-03 (6271) 6
*312528: obj =   2.073427004e+00 inf =   8.817e-03 (6714) 7
*313172: obj =   2.073399891e+00 inf =   8.856e-03 (6625) 6
*313818: obj =   2.073314549e+00 inf =   8.737e-03 (6583) 6
*314447: obj =   2.073181444e+00 inf =   8.595e-03 (6302) 7
*315087: obj =   2.073142229e+00 inf =   8.862e-03 (6350) 6
*315729: obj =   2.072958838e+00 inf =   8.748e-03 (6024) 6
*316366: obj =   2.072886383e+00 inf =   8.889e-03 (6214) 6
*316998: obj =   2.072774550e+00 inf =   9.065e-03 (6326) 7
*317641: obj =   2.072594394e+00 inf =   9.178e-03 (6526) 6
*318281: obj =   2.071188599e+00 inf =   9.459e-03 (6205) 6
*318924: obj =   2.069072794e+00 inf =   9.486e-03 (6291) 7
*319574: obj =   2.069059839e+00 inf =   9.602e-03 (6246) 6
*320210: obj =   2.067330319e+00 inf =   9.571e-03 (6723) 7
*320858: obj =   2.067285610e+00 inf =   9.239e-03 (6862) 6
*321511: obj =   2.067207749e+00 inf =   9.024e-03 (6806) 6
*322157: obj =   2.066498987e+00 inf =   8.908e-03 (6354) 7
*322814: obj =   2.064669313e+00 inf =   8.863e-03 (6469) 6
*323464: obj =   2.063839066e+00 inf =   8.772e-03 (6292) 7
*324115: obj =   2.063482028e+00 inf =   8.705e-03 (5836) 6
*324752: obj =   2.058555503e+00 inf =   8.607e-03 (3973) 7
*325389: obj =   2.057837275e+00 inf =   8.774e-03 (6199) 6
*326031: obj =   2.057092462e+00 inf =   8.660e-03 (6447) 6
*326666: obj =   2.055138583e+00 inf =   8.772e-03 (5853) 6
*327302: obj =   2.054866120e+00 inf =   8.982e-03 (6180) 7
*327937: obj =   2.054836955e+00 inf =   9.315e-03 (6235) 6
*328586: obj =   2.054335847e+00 inf =   9.137e-03 (6735) 6
*329226: obj =   2.054259624e+00 inf =   9.646e-03 (6579) 7
*329871: obj =   2.054233205e+00 inf =   9.976e-03 (4971) 6
*330509: obj =   2.054186493e+00 inf =   1.001e-02 (5792) 6
*331152: obj =   2.054067137e+00 inf =   9.914e-03 (3868) 7
*331800: obj =   2.054052699e+00 inf =   1.022e-02 (4285) 6
*332433: obj =   2.053927286e+00 inf =   1.065e-02 (5991) 7
*333077: obj =   2.053879796e+00 inf =   1.082e-02 (6062) 6
*333727: obj =   2.053533700e+00 inf =   1.118e-02 (6170) 6
*334358: obj =   2.052547041e+00 inf =   1.140e-02 (6058) 7
*334993: obj =   2.050327233e+00 inf =   1.164e-02 (6441) 6
*335632: obj =   2.049823636e+00 inf =   1.165e-02 (6424) 6
*336272: obj =   2.044668200e+00 inf =   1.156e-02 (4044) 6
*336906: obj =   2.042034427e+00 inf =   1.162e-02 (4181) 7
*337542: obj =   2.036710820e+00 inf =   1.157e-02 (5976) 6
*338159: obj =   2.036074898e+00 inf =   1.166e-02 (5918) 6
*338773: obj =   2.036033587e+00 inf =   1.179e-02 (5496) 6
*339382: obj =   2.036012234e+00 inf =   1.232e-02 (5792) 6
*340002: obj =   2.035960619e+00 inf =   1.234e-02 (4807) 6
*340621: obj =   2.035901349e+00 inf =   1.252e-02 (3390) 6
*341234: obj =   2.035885304e+00 inf =   1.305e-02 (4763) 7
*341840: obj =   2.035871987e+00 inf =   1.325e-02 (4196) 6
*342447: obj =   2.035805460e+00 inf =   1.397e-02 (4543) 6
*343058: obj =   2.035784638e+00 inf =   1.423e-02 (4024) 6
*343664: obj =   2.035718671e+00 inf =   1.405e-02 (4651) 6
*344266: obj =   2.035706624e+00 inf =   1.472e-02 (4348) 6
*344877: obj =   2.035578145e+00 inf =   1.460e-02 (3476) 6
*345487: obj =   2.035557114e+00 inf =   1.462e-02 (3783) 6
*346085: obj =   2.018031235e+00 inf =   1.454e-02 (3533) 6
*346682: obj =   2.018013774e+00 inf =   1.566e-02 (3638) 5
*347276: obj =   2.017716632e+00 inf =   1.546e-02 (3635) 6
*347863: obj =   2.017698541e+00 inf =   1.534e-02 (4301) 6
*348440: obj =   2.000015230e+00 inf =   1.542e-02 (3657) 6
*349027: obj =   2.000003919e+00 inf =   1.578e-02 (4109) 6
*349588: obj =   1.999999649e+00 inf =   1.678e-02 (4609) 5
*350110: obj =   1.999997298e+00 inf =   1.844e-02 (5146) 5
*350618: obj =   1.999995868e+00 inf =   1.959e-02 (5120) 5
*351131: obj =   1.999994865e+00 inf =   2.007e-02 (5278) 5
*351635: obj =   1.999993673e+00 inf =   2.091e-02 (5201) 5
*352136: obj =   1.999992761e+00 inf =   2.177e-02 (5194) 5
*352641: obj =   1.999992179e+00 inf =   2.251e-02 (5130) 5
*353129: obj =   1.999991691e+00 inf =   2.296e-02 (4980) 5
*353626: obj =   1.999991061e+00 inf =   2.385e-02 (5147) 5
*354132: obj =   1.999990549e+00 inf =   2.427e-02 (5203) 5
*354634: obj =   1.999990114e+00 inf =   2.475e-02 (5209) 5
*355130: obj =   1.999989822e+00 inf =   2.500e-02 (4911) 5
*355619: obj =   1.999989523e+00 inf =   2.548e-02 (4658) 5
*356115: obj =   1.999989244e+00 inf =   2.586e-02 (3950) 5
*356609: obj =   1.999989059e+00 inf =   2.607e-02 (4434) 5
*357102: obj =   1.999988828e+00 inf =   2.634e-02 (3518) 5
*357599: obj =   1.999988662e+00 inf =   2.677e-02 (3576) 5
*358104: obj =   1.999988521e+00 inf =   2.680e-02 (3441) 5
*358603: obj =   1.999988395e+00 inf =   2.681e-02 (3645) 4
*359094: obj =   1.999988305e+00 inf =   2.676e-02 (2519) 5
*359585: obj =   1.999988243e+00 inf =   2.686e-02 (1794) 5
*360079: obj =   1.999988192e+00 inf =   2.690e-02 (1165) 5
*360572: obj =   1.999988171e+00 inf =   2.669e-02 (1882) 5
*361066: obj =   1.999988159e+00 inf =   2.641e-02 (486) 5
Removing LP perturbation [361342]...
*361342: obj =   2.000000000e+00 inf =   1.466e-12 (0) 3
OPTIMAL LP SOLUTION FOUND
Integer optimization begins...
Long-step dual simplex will be used
+361342: mip =     not found yet >=              -inf        (1; 0)
+361342: mip =     not found yet >=   2.000000000e+00        (2; 0)
Time used: 69.2 secs.  Memory used: 169.7 Mb.
+361343: mip =     not found yet >=   2.000000000e+00        (3; 0)
Time used: 138.1 secs.  Memory used: 169.7 Mb.
+361344: mip =     not found yet >=   2.000000000e+00        (4; 0)
+361345: mip =     not found yet >=   2.000000000e+00        (5; 0)
Time used: 255.0 secs.  Memory used: 169.7 Mb.
+361346: mip =     not found yet >=   2.000000000e+00        (6; 0)
+361347: mip =     not found yet >=   2.000000000e+00        (7; 0)
Time used: 371.0 secs.  Memory used: 169.7 Mb.
+361348: mip =     not found yet >=   2.000000000e+00        (8; 0)
+361349: mip =     not found yet >=   2.000000000e+00        (9; 0)
Time used: 484.8 secs.  Memory used: 169.7 Mb.
+361350: mip =     not found yet >=   2.000000000e+00        (10; 0)
+361351: mip =     not found yet >=   2.000000000e+00        (11; 0)
Time used: 596.6 secs.  Memory used: 170.0 Mb.
+361352: mip =     not found yet >=   2.000000000e+00        (12; 0)
+361353: mip =     not found yet >=   2.000000000e+00        (13; 0)
Time used: 706.8 secs.  Memory used: 170.0 Mb.
+361354: mip =     not found yet >=   2.000000000e+00        (14; 0)
+361355: mip =     not found yet >=   2.000000000e+00        (15; 0)
Time used: 814.9 secs.  Memory used: 170.0 Mb.
+361356: mip =     not found yet >=   2.000000000e+00        (16; 0)
+361357: mip =     not found yet >=   2.000000000e+00        (17; 0)
Time used: 920.8 secs.  Memory used: 170.0 Mb.
+361358: mip =     not found yet >=   2.000000000e+00        (18; 0)
+361359: mip =     not found yet >=   2.000000000e+00        (19; 0)
Time used: 1024.5 secs.  Memory used: 170.0 Mb.
+361360: mip =     not found yet >=   2.000000000e+00        (20; 0)
+361361: mip =     not found yet >=   2.000000000e+00        (21; 0)
Time used: 1125.9 secs.  Memory used: 170.0 Mb.
+361362: mip =     not found yet >=   2.000000000e+00        (22; 0)
+361363: mip =     not found yet >=   2.000000000e+00        (23; 0)
Time used: 1224.7 secs.  Memory used: 170.0 Mb.
+361364: mip =     not found yet >=   2.000000000e+00        (24; 0)
+361365: mip =     not found yet >=   2.000000000e+00        (25; 0)
Time used: 1321.8 secs.  Memory used: 170.0 Mb.
+361366: mip =     not found yet >=   2.000000000e+00        (26; 0)
+361367: mip =     not found yet >=   2.000000000e+00        (27; 0)
Time used: 1416.7 secs.  Memory used: 170.0 Mb.
+361368: mip =     not found yet >=   2.000000000e+00        (28; 0)
+361369: mip =     not found yet >=   2.000000000e+00        (29; 0)
Time used: 1509.5 secs.  Memory used: 170.0 Mb.
+361370: mip =     not found yet >=   2.000000000e+00        (30; 0)
+361371: mip =     not found yet >=   2.000000000e+00        (31; 0)
Time used: 1600.4 secs.  Memory used: 170.0 Mb.
+361372: mip =     not found yet >=   2.000000000e+00        (32; 0)
+361373: mip =     not found yet >=   2.000000000e+00        (33; 0)
Time used: 1689.1 secs.  Memory used: 170.0 Mb.
+361374: mip =     not found yet >=   2.000000000e+00        (34; 0)
+361375: mip =     not found yet >=   2.000000000e+00        (35; 0)
Time used: 1775.4 secs.  Memory used: 170.0 Mb.
+361376: mip =     not found yet >=   2.000000000e+00        (36; 0)
+361377: mip =     not found yet >=   2.000148564e+00        (37; 0)
Time used: 1860.6 secs.  Memory used: 170.0 Mb.
#362564: obj =   2.024650871e+00 inf =   0.000e+00 (16380) 11 34%
#363118: obj =   2.030948024e+00 inf =   0.000e+00 (18690) 6 46%
#363693: obj =   2.036278374e+00 inf =   0.000e+00 (17476) 5 48%
#364254: obj =   2.043932982e+00 inf =   0.000e+00 (17195) 6 45%
#364808: obj =   2.050384816e+00 inf =   0.000e+00 (20026) 5 45%
#365341: obj =   2.058685984e+00 inf =   0.000e+00 (18527) 6 45%
#365884: obj =   2.065060478e+00 inf =   0.000e+00 (19872) 5 54%
#366434: obj =   2.074447206e+00 inf =   0.000e+00 (23026) 5 48%
#366974: obj =   2.083174636e+00 inf =   0.000e+00 (22243) 6 57%
#367505: obj =   2.092281511e+00 inf =   0.000e+00 (23579) 5 48%
#368024: obj =   2.100613955e+00 inf =   0.000e+00 (24320) 5 42%
#368535: obj =   2.108810688e+00 inf =   0.000e+00 (20180) 5 52%
#369047: obj =   2.117361865e+00 inf =   0.000e+00 (28005) 5 47%
#369561: obj =   2.124728887e+00 inf =   0.000e+00 (20264) 5 54%
#370085: obj =   2.130317869e+00 inf =   0.000e+00 (20865) 6 47%
#370595: obj =   2.135889578e+00 inf =   0.000e+00 (30833) 5 55%
#371115: obj =   2.138378413e+00 inf =   0.000e+00 (26018) 5 62%
#371616: obj =   2.143619379e+00 inf =   0.000e+00 (23865) 5 54%
#372112: obj =   2.147901430e+00 inf =   0.000e+00 (21234) 5 53%
#372620: obj =   2.151505058e+00 inf =   0.000e+00 (24895) 5 60%
#373156: obj =   2.158335932e+00 inf =   0.000e+00 (23139) 5 64%
#373672: obj =   2.164795784e+00 inf =   0.000e+00 (29633) 5 72%
#374181: obj =   2.171774600e+00 inf =   0.000e+00 (29312) 5 66%
#374684: obj =   2.177456876e+00 inf =   0.000e+00 (30077) 5 69%
#375189: obj =   2.183450178e+00 inf =   0.000e+00 (20068) 5 64%
#375690: obj =   2.189978522e+00 inf =   0.000e+00 (25161) 5 70%
#376210: obj =   2.194820049e+00 inf =   0.000e+00 (27077) 5 66%
#376708: obj =   2.197062382e+00 inf =   0.000e+00 (27322) 5 78%
#377196: obj =   2.200012799e+00 inf =   0.000e+00 (29988) 5 70%
#377687: obj =   2.202812199e+00 inf =   0.000e+00 (25442) 4 72%
#378173: obj =   2.204827540e+00 inf =   0.000e+00 (30335) 5 70%
#378659: obj =   2.206366159e+00 inf =   0.000e+00 (23010) 5 79%
#379142: obj =   2.208042072e+00 inf =   0.000e+00 (23240) 5 75%
#379629: obj =   2.210312914e+00 inf =   0.000e+00 (24885) 5 74%
#380116: obj =   2.213134283e+00 inf =   0.000e+00 (29513) 4 70%
#380599: obj =   2.215853958e+00 inf =   0.000e+00 (31347) 5 71%
#381083: obj =   2.217962878e+00 inf =   0.000e+00 (22776) 5 75%
#381580: obj =   2.220148090e+00 inf =   0.000e+00 (24013) 5 82%
#382059: obj =   2.222232480e+00 inf =   0.000e+00 (22959) 5 75%
#382547: obj =   2.225674015e+00 inf =   0.000e+00 (20072) 4 72%
#383045: obj =   2.227687001e+00 inf =   0.000e+00 (28004) 5 76%
#383527: obj =   2.230621725e+00 inf =   0.000e+00 (20494) 5 73%
#384032: obj =   2.232032669e+00 inf =   0.000e+00 (24983) 5 75%
#384519: obj =   2.234458966e+00 inf =   0.000e+00 (24653) 5 78%
#385001: obj =   2.237403732e+00 inf =   0.000e+00 (20229) 5 80%
#385500: obj =   2.240315341e+00 inf =   0.000e+00 (24741) 5 71%
#385986: obj =   2.243392146e+00 inf =   0.000e+00 (20623) 4 77%
#386462: obj =   2.246797445e+00 inf =   0.000e+00 (22970) 5 81%
#386950: obj =   2.249150679e+00 inf =   0.000e+00 (18955) 5 81%
#387427: obj =   2.251386845e+00 inf =   0.000e+00 (24836) 5 84%
#387911: obj =   2.253744344e+00 inf =   0.000e+00 (18232) 4 81%
#388401: obj =   2.255677193e+00 inf =   0.000e+00 (18625) 5 78%
#388887: obj =   2.257202817e+00 inf =   0.000e+00 (20303) 5 88%
#389373: obj =   2.258569348e+00 inf =   0.000e+00 (18840) 5 82%
#389867: obj =   2.260814588e+00 inf =   0.000e+00 (24970) 5 84%
#390333: obj =   2.263660953e+00 inf =   0.000e+00 (24570) 4 74%
#390792: obj =   2.266713500e+00 inf =   0.000e+00 (18779) 5 83%
#391273: obj =   2.268983214e+00 inf =   0.000e+00 (20364) 5 88%
#391732: obj =   2.270473366e+00 inf =   0.000e+00 (19800) 4 85%
#392206: obj =   2.271691488e+00 inf =   0.000e+00 (19965) 5 85%
#392661: obj =   2.272951654e+00 inf =   0.000e+00 (23046) 4 86%
#393130: obj =   2.273814723e+00 inf =   0.000e+00 (17748) 5 88%
#393599: obj =   2.275328801e+00 inf =   0.000e+00 (20770) 4 81%
#394063: obj =   2.276354148e+00 inf =   0.000e+00 (20781) 5 88%
#394525: obj =   2.277365490e+00 inf =   0.000e+00 (21097) 5 88%
#395007: obj =   2.279012732e+00 inf =   0.000e+00 (23985) 4 82%
#395461: obj =   2.280019869e+00 inf =   0.000e+00 (24691) 5 85%
#395920: obj =   2.280781922e+00 inf =   0.000e+00 (18289) 4 87%
#396368: obj =   2.281762042e+00 inf =   0.000e+00 (19954) 5 88%
#396826: obj =   2.282790725e+00 inf =   0.000e+00 (19026) 4 89%
#397268: obj =   2.283765771e+00 inf =   0.000e+00 (18358) 5 91%
#397731: obj =   2.285347334e+00 inf =   0.000e+00 (18259) 4 91%
#398183: obj =   2.287492369e+00 inf =   0.000e+00 (23522) 5 92%
#398646: obj =   2.288631355e+00 inf =   0.000e+00 (21956) 4 94%
#399102: obj =   2.289436070e+00 inf =   0.000e+00 (26652) 5 93%
#399567: obj =   2.290485859e+00 inf =   0.000e+00 (24816) 4 92%
#400036: obj =   2.291842792e+00 inf =   0.000e+00 (25334) 5 91%
#400504: obj =   2.292996720e+00 inf =   0.000e+00 (24652) 5 94%
#400980: obj =   2.294203483e+00 inf =   0.000e+00 (19973) 4 92%
#401455: obj =   2.294839278e+00 inf =   0.000e+00 (22069) 5 95%
#401927: obj =   2.299122314e+00 inf =   0.000e+00 (28502) 5 82%
#402396: obj =   2.303139009e+00 inf =   0.000e+00 (20298) 4 91%
#402869: obj =   2.303969318e+00 inf =   0.000e+00 (21188) 5 97%
#403335: obj =   2.306357812e+00 inf =   0.000e+00 (22995) 5 94%
#403788: obj =   2.307651194e+00 inf =   0.000e+00 (21697) 4 95%
#404198: obj =   2.307684417e+00 inf =   0.000e+00 (29945) 4 100%
#404609: obj =   2.307692185e+00 inf =   0.000e+00 (25880) 4 100%
#405023: obj =   2.307692676e+00 inf =   0.000e+00 (24754) 4 100%
#405441: obj =   2.307693052e+00 inf =   0.000e+00 (23491) 4 100%
#405861: obj =   2.307693276e+00 inf =   0.000e+00 (25277) 5 100%
#406279: obj =   2.307693721e+00 inf =   0.000e+00 (23028) 4 100%
#406704: obj =   2.307694155e+00 inf =   0.000e+00 (24102) 4 100%
#407124: obj =   2.307695409e+00 inf =   0.000e+00 (24603) 4 100%
#407545: obj =   2.307698176e+00 inf =   0.000e+00 (25724) 4 100%
#407962: obj =   2.307701714e+00 inf =   0.000e+00 (25019) 4 100%
#408380: obj =   2.307704446e+00 inf =   0.000e+00 (25945) 4 100%
#408797: obj =   2.307707817e+00 inf =   0.000e+00 (25489) 5 100%
#409217: obj =   2.307711474e+00 inf =   0.000e+00 (28064) 4 100%
#409653: obj =   2.307716166e+00 inf =   0.000e+00 (23747) 4 100%
#410087: obj =   2.329966563e+00 inf =   0.000e+00 (31250) 4 99%
#410515: obj =   2.329975987e+00 inf =   0.000e+00 (31294) 5 99%
#410940: obj =   2.330377904e+00 inf =   0.000e+00 (25687) 4 100%
#411386: obj =   2.332964255e+00 inf =   0.000e+00 (27870) 4 99%
#411855: obj =   2.333819556e+00 inf =   0.000e+00 (23035) 5 99%
#412291: obj =   2.333821720e+00 inf =   0.000e+00 (23815) 4 100%
#412729: obj =   2.333828559e+00 inf =   0.000e+00 (26066) 4 100%
#413156: obj =   2.333841179e+00 inf =   0.000e+00 (23347) 5 99%
#413597: obj =   2.333851774e+00 inf =   0.000e+00 (27265) 4 100%
#414039: obj =   2.334320580e+00 inf =   0.000e+00 (29473) 4 99%
#414475: obj =   2.334331317e+00 inf =   0.000e+00 (30757) 5 100%
#414916: obj =   2.334357306e+00 inf =   0.000e+00 (30798) 4 100%
#415362: obj =   2.334379045e+00 inf =   0.000e+00 (31443) 5 100%
#415802: obj =   2.334394559e+00 inf =   0.000e+00 (32472) 4 100%
#416239: obj =   2.334434891e+00 inf =   0.000e+00 (32510) 4 100%
#416677: obj =   2.334488848e+00 inf =   0.000e+00 (33557) 5 100%
#417116: obj =   2.334571581e+00 inf =   0.000e+00 (33276) 4 100%
#417556: obj =   2.334653505e+00 inf =   0.000e+00 (33974) 4 100%
#417986: obj =   2.334701093e+00 inf =   0.000e+00 (33697) 5 100%
#418434: obj =   2.334770986e+00 inf =   0.000e+00 (31946) 4 99%
#418918: obj =   2.334818122e+00 inf =   0.000e+00 (26528) 5 100%
#419384: obj =   2.334837776e+00 inf =   0.000e+00 (29946) 4 100%
#419830: obj =   2.334856809e+00 inf =   0.000e+00 (31345) 5 100%
#420324: obj =   2.334897791e+00 inf =   0.000e+00 (27636) 5 100%
#420806: obj =   2.334940685e+00 inf =   0.000e+00 (24421) 4 100%
#421284: obj =   2.334967390e+00 inf =   0.000e+00 (26179) 5 99%
#421756: obj =   2.334995098e+00 inf =   0.000e+00 (27468) 4 100%
#422222: obj =   2.335058289e+00 inf =   0.000e+00 (26598) 5 100%
#422637: obj =   2.338493909e+00 inf =   0.000e+00 (29987) 4 49%
#423110: obj =   2.339920945e+00 inf =   0.000e+00 (22339) 4 60%
#423567: obj =   2.340478548e+00 inf =   0.000e+00 (21908) 5 80%
#424024: obj =   2.340742803e+00 inf =   0.000e+00 (21427) 4 90%
#424477: obj =   2.341013369e+00 inf =   0.000e+00 (21344) 5 96%
#424936: obj =   2.341380911e+00 inf =   0.000e+00 (30708) 4 89%
#425400: obj =   2.341900628e+00 inf =   0.000e+00 (23075) 5 66%
#425862: obj =   2.342205898e+00 inf =   0.000e+00 (28774) 4 68%
#426298: obj =   2.342949780e+00 inf =   0.000e+00 (33447) 5 91%
#426742: obj =   2.343439487e+00 inf =   0.000e+00 (32084) 4 95%
#427186: obj =   2.344919515e+00 inf =   0.000e+00 (29059) 5 84%
#427631: obj =   2.345184670e+00 inf =   0.000e+00 (28653) 4 88%
#428074: obj =   2.345248013e+00 inf =   0.000e+00 (29357) 4 98%
#428504: obj =   2.345299018e+00 inf =   0.000e+00 (21397) 5 98%
#428942: obj =   2.345695867e+00 inf =   0.000e+00 (22974) 4 94%
#429362: obj =   2.346070670e+00 inf =   0.000e+00 (29051) 4 95%
#429797: obj =   2.346113893e+00 inf =   0.000e+00 (21092) 4 100%
#430234: obj =   2.346153863e+00 inf =   0.000e+00 (27553) 4 97%
#430659: obj =   2.346314108e+00 inf =   0.000e+00 (27412) 5 99%
#431088: obj =   2.346319542e+00 inf =   0.000e+00 (25627) 4 100%
#431520: obj =   2.346323758e+00 inf =   0.000e+00 (25588) 4 100%
#431943: obj =   2.346327256e+00 inf =   0.000e+00 (24343) 4 100%
#432369: obj =   2.346331017e+00 inf =   0.000e+00 (27567) 4 100%
#432787: obj =   2.346334144e+00 inf =   0.000e+00 (24856) 5 100%
#433211: obj =   2.346336288e+00 inf =   0.000e+00 (25349) 4 100%
#433641: obj =   2.346338232e+00 inf =   0.000e+00 (27139) 4 100%
#434065: obj =   2.346339855e+00 inf =   0.000e+00 (27970) 4 99%
#434481: obj =   2.346531581e+00 inf =   0.000e+00 (25787) 4 100%
#434896: obj =   2.346532640e+00 inf =   0.000e+00 (25539) 5 100%
#435307: obj =   2.346533511e+00 inf =   0.000e+00 (24327) 4 100%
#435720: obj =   2.346534543e+00 inf =   0.000e+00 (24220) 4 100%
#436144: obj =   2.346536262e+00 inf =   0.000e+00 (25295) 4 100%
#436567: obj =   2.346843295e+00 inf =   0.000e+00 (27732) 4 99%
#436986: obj =   2.346931324e+00 inf =   0.000e+00 (24606) 4 99%
#437417: obj =   2.348824829e+00 inf =   0.000e+00 (30755) 4 99%
#437827: obj =   2.349162737e+00 inf =   0.000e+00 (32206) 5 99%
#438267: obj =   2.349903693e+00 inf =   0.000e+00 (25465) 4 99%
#438684: obj =   2.362359263e+00 inf =   0.000e+00 (25441) 4 98%
#439108: obj =   2.363639097e+00 inf =   0.000e+00 (26235) 4 99%
#439524: obj =   2.363639698e+00 inf =   0.000e+00 (25619) 4 100%
#439952: obj =   2.363640355e+00 inf =   0.000e+00 (25387) 4 100%
#440371: obj =   2.363641505e+00 inf =   0.000e+00 (24515) 5 100%
#440797: obj =   2.499801989e+00 inf =   0.000e+00 (33342) 4 99%
#441205: obj =   2.499981979e+00 inf =   0.000e+00 (33096) 4 99%
#441616: obj =   2.500003623e+00 inf =   0.000e+00 (31022) 4 100%
#442027: obj =   2.500005188e+00 inf =   0.000e+00 (31432) 4 100%
#442436: obj =   2.500006590e+00 inf =   0.000e+00 (31114) 4 100%
#442844: obj =   2.500007354e+00 inf =   0.000e+00 (30116) 4 100%
#443253: obj =   2.500008230e+00 inf =   0.000e+00 (30114) 4 100%
#443658: obj =   2.500008808e+00 inf =   0.000e+00 (30392) 4 100%
#444059: obj =   2.500009182e+00 inf =   0.000e+00 (30153) 4 100%
#444460: obj =   2.500009868e+00 inf =   0.000e+00 (28573) 4 100%
#444859: obj =   2.500010649e+00 inf =   0.000e+00 (28566) 4 100%
#445256: obj =   2.500001540e+00 inf =   0.000e+00 (32438) 4 100%
#445659: obj =   2.500010808e+00 inf =   0.000e+00 (27792) 4 100%
#446069: obj =   2.500011402e+00 inf =   0.000e+00 (29486) 4 100%
#446480: obj =   2.500010802e+00 inf =   0.000e+00 (31532) 4 100%
#446890: obj =   2.500011961e+00 inf =   0.000e+00 (32349) 4 100%
#447286: obj =   2.500011017e+00 inf =   0.000e+00 (32894) 4 100%
#447684: obj =   2.500012239e+00 inf =   0.000e+00 (30955) 4 100%
#448084: obj =   2.500012649e+00 inf =   0.000e+00 (31951) 4 100%
#448482: obj =   2.500013768e+00 inf =   0.000e+00 (28917) 4 100%
#448881: obj =   2.500013914e+00 inf =   0.000e+00 (24595) 4 100%
#449283: obj =   2.500012946e+00 inf =   0.000e+00 (31171) 4 100%
#449681: obj =   2.500012735e+00 inf =   0.000e+00 (28639) 4 100%
#450081: obj =   2.500011853e+00 inf =   0.000e+00 (31018) 4 100%
#450479: obj =   2.500011961e+00 inf =   0.000e+00 (31504) 4 100%
#450879: obj =   2.500012397e+00 inf =   0.000e+00 (28844) 4 100%
#451282: obj =   2.500013067e+00 inf =   0.000e+00 (27127) 4 100%
#451684: obj =   2.500013494e+00 inf =   0.000e+00 (25845) 4 100%
#452080: obj =   2.500009595e+00 inf =   0.000e+00 (30615) 4 100%
#452478: obj =   2.500011665e+00 inf =   0.000e+00 (25296) 3 100%
#452874: obj =   2.500012269e+00 inf =   0.000e+00 (25341) 4 100%
#453275: obj =   2.500010812e+00 inf =   0.000e+00 (26742) 4 100%
#453676: obj =   2.500010229e+00 inf =   0.000e+00 (27876) 4 99%
#454076: obj =   2.500010867e+00 inf =   0.000e+00 (27154) 4 100%
#454477: obj =   2.500009936e+00 inf =   0.000e+00 (26553) 4 100%
#454872: obj =   2.500010812e+00 inf =   0.000e+00 (27142) 4 100%
#455269: obj =   2.500011418e+00 inf =   0.000e+00 (26032) 4 100%
#455666: obj =   2.500012053e+00 inf =   0.000e+00 (27739) 4 100%
#456062: obj =   2.500008708e+00 inf =   0.000e+00 (29564) 4 100%
#456458: obj =   2.500010944e+00 inf =   0.000e+00 (25206) 4 100%
#456853: obj =   2.500011749e+00 inf =   0.000e+00 (26225) 4 100%
#457247: obj =   2.500012236e+00 inf =   0.000e+00 (26537) 4 100%
#457642: obj =   2.500011315e+00 inf =   0.000e+00 (25066) 4 100%
#458036: obj =   2.500011935e+00 inf =   0.000e+00 (25088) 4 100%
#458435: obj =   2.500012464e+00 inf =   0.000e+00 (23745) 3 100%
#458832: obj =   2.500010826e+00 inf =   0.000e+00 (25446) 4 100%
#459223: obj =   2.500011427e+00 inf =   0.000e+00 (26676) 4 100%
#459616: obj =   2.500012069e+00 inf =   0.000e+00 (26966) 4 100%
#460008: obj =   2.500012438e+00 inf =   0.000e+00 (23222) 4 100%
#460400: obj =   2.500012650e+00 inf =   0.000e+00 (23718) 4 100%
#460792: obj =   2.500012965e+00 inf =   0.000e+00 (23940) 4 100%
#461188: obj =   2.500011574e+00 inf =   0.000e+00 (23964) 4 99%
#461580: obj =   2.500012275e+00 inf =   0.000e+00 (23261) 4 100%
#461975: obj =   2.500012659e+00 inf =   0.000e+00 (24504) 4 100%
#462374: obj =   2.500013094e+00 inf =   0.000e+00 (25141) 3 100%
#462767: obj =   2.500013442e+00 inf =   0.000e+00 (22723) 4 100%
#463161: obj =   2.500013760e+00 inf =   0.000e+00 (24343) 4 100%
#463552: obj =   2.500014098e+00 inf =   0.000e+00 (23128) 4 100%
#463944: obj =   2.500014338e+00 inf =   0.000e+00 (22346) 4 100%
#464334: obj =   2.500014583e+00 inf =   0.000e+00 (24264) 4 100%
#464728: obj =   2.500014735e+00 inf =   0.000e+00 (35280) 4 100%
#465116: obj =   2.500015387e+00 inf =   0.000e+00 (38217) 4 100%
#465519: obj =   2.500016411e+00 inf =   0.000e+00 (26608) 4 100%
#465912: obj =   2.500017376e+00 inf =   0.000e+00 (29580) 3 100%
#466313: obj =   2.500018648e+00 inf =   0.000e+00 (26771) 4 100%
#466716: obj =   2.500020575e+00 inf =   0.000e+00 (26390) 4 100%
#467124: obj =   2.500019229e+00 inf =   0.000e+00 (24975) 4 100%
#467538: obj =   2.500024147e+00 inf =   0.000e+00 (23536) 5 99%
#467949: obj =   2.500024756e+00 inf =   0.000e+00 (23749) 4 100%
#468365: obj =   2.500025456e+00 inf =   0.000e+00 (24694) 4 100%
#468778: obj =   2.500026225e+00 inf =   0.000e+00 (24533) 4 100%
#469196: obj =   2.500026524e+00 inf =   0.000e+00 (25899) 4 100%
#469612: obj =   2.500027264e+00 inf =   0.000e+00 (24403) 4 99%
#470022: obj =   2.500025496e+00 inf =   0.000e+00 (30105) 4 100%
#470441: obj =   2.500025046e+00 inf =   0.000e+00 (27063) 4 100%
#470862: obj =   2.500026109e+00 inf =   0.000e+00 (26200) 4 100%
#471281: obj =   2.500026399e+00 inf =   0.000e+00 (26953) 5 100%
#471696: obj =   2.500026101e+00 inf =   0.000e+00 (26354) 4 100%
#472115: obj =   2.500027282e+00 inf =   0.000e+00 (28117) 4 100%
#472538: obj =   2.500027824e+00 inf =   0.000e+00 (24443) 4 100%
#472958: obj =   2.500028491e+00 inf =   0.000e+00 (23770) 4 100%
#473383: obj =   2.500028876e+00 inf =   0.000e+00 (24143) 4 99%
#473807: obj =   2.500028911e+00 inf =   0.000e+00 (22610) 4 100%
#474233: obj =   2.500029268e+00 inf =   0.000e+00 (22972) 5 100%
#474670: obj =   2.500029235e+00 inf =   0.000e+00 (22106) 4 100%
#475104: obj =   2.500027466e+00 inf =   0.000e+00 (23606) 4 100%
#475545: obj =   2.500029871e+00 inf =   0.000e+00 (22719) 5 100%
#475991: obj =   2.500030389e+00 inf =   0.000e+00 (23520) 4 100%
#476428: obj =   2.500031047e+00 inf =   0.000e+00 (24465) 4 100%
#476852: obj =   2.500030760e+00 inf =   0.000e+00 (23107) 5 100%
#477285: obj =   2.500032034e+00 inf =   0.000e+00 (21455) 4 100%
#477722: obj =   2.500032210e+00 inf =   0.000e+00 (23065) 4 100%
#478160: obj =   2.500032361e+00 inf =   0.000e+00 (22937) 4 100%
#478599: obj =   2.500032017e+00 inf =   0.000e+00 (21809) 5 99%
#479044: obj =   2.500032513e+00 inf =   0.000e+00 (21404) 4 100%
#479489: obj =   2.500032100e+00 inf =   0.000e+00 (20882) 5 100%
#479950: obj =   2.500033193e+00 inf =   0.000e+00 (23393) 4 100%
#480399: obj =   2.500033740e+00 inf =   0.000e+00 (23426) 5 100%
#480846: obj =   2.500034179e+00 inf =   0.000e+00 (20854) 4 100%
#481305: obj =   2.500034388e+00 inf =   0.000e+00 (21570) 4 100%
#481772: obj =   2.500034808e+00 inf =   0.000e+00 (18724) 5 100%
#482247: obj =   2.500035352e+00 inf =   0.000e+00 (19840) 5 100%
#482712: obj =   2.500035303e+00 inf =   0.000e+00 (20560) 4 100%
#483180: obj =   2.500036027e+00 inf =   0.000e+00 (18877) 5 100%
#483650: obj =   2.500036751e+00 inf =   0.000e+00 (19133) 5 100%
#484119: obj =   2.500036066e+00 inf =   0.000e+00 (20001) 4 100%
#484570: obj =   2.500037181e+00 inf =   0.000e+00 (18368) 5 100%
#485027: obj =   2.500037716e+00 inf =   0.000e+00 (19372) 4 100%
#485501: obj =   2.500038078e+00 inf =   0.000e+00 (16727) 5 100%
#485954: obj =   2.500038511e+00 inf =   0.000e+00 (17582) 4 100%
#486392: obj =   2.500039078e+00 inf =   0.000e+00 (25713) 5 100%
#486836: obj =   2.500039702e+00 inf =   0.000e+00 (27147) 4 100%
#487277: obj =   2.500039940e+00 inf =   0.000e+00 (28483) 4 100%
#487717: obj =   2.500040571e+00 inf =   0.000e+00 (28018) 5 100%
#488155: obj =   2.500040988e+00 inf =   0.000e+00 (28802) 4 100%
#488614: obj =   2.500041172e+00 inf =   0.000e+00 (27489) 4 100%
#489058: obj =   2.500041821e+00 inf =   0.000e+00 (19327) 5 100%
#489514: obj =   2.500042666e+00 inf =   0.000e+00 (25943) 4 100%
#489958: obj =   2.500042777e+00 inf =   0.000e+00 (27199) 5 100%
#490404: obj =   2.500043230e+00 inf =   0.000e+00 (27655) 4 100%
#490856: obj =   2.500043209e+00 inf =   0.000e+00 (17512) 4 100%
#491302: obj =   2.500043377e+00 inf =   0.000e+00 (27413) 5 100%
#491757: obj =   2.500043478e+00 inf =   0.000e+00 (18513) 4 100%
#492201: obj =   2.500043857e+00 inf =   0.000e+00 (27202) 5 100%
#492638: obj =   2.500044244e+00 inf =   0.000e+00 (27274) 4 100%
#493084: obj =   2.500044544e+00 inf =   0.000e+00 (25976) 4 100%
#493522: obj =   2.500045158e+00 inf =   0.000e+00 (26593) 5 100%
#493968: obj =   2.500045257e+00 inf =   0.000e+00 (29264) 4 100%
#494407: obj =   2.500045637e+00 inf =   0.000e+00 (28687) 4 100%
#494854: obj =   2.500045785e+00 inf =   0.000e+00 (17260) 5 100%
#495300: obj =   2.500045784e+00 inf =   0.000e+00 (26374) 4 100%
#495752: obj =   2.500046000e+00 inf =   0.000e+00 (26866) 5 100%
#496204: obj =   2.500046515e+00 inf =   0.000e+00 (17864) 4 100%
#496663: obj =   2.500046735e+00 inf =   0.000e+00 (17864) 4 100%
#497117: obj =   2.500046725e+00 inf =   0.000e+00 (28785) 5 100%
#497555: obj =   2.500046922e+00 inf =   0.000e+00 (27856) 4 100%
#498008: obj =   2.500047156e+00 inf =   0.000e+00 (27806) 5 100%
#498454: obj =   2.500047451e+00 inf =   0.000e+00 (28162) 4 100%
#498894: obj =   2.500047358e+00 inf =   0.000e+00 (16850) 4 100%
#499334: obj =   2.500048018e+00 inf =   0.000e+00 (15789) 5 100%
#499797: obj =   2.500047778e+00 inf =   0.000e+00 (15574) 4 100%
#500253: obj =   2.500047770e+00 inf =   0.000e+00 (27335) 5 100%
#500701: obj =   2.500048258e+00 inf =   0.000e+00 (24853) 4 100%
#501153: obj =   2.500048809e+00 inf =   0.000e+00 (26892) 5 100%
#501622: obj =   2.500049151e+00 inf =   0.000e+00 (25630) 4 100%
#502065: obj =   2.500049416e+00 inf =   0.000e+00 (14687) 5 100%
#502534: obj =   2.500049767e+00 inf =   0.000e+00 (13351) 4 100%
#502994: obj =   2.500050063e+00 inf =   0.000e+00 (26486) 5 100%
#503437: obj =   2.500050514e+00 inf =   0.000e+00 (25054) 4 100%
#503883: obj =   2.500050814e+00 inf =   0.000e+00 (13511) 5 100%
#504345: obj =   2.500051323e+00 inf =   0.000e+00 (11418) 4 100%
#504843: obj =   2.500051478e+00 inf =   0.000e+00 (13705) 5 100%
#505304: obj =   2.500051817e+00 inf =   0.000e+00 (12513) 5 100%
#505792: obj =   2.500052203e+00 inf =   0.000e+00 (26938) 4 100%
#506267: obj =   2.500052517e+00 inf =   0.000e+00 (13432) 5 100%
#506784: obj =   2.500052714e+00 inf =   0.000e+00 (12267) 5 100%
#507255: obj =   2.500053191e+00 inf =   0.000e+00 (12121) 5 100%
#507744: obj =   2.500053404e+00 inf =   0.000e+00 (10489) 5 100%
#508233: obj =   2.500053686e+00 inf =   0.000e+00 (14045) 5 100%
#508735: obj =   2.500053959e+00 inf =   0.000e+00 (12103) 4 100%
#509218: obj =   2.500054334e+00 inf =   0.000e+00 (25932) 5 100%
#509671: obj =   2.500054633e+00 inf =   0.000e+00 (23622) 5 100%
#510139: obj =   2.500055026e+00 inf =   0.000e+00 (24946) 4 100%
#510595: obj =   2.500055278e+00 inf =   0.000e+00 (7573) 5 100%
#511076: obj =   2.500055562e+00 inf =   0.000e+00 (24856) 4 100%
#511528: obj =   2.500056001e+00 inf =   0.000e+00 (24767) 5 100%
#511999: obj =   2.500056256e+00 inf =   0.000e+00 (24626) 5 100%
#512444: obj =   2.500056610e+00 inf =   0.000e+00 (23432) 4 100%
#512648: obj =   2.500000000e+00 inf =   1.666e-12 (0) 2 100%
+512648: mip =     not found yet >=   2.000148564e+00        (38; 0)
Time used: 3557.8 secs.  Memory used: 170.3 Mb.
#513602: obj =   3.000000447e+00 inf =   0.000e+00 (25435) 9 79%
#514062: obj =   3.000000587e+00 inf =   0.000e+00 (38967) 4 100%
#514514: obj =   3.000000769e+00 inf =   0.000e+00 (26900) 5 100%
#514960: obj =   3.000001152e+00 inf =   0.000e+00 (29718) 4 100%
#515401: obj =   3.000001205e+00 inf =   0.000e+00 (39216) 5 100%
#515856: obj =   3.000001862e+00 inf =   0.000e+00 (29201) 4 100%
#516293: obj =   3.000002290e+00 inf =   0.000e+00 (31191) 5 100%
#516736: obj =   3.000002681e+00 inf =   0.000e+00 (30158) 4 100%
#517181: obj =   3.000002433e+00 inf =   0.000e+00 (40258) 4 100%
#517618: obj =   3.000003035e+00 inf =   0.000e+00 (29646) 5 100%
#518056: obj =   3.000003464e+00 inf =   0.000e+00 (29981) 4 100%
#518506: obj =   3.000003962e+00 inf =   0.000e+00 (39622) 4 100%
#518952: obj =   3.000003856e+00 inf =   0.000e+00 (30973) 5 100%
#519399: obj =   3.000004727e+00 inf =   0.000e+00 (28221) 4 100%
#519845: obj =   3.000001945e+00 inf =   0.000e+00 (33432) 5 100%
#520289: obj =   3.000005281e+00 inf =   0.000e+00 (28571) 4 100%
#520738: obj =   3.000006146e+00 inf =   0.000e+00 (28094) 5 100%
#521192: obj =   3.000006482e+00 inf =   0.000e+00 (27282) 4 100%
#521640: obj =   3.000007000e+00 inf =   0.000e+00 (27581) 5 100%
#522099: obj =   3.000007530e+00 inf =   0.000e+00 (29036) 4 100%
#522549: obj =   3.000007976e+00 inf =   0.000e+00 (27174) 5 100%
#523002: obj =   3.000008341e+00 inf =   0.000e+00 (29201) 4 100%
#523455: obj =   3.000008949e+00 inf =   0.000e+00 (27386) 4 100%
#523901: obj =   3.000009357e+00 inf =   0.000e+00 (28020) 5 100%
#524351: obj =   3.000009716e+00 inf =   0.000e+00 (30050) 4 100%
#524802: obj =   3.000010301e+00 inf =   0.000e+00 (29925) 5 100%
#525254: obj =   3.000010490e+00 inf =   0.000e+00 (26807) 4 100%
#525699: obj =   3.000011155e+00 inf =   0.000e+00 (24931) 5 100%
#526153: obj =   3.000011364e+00 inf =   0.000e+00 (27910) 4 100%
#526599: obj =   3.000011646e+00 inf =   0.000e+00 (26312) 5 100%
#527050: obj =   3.000012002e+00 inf =   0.000e+00 (27200) 4 100%
#527497: obj =   3.000012467e+00 inf =   0.000e+00 (27446) 4 100%
#527941: obj =   3.000012458e+00 inf =   0.000e+00 (30924) 5 100%
#528389: obj =   3.000013184e+00 inf =   0.000e+00 (25678) 4 100%
#528830: obj =   3.000013171e+00 inf =   0.000e+00 (26477) 5 100%
#529270: obj =   3.000013488e+00 inf =   0.000e+00 (26906) 4 100%
#529714: obj =   2.999987305e+00 inf =   0.000e+00 (31218) 4 100%
#530154: obj =   2.999995668e+00 inf =   0.000e+00 (34441) 5 100%
#530607: obj =   3.000012979e+00 inf =   0.000e+00 (24660) 4 100%
#531048: obj =   3.000013407e+00 inf =   0.000e+00 (26454) 5 100%
#531489: obj =   3.000013299e+00 inf =   0.000e+00 (36946) 4 100%
#531931: obj =   3.000013963e+00 inf =   0.000e+00 (28755) 4 100%
#532367: obj =   3.000014228e+00 inf =   0.000e+00 (23590) 5 100%
#532805: obj =   3.000014458e+00 inf =   0.000e+00 (29112) 4 100%
#533244: obj =   3.000014217e+00 inf =   0.000e+00 (27500) 4 100%
#533684: obj =   3.000003665e+00 inf =   0.000e+00 (37937) 5 100%
#534129: obj =   3.000006649e+00 inf =   0.000e+00 (27347) 4 100%
#534572: obj =   3.000007985e+00 inf =   0.000e+00 (29091) 4 100%
#535011: obj =   3.000009150e+00 inf =   0.000e+00 (26083) 5 100%
#535458: obj =   3.000010827e+00 inf =   0.000e+00 (27297) 4 100%
#535900: obj =   3.000011770e+00 inf =   0.000e+00 (27678) 4 100%
#536335: obj =   3.000013395e+00 inf =   0.000e+00 (25927) 5 100%
#536767: obj =   3.000014547e+00 inf =   0.000e+00 (30503) 4 100%
#537205: obj =   3.000015476e+00 inf =   0.000e+00 (26310) 4 100%
#537634: obj =   3.000016046e+00 inf =   0.000e+00 (27685) 5 100%
#538067: obj =   3.000017076e+00 inf =   0.000e+00 (27180) 4 100%
#538501: obj =   3.000018078e+00 inf =   0.000e+00 (29060) 4 100%
#538931: obj =   3.000018879e+00 inf =   0.000e+00 (25045) 4 100%
#539353: obj =   3.000019832e+00 inf =   0.000e+00 (26036) 5 100%
#539784: obj =   3.000020478e+00 inf =   0.000e+00 (24656) 4 100%
#540213: obj =   3.000020243e+00 inf =   0.000e+00 (29930) 4 100%
#540641: obj =   3.000020918e+00 inf =   0.000e+00 (28715) 4 100%
#541065: obj =   3.000020726e+00 inf =   0.000e+00 (30149) 5 100%
#541493: obj =   3.000021292e+00 inf =   0.000e+00 (29102) 4 100%
#541924: obj =   3.000021327e+00 inf =   0.000e+00 (27121) 4 100%
#542354: obj =   3.000021762e+00 inf =   0.000e+00 (25960) 4 100%
#542783: obj =   3.000021655e+00 inf =   0.000e+00 (27474) 5 100%
#543213: obj =   3.000022745e+00 inf =   0.000e+00 (25992) 4 100%
#543639: obj =   3.000023133e+00 inf =   0.000e+00 (27078) 4 100%
#544068: obj =   3.000023850e+00 inf =   0.000e+00 (25571) 4 100%
#544496: obj =   3.000024102e+00 inf =   0.000e+00 (36420) 5 100%
#544927: obj =   3.000024724e+00 inf =   0.000e+00 (24776) 4 100%
#545357: obj =   3.000024854e+00 inf =   0.000e+00 (35046) 4 100%
#545788: obj =   3.000024015e+00 inf =   0.000e+00 (26327) 4 100%
#546216: obj =   3.000024267e+00 inf =   0.000e+00 (26166) 5 100%
#546651: obj =   3.000024586e+00 inf =   0.000e+00 (27706) 4 100%
#547084: obj =   3.000015885e+00 inf =   0.000e+00 (30594) 4 100%
#547516: obj =   3.000023707e+00 inf =   0.000e+00 (29752) 4 100%
#547946: obj =   3.000024193e+00 inf =   0.000e+00 (24911) 5 100%
#548380: obj =   3.000024554e+00 inf =   0.000e+00 (29189) 4 100%
#548809: obj =   3.000025497e+00 inf =   0.000e+00 (25067) 4 100%
#549238: obj =   3.000025499e+00 inf =   0.000e+00 (24775) 4 100%
#549666: obj =   3.000026132e+00 inf =   0.000e+00 (24953) 5 100%
#550098: obj =   3.000025958e+00 inf =   0.000e+00 (25054) 4 100%
#550529: obj =   3.000024399e+00 inf =   0.000e+00 (26159) 4 100%
#550960: obj =   3.000025035e+00 inf =   0.000e+00 (27296) 5 100%
#551390: obj =   3.000024013e+00 inf =   0.000e+00 (25824) 4 100%
#551821: obj =   3.000024788e+00 inf =   0.000e+00 (24407) 4 100%
#552252: obj =   3.000025661e+00 inf =   0.000e+00 (25642) 4 100%
#552679: obj =   3.000025688e+00 inf =   0.000e+00 (23647) 5 100%
#553112: obj =   3.000019151e+00 inf =   0.000e+00 (33365) 4 100%
#553542: obj =   3.000026238e+00 inf =   0.000e+00 (25016) 4 100%
#553973: obj =   3.000026757e+00 inf =   0.000e+00 (25926) 4 100%
#554397: obj =   3.000027475e+00 inf =   0.000e+00 (23181) 5 100%
#554832: obj =   3.000026869e+00 inf =   0.000e+00 (24537) 4 100%
#555264: obj =   3.000027119e+00 inf =   0.000e+00 (24625) 4 100%
#555699: obj =   3.000027527e+00 inf =   0.000e+00 (28904) 4 100%
#556136: obj =   3.000027073e+00 inf =   0.000e+00 (24544) 5 99%
#556565: obj =   3.000027353e+00 inf =   0.000e+00 (22332) 4 100%
#556997: obj =   3.000027873e+00 inf =   0.000e+00 (23251) 4 100%
#557424: obj =   3.000028008e+00 inf =   0.000e+00 (23102) 5 100%
#557852: obj =   3.000021792e+00 inf =   0.000e+00 (40121) 4 100%
#558287: obj =   3.000028196e+00 inf =   0.000e+00 (21634) 4 100%
#558721: obj =   3.000028016e+00 inf =   0.000e+00 (24654) 4 100%
#559142: obj =   3.000028444e+00 inf =   0.000e+00 (23671) 5 100%
#559574: obj =   3.000029058e+00 inf =   0.000e+00 (21045) 4 100%
#560005: obj =   3.000029574e+00 inf =   0.000e+00 (22969) 4 100%
#560442: obj =   3.000026895e+00 inf =   0.000e+00 (41805) 4 100%
#560868: obj =   3.000025144e+00 inf =   0.000e+00 (40902) 5 100%
#561299: obj =   3.000029035e+00 inf =   0.000e+00 (20941) 4 100%
#561737: obj =   3.000026845e+00 inf =   0.000e+00 (24567) 4 100%
#562170: obj =   3.000027547e+00 inf =   0.000e+00 (25009) 5 100%
#562603: obj =   3.000028439e+00 inf =   0.000e+00 (22227) 4 100%
#563037: obj =   3.000027134e+00 inf =   0.000e+00 (29125) 4 100%
#563472: obj =   3.000028777e+00 inf =   0.000e+00 (23189) 4 100%
#563900: obj =   3.000029275e+00 inf =   0.000e+00 (25132) 5 100%
#564332: obj =   3.000029825e+00 inf =   0.000e+00 (24588) 4 100%
#564766: obj =   3.000029477e+00 inf =   0.000e+00 (23475) 4 100%
#565201: obj =   3.000029748e+00 inf =   0.000e+00 (21480) 5 100%
#565631: obj =   3.000030089e+00 inf =   0.000e+00 (20054) 4 100%
#566067: obj =   3.000027556e+00 inf =   0.000e+00 (25000) 4 100%
#566500: obj =   3.000029047e+00 inf =   0.000e+00 (25690) 4 100%
#566929: obj =   3.000029624e+00 inf =   0.000e+00 (21419) 5 100%
#567367: obj =   3.000030259e+00 inf =   0.000e+00 (25865) 4 99%
#567803: obj =   3.000030727e+00 inf =   0.000e+00 (22726) 4 100%
#568235: obj =   3.000031246e+00 inf =   0.000e+00 (24763) 5 100%
#568671: obj =   3.000031794e+00 inf =   0.000e+00 (23714) 4 100%
#569111: obj =   3.000030016e+00 inf =   0.000e+00 (43495) 4 100%
#569538: obj =   3.000025920e+00 inf =   0.000e+00 (41705) 4 100%
#569972: obj =   3.000031656e+00 inf =   0.000e+00 (41813) 5 100%
#570421: obj =   3.000033419e+00 inf =   0.000e+00 (32413) 4 100%
#570866: obj =   3.000034652e+00 inf =   0.000e+00 (26388) 5 100%
#571312: obj =   3.000035383e+00 inf =   0.000e+00 (27811) 4 99%
#571752: obj =   3.000035787e+00 inf =   0.000e+00 (30714) 4 100%
#572193: obj =   3.000036641e+00 inf =   0.000e+00 (26925) 5 100%
#572628: obj =   3.000037355e+00 inf =   0.000e+00 (26894) 4 100%
#573068: obj =   3.000038037e+00 inf =   0.000e+00 (30808) 4 100%
#573504: obj =   3.000037690e+00 inf =   0.000e+00 (25146) 5 100%
#573947: obj =   3.000038389e+00 inf =   0.000e+00 (29471) 4 100%
#574386: obj =   3.000035844e+00 inf =   0.000e+00 (42985) 4 100%
#574824: obj =   3.000038610e+00 inf =   0.000e+00 (26118) 5 100%
#575266: obj =   3.000038652e+00 inf =   0.000e+00 (28859) 4 100%
#575701: obj =   3.000039116e+00 inf =   0.000e+00 (29155) 4 100%
#576134: obj =   3.000039625e+00 inf =   0.000e+00 (30087) 5 100%
#576567: obj =   3.000040181e+00 inf =   0.000e+00 (27508) 4 100%
