GLPSOL--GLPK LP/MIP Solver 5.0
Parameter(s) specified in the command line:
 -m ../GLPK/GraphColoringGLPK.mod -d 5-FullIns_3.col.dat -o ../sol/5-FullIns_3.col.dat.sol
Reading model section from ../GLPK/GraphColoringGLPK.mod...
../GLPK/GraphColoringGLPK.mod:28: warning: unexpected end of file; missing end statement inserted
28 lines were read
Reading data section from 5-FullIns_3.col.dat...
1589 lines were read
Generating colors_count...
Generating R1...
Generating R2...
Generating R3...
Model has been successfully generated
GLPK Integer Optimizer 5.0
244244 rows, 23870 columns, 802802 non-zeros
23870 integer variables, all of which are binary
Preprocessing...
244243 rows, 23870 columns, 802648 non-zeros
23870 integer variables, all of which are binary
Scaling...
 A: min|aij| =  1.000e+00  max|aij| =  1.000e+00  ratio =  1.000e+00
Problem data seem to be well scaled
Constructing initial basis...
Size of triangular part is 244243
Solving LP relaxation...
GLPK Simplex Optimizer 5.0
244243 rows, 23870 columns, 802648 non-zeros
      0: obj =   0.000000000e+00 inf =   3.322e+03 (1585)
Perturbing LP to avoid stalling [200]...
    685: obj =   1.000000000e+00 inf =   1.738e+03 (1585) 3
   1274: obj =   3.000000000e+00 inf =   1.482e+03 (1335) 6
   1792: obj =   3.000002453e+00 inf =   1.482e+03 (1335) 5
   2296: obj =   3.000016187e+00 inf =   1.482e+03 (1335) 5
   2785: obj =   3.000075699e+00 inf =   1.482e+03 (1335) 5
   3264: obj =   3.399326920e+00 inf =   1.333e+03 (1331) 4
   3719: obj =   3.699891443e+00 inf =   1.241e+03 (1331) 5
   4168: obj =   4.044918505e+00 inf =   1.140e+03 (1289) 4
   4619: obj =   4.614188922e+00 inf =   1.023e+03 (1243) 4
   5075: obj =   5.196993141e+00 inf =   8.977e+02 (1235) 3
   5524: obj =   5.867092486e+00 inf =   7.382e+02 (1213) 4
   5953: obj =   5.976381750e+00 inf =   6.343e+02 (1143) 4
   6373: obj =   6.060016551e+00 inf =   5.438e+02 (1101) 4
   6784: obj =   6.137445608e+00 inf =   4.611e+02 (995) 4
   7189: obj =   6.169678840e+00 inf =   4.196e+02 (823) 4
   7587: obj =   6.407356755e+00 inf =   3.630e+02 (729) 4
   7976: obj =   6.591400720e+00 inf =   3.182e+02 (643) 3
   8359: obj =   6.683405558e+00 inf =   2.793e+02 (599) 4
   8724: obj =   6.698734855e+00 inf =   2.434e+02 (503) 3
   9095: obj =   6.736866679e+00 inf =   2.098e+02 (445) 3
   9468: obj =   6.828754605e+00 inf =   1.901e+02 (395) 4
   9829: obj =   6.821617500e+00 inf =   1.526e+02 (327) 3
  10186: obj =   6.828605913e+00 inf =   1.285e+02 (293) 4
  10549: obj =   6.894869963e+00 inf =   1.026e+02 (215) 3
  10896: obj =   6.871122714e+00 inf =   8.388e+01 (147) 3
  11261: obj =   7.030761012e+00 inf =   7.428e+01 (115) 4
  11631: obj =   7.804046650e+00 inf =   5.704e+01 (81) 3
  11994: obj =   8.257525299e+00 inf =   4.778e+01 (63) 3
  12355: obj =   8.638235002e+00 inf =   3.788e+01 (43) 3
  12709: obj =   8.901487589e+00 inf =   3.197e+01 (33) 3
  13062: obj =   9.041947762e+00 inf =   2.724e+01 (31) 3
  13419: obj =   9.325319400e+00 inf =   1.797e+01 (31) 4
  13768: obj =   9.606686775e+00 inf =   7.104e+00 (29) 3
  14115: obj =   9.759729852e+00 inf =   1.523e-04 (2) 3
  14120: obj =   9.759730515e+00 inf =   1.514e-04 (0)
* 14474: obj =   9.306345106e+00 inf =   1.508e-04 (11763) 3
* 14824: obj =   8.951313285e+00 inf =   1.469e-04 (12516) 3
* 15169: obj =   8.640781907e+00 inf =   1.451e-04 (11689) 4
* 15518: obj =   8.383575153e+00 inf =   1.506e-04 (11563) 3
* 15866: obj =   8.115733194e+00 inf =   1.488e-04 (12490) 3
* 16213: obj =   7.967521469e+00 inf =   1.393e-04 (11308) 3
* 16549: obj =   7.751933171e+00 inf =   1.383e-04 (12373) 4
* 16892: obj =   7.534952271e+00 inf =   1.381e-04 (11813) 3
* 17233: obj =   7.401655318e+00 inf =   1.331e-04 (11883) 3
* 17569: obj =   7.230970968e+00 inf =   1.302e-04 (11886) 3
* 17901: obj =   7.115309334e+00 inf =   1.305e-04 (11727) 4
* 18241: obj =   7.026270358e+00 inf =   1.288e-04 (12176) 3
* 18574: obj =   6.875963600e+00 inf =   1.219e-04 (11065) 3
* 18909: obj =   6.744878907e+00 inf =   1.154e-04 (11779) 3
* 19241: obj =   6.662963401e+00 inf =   1.196e-04 (12274) 3
* 19570: obj =   6.542934301e+00 inf =   1.182e-04 (11977) 3
* 19893: obj =   6.415653575e+00 inf =   1.212e-04 (11754) 3
* 20225: obj =   6.352286978e+00 inf =   1.203e-04 (12450) 3
* 20550: obj =   6.255660420e+00 inf =   1.175e-04 (11708) 4
* 20879: obj =   6.193926053e+00 inf =   1.225e-04 (11799) 3
* 21209: obj =   6.152419770e+00 inf =   1.193e-04 (12060) 3
* 21533: obj =   6.094162719e+00 inf =   1.124e-04 (12020) 3
* 21853: obj =   6.033348842e+00 inf =   1.124e-04 (12625) 3
* 22178: obj =   5.987522844e+00 inf =   1.150e-04 (12209) 3
* 22507: obj =   5.920223354e+00 inf =   1.128e-04 (12069) 3
* 22827: obj =   5.848938758e+00 inf =   9.737e-05 (11907) 3
* 23144: obj =   5.782939726e+00 inf =   1.064e-04 (12106) 3
* 23466: obj =   5.725069320e+00 inf =   8.175e-05 (11615) 3
* 23781: obj =   5.659242225e+00 inf =   9.719e-05 (11968) 3
* 24096: obj =   5.613577605e+00 inf =   8.593e-05 (11749) 3
* 24418: obj =   5.586624344e+00 inf =   8.672e-05 (12000) 3
* 24732: obj =   5.532946534e+00 inf =   8.407e-05 (12029) 3
* 25045: obj =   5.479344887e+00 inf =   8.423e-05 (11907) 3
* 25366: obj =   5.449996768e+00 inf =   8.159e-05 (11879) 3
* 25676: obj =   5.396456337e+00 inf =   7.512e-05 (11857) 3
* 25985: obj =   5.328986612e+00 inf =   7.211e-05 (11847) 3
* 26305: obj =   5.301925725e+00 inf =   7.049e-05 (11847) 3
* 26623: obj =   5.274913177e+00 inf =   7.158e-05 (12088) 3
* 26935: obj =   5.240261622e+00 inf =   7.231e-05 (12167) 3
* 27254: obj =   5.211633965e+00 inf =   7.502e-05 (12130) 3
* 27563: obj =   5.163370323e+00 inf =   7.180e-05 (12323) 3
* 27874: obj =   5.132002444e+00 inf =   7.211e-05 (11685) 3
* 28186: obj =   5.101720884e+00 inf =   7.297e-05 (11756) 3
* 28498: obj =   5.077619056e+00 inf =   7.455e-05 (11675) 3
* 28805: obj =   5.047895081e+00 inf =   7.618e-05 (11622) 3
* 29118: obj =   5.014479524e+00 inf =   6.871e-05 (12190) 3
* 29429: obj =   4.996433124e+00 inf =   6.726e-05 (11626) 3
* 29734: obj =   4.955852174e+00 inf =   7.038e-05 (11763) 3
* 30033: obj =   4.915637128e+00 inf =   6.671e-05 (12116) 3
* 30345: obj =   4.891905592e+00 inf =   6.842e-05 (11820) 3
* 30652: obj =   4.864486895e+00 inf =   6.916e-05 (11926) 3
* 30954: obj =   4.834788427e+00 inf =   6.952e-05 (12229) 3
* 31264: obj =   4.817576699e+00 inf =   6.801e-05 (11745) 3
* 31572: obj =   4.797622563e+00 inf =   6.989e-05 (11620) 3
* 31881: obj =   4.775835257e+00 inf =   7.432e-05 (11950) 3
* 32189: obj =   4.760351876e+00 inf =   7.703e-05 (11941) 3
* 32501: obj =   4.747488788e+00 inf =   8.027e-05 (12111) 3
* 32809: obj =   4.728093395e+00 inf =   8.188e-05 (11964) 2
* 33110: obj =   4.700117121e+00 inf =   7.724e-05 (11986) 3
* 33416: obj =   4.686131972e+00 inf =   8.003e-05 (12119) 3
* 33715: obj =   4.665038812e+00 inf =   8.179e-05 (12129) 3
* 34013: obj =   4.644536568e+00 inf =   8.249e-05 (12089) 3
* 34325: obj =   4.636822679e+00 inf =   8.512e-05 (12096) 3
* 34631: obj =   4.622011052e+00 inf =   8.875e-05 (11808) 3
* 34933: obj =   4.597630112e+00 inf =   8.485e-05 (11752) 3
* 35247: obj =   4.579036289e+00 inf =   8.650e-05 (11755) 2
* 35550: obj =   4.563086374e+00 inf =   8.830e-05 (11848) 3
* 35846: obj =   4.540366061e+00 inf =   8.572e-05 (12136) 3
* 36144: obj =   4.523988652e+00 inf =   8.573e-05 (11742) 3
* 36446: obj =   4.509991129e+00 inf =   8.560e-05 (11833) 3
* 36743: obj =   4.470299741e+00 inf =   8.527e-05 (11725) 3
* 37039: obj =   4.449688101e+00 inf =   8.567e-05 (12176) 3
* 37343: obj =   4.444791352e+00 inf =   8.807e-05 (11645) 3
* 37646: obj =   4.434744396e+00 inf =   8.555e-05 (11977) 3
* 37950: obj =   4.422412024e+00 inf =   8.600e-05 (11637) 2
* 38252: obj =   4.414025916e+00 inf =   8.668e-05 (11843) 3
* 38551: obj =   4.400165802e+00 inf =   8.924e-05 (12260) 3
* 38845: obj =   4.375789322e+00 inf =   8.800e-05 (12140) 3
* 39139: obj =   4.355288702e+00 inf =   8.865e-05 (12387) 3
* 39439: obj =   4.348322566e+00 inf =   8.580e-05 (11724) 3
* 39735: obj =   4.335373854e+00 inf =   8.516e-05 (12171) 3
* 40031: obj =   4.321543761e+00 inf =   8.839e-05 (11950) 2
* 40330: obj =   4.316679213e+00 inf =   9.006e-05 (11999) 3
* 40625: obj =   4.304845132e+00 inf =   9.221e-05 (11915) 3
* 40912: obj =   4.283451918e+00 inf =   9.311e-05 (11845) 3
* 41204: obj =   4.269489160e+00 inf =   9.280e-05 (11946) 3
* 41500: obj =   4.260314270e+00 inf =   9.957e-05 (11825) 3
* 41796: obj =   4.252026228e+00 inf =   1.041e-04 (12139) 3
* 42091: obj =   4.242003518e+00 inf =   1.043e-04 (11941) 2
* 42386: obj =   4.235775492e+00 inf =   1.011e-04 (11807) 3
* 42674: obj =   4.227895613e+00 inf =   1.018e-04 (11666) 3
* 42960: obj =   4.213583378e+00 inf =   1.016e-04 (11835) 3
* 43255: obj =   4.203696727e+00 inf =   1.045e-04 (12136) 2
* 43551: obj =   4.196744665e+00 inf =   1.093e-04 (11750) 3
* 43842: obj =   4.189485226e+00 inf =   1.112e-04 (12180) 3
* 44131: obj =   4.180328735e+00 inf =   1.143e-04 (11806) 3
* 44430: obj =   4.175059106e+00 inf =   1.162e-04 (11884) 3
* 44729: obj =   4.159830202e+00 inf =   1.197e-04 (12119) 3
* 45022: obj =   4.146876722e+00 inf =   1.198e-04 (12183) 2
* 45320: obj =   4.145029233e+00 inf =   1.281e-04 (12398) 3
* 45612: obj =   4.140570484e+00 inf =   1.297e-04 (11907) 3
* 45900: obj =   4.129126989e+00 inf =   1.330e-04 (11855) 3
* 46192: obj =   4.123703640e+00 inf =   1.345e-04 (11727) 3
* 46491: obj =   4.119600376e+00 inf =   1.339e-04 (11665) 2
* 46779: obj =   4.102957012e+00 inf =   1.439e-04 (11776) 3
* 47062: obj =   4.085392653e+00 inf =   1.476e-04 (12154) 3
* 47356: obj =   4.081761563e+00 inf =   1.554e-04 (12142) 3
* 47648: obj =   4.074976583e+00 inf =   1.524e-04 (11652) 3
* 47934: obj =   4.062246821e+00 inf =   1.604e-04 (11959) 2
* 48222: obj =   4.053809363e+00 inf =   1.584e-04 (12103) 3
* 48508: obj =   4.046338405e+00 inf =   1.576e-04 (12046) 3
* 48791: obj =   4.033191441e+00 inf =   1.611e-04 (11873) 3
* 49082: obj =   4.021934605e+00 inf =   1.650e-04 (11879) 2
* 49373: obj =   4.017787888e+00 inf =   1.616e-04 (11887) 3
* 49657: obj =   4.009072514e+00 inf =   1.632e-04 (11808) 3
* 49941: obj =   3.995134673e+00 inf =   1.680e-04 (12167) 3
* 50230: obj =   3.990517004e+00 inf =   1.781e-04 (11586) 3
* 50523: obj =   3.987488067e+00 inf =   1.799e-04 (11968) 2
* 50810: obj =   3.979738004e+00 inf =   1.847e-04 (12057) 3
* 51094: obj =   3.974517934e+00 inf =   1.853e-04 (11590) 3
* 51384: obj =   3.972383214e+00 inf =   1.886e-04 (11962) 3
* 51676: obj =   3.963256314e+00 inf =   1.909e-04 (11913) 2
* 51961: obj =   3.951760895e+00 inf =   2.019e-04 (12022) 3
* 52251: obj =   3.949871894e+00 inf =   2.106e-04 (11950) 3
* 52539: obj =   3.945561444e+00 inf =   2.078e-04 (11732) 3
* 52821: obj =   3.936949278e+00 inf =   2.039e-04 (12032) 3
* 53111: obj =   3.931649060e+00 inf =   2.059e-04 (12095) 2
* 53400: obj =   3.930418996e+00 inf =   2.147e-04 (11908) 3
* 53685: obj =   3.925590721e+00 inf =   2.298e-04 (11934) 3
* 53968: obj =   3.920341331e+00 inf =   2.222e-04 (12057) 3
* 54260: obj =   3.918057902e+00 inf =   2.229e-04 (12186) 2
* 54548: obj =   3.916022749e+00 inf =   2.269e-04 (12000) 3
* 54828: obj =   3.909946384e+00 inf =   2.261e-04 (11907) 3
* 55112: obj =   3.902196357e+00 inf =   2.426e-04 (11684) 3
* 55406: obj =   3.899320117e+00 inf =   2.556e-04 (11883) 2
* 55689: obj =   3.894182571e+00 inf =   2.620e-04 (11621) 3
* 55970: obj =   3.887987110e+00 inf =   2.654e-04 (12069) 3
* 56258: obj =   3.885101332e+00 inf =   2.839e-04 (12075) 3
* 56549: obj =   3.880286869e+00 inf =   2.861e-04 (12121) 2
* 56834: obj =   3.875575199e+00 inf =   2.924e-04 (12030) 3
* 57113: obj =   3.865916112e+00 inf =   2.887e-04 (12052) 3
* 57400: obj =   3.861523626e+00 inf =   2.996e-04 (11719) 3
* 57691: obj =   3.854609480e+00 inf =   3.033e-04 (11640) 3
* 57969: obj =   3.839159080e+00 inf =   3.050e-04 (11851) 2
* 58250: obj =   3.835117844e+00 inf =   3.024e-04 (12115) 3
* 58532: obj =   3.830859396e+00 inf =   2.918e-04 (12033) 3
* 58819: obj =   3.826432330e+00 inf =   2.962e-04 (11952) 2
* 59099: obj =   3.818231315e+00 inf =   2.994e-04 (12109) 3
* 59381: obj =   3.809321823e+00 inf =   3.105e-04 (11874) 3
* 59657: obj =   3.798739878e+00 inf =   3.170e-04 (11992) 3
* 59936: obj =   3.784914554e+00 inf =   3.227e-04 (11747) 2
* 60212: obj =   3.778583138e+00 inf =   3.244e-04 (11993) 3
* 60494: obj =   3.776849567e+00 inf =   3.250e-04 (11708) 3
* 60783: obj =   3.774081104e+00 inf =   3.137e-04 (11649) 2
* 61065: obj =   3.769906986e+00 inf =   3.289e-04 (11594) 3
* 61352: obj =   3.769120484e+00 inf =   3.422e-04 (11900) 3
* 61642: obj =   3.765256337e+00 inf =   3.527e-04 (11652) 3
* 61930: obj =   3.759481845e+00 inf =   3.508e-04 (12057) 2
* 62208: obj =   3.753535722e+00 inf =   3.516e-04 (12300) 3
* 62488: obj =   3.752058449e+00 inf =   3.590e-04 (12000) 3
* 62770: obj =   3.749009725e+00 inf =   3.623e-04 (12051) 3
* 63052: obj =   3.742015178e+00 inf =   3.624e-04 (12107) 2
* 63334: obj =   3.739682256e+00 inf =   3.626e-04 (12028) 3
* 63612: obj =   3.736164279e+00 inf =   3.600e-04 (11816) 3
* 63892: obj =   3.730175145e+00 inf =   3.786e-04 (11947) 3
* 64175: obj =   3.724641817e+00 inf =   3.900e-04 (12350) 2
* 64456: obj =   3.723052396e+00 inf =   3.926e-04 (11872) 3
* 64730: obj =   3.717103665e+00 inf =   3.790e-04 (12025) 3
* 65006: obj =   3.712671725e+00 inf =   3.868e-04 (11675) 2
* 65284: obj =   3.712091499e+00 inf =   3.976e-04 (12123) 3
* 65561: obj =   3.709678304e+00 inf =   3.949e-04 (11956) 3
* 65840: obj =   3.707196391e+00 inf =   4.030e-04 (11850) 2
* 66114: obj =   3.702304163e+00 inf =   4.096e-04 (12088) 3
* 66394: obj =   3.700934545e+00 inf =   4.122e-04 (11715) 3
* 66670: obj =   3.699229648e+00 inf =   4.222e-04 (11523) 3
* 66948: obj =   3.692791041e+00 inf =   4.323e-04 (12100) 2
* 67224: obj =   3.688361250e+00 inf =   4.209e-04 (11933) 3
* 67502: obj =   3.686700005e+00 inf =   4.071e-04 (12430) 3
* 67783: obj =   3.684907351e+00 inf =   4.206e-04 (11778) 2
* 68051: obj =   3.673887747e+00 inf =   4.230e-04 (11482) 3
* 68329: obj =   3.671997062e+00 inf =   4.251e-04 (11730) 3
* 68611: obj =   3.667922194e+00 inf =   4.363e-04 (11824) 2
* 68886: obj =   3.663761646e+00 inf =   4.384e-04 (12032) 3
* 69162: obj =   3.661408320e+00 inf =   4.448e-04 (11747) 3
* 69443: obj =   3.660109557e+00 inf =   4.523e-04 (11942) 3
* 69726: obj =   3.657531889e+00 inf =   4.779e-04 (11887) 2
* 70002: obj =   3.653244996e+00 inf =   4.801e-04 (11907) 3
* 70280: obj =   3.651858667e+00 inf =   4.782e-04 (12028) 3
* 70566: obj =   3.650951029e+00 inf =   4.768e-04 (11889) 3
* 70844: obj =   3.647817660e+00 inf =   4.922e-04 (11819) 2
* 71116: obj =   3.642232685e+00 inf =   4.927e-04 (12197) 3
* 71394: obj =   3.641076904e+00 inf =   4.929e-04 (11742) 3
* 71676: obj =   3.638613369e+00 inf =   4.988e-04 (12323) 2
* 71948: obj =   3.632802940e+00 inf =   4.951e-04 (11895) 3
* 72226: obj =   3.629968770e+00 inf =   4.942e-04 (11935) 3
* 72508: obj =   3.629497783e+00 inf =   5.094e-04 (12063) 3
* 72790: obj =   3.627451765e+00 inf =   5.037e-04 (11659) 2
* 73065: obj =   3.624570177e+00 inf =   5.146e-04 (11770) 3
* 73341: obj =   3.623364483e+00 inf =   5.410e-04 (12296) 3
* 73620: obj =   3.621032096e+00 inf =   5.458e-04 (11991) 2
* 73892: obj =   3.618321866e+00 inf =   5.633e-04 (11707) 3
* 74163: obj =   3.611782141e+00 inf =   5.778e-04 (11988) 3
* 74445: obj =   3.610091848e+00 inf =   5.728e-04 (12134) 2
* 74719: obj =   3.608746469e+00 inf =   5.758e-04 (11966) 3
* 74992: obj =   3.607448741e+00 inf =   5.764e-04 (11576) 3
* 75271: obj =   3.605282249e+00 inf =   5.690e-04 (11694) 2
* 75544: obj =   3.603245117e+00 inf =   5.696e-04 (12121) 3
* 75816: obj =   3.600331044e+00 inf =   5.706e-04 (11606) 3
* 76092: obj =   3.594717139e+00 inf =   5.718e-04 (11668) 2
* 76367: obj =   3.593982148e+00 inf =   5.707e-04 (12041) 3
* 76640: obj =   3.592472939e+00 inf =   5.650e-04 (12060) 3
* 76919: obj =   3.589753828e+00 inf =   5.665e-04 (11999) 2
* 77191: obj =   3.585287672e+00 inf =   5.664e-04 (11759) 3
* 77470: obj =   3.584713922e+00 inf =   5.727e-04 (11884) 3
* 77745: obj =   3.581675219e+00 inf =   5.763e-04 (12043) 3
* 78023: obj =   3.577640849e+00 inf =   5.877e-04 (12156) 2
* 78305: obj =   3.577460084e+00 inf =   5.983e-04 (11885) 3
* 78579: obj =   3.574804406e+00 inf =   5.995e-04 (12149) 3
* 78853: obj =   3.569306756e+00 inf =   6.047e-04 (11609) 2
* 79123: obj =   3.565243792e+00 inf =   6.241e-04 (11987) 3
* 79399: obj =   3.564075002e+00 inf =   6.232e-04 (11858) 3
* 79678: obj =   3.562504505e+00 inf =   6.189e-04 (11808) 2
* 79952: obj =   3.559929161e+00 inf =   6.250e-04 (12133) 3
* 80223: obj =   3.558434176e+00 inf =   6.320e-04 (11975) 3
* 80500: obj =   3.556278136e+00 inf =   6.214e-04 (11788) 2
* 80768: obj =   3.552743050e+00 inf =   6.353e-04 (12072) 3
* 81032: obj =   3.547159243e+00 inf =   6.419e-04 (11841) 3
* 81310: obj =   3.545595384e+00 inf =   6.662e-04 (12079) 2
* 81583: obj =   3.544969185e+00 inf =   6.846e-04 (11913) 3
* 81854: obj =   3.541744993e+00 inf =   6.918e-04 (11882) 3
* 82129: obj =   3.536802645e+00 inf =   7.004e-04 (11835) 2
* 82400: obj =   3.536270834e+00 inf =   7.212e-04 (11987) 3
* 82672: obj =   3.534434707e+00 inf =   7.216e-04 (11954) 3
* 82946: obj =   3.531923593e+00 inf =   7.183e-04 (11749) 2
* 83218: obj =   3.530241466e+00 inf =   7.245e-04 (12085) 3
* 83491: obj =   3.528576963e+00 inf =   7.181e-04 (11564) 3
* 83766: obj =   3.525640977e+00 inf =   7.285e-04 (11901) 2
* 84032: obj =   3.522025447e+00 inf =   7.435e-04 (11793) 3
* 84303: obj =   3.519838450e+00 inf =   7.155e-04 (12181) 3
* 84580: obj =   3.519200696e+00 inf =   7.194e-04 (11804) 2
* 84851: obj =   3.516050965e+00 inf =   7.312e-04 (12066) 3
* 85118: obj =   3.513638520e+00 inf =   7.343e-04 (11861) 3
* 85395: obj =   3.512604529e+00 inf =   7.540e-04 (11794) 2
* 85663: obj =   3.509900045e+00 inf =   7.635e-04 (11982) 3
* 85928: obj =   3.504650476e+00 inf =   7.825e-04 (11868) 3
* 86203: obj =   3.503077243e+00 inf =   7.807e-04 (12262) 2
* 86474: obj =   3.502195089e+00 inf =   7.855e-04 (12354) 3
* 86741: obj =   3.500174059e+00 inf =   7.770e-04 (12021) 3
* 87015: obj =   3.498473453e+00 inf =   7.941e-04 (12028) 2
* 87285: obj =   3.496729024e+00 inf =   7.920e-04 (12053) 3
* 87556: obj =   3.495835278e+00 inf =   7.846e-04 (12111) 3
* 87830: obj =   3.494243936e+00 inf =   7.895e-04 (12089) 2
* 88101: obj =   3.492193966e+00 inf =   7.895e-04 (12030) 3
* 88372: obj =   3.491674566e+00 inf =   7.958e-04 (11818) 3
* 88647: obj =   3.490559596e+00 inf =   8.130e-04 (11640) 2
* 88916: obj =   3.489951580e+00 inf =   8.243e-04 (11781) 3
* 89185: obj =   3.487651313e+00 inf =   8.334e-04 (11935) 3
* 89464: obj =   3.486712409e+00 inf =   8.220e-04 (11930) 2
* 89736: obj =   3.486137212e+00 inf =   8.066e-04 (11761) 3
* 90003: obj =   3.484478777e+00 inf =   8.279e-04 (12213) 3
* 90278: obj =   3.482647108e+00 inf =   8.519e-04 (11903) 2
* 90550: obj =   3.482291196e+00 inf =   8.642e-04 (12114) 3
* 90820: obj =   3.481124724e+00 inf =   8.768e-04 (12041) 3
* 91092: obj =   3.478901210e+00 inf =   8.817e-04 (11878) 2
* 91360: obj =   3.478086383e+00 inf =   8.758e-04 (12010) 3
* 91634: obj =   3.477553480e+00 inf =   8.839e-04 (12117) 3
* 91904: obj =   3.471711163e+00 inf =   8.830e-04 (12006) 2
* 92171: obj =   3.469573730e+00 inf =   8.833e-04 (11973) 3
* 92449: obj =   3.469092968e+00 inf =   8.842e-04 (11916) 2
* 92719: obj =   3.468317182e+00 inf =   8.947e-04 (11906) 3
* 92987: obj =   3.465137942e+00 inf =   8.991e-04 (12085) 3
* 93259: obj =   3.463058659e+00 inf =   9.017e-04 (11781) 2
* 93529: obj =   3.462861258e+00 inf =   8.966e-04 (11981) 3
* 93797: obj =   3.462315682e+00 inf =   8.944e-04 (12212) 3
* 94071: obj =   3.461159034e+00 inf =   8.928e-04 (11668) 2
* 94340: obj =   3.460700292e+00 inf =   9.089e-04 (11867) 3
* 94611: obj =   3.460012777e+00 inf =   8.926e-04 (11733) 3
* 94885: obj =   3.458797020e+00 inf =   8.975e-04 (11731) 2
* 95152: obj =   3.457783415e+00 inf =   8.987e-04 (11860) 3
* 95422: obj =   3.457613247e+00 inf =   9.093e-04 (12010) 3
* 95697: obj =   3.457245597e+00 inf =   9.137e-04 (11952) 2
* 95965: obj =   3.456043399e+00 inf =   9.021e-04 (11900) 3
* 96232: obj =   3.454848240e+00 inf =   9.248e-04 (11926) 3
* 96507: obj =   3.453436693e+00 inf =   9.147e-04 (12078) 2
* 96774: obj =   3.451491856e+00 inf =   9.275e-04 (11841) 3
* 97045: obj =   3.449878728e+00 inf =   9.350e-04 (12019) 2
* 97313: obj =   3.448320681e+00 inf =   9.417e-04 (11804) 3
* 97583: obj =   3.447398576e+00 inf =   9.331e-04 (11967) 3
* 97857: obj =   3.446190512e+00 inf =   9.414e-04 (12057) 2
* 98123: obj =   3.444318884e+00 inf =   9.441e-04 (11972) 3
* 98390: obj =   3.443228591e+00 inf =   9.456e-04 (12095) 3
* 98665: obj =   3.441664893e+00 inf =   9.428e-04 (11713) 2
* 98929: obj =   3.437975418e+00 inf =   9.430e-04 (11780) 3
* 99193: obj =   3.433959397e+00 inf =   9.517e-04 (11987) 3
* 99468: obj =   3.432811984e+00 inf =   9.542e-04 (11977) 2
* 99738: obj =   3.432097070e+00 inf =   9.599e-04 (11920) 3
*100006: obj =   3.430242992e+00 inf =   9.451e-04 (11931) 3
*100281: obj =   3.429791688e+00 inf =   9.450e-04 (11707) 2
*100548: obj =   3.429118982e+00 inf =   9.550e-04 (12094) 3
*100819: obj =   3.427465281e+00 inf =   9.473e-04 (11848) 2
*101080: obj =   3.423102250e+00 inf =   9.443e-04 (11713) 3
*101348: obj =   3.422105626e+00 inf =   9.591e-04 (11920) 3
*101622: obj =   3.421064657e+00 inf =   9.741e-04 (11704) 2
*101886: obj =   3.420297822e+00 inf =   9.787e-04 (11929) 3
*102150: obj =   3.419134963e+00 inf =   9.822e-04 (12234) 3
*102425: obj =   3.418989887e+00 inf =   9.714e-04 (12017) 2
*102693: obj =   3.418344411e+00 inf =   9.731e-04 (11954) 3
*102956: obj =   3.416559316e+00 inf =   9.786e-04 (12028) 3
*103232: obj =   3.415023427e+00 inf =   9.843e-04 (12011) 2
*103505: obj =   3.414676636e+00 inf =   9.914e-04 (12082) 3
*103775: obj =   3.413353592e+00 inf =   9.892e-04 (11911) 3
*104047: obj =   3.411561785e+00 inf =   9.850e-04 (11946) 2
*104318: obj =   3.410611871e+00 inf =   9.848e-04 (11718) 3
*104589: obj =   3.409878433e+00 inf =   9.843e-04 (11962) 3
*104861: obj =   3.408376481e+00 inf =   9.924e-04 (11637) 2
*105128: obj =   3.407665211e+00 inf =   9.976e-04 (12285) 3
*105403: obj =   3.407027402e+00 inf =   9.915e-04 (11862) 2
*105669: obj =   3.405699531e+00 inf =   9.950e-04 (12116) 3
*105933: obj =   3.403617313e+00 inf =   1.005e-03 (11908) 3
*106203: obj =   3.400141505e+00 inf =   1.011e-03 (11872) 2
*106470: obj =   3.399175184e+00 inf =   1.012e-03 (11767) 3
*106735: obj =   3.397313541e+00 inf =   1.023e-03 (11681) 3
*107004: obj =   3.393305339e+00 inf =   1.025e-03 (11958) 2
*107269: obj =   3.390622731e+00 inf =   1.047e-03 (11952) 3
*107541: obj =   3.390417393e+00 inf =   1.074e-03 (11891) 3
*107811: obj =   3.389071107e+00 inf =   1.073e-03 (12005) 2
*108074: obj =   3.386145406e+00 inf =   1.080e-03 (11918) 3
*108348: obj =   3.385509561e+00 inf =   1.089e-03 (11966) 2
*108615: obj =   3.385162127e+00 inf =   1.092e-03 (11681) 3
*108880: obj =   3.383322647e+00 inf =   1.093e-03 (11773) 3
*109149: obj =   3.380440423e+00 inf =   1.103e-03 (11951) 2
*109416: obj =   3.379597513e+00 inf =   1.108e-03 (11964) 3
*109684: obj =   3.377430894e+00 inf =   1.123e-03 (11885) 2
*109944: obj =   3.373903921e+00 inf =   1.117e-03 (11881) 3
*110206: obj =   3.371201830e+00 inf =   1.112e-03 (11852) 3
*110477: obj =   3.370294628e+00 inf =   1.120e-03 (11946) 2
*110745: obj =   3.368181469e+00 inf =   1.141e-03 (11948) 3
*111009: obj =   3.364998091e+00 inf =   1.156e-03 (11781) 3
*111281: obj =   3.362486280e+00 inf =   1.171e-03 (11963) 2
*111547: obj =   3.361965163e+00 inf =   1.153e-03 (11853) 3
*111816: obj =   3.359461697e+00 inf =   1.149e-03 (11922) 2
*112077: obj =   3.357281900e+00 inf =   1.152e-03 (11895) 3
*112345: obj =   3.356409464e+00 inf =   1.164e-03 (11687) 3
*112616: obj =   3.354788596e+00 inf =   1.186e-03 (12005) 2
*112876: obj =   3.352055803e+00 inf =   1.191e-03 (11842) 3
*113141: obj =   3.346951681e+00 inf =   1.197e-03 (11916) 2
*113409: obj =   3.346654956e+00 inf =   1.182e-03 (11985) 3
*113672: obj =   3.344692592e+00 inf =   1.179e-03 (11884) 3
*113939: obj =   3.341836883e+00 inf =   1.173e-03 (11785) 2
*114201: obj =   3.338791705e+00 inf =   1.192e-03 (11714) 3
*114471: obj =   3.338033255e+00 inf =   1.194e-03 (11666) 2
*114736: obj =   3.337313375e+00 inf =   1.216e-03 (12006) 3
*114999: obj =   3.336177076e+00 inf =   1.215e-03 (11860) 3
*115270: obj =   3.334813670e+00 inf =   1.256e-03 (12013) 2
*115535: obj =   3.334261172e+00 inf =   1.270e-03 (11842) 3
*115805: obj =   3.331829978e+00 inf =   1.273e-03 (11817) 2
*116064: obj =   3.327942421e+00 inf =   1.273e-03 (11833) 3
*116329: obj =   3.327481727e+00 inf =   1.285e-03 (11676) 3
*116599: obj =   3.326837751e+00 inf =   1.300e-03 (11862) 2
*116862: obj =   3.325788375e+00 inf =   1.297e-03 (11915) 3
*117128: obj =   3.324013145e+00 inf =   1.303e-03 (11890) 2
*117390: obj =   3.323585961e+00 inf =   1.311e-03 (11874) 3
*117653: obj =   3.322399867e+00 inf =   1.310e-03 (12093) 3
*117918: obj =   3.319795008e+00 inf =   1.307e-03 (11826) 2
*118178: obj =   3.318458701e+00 inf =   1.320e-03 (11742) 3
*118451: obj =   3.318088429e+00 inf =   1.313e-03 (11801) 2
*118711: obj =   3.315504506e+00 inf =   1.323e-03 (11871) 3
*118976: obj =   3.313607818e+00 inf =   1.342e-03 (11653) 2
*119236: obj =   3.311821588e+00 inf =   1.340e-03 (11868) 3
*119497: obj =   3.311256558e+00 inf =   1.344e-03 (11781) 3
*119764: obj =   3.310401907e+00 inf =   1.326e-03 (11979) 2
*120021: obj =   3.307858291e+00 inf =   1.334e-03 (11812) 3
*120288: obj =   3.306479413e+00 inf =   1.349e-03 (11695) 2
*120548: obj =   3.305834118e+00 inf =   1.345e-03 (11896) 3
*120818: obj =   3.305243365e+00 inf =   1.353e-03 (11781) 3
*121084: obj =   3.301837266e+00 inf =   1.360e-03 (11839) 2
*121347: obj =   3.301664775e+00 inf =   1.354e-03 (11918) 3
*121614: obj =   3.300650825e+00 inf =   1.349e-03 (12070) 2
*121874: obj =   3.299796218e+00 inf =   1.352e-03 (11963) 3
*122136: obj =   3.296630335e+00 inf =   1.355e-03 (11739) 2
*122402: obj =   3.296532539e+00 inf =   1.364e-03 (12023) 3
*122667: obj =   3.296493107e+00 inf =   1.366e-03 (11822) 3
*122937: obj =   3.295970815e+00 inf =   1.364e-03 (11830) 2
*123195: obj =   3.294462455e+00 inf =   1.364e-03 (11919) 3
*123463: obj =   3.293775959e+00 inf =   1.398e-03 (11784) 2
*123723: obj =   3.293573624e+00 inf =   1.398e-03 (11825) 3
*123988: obj =   3.292827383e+00 inf =   1.396e-03 (12008) 3
*124255: obj =   3.292018503e+00 inf =   1.388e-03 (11683) 2
*124519: obj =   3.291725254e+00 inf =   1.386e-03 (11633) 3
*124786: obj =   3.291032015e+00 inf =   1.377e-03 (11922) 2
*125044: obj =   3.289061143e+00 inf =   1.387e-03 (12046) 3
*125313: obj =   3.287863707e+00 inf =   1.384e-03 (11940) 3
*125584: obj =   3.287680766e+00 inf =   1.400e-03 (11966) 2
*125845: obj =   3.286863994e+00 inf =   1.368e-03 (12041) 3
*126110: obj =   3.284301631e+00 inf =   1.362e-03 (11964) 2
*126376: obj =   3.283979176e+00 inf =   1.355e-03 (11939) 3
*126645: obj =   3.283688394e+00 inf =   1.386e-03 (11887) 3
*126914: obj =   3.282844164e+00 inf =   1.382e-03 (11937) 2
*127175: obj =   3.280648366e+00 inf =   1.360e-03 (11942) 3
*127442: obj =   3.280291790e+00 inf =   1.377e-03 (11855) 2
*127700: obj =   3.279014190e+00 inf =   1.374e-03 (12117) 3
*127960: obj =   3.276974812e+00 inf =   1.379e-03 (11804) 3
*128226: obj =   3.274160932e+00 inf =   1.382e-03 (11776) 2
*128488: obj =   3.273886353e+00 inf =   1.399e-03 (12021) 3
*128754: obj =   3.272509678e+00 inf =   1.391e-03 (11962) 2
*129012: obj =   3.271671216e+00 inf =   1.409e-03 (11976) 3
*129280: obj =   3.270284818e+00 inf =   1.427e-03 (11940) 2
*129544: obj =   3.269929360e+00 inf =   1.411e-03 (11919) 3
*129805: obj =   3.268829056e+00 inf =   1.412e-03 (11953) 3
*130069: obj =   3.267896858e+00 inf =   1.419e-03 (11852) 2
*130332: obj =   3.267714111e+00 inf =   1.422e-03 (11995) 3
*130599: obj =   3.267227219e+00 inf =   1.425e-03 (12094) 2
*130861: obj =   3.266530229e+00 inf =   1.433e-03 (11603) 3
*131118: obj =   3.264858412e+00 inf =   1.418e-03 (11883) 3
*131385: obj =   3.264521975e+00 inf =   1.419e-03 (11913) 2
*131643: obj =   3.263968672e+00 inf =   1.418e-03 (11924) 3
*131905: obj =   3.261429743e+00 inf =   1.428e-03 (11990) 2
*132159: obj =   3.259287888e+00 inf =   1.434e-03 (11821) 3
*132427: obj =   3.258736873e+00 inf =   1.428e-03 (11936) 2
*132689: obj =   3.258299677e+00 inf =   1.431e-03 (11741) 3
*132956: obj =   3.257677236e+00 inf =   1.447e-03 (11952) 2
*133219: obj =   3.256994741e+00 inf =   1.465e-03 (11863) 3
*133482: obj =   3.256554953e+00 inf =   1.486e-03 (11858) 3
*133747: obj =   3.255740106e+00 inf =   1.504e-03 (11754) 2
*134005: obj =   3.254382299e+00 inf =   1.508e-03 (11801) 3
*134270: obj =   3.253514296e+00 inf =   1.510e-03 (11825) 2
*134529: obj =   3.252119619e+00 inf =   1.510e-03 (11860) 3
*134792: obj =   3.250785575e+00 inf =   1.504e-03 (11876) 2
*135048: obj =   3.248749009e+00 inf =   1.505e-03 (11990) 3
*135308: obj =   3.247807466e+00 inf =   1.503e-03 (11927) 3
*135573: obj =   3.247194008e+00 inf =   1.530e-03 (11988) 2
*135829: obj =   3.246060836e+00 inf =   1.535e-03 (12087) 3
*136091: obj =   3.244624947e+00 inf =   1.540e-03 (11957) 2
*136348: obj =   3.243957800e+00 inf =   1.525e-03 (11958) 3
*136611: obj =   3.243605726e+00 inf =   1.522e-03 (11944) 2
*136869: obj =   3.242980960e+00 inf =   1.528e-03 (11896) 3
*137134: obj =   3.242149254e+00 inf =   1.539e-03 (11876) 2
*137396: obj =   3.241798207e+00 inf =   1.567e-03 (11987) 3
*137657: obj =   3.241323740e+00 inf =   1.562e-03 (11879) 3
*137921: obj =   3.240675616e+00 inf =   1.548e-03 (11956) 2
*138178: obj =   3.240472228e+00 inf =   1.538e-03 (12054) 3
*138447: obj =   3.240197128e+00 inf =   1.529e-03 (11898) 2
*138705: obj =   3.239862694e+00 inf =   1.529e-03 (11930) 3
*138967: obj =   3.239179608e+00 inf =   1.525e-03 (11884) 2
*139225: obj =   3.238452464e+00 inf =   1.535e-03 (11912) 3
*139490: obj =   3.237450540e+00 inf =   1.550e-03 (12030) 2
*139751: obj =   3.236864938e+00 inf =   1.562e-03 (11770) 3
*140006: obj =   3.234982991e+00 inf =   1.557e-03 (11676) 3
*140270: obj =   3.234006489e+00 inf =   1.559e-03 (11815) 2
*140527: obj =   3.233452902e+00 inf =   1.590e-03 (11943) 3
*140792: obj =   3.232420959e+00 inf =   1.587e-03 (12090) 2
*141050: obj =   3.231982971e+00 inf =   1.595e-03 (11976) 3
*141316: obj =   3.230842020e+00 inf =   1.603e-03 (12013) 2
*141576: obj =   3.230486167e+00 inf =   1.591e-03 (11871) 3
*141838: obj =   3.229263572e+00 inf =   1.587e-03 (12046) 3
*142100: obj =   3.227538216e+00 inf =   1.585e-03 (11824) 2
*142365: obj =   3.227294656e+00 inf =   1.575e-03 (12026) 3
*142630: obj =   3.226264647e+00 inf =   1.593e-03 (11849) 2
*142885: obj =   3.223205944e+00 inf =   1.601e-03 (12013) 3
*143144: obj =   3.219671117e+00 inf =   1.607e-03 (11914) 2
*143407: obj =   3.219192445e+00 inf =   1.608e-03 (11819) 3
*143670: obj =   3.218706173e+00 inf =   1.609e-03 (11695) 3
*143933: obj =   3.217431264e+00 inf =   1.608e-03 (11881) 2
*144189: obj =   3.215933525e+00 inf =   1.621e-03 (11971) 3
*144457: obj =   3.215649561e+00 inf =   1.631e-03 (11895) 2
*144716: obj =   3.215006567e+00 inf =   1.617e-03 (11863) 3
*144981: obj =   3.214254355e+00 inf =   1.635e-03 (11985) 2
*145241: obj =   3.213546496e+00 inf =   1.650e-03 (11902) 3
*145506: obj =   3.212628351e+00 inf =   1.683e-03 (11960) 2
*145764: obj =   3.212194256e+00 inf =   1.675e-03 (11815) 3
*146020: obj =   3.211569583e+00 inf =   1.677e-03 (11914) 3
*146286: obj =   3.210085580e+00 inf =   1.666e-03 (12085) 2
*146547: obj =   3.208541180e+00 inf =   1.661e-03 (11723) 3
*146812: obj =   3.207632695e+00 inf =   1.643e-03 (12080) 2
*147068: obj =   3.205747202e+00 inf =   1.649e-03 (11823) 3
*147332: obj =   3.204816286e+00 inf =   1.639e-03 (11889) 2
*147591: obj =   3.203816132e+00 inf =   1.648e-03 (11886) 3
*147850: obj =   3.203583269e+00 inf =   1.656e-03 (11970) 3
*148113: obj =   3.202906730e+00 inf =   1.649e-03 (11973) 2
*148374: obj =   3.202431087e+00 inf =   1.657e-03 (12085) 3
*148640: obj =   3.202100073e+00 inf =   1.677e-03 (11966) 2
*148898: obj =   3.201165081e+00 inf =   1.689e-03 (11917) 3
*149158: obj =   3.199279776e+00 inf =   1.690e-03 (11837) 2
*149416: obj =   3.198622794e+00 inf =   1.696e-03 (11855) 3
*149678: obj =   3.197876808e+00 inf =   1.670e-03 (11801) 2
*149933: obj =   3.196707735e+00 inf =   1.673e-03 (11956) 3
*150191: obj =   3.193398336e+00 inf =   1.676e-03 (11790) 3
*150456: obj =   3.192628923e+00 inf =   1.689e-03 (11627) 2
*150716: obj =   3.192142639e+00 inf =   1.696e-03 (12163) 3
*150979: obj =   3.190907120e+00 inf =   1.702e-03 (11931) 2
*151238: obj =   3.190118486e+00 inf =   1.713e-03 (11781) 3
*151499: obj =   3.189628619e+00 inf =   1.713e-03 (11814) 2
*151757: obj =   3.189273549e+00 inf =   1.723e-03 (11907) 3
*152020: obj =   3.188724317e+00 inf =   1.700e-03 (11807) 2
*152276: obj =   3.188042777e+00 inf =   1.702e-03 (11860) 3
*152535: obj =   3.187812079e+00 inf =   1.696e-03 (12071) 3
*152797: obj =   3.186855700e+00 inf =   1.668e-03 (11625) 2
*153051: obj =   3.184827579e+00 inf =   1.686e-03 (11883) 3
*153319: obj =   3.184721368e+00 inf =   1.698e-03 (11985) 2
*153577: obj =   3.184500707e+00 inf =   1.703e-03 (11851) 3
*153844: obj =   3.183791217e+00 inf =   1.709e-03 (12058) 2
*154099: obj =   3.182582978e+00 inf =   1.709e-03 (11662) 3
*154364: obj =   3.181957788e+00 inf =   1.723e-03 (11978) 3
*154628: obj =   3.181740268e+00 inf =   1.730e-03 (11713) 2
*154886: obj =   3.181258761e+00 inf =   1.767e-03 (11787) 3
*155149: obj =   3.181006737e+00 inf =   1.770e-03 (12077) 2
*155408: obj =   3.180366415e+00 inf =   1.776e-03 (11810) 3
*155671: obj =   3.180094755e+00 inf =   1.785e-03 (11885) 2
*155925: obj =   3.179263983e+00 inf =   1.779e-03 (12010) 3
*156181: obj =   3.176362916e+00 inf =   1.780e-03 (11748) 2
*156439: obj =   3.176137454e+00 inf =   1.789e-03 (11841) 3
*156702: obj =   3.175732722e+00 inf =   1.799e-03 (11826) 2
*156959: obj =   3.175301510e+00 inf =   1.814e-03 (11931) 3
*157216: obj =   3.174305956e+00 inf =   1.789e-03 (12009) 3
*157481: obj =   3.174046133e+00 inf =   1.791e-03 (11760) 2
*157737: obj =   3.173441967e+00 inf =   1.797e-03 (11607) 3
*158000: obj =   3.171521912e+00 inf =   1.792e-03 (11710) 2
*158254: obj =   3.169395456e+00 inf =   1.801e-03 (11797) 3
*158517: obj =   3.169102539e+00 inf =   1.807e-03 (11811) 2
*158772: obj =   3.168652383e+00 inf =   1.805e-03 (11952) 3
*159034: obj =   3.167211629e+00 inf =   1.792e-03 (11851) 2
*159290: obj =   3.166519131e+00 inf =   1.810e-03 (11893) 3
*159554: obj =   3.166330323e+00 inf =   1.818e-03 (11956) 2
*159809: obj =   3.165593415e+00 inf =   1.826e-03 (11735) 3
*160069: obj =   3.164365087e+00 inf =   1.828e-03 (11778) 3
*160332: obj =   3.163573440e+00 inf =   1.838e-03 (11900) 2
*160588: obj =   3.163464981e+00 inf =   1.841e-03 (11815) 3
*160852: obj =   3.163075654e+00 inf =   1.847e-03 (11731) 2
*161106: obj =   3.161648172e+00 inf =   1.848e-03 (11683) 3
*161369: obj =   3.160689450e+00 inf =   1.837e-03 (11763) 2
*161624: obj =   3.160644521e+00 inf =   1.839e-03 (12064) 3
*161885: obj =   3.160180275e+00 inf =   1.826e-03 (11887) 2
*162137: obj =   3.159097542e+00 inf =   1.824e-03 (12076) 3
*162399: obj =   3.158576829e+00 inf =   1.820e-03 (11983) 2
*162653: obj =   3.158264540e+00 inf =   1.821e-03 (11745) 3
*162913: obj =   3.157679867e+00 inf =   1.840e-03 (12047) 2
*163164: obj =   3.156652623e+00 inf =   1.839e-03 (11854) 3
*163423: obj =   3.156052317e+00 inf =   1.855e-03 (11962) 3
*163683: obj =   3.155726294e+00 inf =   1.853e-03 (11886) 2
*163937: obj =   3.155199231e+00 inf =   1.839e-03 (11880) 3
*164191: obj =   3.154424044e+00 inf =   1.833e-03 (11864) 2
*164447: obj =   3.154323974e+00 inf =   1.841e-03 (11733) 3
*164709: obj =   3.154012904e+00 inf =   1.839e-03 (11980) 2
*164962: obj =   3.153096107e+00 inf =   1.833e-03 (11883) 3
*165223: obj =   3.152601362e+00 inf =   1.826e-03 (12002) 2
*165479: obj =   3.152330699e+00 inf =   1.823e-03 (11836) 3
*165739: obj =   3.152141802e+00 inf =   1.821e-03 (11923) 2
*165990: obj =   3.151310181e+00 inf =   1.830e-03 (11702) 3
*166252: obj =   3.151141372e+00 inf =   1.848e-03 (11933) 2
*166506: obj =   3.150818433e+00 inf =   1.843e-03 (11869) 3
*166766: obj =   3.150239307e+00 inf =   1.847e-03 (11745) 2
*167018: obj =   3.148849101e+00 inf =   1.857e-03 (11839) 3
*167278: obj =   3.147921442e+00 inf =   1.864e-03 (11950) 2
*167533: obj =   3.147634670e+00 inf =   1.863e-03 (12113) 3
*167793: obj =   3.147216663e+00 inf =   1.865e-03 (11929) 2
*168043: obj =   3.146061199e+00 inf =   1.877e-03 (11903) 3
*168303: obj =   3.145094726e+00 inf =   1.889e-03 (11959) 2
*168557: obj =   3.144585134e+00 inf =   1.887e-03 (12034) 3
*168818: obj =   3.144267504e+00 inf =   1.882e-03 (12076) 2
*169071: obj =   3.143581721e+00 inf =   1.877e-03 (11900) 3
*169332: obj =   3.143281904e+00 inf =   1.872e-03 (12041) 3
*169594: obj =   3.143268431e+00 inf =   1.871e-03 (12216) 2
*169848: obj =   3.142687909e+00 inf =   1.856e-03 (11835) 3
*170105: obj =   3.141597978e+00 inf =   1.856e-03 (11947) 2
*170360: obj =   3.141352370e+00 inf =   1.863e-03 (11856) 3
*170621: obj =   3.141102495e+00 inf =   1.865e-03 (11787) 2
*170874: obj =   3.140164480e+00 inf =   1.891e-03 (11957) 3
*171132: obj =   3.139587240e+00 inf =   1.895e-03 (11652) 2
*171388: obj =   3.139371459e+00 inf =   1.915e-03 (11766) 3
*171652: obj =   3.139059765e+00 inf =   1.946e-03 (12026) 2
*171908: obj =   3.138684899e+00 inf =   1.922e-03 (11821) 3
*172168: obj =   3.137882003e+00 inf =   1.920e-03 (11968) 2
*172424: obj =   3.137653699e+00 inf =   1.947e-03 (12061) 3
*172685: obj =   3.137075682e+00 inf =   1.958e-03 (11813) 2
*172937: obj =   3.136352580e+00 inf =   1.965e-03 (11676) 3
*173194: obj =   3.135080967e+00 inf =   1.982e-03 (11952) 2
*173453: obj =   3.135048466e+00 inf =   1.984e-03 (11895) 3
*173714: obj =   3.134733177e+00 inf =   1.977e-03 (11727) 2
*173966: obj =   3.133907738e+00 inf =   1.984e-03 (11838) 3
*174224: obj =   3.132432367e+00 inf =   1.999e-03 (11927) 2
*174476: obj =   3.131969633e+00 inf =   2.036e-03 (12007) 3
*174736: obj =   3.131730969e+00 inf =   2.034e-03 (11984) 3
*174995: obj =   3.130977298e+00 inf =   2.042e-03 (11880) 2
*175247: obj =   3.129727724e+00 inf =   2.047e-03 (11775) 3
*175508: obj =   3.129284177e+00 inf =   2.027e-03 (11825) 2
*175761: obj =   3.128832685e+00 inf =   2.007e-03 (11752) 3
*176019: obj =   3.128042312e+00 inf =   1.992e-03 (11768) 2
*176272: obj =   3.126787312e+00 inf =   2.001e-03 (11908) 3
*176530: obj =   3.126311431e+00 inf =   1.990e-03 (11762) 2
*176782: obj =   3.126034228e+00 inf =   1.991e-03 (11906) 3
*177039: obj =   3.124996199e+00 inf =   2.001e-03 (11994) 2
*177293: obj =   3.123565169e+00 inf =   2.011e-03 (11910) 3
*177554: obj =   3.123120901e+00 inf =   2.005e-03 (11785) 2
*177807: obj =   3.122719675e+00 inf =   1.990e-03 (11827) 3
*178063: obj =   3.120400775e+00 inf =   1.985e-03 (11844) 2
*178315: obj =   3.119608864e+00 inf =   1.997e-03 (11843) 3
*178574: obj =   3.119139513e+00 inf =   2.015e-03 (11928) 2
*178827: obj =   3.119095877e+00 inf =   2.013e-03 (11940) 3
*179082: obj =   3.116523486e+00 inf =   2.016e-03 (11803) 2
*179334: obj =   3.114979683e+00 inf =   2.030e-03 (11773) 3
*179594: obj =   3.114849820e+00 inf =   2.046e-03 (11748) 2
*179847: obj =   3.114576271e+00 inf =   2.047e-03 (12013) 3
*180105: obj =   3.114009118e+00 inf =   2.039e-03 (11900) 2
*180356: obj =   3.113277043e+00 inf =   2.079e-03 (11952) 3
*180615: obj =   3.113114528e+00 inf =   2.085e-03 (11960) 2
*180864: obj =   3.112433876e+00 inf =   2.082e-03 (11890) 3
*181118: obj =   3.111826939e+00 inf =   2.066e-03 (11935) 2
*181371: obj =   3.111305588e+00 inf =   2.057e-03 (11867) 3
*181630: obj =   3.111231615e+00 inf =   2.059e-03 (12028) 2
*181881: obj =   3.110067726e+00 inf =   2.068e-03 (11731) 3
*182136: obj =   3.108607278e+00 inf =   2.072e-03 (11839) 2
*182388: obj =   3.107241760e+00 inf =   2.059e-03 (11830) 3
*182645: obj =   3.106837948e+00 inf =   2.067e-03 (11924) 2
*182896: obj =   3.106474842e+00 inf =   2.069e-03 (11890) 3
*183156: obj =   3.106013833e+00 inf =   2.085e-03 (11886) 2
*183410: obj =   3.105712317e+00 inf =   2.092e-03 (11841) 3
*183670: obj =   3.105613919e+00 inf =   2.107e-03 (12184) 2
*183922: obj =   3.105145641e+00 inf =   2.101e-03 (11977) 3
*184178: obj =   3.104214322e+00 inf =   2.107e-03 (11966) 2
*184430: obj =   3.104208235e+00 inf =   2.117e-03 (11878) 3
*184691: obj =   3.104044217e+00 inf =   2.107e-03 (12000) 2
*184942: obj =   3.103570225e+00 inf =   2.126e-03 (11917) 3
*185201: obj =   3.102939201e+00 inf =   2.121e-03 (11921) 2
*185453: obj =   3.102836460e+00 inf =   2.141e-03 (11871) 3
*185711: obj =   3.102712187e+00 inf =   2.146e-03 (11971) 2
*185961: obj =   3.102027948e+00 inf =   2.162e-03 (11752) 3
*186220: obj =   3.101261335e+00 inf =   2.175e-03 (12027) 2
*186474: obj =   3.101195834e+00 inf =   2.172e-03 (11925) 3
*186731: obj =   3.100734006e+00 inf =   2.180e-03 (11614) 2
*186980: obj =   3.100368961e+00 inf =   2.196e-03 (11849) 3
*187238: obj =   3.099388999e+00 inf =   2.221e-03 (11829) 2
*187490: obj =   3.098939077e+00 inf =   2.219e-03 (11852) 3
*187746: obj =   3.098185092e+00 inf =   2.228e-03 (12008) 2
*187995: obj =   3.097099909e+00 inf =   2.248e-03 (11858) 3
*188251: obj =   3.096071787e+00 inf =   2.261e-03 (11704) 2
*188507: obj =   3.095856463e+00 inf =   2.274e-03 (11900) 3
*188770: obj =   3.094968555e+00 inf =   2.262e-03 (11806) 2
*189021: obj =   3.093832582e+00 inf =   2.263e-03 (11921) 3
*189278: obj =   3.092964054e+00 inf =   2.250e-03 (11913) 2
*189530: obj =   3.092633246e+00 inf =   2.273e-03 (11853) 3
*189789: obj =   3.092384687e+00 inf =   2.256e-03 (11870) 2
*190039: obj =   3.091684405e+00 inf =   2.248e-03 (11765) 3
*190297: obj =   3.090569680e+00 inf =   2.261e-03 (11741) 2
*190551: obj =   3.090097450e+00 inf =   2.274e-03 (11797) 3
*190806: obj =   3.089989269e+00 inf =   2.261e-03 (11893) 3
*191066: obj =   3.089393563e+00 inf =   2.265e-03 (11765) 2
*191319: obj =   3.089048226e+00 inf =   2.260e-03 (11809) 3
*191581: obj =   3.089039327e+00 inf =   2.245e-03 (11926) 2
*191834: obj =   3.088903067e+00 inf =   2.240e-03 (11840) 3
*192094: obj =   3.088536175e+00 inf =   2.235e-03 (11967) 2
*192351: obj =   3.088395913e+00 inf =   2.231e-03 (11967) 3
*192614: obj =   3.087808075e+00 inf =   2.251e-03 (11810) 2
*192867: obj =   3.087553369e+00 inf =   2.237e-03 (11711) 3
*193125: obj =   3.086906661e+00 inf =   2.223e-03 (11868) 2
*193377: obj =   3.085319335e+00 inf =   2.210e-03 (11968) 3
*193635: obj =   3.085128318e+00 inf =   2.253e-03 (11854) 2
*193885: obj =   3.084908159e+00 inf =   2.235e-03 (11868) 3
*194141: obj =   3.084329737e+00 inf =   2.231e-03 (12014) 2
*194393: obj =   3.084167266e+00 inf =   2.247e-03 (11866) 3
*194650: obj =   3.083845418e+00 inf =   2.251e-03 (11941) 2
*194900: obj =   3.083152853e+00 inf =   2.255e-03 (11760) 3
*195157: obj =   3.082584188e+00 inf =   2.240e-03 (11823) 2
*195410: obj =   3.082128519e+00 inf =   2.256e-03 (12029) 3
*195669: obj =   3.081742372e+00 inf =   2.257e-03 (11733) 2
*195917: obj =   3.081045247e+00 inf =   2.242e-03 (11822) 3
*196168: obj =   3.079773804e+00 inf =   2.233e-03 (11714) 2
*196420: obj =   3.079420909e+00 inf =   2.247e-03 (12018) 3
*196677: obj =   3.078824728e+00 inf =   2.240e-03 (11640) 2
*196927: obj =   3.078067988e+00 inf =   2.243e-03 (11842) 3
*197183: obj =   3.077311565e+00 inf =   2.223e-03 (11829) 2
*197434: obj =   3.076541062e+00 inf =   2.245e-03 (11911) 3
*197690: obj =   3.076318927e+00 inf =   2.259e-03 (12023) 2
*197940: obj =   3.076082268e+00 inf =   2.266e-03 (11925) 3
*198195: obj =   3.075112289e+00 inf =   2.268e-03 (11765) 2
*198449: obj =   3.074802354e+00 inf =   2.276e-03 (11815) 3
*198707: obj =   3.074598052e+00 inf =   2.278e-03 (12060) 2
*198957: obj =   3.074303761e+00 inf =   2.279e-03 (12002) 3
*199214: obj =   3.073935246e+00 inf =   2.278e-03 (11941) 2
*199464: obj =   3.073691645e+00 inf =   2.276e-03 (11934) 3
*199720: obj =   3.073109447e+00 inf =   2.276e-03 (11848) 2
*199970: obj =   3.072693965e+00 inf =   2.285e-03 (11936) 3
*200223: obj =   3.070102629e+00 inf =   2.287e-03 (12098) 2
*200474: obj =   3.069671834e+00 inf =   2.310e-03 (11870) 3
*200730: obj =   3.068804903e+00 inf =   2.310e-03 (11921) 2
*200980: obj =   3.068403419e+00 inf =   2.302e-03 (11908) 3
*201236: obj =   3.066753795e+00 inf =   2.284e-03 (11934) 2
*201490: obj =   3.066717771e+00 inf =   2.279e-03 (11983) 3
*201747: obj =   3.066664033e+00 inf =   2.268e-03 (11993) 2
*201998: obj =   3.066385364e+00 inf =   2.260e-03 (12106) 3
*202255: obj =   3.065833193e+00 inf =   2.265e-03 (11894) 2
*202505: obj =   3.065717344e+00 inf =   2.278e-03 (11887) 3
*202762: obj =   3.065322375e+00 inf =   2.285e-03 (11960) 2
*203012: obj =   3.064989616e+00 inf =   2.294e-03 (11906) 3
*203269: obj =   3.063506908e+00 inf =   2.298e-03 (11972) 2
*203522: obj =   3.062913281e+00 inf =   2.307e-03 (11993) 3
*203782: obj =   3.062569847e+00 inf =   2.305e-03 (11812) 2
*204038: obj =   3.062183302e+00 inf =   2.309e-03 (11901) 3
*204298: obj =   3.061962532e+00 inf =   2.302e-03 (11738) 2
*204549: obj =   3.061847115e+00 inf =   2.321e-03 (11775) 3
*204806: obj =   3.061610105e+00 inf =   2.308e-03 (12033) 2
*205055: obj =   3.061072637e+00 inf =   2.297e-03 (11855) 3
*205311: obj =   3.059825175e+00 inf =   2.299e-03 (11772) 2
*205561: obj =   3.059583302e+00 inf =   2.314e-03 (11847) 3
*205817: obj =   3.058942825e+00 inf =   2.321e-03 (11682) 2
*206065: obj =   3.057968519e+00 inf =   2.313e-03 (11840) 3
*206321: obj =   3.057193404e+00 inf =   2.293e-03 (12178) 2
*206573: obj =   3.057069730e+00 inf =   2.303e-03 (11718) 3
*206830: obj =   3.056797387e+00 inf =   2.291e-03 (11882) 2
*207078: obj =   3.056001227e+00 inf =   2.289e-03 (11847) 3
*207336: obj =   3.055371698e+00 inf =   2.291e-03 (11967) 2
*207586: obj =   3.055282754e+00 inf =   2.313e-03 (11681) 3
*207841: obj =   3.055004325e+00 inf =   2.307e-03 (11800) 2
*208090: obj =   3.054787547e+00 inf =   2.296e-03 (11894) 3
*208349: obj =   3.054493232e+00 inf =   2.317e-03 (11968) 2
*208598: obj =   3.054387343e+00 inf =   2.312e-03 (11972) 3
*208854: obj =   3.054082930e+00 inf =   2.326e-03 (11832) 2
*209102: obj =   3.053733686e+00 inf =   2.326e-03 (11920) 3
*209358: obj =   3.053576125e+00 inf =   2.321e-03 (12010) 2
*209606: obj =   3.053412771e+00 inf =   2.323e-03 (11900) 3
*209860: obj =   3.052665926e+00 inf =   2.334e-03 (11793) 2
*210105: obj =   3.052079820e+00 inf =   2.333e-03 (11874) 3
*210362: obj =   3.051338468e+00 inf =   2.334e-03 (11809) 2
*210612: obj =   3.051080107e+00 inf =   2.329e-03 (11972) 3
*210867: obj =   3.050332872e+00 inf =   2.320e-03 (11811) 2
*211117: obj =   3.049930073e+00 inf =   2.314e-03 (11726) 3
*211373: obj =   3.049495706e+00 inf =   2.317e-03 (11601) 2
*211624: obj =   3.049384120e+00 inf =   2.322e-03 (12049) 3
*211882: obj =   3.049341536e+00 inf =   2.323e-03 (11920) 2
*212131: obj =   3.049135272e+00 inf =   2.322e-03 (11881) 3
*212388: obj =   3.048777620e+00 inf =   2.314e-03 (11913) 2
*212637: obj =   3.048600774e+00 inf =   2.288e-03 (11804) 3
*212890: obj =   3.048188315e+00 inf =   2.260e-03 (11935) 2
*213142: obj =   3.047305000e+00 inf =   2.266e-03 (11959) 2
*213394: obj =   3.046875554e+00 inf =   2.251e-03 (11912) 3
*213651: obj =   3.046747004e+00 inf =   2.272e-03 (11906) 3
*213906: obj =   3.046343556e+00 inf =   2.271e-03 (11928) 2
*214162: obj =   3.045746952e+00 inf =   2.279e-03 (11819) 2
*214412: obj =   3.045361292e+00 inf =   2.294e-03 (11906) 3
*214668: obj =   3.045051045e+00 inf =   2.301e-03 (11922) 2
*214918: obj =   3.045037048e+00 inf =   2.305e-03 (11816) 3
*215174: obj =   3.044824726e+00 inf =   2.323e-03 (11856) 2
*215425: obj =   3.044690717e+00 inf =   2.322e-03 (11915) 3
*215684: obj =   3.044442190e+00 inf =   2.324e-03 (11824) 2
*215935: obj =   3.044250732e+00 inf =   2.329e-03 (11886) 3
*216190: obj =   3.043114214e+00 inf =   2.339e-03 (11687) 2
*216443: obj =   3.042762587e+00 inf =   2.377e-03 (11912) 3
*216701: obj =   3.042743300e+00 inf =   2.393e-03 (11931) 2
*216950: obj =   3.042659478e+00 inf =   2.397e-03 (11798) 3
*217208: obj =   3.042533483e+00 inf =   2.392e-03 (11940) 2
*217461: obj =   3.042398425e+00 inf =   2.411e-03 (11775) 3
*217717: obj =   3.042206234e+00 inf =   2.402e-03 (11892) 2
*217966: obj =   3.041882373e+00 inf =   2.398e-03 (12093) 3
*218218: obj =   3.041319945e+00 inf =   2.385e-03 (11947) 2
*218468: obj =   3.040820931e+00 inf =   2.390e-03 (11921) 3
*218725: obj =   3.040746285e+00 inf =   2.402e-03 (11943) 2
*218975: obj =   3.040313520e+00 inf =   2.409e-03 (11946) 3
*219237: obj =   3.039710453e+00 inf =   2.427e-03 (11759) 2
*219492: obj =   3.039669940e+00 inf =   2.430e-03 (11864) 3
*219749: obj =   3.039570739e+00 inf =   2.432e-03 (11956) 3
*220004: obj =   3.039248532e+00 inf =   2.423e-03 (11944) 2
*220255: obj =   3.038564365e+00 inf =   2.429e-03 (11846) 3
*220513: obj =   3.038421262e+00 inf =   2.437e-03 (12012) 2
*220763: obj =   3.038165886e+00 inf =   2.447e-03 (11802) 3
*221017: obj =   3.037601842e+00 inf =   2.446e-03 (11880) 2
*221273: obj =   3.037169221e+00 inf =   2.458e-03 (11851) 3
*221531: obj =   3.036691703e+00 inf =   2.449e-03 (11764) 2
*221781: obj =   3.036292921e+00 inf =   2.452e-03 (11978) 3
*222036: obj =   3.035367754e+00 inf =   2.458e-03 (12134) 2
*222288: obj =   3.034472304e+00 inf =   2.473e-03 (11877) 3
*222548: obj =   3.034371599e+00 inf =   2.468e-03 (11852) 2
*222798: obj =   3.034264745e+00 inf =   2.452e-03 (11921) 3
*223053: obj =   3.034197620e+00 inf =   2.449e-03 (11812) 2
*223305: obj =   3.033890584e+00 inf =   2.459e-03 (11837) 3
*223561: obj =   3.033766460e+00 inf =   2.460e-03 (12067) 2
*223812: obj =   3.033614458e+00 inf =   2.469e-03 (12044) 3
*224067: obj =   3.033552052e+00 inf =   2.456e-03 (11895) 2
*224318: obj =   3.033289962e+00 inf =   2.468e-03 (11848) 3
*224578: obj =   3.033094441e+00 inf =   2.470e-03 (11902) 2
*224831: obj =   3.032984521e+00 inf =   2.472e-03 (12098) 3
*225090: obj =   3.032540104e+00 inf =   2.461e-03 (11906) 2
*225341: obj =   3.032417893e+00 inf =   2.470e-03 (11713) 3
*225601: obj =   3.032162712e+00 inf =   2.474e-03 (11817) 2
*225852: obj =   3.032027984e+00 inf =   2.485e-03 (11924) 3
*226111: obj =   3.031722517e+00 inf =   2.485e-03 (11953) 2
*226362: obj =   3.030905283e+00 inf =   2.481e-03 (11944) 3
*226618: obj =   3.030269101e+00 inf =   2.509e-03 (11846) 2
*226865: obj =   3.029767934e+00 inf =   2.505e-03 (11923) 3
*227120: obj =   3.029097938e+00 inf =   2.507e-03 (11942) 2
*227370: obj =   3.028827169e+00 inf =   2.515e-03 (11909) 3
*227626: obj =   3.028722392e+00 inf =   2.520e-03 (11839) 2
*227876: obj =   3.028552533e+00 inf =   2.524e-03 (11873) 3
*228131: obj =   3.028354149e+00 inf =   2.516e-03 (11807) 2
*228383: obj =   3.028289653e+00 inf =   2.537e-03 (11897) 3
*228641: obj =   3.028021922e+00 inf =   2.561e-03 (11990) 2
*228891: obj =   3.027718098e+00 inf =   2.565e-03 (11972) 3
*229148: obj =   3.027372923e+00 inf =   2.583e-03 (11802) 2
*229397: obj =   3.027125111e+00 inf =   2.586e-03 (11734) 3
*229653: obj =   3.026999704e+00 inf =   2.599e-03 (11899) 2
*229900: obj =   3.026876513e+00 inf =   2.599e-03 (11841) 3
*230154: obj =   3.026461198e+00 inf =   2.603e-03 (11950) 2
*230404: obj =   3.026222045e+00 inf =   2.607e-03 (11906) 3
*230657: obj =   3.026037751e+00 inf =   2.604e-03 (11824) 2
*230909: obj =   3.025818402e+00 inf =   2.618e-03 (11736) 3
*231165: obj =   3.025246640e+00 inf =   2.631e-03 (11893) 2
*231419: obj =   3.025068881e+00 inf =   2.607e-03 (11847) 3
*231674: obj =   3.024633891e+00 inf =   2.614e-03 (11780) 2
*231926: obj =   3.024560521e+00 inf =   2.605e-03 (11889) 3
*232181: obj =   3.023731252e+00 inf =   2.620e-03 (11920) 2
*232433: obj =   3.023367035e+00 inf =   2.623e-03 (11844) 3
*232688: obj =   3.022887335e+00 inf =   2.608e-03 (11821) 2
*232939: obj =   3.022434182e+00 inf =   2.601e-03 (12044) 3
*233194: obj =   3.021452955e+00 inf =   2.603e-03 (11954) 2
*233446: obj =   3.021146715e+00 inf =   2.624e-03 (11941) 3
*233703: obj =   3.020939315e+00 inf =   2.639e-03 (11863) 2
*233953: obj =   3.020680164e+00 inf =   2.641e-03 (12025) 3
*234208: obj =   3.019653725e+00 inf =   2.639e-03 (11779) 2
*234460: obj =   3.019379528e+00 inf =   2.661e-03 (11815) 3
*234714: obj =   3.019315853e+00 inf =   2.663e-03 (11953) 2
*234967: obj =   3.019104278e+00 inf =   2.655e-03 (12001) 3
*235220: obj =   3.018782831e+00 inf =   2.653e-03 (11722) 2
*235472: obj =   3.018483557e+00 inf =   2.663e-03 (11885) 3
*235729: obj =   3.018305602e+00 inf =   2.686e-03 (12088) 2
*235979: obj =   3.017952682e+00 inf =   2.670e-03 (11924) 3
*236233: obj =   3.017442413e+00 inf =   2.653e-03 (11884) 2
*236487: obj =   3.017291646e+00 inf =   2.657e-03 (11842) 3
*236742: obj =   3.016796353e+00 inf =   2.651e-03 (11777) 2
*236997: obj =   3.016621506e+00 inf =   2.653e-03 (11788) 2
*237242: obj =   3.015879034e+00 inf =   2.634e-03 (11739) 3
*237498: obj =   3.015791543e+00 inf =   2.632e-03 (11894) 2
*237749: obj =   3.015635666e+00 inf =   2.658e-03 (11948) 3
*238003: obj =   3.015433241e+00 inf =   2.679e-03 (11846) 2
*238249: obj =   3.014886683e+00 inf =   2.681e-03 (11753) 3
*238508: obj =   3.014561040e+00 inf =   2.675e-03 (11823) 2
*238757: obj =   3.014113333e+00 inf =   2.672e-03 (11807) 3
*239009: obj =   3.013017680e+00 inf =   2.691e-03 (11989) 2
*239257: obj =   3.012060191e+00 inf =   2.687e-03 (11917) 3
*239517: obj =   3.011862839e+00 inf =   2.696e-03 (11991) 2
*239766: obj =   3.011829040e+00 inf =   2.716e-03 (11832) 3
*240023: obj =   3.011439824e+00 inf =   2.710e-03 (11826) 2
*240273: obj =   3.011141936e+00 inf =   2.711e-03 (12099) 3
*240534: obj =   3.011138786e+00 inf =   2.726e-03 (12150) 2
*240782: obj =   3.010721748e+00 inf =   2.737e-03 (11922) 3
*241038: obj =   3.010572847e+00 inf =   2.729e-03 (11886) 2
*241286: obj =   3.009539286e+00 inf =   2.725e-03 (11888) 3
*241546: obj =   3.009368004e+00 inf =   2.726e-03 (11943) 2
*241798: obj =   3.009290584e+00 inf =   2.708e-03 (11996) 3
*242051: obj =   3.008929486e+00 inf =   2.715e-03 (11906) 2
*242299: obj =   3.007792172e+00 inf =   2.735e-03 (11876) 3
*242554: obj =   3.007620613e+00 inf =   2.745e-03 (11815) 2
*242802: obj =   3.007082334e+00 inf =   2.733e-03 (12011) 3
*243054: obj =   3.006783605e+00 inf =   2.730e-03 (11926) 2
*243303: obj =   3.006293661e+00 inf =   2.750e-03 (11939) 3
*243561: obj =   3.006263471e+00 inf =   2.761e-03 (11986) 2
*243812: obj =   3.006103902e+00 inf =   2.760e-03 (11854) 3
*244068: obj =   3.005658878e+00 inf =   2.736e-03 (11966) 2
*244319: obj =   3.005433087e+00 inf =   2.745e-03 (11853) 3
*244575: obj =   3.005320714e+00 inf =   2.740e-03 (11781) 2
*244823: obj =   3.005044776e+00 inf =   2.747e-03 (11764) 3
*245074: obj =   3.005000265e+00 inf =   2.730e-03 (11915) 2
*245330: obj =   3.004865978e+00 inf =   2.728e-03 (11872) 3
*245585: obj =   3.004840765e+00 inf =   2.719e-03 (11862) 2
*245836: obj =   3.004661211e+00 inf =   2.708e-03 (12056) 3
*246089: obj =   3.004468932e+00 inf =   2.703e-03 (11941) 2
*246344: obj =   3.003493460e+00 inf =   2.699e-03 (11797) 2
*246592: obj =   3.003312948e+00 inf =   2.714e-03 (11898) 3
*246845: obj =   3.003023661e+00 inf =   2.719e-03 (12003) 2
*247092: obj =   3.002611392e+00 inf =   2.694e-03 (11946) 3
*247347: obj =   3.002137574e+00 inf =   2.723e-03 (11804) 2
*247596: obj =   3.001851906e+00 inf =   2.755e-03 (11793) 3
*247853: obj =   3.001720990e+00 inf =   2.806e-03 (11788) 2
*248102: obj =   3.001636985e+00 inf =   2.796e-03 (11862) 3
*248360: obj =   3.001186254e+00 inf =   2.789e-03 (11869) 2
*248611: obj =   3.001150156e+00 inf =   2.777e-03 (11959) 3
*248871: obj =   3.001042325e+00 inf =   2.752e-03 (11968) 2
*249123: obj =   3.000749070e+00 inf =   2.766e-03 (11891) 3
*249384: obj =   3.000480172e+00 inf =   2.777e-03 (11816) 2
*249635: obj =   3.000143922e+00 inf =   2.788e-03 (11967) 3
*249894: obj =   2.999626165e+00 inf =   2.789e-03 (11914) 2
*250143: obj =   2.999429943e+00 inf =   2.792e-03 (11739) 3
*250399: obj =   2.999339276e+00 inf =   2.802e-03 (11796) 2
*250647: obj =   2.999179884e+00 inf =   2.797e-03 (11717) 3
*250902: obj =   2.999005356e+00 inf =   2.802e-03 (11945) 2
*251148: obj =   2.998072492e+00 inf =   2.768e-03 (11819) 3
*251405: obj =   2.996985741e+00 inf =   2.773e-03 (11750) 2
*251655: obj =   2.996731863e+00 inf =   2.727e-03 (11877) 3
*251910: obj =   2.996523399e+00 inf =   2.725e-03 (11891) 2
*252157: obj =   2.995969152e+00 inf =   2.727e-03 (11726) 3
*252413: obj =   2.995661003e+00 inf =   2.735e-03 (11871) 2
*252661: obj =   2.995589854e+00 inf =   2.728e-03 (11846) 3
*252914: obj =   2.995313838e+00 inf =   2.756e-03 (11834) 2
*253160: obj =   2.994790794e+00 inf =   2.733e-03 (11833) 3
*253414: obj =   2.994487535e+00 inf =   2.741e-03 (11914) 2
*253662: obj =   2.994272203e+00 inf =   2.726e-03 (11886) 3
*253916: obj =   2.994085540e+00 inf =   2.726e-03 (11908) 2
*254167: obj =   2.993276449e+00 inf =   2.737e-03 (11750) 3
*254423: obj =   2.992483866e+00 inf =   2.750e-03 (11786) 2
*254673: obj =   2.992460745e+00 inf =   2.756e-03 (12065) 3
*254927: obj =   2.992279940e+00 inf =   2.746e-03 (11972) 2
*255183: obj =   2.992038892e+00 inf =   2.768e-03 (11832) 2
*255435: obj =   2.991836860e+00 inf =   2.798e-03 (11798) 3
*255691: obj =   2.991779845e+00 inf =   2.818e-03 (11988) 2
*255939: obj =   2.991775336e+00 inf =   2.828e-03 (11892) 3
*256195: obj =   2.991285505e+00 inf =   2.822e-03 (11762) 2
*256449: obj =   2.990859750e+00 inf =   2.819e-03 (11830) 3
*256705: obj =   2.990541034e+00 inf =   2.819e-03 (11896) 2
*256952: obj =   2.990088874e+00 inf =   2.806e-03 (11834) 3
*257205: obj =   2.989822477e+00 inf =   2.789e-03 (11680) 2
*257453: obj =   2.989653634e+00 inf =   2.808e-03 (11918) 3
*257710: obj =   2.989626601e+00 inf =   2.807e-03 (11851) 2
*257958: obj =   2.989251929e+00 inf =   2.802e-03 (11803) 3
*258212: obj =   2.988533953e+00 inf =   2.789e-03 (11852) 2
*258460: obj =   2.988378501e+00 inf =   2.787e-03 (11881) 3
*258718: obj =   2.988266720e+00 inf =   2.809e-03 (11903) 2
*258966: obj =   2.988109141e+00 inf =   2.802e-03 (11852) 3
*259219: obj =   2.987318018e+00 inf =   2.811e-03 (11884) 2
*259465: obj =   2.986927313e+00 inf =   2.808e-03 (11845) 3
*259720: obj =   2.986550893e+00 inf =   2.804e-03 (11820) 2
*259966: obj =   2.985937178e+00 inf =   2.802e-03 (11766) 3
*260220: obj =   2.985105310e+00 inf =   2.810e-03 (11938) 2
*260468: obj =   2.984809306e+00 inf =   2.832e-03 (11824) 3
*260725: obj =   2.984344943e+00 inf =   2.819e-03 (11886) 2
*260973: obj =   2.984154463e+00 inf =   2.808e-03 (11833) 3
*261225: obj =   2.983748106e+00 inf =   2.807e-03 (11809) 2
*261480: obj =   2.983656914e+00 inf =   2.810e-03 (11934) 2
*261726: obj =   2.983392458e+00 inf =   2.818e-03 (11990) 3
*261980: obj =   2.983061882e+00 inf =   2.823e-03 (11994) 2
*262226: obj =   2.982775954e+00 inf =   2.813e-03 (11847) 3
*262480: obj =   2.982589981e+00 inf =   2.798e-03 (11794) 2
*262727: obj =   2.982337971e+00 inf =   2.779e-03 (11797) 3
*262980: obj =   2.982007715e+00 inf =   2.787e-03 (11907) 2
*263227: obj =   2.981621881e+00 inf =   2.766e-03 (11891) 3
*263482: obj =   2.981454786e+00 inf =   2.790e-03 (11799) 2
*263728: obj =   2.981376316e+00 inf =   2.806e-03 (11911) 3
*263981: obj =   2.981265855e+00 inf =   2.795e-03 (11946) 2
*264230: obj =   2.980496623e+00 inf =   2.801e-03 (11836) 3
*264490: obj =   2.980199444e+00 inf =   2.791e-03 (11841) 2
*264739: obj =   2.980058098e+00 inf =   2.782e-03 (11722) 3
*264991: obj =   2.979513762e+00 inf =   2.769e-03 (11883) 2
*265244: obj =   2.979213466e+00 inf =   2.761e-03 (11863) 3
*265502: obj =   2.979010330e+00 inf =   2.778e-03 (11895) 2
*265754: obj =   2.978966809e+00 inf =   2.801e-03 (12059) 3
*266009: obj =   2.978697874e+00 inf =   2.803e-03 (11822) 2
*266259: obj =   2.977629872e+00 inf =   2.809e-03 (11927) 3
*266517: obj =   2.977529921e+00 inf =   2.803e-03 (11880) 2
*266765: obj =   2.977257382e+00 inf =   2.783e-03 (11896) 3
*267023: obj =   2.977001538e+00 inf =   2.784e-03 (11858) 2
*267272: obj =   2.976227845e+00 inf =   2.789e-03 (11943) 3
*267530: obj =   2.975933727e+00 inf =   2.777e-03 (11872) 2
*267778: obj =   2.975827506e+00 inf =   2.783e-03 (11861) 3
*268032: obj =   2.975659144e+00 inf =   2.793e-03 (11831) 2
*268287: obj =   2.975317501e+00 inf =   2.780e-03 (11810) 3
*268546: obj =   2.974932259e+00 inf =   2.760e-03 (11910) 2
*268797: obj =   2.974631886e+00 inf =   2.760e-03 (11884) 3
*269053: obj =   2.973654514e+00 inf =   2.763e-03 (11957) 2
*269306: obj =   2.973252544e+00 inf =   2.773e-03 (11901) 3
*269563: obj =   2.973006418e+00 inf =   2.769e-03 (11923) 2
*269815: obj =   2.972658827e+00 inf =   2.768e-03 (11741) 3
*270072: obj =   2.972563700e+00 inf =   2.763e-03 (12033) 2
*270322: obj =   2.971773412e+00 inf =   2.778e-03 (11835) 3
*270578: obj =   2.971686366e+00 inf =   2.788e-03 (11849) 2
*270828: obj =   2.971524284e+00 inf =   2.784e-03 (11773) 3
*271081: obj =   2.970829127e+00 inf =   2.777e-03 (11880) 2
*271334: obj =   2.970015227e+00 inf =   2.782e-03 (11907) 2
*271587: obj =   2.969912556e+00 inf =   2.798e-03 (11775) 3
*271839: obj =   2.969671101e+00 inf =   2.810e-03 (11854) 2
*272084: obj =   2.969429252e+00 inf =   2.809e-03 (12040) 3
*272338: obj =   2.968627138e+00 inf =   2.812e-03 (11948) 2
*272585: obj =   2.968572471e+00 inf =   2.823e-03 (12002) 3
*272839: obj =   2.967834369e+00 inf =   2.823e-03 (11730) 2
*273086: obj =   2.967199730e+00 inf =   2.805e-03 (11888) 3
*273343: obj =   2.966883472e+00 inf =   2.805e-03 (11810) 2
*273593: obj =   2.966703792e+00 inf =   2.805e-03 (11851) 3
*273851: obj =   2.966684029e+00 inf =   2.814e-03 (11926) 2
*274099: obj =   2.966345388e+00 inf =   2.815e-03 (11870) 3
*274356: obj =   2.966250455e+00 inf =   2.832e-03 (11815) 2
*274602: obj =   2.966001328e+00 inf =   2.840e-03 (11848) 3
*274854: obj =   2.965354869e+00 inf =   2.828e-03 (11919) 2
*275099: obj =   2.964867239e+00 inf =   2.815e-03 (12056) 3
*275353: obj =   2.964617125e+00 inf =   2.836e-03 (11934) 2
*275598: obj =   2.964400191e+00 inf =   2.827e-03 (11812) 3
*275849: obj =   2.963931719e+00 inf =   2.831e-03 (11934) 2
*276098: obj =   2.962676721e+00 inf =   2.833e-03 (11883) 2
*276343: obj =   2.960893940e+00 inf =   2.828e-03 (11871) 3
*276598: obj =   2.960605825e+00 inf =   2.842e-03 (11842) 2
*276847: obj =   2.960393933e+00 inf =   2.849e-03 (11934) 3
*277098: obj =   2.960164568e+00 inf =   2.882e-03 (11873) 2
*277344: obj =   2.959868177e+00 inf =   2.892e-03 (11927) 3
*277597: obj =   2.959671937e+00 inf =   2.901e-03 (11845) 2
*277842: obj =   2.959548851e+00 inf =   2.911e-03 (11742) 3
*278094: obj =   2.959223054e+00 inf =   2.917e-03 (11713) 2
*278340: obj =   2.958718066e+00 inf =   2.916e-03 (11896) 3
*278592: obj =   2.958563793e+00 inf =   2.922e-03 (11764) 2
*278841: obj =   2.958512178e+00 inf =   2.918e-03 (11767) 2
*279084: obj =   2.957594767e+00 inf =   2.904e-03 (11883) 3
*279336: obj =   2.957161060e+00 inf =   2.906e-03 (11799) 2
*279588: obj =   2.956954134e+00 inf =   2.914e-03 (11934) 3
*279839: obj =   2.956666644e+00 inf =   2.901e-03 (11850) 2
*280084: obj =   2.956080060e+00 inf =   2.898e-03 (11792) 3
*280337: obj =   2.955446091e+00 inf =   2.899e-03 (11864) 2
*280585: obj =   2.955395029e+00 inf =   2.878e-03 (11974) 3
*280837: obj =   2.955282985e+00 inf =   2.873e-03 (11895) 2
*281081: obj =   2.954927742e+00 inf =   2.837e-03 (11752) 3
*281335: obj =   2.954778427e+00 inf =   2.851e-03 (11805) 2
*281582: obj =   2.954578202e+00 inf =   2.860e-03 (11853) 3
*281834: obj =   2.954164157e+00 inf =   2.861e-03 (11842) 2
*282087: obj =   2.953924869e+00 inf =   2.866e-03 (11956) 2
*282334: obj =   2.953564651e+00 inf =   2.858e-03 (11827) 3
*282588: obj =   2.953511977e+00 inf =   2.859e-03 (11893) 2
*282834: obj =   2.953426339e+00 inf =   2.864e-03 (11840) 3
*283084: obj =   2.953293998e+00 inf =   2.868e-03 (11765) 2
*283331: obj =   2.953190176e+00 inf =   2.879e-03 (11902) 3
*283586: obj =   2.953065149e+00 inf =   2.868e-03 (11851) 2
*283833: obj =   2.953039420e+00 inf =   2.849e-03 (11849) 3
*284085: obj =   2.952770158e+00 inf =   2.847e-03 (11863) 2
*284332: obj =   2.952601508e+00 inf =   2.844e-03 (11858) 3
*284586: obj =   2.952105856e+00 inf =   2.829e-03 (11842) 2
*284831: obj =   2.951744184e+00 inf =   2.840e-03 (12038) 3
*285083: obj =   2.951423941e+00 inf =   2.841e-03 (11785) 2
*285329: obj =   2.951207228e+00 inf =   2.834e-03 (11802) 3
*285587: obj =   2.951184096e+00 inf =   2.850e-03 (11835) 2
*285835: obj =   2.951090008e+00 inf =   2.839e-03 (11910) 3
*286085: obj =   2.950940144e+00 inf =   2.840e-03 (11829) 2
*286337: obj =   2.950629800e+00 inf =   2.844e-03 (12107) 2
*286584: obj =   2.950404833e+00 inf =   2.879e-03 (12050) 3
*286839: obj =   2.950195679e+00 inf =   2.879e-03 (12008) 2
*287087: obj =   2.949927737e+00 inf =   2.894e-03 (11768) 3
*287341: obj =   2.949225798e+00 inf =   2.886e-03 (11918) 2
*287589: obj =   2.949149044e+00 inf =   2.900e-03 (11827) 3
*287844: obj =   2.948787195e+00 inf =   2.903e-03 (11707) 2
*288090: obj =   2.948676011e+00 inf =   2.937e-03 (11823) 3
*288338: obj =   2.948002039e+00 inf =   2.937e-03 (11873) 2
*288583: obj =   2.947852384e+00 inf =   2.937e-03 (11916) 3
*288836: obj =   2.947292022e+00 inf =   2.918e-03 (11763) 2
*289082: obj =   2.946722501e+00 inf =   2.921e-03 (11801) 3
*289337: obj =   2.946677644e+00 inf =   2.918e-03 (11826) 2
*289590: obj =   2.946232287e+00 inf =   2.919e-03 (12000) 2
*289835: obj =   2.946193158e+00 inf =   2.913e-03 (12098) 3
*290086: obj =   2.945634258e+00 inf =   2.937e-03 (11748) 2
*290330: obj =   2.944746277e+00 inf =   2.955e-03 (11760) 3
*290585: obj =   2.944723709e+00 inf =   2.966e-03 (11877) 2
*290829: obj =   2.944681140e+00 inf =   2.955e-03 (11879) 3
*291080: obj =   2.944491587e+00 inf =   2.952e-03 (11775) 2
*291328: obj =   2.944376669e+00 inf =   2.932e-03 (11970) 3
*291583: obj =   2.944204944e+00 inf =   2.918e-03 (11773) 2
*291833: obj =   2.943978246e+00 inf =   2.900e-03 (11842) 3
*292084: obj =   2.943636697e+00 inf =   2.901e-03 (11800) 2
*292336: obj =   2.943522025e+00 inf =   2.908e-03 (11711) 2
*292582: obj =   2.943469652e+00 inf =   2.910e-03 (11780) 3
*292835: obj =   2.943221263e+00 inf =   2.926e-03 (11702) 2
*293078: obj =   2.943019711e+00 inf =   2.913e-03 (11894) 3
*293330: obj =   2.942802764e+00 inf =   2.901e-03 (11810) 2
*293577: obj =   2.942651824e+00 inf =   2.894e-03 (11857) 3
*293829: obj =   2.942442314e+00 inf =   2.881e-03 (11844) 2
*294074: obj =   2.942173498e+00 inf =   2.897e-03 (11836) 3
*294325: obj =   2.941688282e+00 inf =   2.910e-03 (11828) 2
*294576: obj =   2.941652062e+00 inf =   2.910e-03 (11776) 3
*294828: obj =   2.941599166e+00 inf =   2.911e-03 (11871) 2
*295076: obj =   2.941481135e+00 inf =   2.904e-03 (11805) 3
*295330: obj =   2.941267088e+00 inf =   2.899e-03 (12030) 2
*295583: obj =   2.941230658e+00 inf =   2.910e-03 (12049) 3
*295835: obj =   2.940932379e+00 inf =   2.901e-03 (11896) 2
*296086: obj =   2.940555542e+00 inf =   2.898e-03 (11817) 2
*296330: obj =   2.940155551e+00 inf =   2.877e-03 (11857) 3
*296585: obj =   2.940139109e+00 inf =   2.871e-03 (11883) 2
*296832: obj =   2.940104270e+00 inf =   2.853e-03 (11898) 3
*297084: obj =   2.940093678e+00 inf =   2.862e-03 (11810) 2
*297331: obj =   2.939935138e+00 inf =   2.867e-03 (11902) 3
*297585: obj =   2.939880701e+00 inf =   2.876e-03 (11920) 2
*297832: obj =   2.939708818e+00 inf =   2.872e-03 (11859) 3
*298083: obj =   2.939528541e+00 inf =   2.881e-03 (11875) 2
*298332: obj =   2.939164824e+00 inf =   2.882e-03 (11920) 3
*298585: obj =   2.939032316e+00 inf =   2.892e-03 (11927) 2
*298838: obj =   2.938874224e+00 inf =   2.873e-03 (11865) 2
*299084: obj =   2.938447346e+00 inf =   2.879e-03 (11932) 3
*299336: obj =   2.938148071e+00 inf =   2.874e-03 (11856) 2
*299582: obj =   2.938101518e+00 inf =   2.869e-03 (11728) 3
*299832: obj =   2.937836577e+00 inf =   2.875e-03 (11836) 2
*300075: obj =   2.937571690e+00 inf =   2.867e-03 (11787) 3
*300326: obj =   2.937233076e+00 inf =   2.856e-03 (11879) 2
*300573: obj =   2.937052056e+00 inf =   2.866e-03 (11865) 3
*300825: obj =   2.936982523e+00 inf =   2.864e-03 (11880) 2
*301072: obj =   2.936739748e+00 inf =   2.859e-03 (11935) 3
*301326: obj =   2.936490229e+00 inf =   2.847e-03 (11734) 2
*301579: obj =   2.936381456e+00 inf =   2.872e-03 (11777) 2
*301823: obj =   2.936246460e+00 inf =   2.870e-03 (11929) 3
*302072: obj =   2.936086249e+00 inf =   2.864e-03 (11916) 2
*302314: obj =   2.935516236e+00 inf =   2.874e-03 (11780) 3
*302565: obj =   2.935483829e+00 inf =   2.899e-03 (11986) 2
*302809: obj =   2.935256028e+00 inf =   2.884e-03 (11897) 3
*303060: obj =   2.935138165e+00 inf =   2.890e-03 (11945) 2
*303307: obj =   2.934946967e+00 inf =   2.884e-03 (12004) 3
*303561: obj =   2.934879540e+00 inf =   2.890e-03 (11852) 2
*303813: obj =   2.934762323e+00 inf =   2.876e-03 (11897) 3
*304062: obj =   2.934150626e+00 inf =   2.875e-03 (11701) 2
*304310: obj =   2.933459437e+00 inf =   2.852e-03 (11866) 2
*304553: obj =   2.933335109e+00 inf =   2.856e-03 (11739) 3
*304803: obj =   2.933154480e+00 inf =   2.869e-03 (11865) 2
*305046: obj =   2.932883769e+00 inf =   2.892e-03 (11803) 3
*305297: obj =   2.932553658e+00 inf =   2.904e-03 (11809) 2
*305542: obj =   2.932448101e+00 inf =   2.915e-03 (11898) 3
*305793: obj =   2.932228128e+00 inf =   2.930e-03 (11848) 2
*306044: obj =   2.932116802e+00 inf =   2.913e-03 (11836) 3
*306295: obj =   2.932102803e+00 inf =   2.926e-03 (11749) 2
*306547: obj =   2.931841441e+00 inf =   2.912e-03 (11804) 2
*306793: obj =   2.931754359e+00 inf =   2.933e-03 (11808) 3
*307044: obj =   2.931172763e+00 inf =   2.922e-03 (11834) 2
*307288: obj =   2.930631529e+00 inf =   2.924e-03 (11928) 3
*307542: obj =   2.930625950e+00 inf =   2.920e-03 (11901) 2
*307786: obj =   2.930565124e+00 inf =   2.916e-03 (11728) 3
*308035: obj =   2.929898985e+00 inf =   2.904e-03 (11935) 2
*308279: obj =   2.929145052e+00 inf =   2.925e-03 (11924) 3
*308532: obj =   2.929041918e+00 inf =   2.922e-03 (11809) 2
*308780: obj =   2.928947623e+00 inf =   2.912e-03 (11809) 2
*309022: obj =   2.928734334e+00 inf =   2.921e-03 (11795) 3
*309270: obj =   2.927809975e+00 inf =   2.923e-03 (11796) 2
*309521: obj =   2.927594874e+00 inf =   2.918e-03 (11743) 3
*309773: obj =   2.927453671e+00 inf =   2.942e-03 (11828) 2
*310017: obj =   2.927329073e+00 inf =   2.934e-03 (11859) 3
*310267: obj =   2.926732895e+00 inf =   2.926e-03 (11947) 2
*310514: obj =   2.926597426e+00 inf =   2.919e-03 (11863) 3
*310765: obj =   2.926215908e+00 inf =   2.929e-03 (11865) 2
*311013: obj =   2.925746643e+00 inf =   2.932e-03 (11905) 2
*311255: obj =   2.924850968e+00 inf =   2.933e-03 (11767) 3
*311507: obj =   2.924485768e+00 inf =   2.919e-03 (11939) 2
*311752: obj =   2.924295014e+00 inf =   2.934e-03 (11923) 3
*312004: obj =   2.924292395e+00 inf =   2.917e-03 (11928) 2
*312249: obj =   2.924158116e+00 inf =   2.902e-03 (11808) 3
*312499: obj =   2.924121682e+00 inf =   2.891e-03 (11923) 2
*312743: obj =   2.923906731e+00 inf =   2.898e-03 (11713) 3
*312994: obj =   2.923232962e+00 inf =   2.882e-03 (11926) 2
*313245: obj =   2.923049416e+00 inf =   2.877e-03 (11802) 2
*313493: obj =   2.922977720e+00 inf =   2.875e-03 (11989) 3
*313744: obj =   2.922925267e+00 inf =   2.877e-03 (11883) 2
*313989: obj =   2.922753898e+00 inf =   2.862e-03 (11928) 3
*314239: obj =   2.922478857e+00 inf =   2.856e-03 (11753) 2
*314484: obj =   2.922322740e+00 inf =   2.861e-03 (11829) 3
*314735: obj =   2.922319807e+00 inf =   2.884e-03 (11920) 2
*314980: obj =   2.922181882e+00 inf =   2.888e-03 (11729) 3
*315229: obj =   2.921821482e+00 inf =   2.881e-03 (11789) 2
*315479: obj =   2.921261630e+00 inf =   2.879e-03 (11939) 2
*315723: obj =   2.921105055e+00 inf =   2.880e-03 (11791) 3
*315972: obj =   2.920639496e+00 inf =   2.875e-03 (11828) 2
*316212: obj =   2.919060945e+00 inf =   2.864e-03 (11858) 3
*316462: obj =   2.918102404e+00 inf =   2.863e-03 (11797) 2
*316707: obj =   2.918094796e+00 inf =   2.866e-03 (11921) 3
*316959: obj =   2.917695445e+00 inf =   2.861e-03 (11826) 2
*317207: obj =   2.917306542e+00 inf =   2.873e-03 (11837) 2
*317452: obj =   2.917131626e+00 inf =   2.895e-03 (11909) 3
*317702: obj =   2.917027758e+00 inf =   2.899e-03 (12044) 2
*317945: obj =   2.916931528e+00 inf =   2.902e-03 (11885) 3
*318195: obj =   2.916927899e+00 inf =   2.947e-03 (11908) 2
*318440: obj =   2.916784027e+00 inf =   2.954e-03 (11948) 3
*318691: obj =   2.916597078e+00 inf =   2.963e-03 (11871) 2
*318934: obj =   2.916508760e+00 inf =   2.976e-03 (11956) 3
*319182: obj =   2.915771596e+00 inf =   2.982e-03 (11703) 2
*319431: obj =   2.915477633e+00 inf =   2.990e-03 (11676) 2
*319675: obj =   2.915313593e+00 inf =   3.000e-03 (11890) 3
*319924: obj =   2.915165296e+00 inf =   3.013e-03 (12088) 2
*320165: obj =   2.914653147e+00 inf =   3.021e-03 (11850) 3
*320417: obj =   2.914452636e+00 inf =   3.032e-03 (11850) 2
*320664: obj =   2.914325886e+00 inf =   3.067e-03 (11990) 3
*320915: obj =   2.914237073e+00 inf =   3.058e-03 (11919) 2
*321165: obj =   2.913873124e+00 inf =   3.056e-03 (11914) 2
*321412: obj =   2.913718019e+00 inf =   3.067e-03 (11682) 3
*321667: obj =   2.913540099e+00 inf =   3.074e-03 (11831) 2
*321911: obj =   2.913175927e+00 inf =   3.086e-03 (11886) 3
*322162: obj =   2.912952828e+00 inf =   3.080e-03 (11782) 2
*322410: obj =   2.912747916e+00 inf =   3.090e-03 (11775) 3
*322665: obj =   2.912597311e+00 inf =   3.102e-03 (11784) 2
*322911: obj =   2.912472570e+00 inf =   3.103e-03 (11875) 3
*323162: obj =   2.912131763e+00 inf =   3.061e-03 (11919) 2
*323409: obj =   2.911996541e+00 inf =   3.077e-03 (11977) 3
*323662: obj =   2.911970861e+00 inf =   3.090e-03 (11766) 2
*323907: obj =   2.911831849e+00 inf =   3.079e-03 (11799) 3
*324160: obj =   2.911145649e+00 inf =   3.087e-03 (11758) 2
*324414: obj =   2.910275312e+00 inf =   3.063e-03 (11897) 3
*324668: obj =   2.910064555e+00 inf =   3.059e-03 (11657) 2
*324919: obj =   2.909622428e+00 inf =   3.049e-03 (11787) 2
*325161: obj =   2.909010863e+00 inf =   3.046e-03 (11745) 3
*325412: obj =   2.907876539e+00 inf =   3.038e-03 (11712) 2
*325656: obj =   2.907606470e+00 inf =   3.045e-03 (11753) 3
*325910: obj =   2.906958592e+00 inf =   3.056e-03 (11877) 2
*326155: obj =   2.906521344e+00 inf =   3.052e-03 (11767) 3
*326408: obj =   2.905926051e+00 inf =   3.043e-03 (11829) 2
*326656: obj =   2.905595728e+00 inf =   3.039e-03 (11983) 3
*326908: obj =   2.905475239e+00 inf =   3.035e-03 (11908) 2
*327152: obj =   2.905300963e+00 inf =   3.033e-03 (11934) 3
*327401: obj =   2.905037953e+00 inf =   3.039e-03 (11860) 2
*327650: obj =   2.904835459e+00 inf =   3.049e-03 (11859) 2
*327894: obj =   2.904681509e+00 inf =   3.064e-03 (11881) 3
*328144: obj =   2.904220730e+00 inf =   3.067e-03 (11803) 2
*328386: obj =   2.903759847e+00 inf =   3.060e-03 (11818) 3
*328640: obj =   2.903574795e+00 inf =   3.049e-03 (11742) 2
*328885: obj =   2.903301306e+00 inf =   3.022e-03 (11946) 3
*329137: obj =   2.903205600e+00 inf =   3.014e-03 (11767) 2
*329380: obj =   2.902875630e+00 inf =   3.039e-03 (11938) 3
*329636: obj =   2.902848833e+00 inf =   3.017e-03 (11822) 2
*329885: obj =   2.902739915e+00 inf =   2.994e-03 (11922) 3
*330134: obj =   2.902581829e+00 inf =   2.977e-03 (11735) 2
*330382: obj =   2.902277994e+00 inf =   2.976e-03 (11740) 2
*330628: obj =   2.902231632e+00 inf =   2.997e-03 (11773) 3
*330879: obj =   2.902217172e+00 inf =   3.015e-03 (11785) 2
*331123: obj =   2.902081832e+00 inf =   3.016e-03 (11930) 3
*331374: obj =   2.901625250e+00 inf =   3.021e-03 (11842) 2
*331620: obj =   2.901610956e+00 inf =   3.062e-03 (11762) 3
*331871: obj =   2.901565008e+00 inf =   3.078e-03 (11817) 2
*332117: obj =   2.901153579e+00 inf =   3.080e-03 (11831) 3
*332369: obj =   2.900937115e+00 inf =   3.084e-03 (11834) 2
*332620: obj =   2.900825577e+00 inf =   3.097e-03 (11745) 3
*332869: obj =   2.900595508e+00 inf =   3.105e-03 (11844) 2
*333115: obj =   2.899942576e+00 inf =   3.093e-03 (11736) 2
*333352: obj =   2.899438385e+00 inf =   3.092e-03 (11809) 3
*333604: obj =   2.899248716e+00 inf =   3.091e-03 (11876) 2
*333848: obj =   2.899123769e+00 inf =   3.119e-03 (11777) 3
*334097: obj =   2.899043328e+00 inf =   3.131e-03 (11817) 2
*334347: obj =   2.898875548e+00 inf =   3.097e-03 (11856) 2
*334592: obj =   2.898815316e+00 inf =   3.105e-03 (11874) 3
*334842: obj =   2.898626612e+00 inf =   3.110e-03 (11875) 2
*335083: obj =   2.898219987e+00 inf =   3.105e-03 (11973) 3
*335329: obj =   2.897515669e+00 inf =   3.099e-03 (11801) 2
*335572: obj =   2.897217782e+00 inf =   3.100e-03 (11770) 3
*335823: obj =   2.896982328e+00 inf =   3.115e-03 (11762) 2
*336070: obj =   2.896627390e+00 inf =   3.110e-03 (11633) 3
*336319: obj =   2.896121875e+00 inf =   3.119e-03 (11804) 2
*336571: obj =   2.895965319e+00 inf =   3.128e-03 (11823) 2
*336816: obj =   2.895927003e+00 inf =   3.144e-03 (11923) 3
*337066: obj =   2.895713608e+00 inf =   3.145e-03 (11796) 2
*337307: obj =   2.895519838e+00 inf =   3.149e-03 (12014) 3
*337559: obj =   2.895068848e+00 inf =   3.171e-03 (11963) 2
*337803: obj =   2.894705165e+00 inf =   3.173e-03 (11850) 3
*338053: obj =   2.894035299e+00 inf =   3.176e-03 (11785) 2
*338297: obj =   2.892430115e+00 inf =   3.167e-03 (11928) 2
*338542: obj =   2.892151734e+00 inf =   3.170e-03 (11913) 3
*338791: obj =   2.891921126e+00 inf =   3.173e-03 (11631) 2
*339035: obj =   2.891627537e+00 inf =   3.163e-03 (11836) 3
*339288: obj =   2.891435704e+00 inf =   3.141e-03 (11937) 2
*339533: obj =   2.891356739e+00 inf =   3.149e-03 (11736) 3
*339784: obj =   2.891231868e+00 inf =   3.153e-03 (11876) 2
*340027: obj =   2.891190781e+00 inf =   3.151e-03 (11765) 3
*340278: obj =   2.890988677e+00 inf =   3.153e-03 (11860) 2
*340530: obj =   2.890957050e+00 inf =   3.156e-03 (11963) 3
*340780: obj =   2.890733077e+00 inf =   3.177e-03 (12035) 2
*341030: obj =   2.890056726e+00 inf =   3.194e-03 (11797) 2
*341267: obj =   2.889225069e+00 inf =   3.181e-03 (11853) 3
*341516: obj =   2.888903138e+00 inf =   3.182e-03 (11835) 2
*341756: obj =   2.888501189e+00 inf =   3.172e-03 (11852) 3
*342003: obj =   2.888194491e+00 inf =   3.165e-03 (11795) 2
*342250: obj =   2.887592596e+00 inf =   3.191e-03 (11856) 3
*342499: obj =   2.887355512e+00 inf =   3.189e-03 (11805) 2
*342749: obj =   2.887279984e+00 inf =   3.186e-03 (11966) 2
*342990: obj =   2.887230535e+00 inf =   3.185e-03 (11832) 3
*343238: obj =   2.887023071e+00 inf =   3.188e-03 (11870) 2
*343480: obj =   2.886746576e+00 inf =   3.202e-03 (11916) 3
*343730: obj =   2.886708499e+00 inf =   3.209e-03 (11835) 2
*343977: obj =   2.886558864e+00 inf =   3.198e-03 (11875) 3
*344224: obj =   2.885977064e+00 inf =   3.206e-03 (11800) 2
*344475: obj =   2.885379724e+00 inf =   3.210e-03 (11846) 2
*344718: obj =   2.885315102e+00 inf =   3.219e-03 (11808) 3
*344968: obj =   2.885218337e+00 inf =   3.213e-03 (11828) 2
*345210: obj =   2.884887576e+00 inf =   3.203e-03 (11873) 3
*345463: obj =   2.884724761e+00 inf =   3.214e-03 (11792) 2
*345708: obj =   2.884189288e+00 inf =   3.228e-03 (11772) 3
*345960: obj =   2.884071526e+00 inf =   3.237e-03 (11785) 2
*346206: obj =   2.883518867e+00 inf =   3.237e-03 (11780) 3
*346457: obj =   2.883404889e+00 inf =   3.232e-03 (11700) 2
*346708: obj =   2.883391139e+00 inf =   3.242e-03 (11923) 2
*346952: obj =   2.883361527e+00 inf =   3.227e-03 (11860) 3
*347204: obj =   2.883250797e+00 inf =   3.229e-03 (11773) 2
*347450: obj =   2.882994956e+00 inf =   3.220e-03 (11917) 3
*347705: obj =   2.882985948e+00 inf =   3.252e-03 (11897) 2
*347951: obj =   2.882849547e+00 inf =   3.258e-03 (11564) 3
*348201: obj =   2.882630349e+00 inf =   3.253e-03 (11675) 2
*348441: obj =   2.882196690e+00 inf =   3.245e-03 (11812) 3
*348690: obj =   2.882107082e+00 inf =   3.236e-03 (11804) 2
*348939: obj =   2.882065686e+00 inf =   3.234e-03 (11919) 2
*349183: obj =   2.881946486e+00 inf =   3.264e-03 (11921) 3
*349433: obj =   2.881905023e+00 inf =   3.261e-03 (11686) 2
*349676: obj =   2.881779218e+00 inf =   3.258e-03 (11821) 3
*349927: obj =   2.881697379e+00 inf =   3.262e-03 (11889) 2
*350169: obj =   2.881618393e+00 inf =   3.280e-03 (11842) 3
*350418: obj =   2.881368380e+00 inf =   3.265e-03 (11777) 2
*350670: obj =   2.881177654e+00 inf =   3.272e-03 (11853) 2
*350913: obj =   2.881072525e+00 inf =   3.265e-03 (11753) 3
*351162: obj =   2.880840508e+00 inf =   3.242e-03 (11805) 2
*351404: obj =   2.880398645e+00 inf =   3.249e-03 (11912) 3
*351652: obj =   2.880315299e+00 inf =   3.242e-03 (11793) 2
*351897: obj =   2.880042780e+00 inf =   3.247e-03 (11817) 3
*352149: obj =   2.880010522e+00 inf =   3.242e-03 (11858) 2
*352396: obj =   2.879843707e+00 inf =   3.221e-03 (11863) 2
*352639: obj =   2.879788176e+00 inf =   3.230e-03 (11830) 3
*352889: obj =   2.879564268e+00 inf =   3.241e-03 (11786) 2
*353130: obj =   2.879506507e+00 inf =   3.225e-03 (11835) 3
*353379: obj =   2.879283366e+00 inf =   3.221e-03 (11836) 2
*353623: obj =   2.879242951e+00 inf =   3.225e-03 (11854) 3
*353873: obj =   2.879189355e+00 inf =   3.203e-03 (11890) 2
*354120: obj =   2.879052589e+00 inf =   3.205e-03 (11825) 3
*354367: obj =   2.878808324e+00 inf =   3.191e-03 (11725) 2
*354619: obj =   2.878793183e+00 inf =   3.204e-03 (11857) 2
*354863: obj =   2.878759945e+00 inf =   3.209e-03 (11855) 3
*355112: obj =   2.878740447e+00 inf =   3.210e-03 (11869) 2
*355350: obj =   2.878683183e+00 inf =   3.195e-03 (11743) 3
*355598: obj =   2.878640827e+00 inf =   3.203e-03 (11820) 2
*355841: obj =   2.878536155e+00 inf =   3.202e-03 (11821) 3
*356086: obj =   2.878404717e+00 inf =   3.195e-03 (11879) 2
*356333: obj =   2.877817422e+00 inf =   3.182e-03 (11956) 2
*356574: obj =   2.877750364e+00 inf =   3.266e-03 (11899) 3
*356822: obj =   2.877537812e+00 inf =   3.261e-03 (11882) 2
*357065: obj =   2.877397579e+00 inf =   3.256e-03 (11838) 3
*357314: obj =   2.877190114e+00 inf =   3.269e-03 (11903) 2
*357564: obj =   2.876674534e+00 inf =   3.265e-03 (11809) 2
*357806: obj =   2.876659997e+00 inf =   3.249e-03 (11930) 3
*358055: obj =   2.876515780e+00 inf =   3.241e-03 (11875) 2
*358295: obj =   2.876239716e+00 inf =   3.234e-03 (11790) 3
*358546: obj =   2.876151983e+00 inf =   3.254e-03 (11802) 2
*358786: obj =   2.876145549e+00 inf =   3.260e-03 (11903) 3
*359034: obj =   2.876096454e+00 inf =   3.257e-03 (11792) 2
*359281: obj =   2.875993222e+00 inf =   3.259e-03 (11915) 2
*359523: obj =   2.875831085e+00 inf =   3.264e-03 (11946) 3
*359772: obj =   2.875670798e+00 inf =   3.255e-03 (11894) 2
*360013: obj =   2.875380589e+00 inf =   3.254e-03 (11840) 3
*360261: obj =   2.875312565e+00 inf =   3.242e-03 (11905) 2
*360510: obj =   2.875018050e+00 inf =   3.278e-03 (11968) 3
*360757: obj =   2.874927564e+00 inf =   3.375e-03 (11934) 2
*361006: obj =   2.874908798e+00 inf =   3.379e-03 (11716) 2
*361247: obj =   2.874739260e+00 inf =   3.367e-03 (11840) 3
*361498: obj =   2.874666391e+00 inf =   3.390e-03 (11868) 2
*361739: obj =   2.874635870e+00 inf =   3.374e-03 (11845) 3
*361988: obj =   2.874464886e+00 inf =   3.365e-03 (11691) 2
*362235: obj =   2.874272100e+00 inf =   3.366e-03 (11721) 3
*362485: obj =   2.873849998e+00 inf =   3.354e-03 (11825) 2
*362733: obj =   2.873667554e+00 inf =   3.333e-03 (11885) 2
*362977: obj =   2.873372440e+00 inf =   3.331e-03 (11950) 3
*363227: obj =   2.872926398e+00 inf =   3.314e-03 (11817) 2
*363471: obj =   2.872524035e+00 inf =   3.322e-03 (11741) 3
*363720: obj =   2.872497342e+00 inf =   3.321e-03 (11763) 2
*363962: obj =   2.872194383e+00 inf =   3.322e-03 (11899) 3
*364209: obj =   2.872155600e+00 inf =   3.345e-03 (11988) 2
*364459: obj =   2.871887926e+00 inf =   3.339e-03 (11917) 3
*364708: obj =   2.871883553e+00 inf =   3.345e-03 (11929) 2
*364955: obj =   2.871868091e+00 inf =   3.359e-03 (11812) 2
*365196: obj =   2.871734026e+00 inf =   3.368e-03 (11955) 3
*365445: obj =   2.871519251e+00 inf =   3.363e-03 (11714) 2
*365686: obj =   2.871194277e+00 inf =   3.362e-03 (11908) 3
*365935: obj =   2.871156815e+00 inf =   3.364e-03 (11986) 2
*366181: obj =   2.871103232e+00 inf =   3.354e-03 (11927) 3
*366431: obj =   2.870748435e+00 inf =   3.345e-03 (11757) 2
*366682: obj =   2.870723753e+00 inf =   3.346e-03 (11807) 2
*366925: obj =   2.870564788e+00 inf =   3.344e-03 (11885) 3
*367174: obj =   2.870211884e+00 inf =   3.346e-03 (11799) 2
*367415: obj =   2.869789911e+00 inf =   3.348e-03 (11750) 3
*367663: obj =   2.869785178e+00 inf =   3.422e-03 (11956) 2
*367904: obj =   2.869710335e+00 inf =   3.424e-03 (11785) 3
*368153: obj =   2.869627327e+00 inf =   3.412e-03 (11816) 2
*368405: obj =   2.869551889e+00 inf =   3.410e-03 (11776) 2
*368651: obj =   2.869510937e+00 inf =   3.420e-03 (11829) 3
*368902: obj =   2.869366852e+00 inf =   3.418e-03 (11814) 2
*369144: obj =   2.868877332e+00 inf =   3.427e-03 (11731) 3
*369390: obj =   2.868176686e+00 inf =   3.420e-03 (11764) 2
*369632: obj =   2.868009341e+00 inf =   3.417e-03 (11752) 3
*369881: obj =   2.867930647e+00 inf =   3.400e-03 (11774) 2
*370127: obj =   2.867344911e+00 inf =   3.402e-03 (11832) 3
*370376: obj =   2.865986385e+00 inf =   3.394e-03 (11998) 2
*370625: obj =   2.865980267e+00 inf =   3.395e-03 (11907) 2
*370867: obj =   2.865679536e+00 inf =   3.379e-03 (11739) 3
*371115: obj =   2.865627417e+00 inf =   3.358e-03 (12023) 2
*371354: obj =   2.865214664e+00 inf =   3.331e-03 (11885) 3
*371603: obj =   2.865178503e+00 inf =   3.338e-03 (11726) 2
*371850: obj =   2.865063392e+00 inf =   3.325e-03 (11815) 2
*372091: obj =   2.864855247e+00 inf =   3.334e-03 (11756) 3
*372339: obj =   2.864726343e+00 inf =   3.317e-03 (11878) 2
*372581: obj =   2.864417480e+00 inf =   3.310e-03 (11867) 3
*372829: obj =   2.864132598e+00 inf =   3.313e-03 (11878) 2
*373068: obj =   2.863948868e+00 inf =   3.309e-03 (11951) 3
*373313: obj =   2.863624714e+00 inf =   3.287e-03 (11883) 2
*373563: obj =   2.863487203e+00 inf =   3.318e-03 (11894) 2
*373803: obj =   2.863335181e+00 inf =   3.301e-03 (11872) 3
*374051: obj =   2.863230139e+00 inf =   3.303e-03 (11696) 2
*374291: obj =   2.862850025e+00 inf =   3.300e-03 (11796) 3
*374541: obj =   2.862737893e+00 inf =   3.302e-03 (11904) 2
*374788: obj =   2.862466042e+00 inf =   3.304e-03 (11845) 3
*375035: obj =   2.862347386e+00 inf =   3.297e-03 (11885) 2
*375283: obj =   2.862295938e+00 inf =   3.306e-03 (11738) 2
*375527: obj =   2.862169838e+00 inf =   3.304e-03 (11888) 3
*375776: obj =   2.862146984e+00 inf =   3.304e-03 (11814) 2
*376016: obj =   2.861870846e+00 inf =   3.318e-03 (12075) 3
*376263: obj =   2.861611634e+00 inf =   3.322e-03 (11920) 2
*376511: obj =   2.861342101e+00 inf =   3.327e-03 (11719) 3
*376759: obj =   2.861294854e+00 inf =   3.328e-03 (11861) 2
*377006: obj =   2.861267411e+00 inf =   3.332e-03 (11919) 2
*377246: obj =   2.861265300e+00 inf =   3.321e-03 (11952) 3
*377495: obj =   2.861094301e+00 inf =   3.316e-03 (11909) 2
*377737: obj =   2.861025817e+00 inf =   3.335e-03 (11712) 3
*377983: obj =   2.860996826e+00 inf =   3.332e-03 (11910) 2
*378228: obj =   2.860925911e+00 inf =   3.340e-03 (11815) 2
*378470: obj =   2.860887043e+00 inf =   3.336e-03 (11879) 3
*378722: obj =   2.860865041e+00 inf =   3.324e-03 (11816) 2
*378961: obj =   2.860724634e+00 inf =   3.319e-03 (11807) 3
*379206: obj =   2.860408178e+00 inf =   3.329e-03 (11914) 2
*379451: obj =   2.860390817e+00 inf =   3.312e-03 (11802) 3
*379699: obj =   2.860159181e+00 inf =   3.303e-03 (11731) 2
*379942: obj =   2.859900196e+00 inf =   3.307e-03 (11838) 2
