GLPSOL--GLPK LP/MIP Solver 5.0
Parameter(s) specified in the command line:
 -m ../GLPK/GraphColoringGLPK.mod -d queen11_11.col.dat -o ../sol/queen11_11.col.dat.sol
Reading model section from ../GLPK/GraphColoringGLPK.mod...
../GLPK/GraphColoringGLPK.mod:28: warning: unexpected end of file; missing end statement inserted
28 lines were read
Reading data section from queen11_11.col.dat...
queen11_11.col.dat:123: duplicate tuple (2,1) detected
Context:  ( 2 , 101 ) ( 101 , 2 ) ( 2 , 112 ) ( 112 , 2 ) ( 2 , 1 ) (
MathProg model processing error
GLPSOL--GLPK LP/MIP Solver 5.0
Parameter(s) specified in the command line:
 -m ../GLPK/GraphColoringGLPK.mod -d queen11_11.col.dat -o ../sol/queen11_11.col.dat.sol
Reading model section from ../GLPK/GraphColoringGLPK.mod...
../GLPK/GraphColoringGLPK.mod:28: warning: unexpected end of file; missing end statement inserted
28 lines were read
Reading data section from queen11_11.col.dat...
3965 lines were read
Generating colors_count...
Generating R1...
Generating R2...
Generating R3...
Model has been successfully generated
GLPK Integer Optimizer 5.0
479402 rows, 14762 columns, 1481282 non-zeros
14762 integer variables, all of which are binary
Preprocessing...
479401 rows, 14762 columns, 1481161 non-zeros
14762 integer variables, all of which are binary
Scaling...
 A: min|aij| =  1.000e+00  max|aij| =  1.000e+00  ratio =  1.000e+00
Problem data seem to be well scaled
Constructing initial basis...
Size of triangular part is 479401
Solving LP relaxation...
GLPK Simplex Optimizer 5.0
479401 rows, 14762 columns, 1481161 non-zeros
      0: obj =   0.000000000e+00 inf =   8.041e+03 (3961)
Perturbing LP to avoid stalling [200]...
    400: obj =   1.000000000e+00 inf =   4.081e+03 (3961) 1
    697: obj =   3.000000000e+00 inf =   3.737e+03 (3677) 3
    977: obj =   3.000000000e+00 inf =   3.584e+03 (3531) 3
   1263: obj =   3.000000000e+00 inf =   3.545e+03 (3531) 3
   1536: obj =   3.000000000e+00 inf =   3.492e+03 (3529) 2
   1786: obj =   3.000174241e+00 inf =   3.377e+03 (3527) 3
   2039: obj =   3.007187956e+00 inf =   3.253e+03 (3509) 2
   2305: obj =   3.018401737e+00 inf =   3.191e+03 (3507) 3
   2591: obj =   3.052961111e+00 inf =   3.111e+03 (3507) 3
   2863: obj =   3.088521844e+00 inf =   3.071e+03 (3507) 2
   3122: obj =   3.125963411e+00 inf =   3.033e+03 (3507) 3
   3376: obj =   3.289597950e+00 inf =   2.914e+03 (3497) 2
   3622: obj =   3.436396579e+00 inf =   2.820e+03 (3489) 3
   3872: obj =   3.611544733e+00 inf =   2.720e+03 (3459) 2
   4128: obj =   3.739171840e+00 inf =   2.639e+03 (3459) 2
   4379: obj =   3.849588176e+00 inf =   2.587e+03 (3457) 3
   4631: obj =   3.925150321e+00 inf =   2.536e+03 (3455) 2
   4876: obj =   3.994392765e+00 inf =   2.498e+03 (3453) 3
   5119: obj =   4.098238432e+00 inf =   2.431e+03 (3437) 2
   5361: obj =   4.246182979e+00 inf =   2.318e+03 (3411) 2
   5606: obj =   4.419167960e+00 inf =   2.211e+03 (3411) 2
   5844: obj =   4.876735000e+00 inf =   1.988e+03 (3391) 3
   6088: obj =   5.341812714e+00 inf =   1.793e+03 (3019) 2
   6330: obj =   5.707698899e+00 inf =   1.645e+03 (2937) 2
   6570: obj =   6.371912787e+00 inf =   1.462e+03 (2567) 2
   6808: obj =   7.130753504e+00 inf =   1.255e+03 (2319) 2
   7037: obj =   7.682967880e+00 inf =   1.072e+03 (2155) 2
   7274: obj =   7.995659539e+00 inf =   9.989e+02 (2105) 3
   7500: obj =   8.677145690e+00 inf =   8.413e+02 (1829) 2
   7714: obj =   8.972724597e+00 inf =   7.283e+02 (1427) 2
   7932: obj =   9.034739373e+00 inf =   6.165e+02 (1225) 2
   8161: obj =   9.026817108e+00 inf =   5.721e+02 (1151) 2
   8387: obj =   9.067302460e+00 inf =   5.141e+02 (1137) 3
   8610: obj =   9.095727020e+00 inf =   4.410e+02 (977) 2
   8824: obj =   9.125892553e+00 inf =   3.655e+02 (903) 2
   9031: obj =   9.112621771e+00 inf =   3.053e+02 (831) 2
   9255: obj =   9.092470078e+00 inf =   2.980e+02 (827) 2
   9472: obj =   9.075324239e+00 inf =   2.710e+02 (777) 2
   9672: obj =   9.044122179e+00 inf =   2.152e+02 (585) 2
   9874: obj =   9.023147989e+00 inf =   1.581e+02 (499) 2
  10083: obj =   8.999770557e+00 inf =   1.285e+02 (433) 2
  10298: obj =   8.915619440e+00 inf =   1.219e+02 (383) 2
  10497: obj =   8.803461360e+00 inf =   8.213e+01 (287) 2
  10697: obj =   8.667284026e+00 inf =   6.723e+01 (139) 2
  10901: obj =   8.602214045e+00 inf =   5.018e+01 (109) 2
  11108: obj =   8.591891099e+00 inf =   4.055e+01 (49) 2
  11330: obj =   8.870137497e+00 inf =   3.503e+01 (49) 2
  11545: obj =   8.964147371e+00 inf =   3.148e+01 (33) 2
  11755: obj =   9.009006202e+00 inf =   2.680e+01 (29) 2
  11965: obj =   9.013548312e+00 inf =   2.277e+01 (25) 2
  12176: obj =   8.993995999e+00 inf =   2.029e+01 (23) 2
  12386: obj =   8.973651839e+00 inf =   1.729e+01 (9) 2
  12593: obj =   8.992522582e+00 inf =   1.423e+01 (7) 2
  12796: obj =   8.996116942e+00 inf =   9.997e+00 (5) 2
  12996: obj =   9.013715270e+00 inf =   5.965e+00 (5) 2
  13208: obj =   9.028560478e+00 inf =   4.279e+00 (5) 2
  13422: obj =   9.061068654e+00 inf =   2.634e+00 (5) 2
  13633: obj =   9.008508682e+00 inf =   1.267e+00 (3) 2
  13719: obj =   9.024304640e+00 inf =   7.405e-05 (0) 1
* 13935: obj =   8.742012095e+00 inf =   7.566e-05 (7037) 2
* 14151: obj =   8.594253959e+00 inf =   7.494e-05 (7208) 2
* 14369: obj =   8.420175549e+00 inf =   7.759e-05 (7420) 2
* 14580: obj =   8.212272021e+00 inf =   7.714e-05 (7256) 3
* 14790: obj =   8.016519300e+00 inf =   7.823e-05 (7199) 2
* 14995: obj =   7.855911145e+00 inf =   7.736e-05 (7451) 2
* 15207: obj =   7.774198217e+00 inf =   7.594e-05 (7220) 2
* 15415: obj =   7.673342919e+00 inf =   7.760e-05 (7287) 2
* 15628: obj =   7.582850051e+00 inf =   7.939e-05 (6789) 2
* 15838: obj =   7.484655294e+00 inf =   8.032e-05 (7462) 2
* 16043: obj =   7.341640627e+00 inf =   8.023e-05 (7135) 2
* 16256: obj =   7.255452239e+00 inf =   8.246e-05 (7335) 2
* 16465: obj =   7.177081410e+00 inf =   8.400e-05 (7468) 2
* 16677: obj =   7.090675118e+00 inf =   8.723e-05 (6497) 2
* 16893: obj =   7.048269923e+00 inf =   9.147e-05 (7646) 2
* 17110: obj =   6.992247283e+00 inf =   9.316e-05 (7516) 2
* 17318: obj =   6.967325578e+00 inf =   9.385e-05 (6850) 3
* 17527: obj =   6.865730512e+00 inf =   9.523e-05 (7368) 2
* 17737: obj =   6.782228794e+00 inf =   9.548e-05 (7287) 2
* 17935: obj =   6.642932949e+00 inf =   9.753e-05 (6712) 2
* 18143: obj =   6.583112048e+00 inf =   1.005e-04 (7544) 2
* 18352: obj =   6.563209832e+00 inf =   1.064e-04 (7577) 2
* 18552: obj =   6.519906728e+00 inf =   1.074e-04 (7338) 2
* 18753: obj =   6.472453652e+00 inf =   1.059e-04 (7490) 2
* 18951: obj =   6.389896440e+00 inf =   1.118e-04 (7242) 2
* 19150: obj =   6.342162479e+00 inf =   1.164e-04 (7697) 2
* 19354: obj =   6.282557232e+00 inf =   1.210e-04 (7697) 2
* 19552: obj =   6.213838839e+00 inf =   1.220e-04 (7286) 2
* 19752: obj =   6.195997637e+00 inf =   1.231e-04 (7947) 2
* 19952: obj =   6.147718348e+00 inf =   1.221e-04 (7114) 2
* 20158: obj =   6.093919020e+00 inf =   1.256e-04 (7615) 2
* 20359: obj =   6.048073362e+00 inf =   1.272e-04 (6930) 2
* 20563: obj =   5.986721068e+00 inf =   1.342e-04 (7360) 2
* 20767: obj =   5.917943690e+00 inf =   1.425e-04 (7167) 2
* 20965: obj =   5.820697351e+00 inf =   1.453e-04 (7330) 2
* 21171: obj =   5.782651571e+00 inf =   1.464e-04 (7749) 2
* 21375: obj =   5.739939945e+00 inf =   1.465e-04 (6688) 2
* 21566: obj =   5.637809120e+00 inf =   1.400e-04 (7324) 2
* 21750: obj =   5.488898962e+00 inf =   1.433e-04 (7104) 1
* 21922: obj =   5.310672064e+00 inf =   1.473e-04 (7928) 2
* 22098: obj =   5.217641190e+00 inf =   1.517e-04 (7836) 2
* 22293: obj =   5.193790280e+00 inf =   1.541e-04 (7491) 2
* 22480: obj =   5.090353906e+00 inf =   1.590e-04 (6713) 2
* 22662: obj =   4.949694936e+00 inf =   1.654e-04 (7635) 1
* 22837: obj =   4.817236231e+00 inf =   1.688e-04 (7750) 2
* 23010: obj =   4.702528800e+00 inf =   1.742e-04 (6793) 2
* 23194: obj =   4.664815155e+00 inf =   1.762e-04 (7401) 2
* 23380: obj =   4.604011482e+00 inf =   1.766e-04 (7584) 1
* 23553: obj =   4.489626536e+00 inf =   1.831e-04 (7060) 2
* 23716: obj =   4.379231098e+00 inf =   1.898e-04 (7202) 2
* 23878: obj =   4.274161361e+00 inf =   1.935e-04 (7575) 1
* 24034: obj =   4.180134754e+00 inf =   1.989e-04 (6737) 2
* 24215: obj =   4.157796947e+00 inf =   1.995e-04 (7572) 2
* 24392: obj =   4.097724111e+00 inf =   2.053e-04 (7719) 2
* 24561: obj =   4.006038252e+00 inf =   2.108e-04 (7730) 1
* 24722: obj =   3.917224252e+00 inf =   2.157e-04 (7528) 2
* 24888: obj =   3.839775526e+00 inf =   2.182e-04 (7380) 1
* 25048: obj =   3.775214157e+00 inf =   2.214e-04 (7110) 2
* 25219: obj =   3.762839030e+00 inf =   2.301e-04 (7190) 2
* 25396: obj =   3.756778568e+00 inf =   2.312e-04 (7122) 1
* 25563: obj =   3.725394699e+00 inf =   2.329e-04 (7261) 2
* 25719: obj =   3.646187250e+00 inf =   2.352e-04 (7564) 2
* 25880: obj =   3.581027343e+00 inf =   2.417e-04 (7099) 1
* 26033: obj =   3.514442480e+00 inf =   2.467e-04 (7076) 2
* 26206: obj =   3.509379222e+00 inf =   2.466e-04 (7343) 1
* 26371: obj =   3.504610066e+00 inf =   2.484e-04 (7383) 2
* 26535: obj =   3.495547703e+00 inf =   2.480e-04 (7251) 2
* 26700: obj =   3.453474690e+00 inf =   2.519e-04 (6929) 1
* 26852: obj =   3.377171254e+00 inf =   2.568e-04 (7475) 2
* 27010: obj =   3.310934273e+00 inf =   2.611e-04 (7518) 1
* 27173: obj =   3.287654869e+00 inf =   2.632e-04 (7218) 2
* 27337: obj =   3.277310553e+00 inf =   2.657e-04 (7269) 2
* 27501: obj =   3.237793946e+00 inf =   2.718e-04 (7108) 1
* 27651: obj =   3.187233293e+00 inf =   2.734e-04 (7316) 2
* 27806: obj =   3.126357227e+00 inf =   2.782e-04 (7062) 1
* 27957: obj =   3.057469739e+00 inf =   2.837e-04 (7436) 2
* 28113: obj =   2.997021028e+00 inf =   2.857e-04 (7083) 1
* 28273: obj =   2.987124931e+00 inf =   2.829e-04 (7270) 2
* 28433: obj =   2.976039371e+00 inf =   2.879e-04 (7188) 2
* 28597: obj =   2.970331345e+00 inf =   2.893e-04 (7349) 1
* 28753: obj =   2.956948613e+00 inf =   2.902e-04 (7119) 2
* 28912: obj =   2.920524915e+00 inf =   2.914e-04 (7059) 1
* 29064: obj =   2.876399982e+00 inf =   2.966e-04 (7377) 2
* 29228: obj =   2.867935298e+00 inf =   2.963e-04 (7253) 1
* 29384: obj =   2.836980842e+00 inf =   2.956e-04 (7327) 2
* 29567: obj =   2.772227040e+00 inf =   3.649e-04 (7170) 2
* 29775: obj =   2.751485553e+00 inf =   8.712e-04 (7126) 2
* 30007: obj =   2.653867721e+00 inf =   8.787e-04 (7164) 2
* 30174: obj =   2.651990412e+00 inf =   5.359e-04 (7405) 2
* 30339: obj =   2.651988546e+00 inf =   6.019e-04 (7354) 1
* 30505: obj =   2.650793315e+00 inf =   8.835e-04 (7215) 2
* 30745: obj =   2.643327547e+00 inf =   1.068e-03 (7185) 2
* 30980: obj =   2.563822073e+00 inf =   1.173e-03 (7252) 3
* 31164: obj =   2.553460558e+00 inf =   1.199e-03 (7464) 2
* 31327: obj =   2.553452219e+00 inf =   2.337e-03 (7472) 1
* 31504: obj =   2.548890373e+00 inf =   2.825e-03 (7457) 2
* 31743: obj =   2.538305730e+00 inf =   2.145e-03 (7389) 2
* 31985: obj =   2.451343960e+00 inf =   2.148e-03 (7500) 3
* 32164: obj =   2.448079430e+00 inf =   2.003e-03 (7543) 1
* 32350: obj =   2.447043155e+00 inf =   3.263e-03 (7369) 2
* 32604: obj =   2.443248226e+00 inf =   3.207e-03 (7196) 3
* 32852: obj =   2.437507146e+00 inf =   3.184e-03 (7486) 2
* 33078: obj =   2.361265070e+00 inf =   2.322e-03 (7155) 2
* 33250: obj =   2.361205715e+00 inf =   4.227e-03 (7056) 2
* 33490: obj =   2.358097787e+00 inf =   3.920e-03 (7486) 3
* 33738: obj =   2.354788605e+00 inf =   3.806e-03 (7738) 2
* 33991: obj =   2.281034363e+00 inf =   3.726e-03 (7096) 3
* 34193: obj =   2.280057331e+00 inf =   2.895e-03 (7688) 2
* 34421: obj =   2.277956861e+00 inf =   2.984e-03 (7403) 2
* 34673: obj =   2.273898150e+00 inf =   2.869e-03 (7519) 2
* 34908: obj =   2.202595447e+00 inf =   2.811e-03 (7602) 3
* 35126: obj =   2.199365655e+00 inf =   2.729e-03 (7589) 2
* 35380: obj =   2.131648075e+00 inf =   2.511e-03 (7197) 2
* 35597: obj =   2.129874278e+00 inf =   2.988e-03 (7611) 2
* 35839: obj =   2.126986467e+00 inf =   3.010e-03 (704) 3
* 36080: obj =   2.062678930e+00 inf =   4.459e-03 (4105) 2
* 36269: obj =   2.062676433e+00 inf =   4.760e-03 (3846) 2
* 36500: obj =   2.000001269e+00 inf =   4.403e-03 (3208) 2
* 36678: obj =   2.000000628e+00 inf =   4.248e-03 (5484) 2
* 36854: obj =   2.000000260e+00 inf =   4.561e-03 (5711) 2
* 37026: obj =   2.000000051e+00 inf =   5.242e-03 (6368) 2
* 37199: obj =   1.999999783e+00 inf =   6.129e-03 (6531) 1
* 37361: obj =   1.999999510e+00 inf =   7.636e-03 (6342) 2
* 37530: obj =   1.999999353e+00 inf =   8.937e-03 (6467) 1
* 37691: obj =   1.999999201e+00 inf =   1.077e-02 (5632) 2
* 37851: obj =   1.999999106e+00 inf =   1.172e-02 (5896) 2
* 38015: obj =   1.999999035e+00 inf =   1.235e-02 (5835) 1
* 38172: obj =   1.999998951e+00 inf =   1.304e-02 (5633) 2
* 38336: obj =   1.999998839e+00 inf =   1.414e-02 (6224) 1
* 38496: obj =   1.999998739e+00 inf =   1.495e-02 (6179) 2
* 38654: obj =   1.999998664e+00 inf =   1.589e-02 (5107) 2
* 38820: obj =   1.999998601e+00 inf =   1.681e-02 (5223) 1
* 38977: obj =   1.999998530e+00 inf =   1.754e-02 (5530) 2
* 39142: obj =   1.999998388e+00 inf =   1.972e-02 (6158) 1
* 39304: obj =   1.999998311e+00 inf =   2.127e-02 (5591) 2
* 39464: obj =   1.999998204e+00 inf =   2.294e-02 (5736) 2
* 39632: obj =   1.999998093e+00 inf =   2.501e-02 (5779) 1
* 39794: obj =   1.999997990e+00 inf =   2.628e-02 (6088) 2
* 39959: obj =   1.999997922e+00 inf =   2.732e-02 (5276) 2
* 40129: obj =   1.999997835e+00 inf =   2.840e-02 (6362) 1
* 40295: obj =   1.999997730e+00 inf =   2.953e-02 (5744) 2
* 40464: obj =   1.999997612e+00 inf =   3.064e-02 (5322) 2
* 40637: obj =   1.999997529e+00 inf =   3.194e-02 (6246) 1
* 40802: obj =   1.999997454e+00 inf =   3.312e-02 (5399) 2
* 40969: obj =   1.999997395e+00 inf =   3.412e-02 (4978) 2
* 41144: obj =   1.999997319e+00 inf =   3.540e-02 (6035) 1
* 41316: obj =   1.999997242e+00 inf =   3.648e-02 (5466) 2
* 41488: obj =   1.999997167e+00 inf =   3.762e-02 (5210) 2
* 41666: obj =   1.999997064e+00 inf =   3.909e-02 (5961) 1
* 41838: obj =   1.999996988e+00 inf =   4.015e-02 (5433) 2
* 42008: obj =   1.999996920e+00 inf =   4.103e-02 (5376) 2
* 42182: obj =   1.999996824e+00 inf =   4.183e-02 (5153) 2
* 42365: obj =   1.999996735e+00 inf =   4.275e-02 (4403) 1
* 42541: obj =   1.999996687e+00 inf =   4.362e-02 (4127) 2
* 42716: obj =   1.999996643e+00 inf =   4.409e-02 (3869) 2
* 42891: obj =   1.999996619e+00 inf =   4.442e-02 (4373) 2
* 43072: obj =   1.999996570e+00 inf =   4.501e-02 (3690) 1
* 43247: obj =   1.999996512e+00 inf =   4.556e-02 (4897) 2
* 43422: obj =   1.999996465e+00 inf =   4.626e-02 (4695) 2
* 43599: obj =   1.999996434e+00 inf =   4.679e-02 (3502) 2
* 43782: obj =   1.999996402e+00 inf =   4.725e-02 (3703) 1
* 43957: obj =   1.999996368e+00 inf =   4.775e-02 (3851) 2
* 44131: obj =   1.999996335e+00 inf =   4.829e-02 (3096) 2
* 44308: obj =   1.999996308e+00 inf =   4.847e-02 (3177) 2
* 44498: obj =   1.999996281e+00 inf =   4.859e-02 (2616) 1
* 44679: obj =   1.999996265e+00 inf =   4.885e-02 (2260) 2
* 44858: obj =   1.999996248e+00 inf =   4.891e-02 (2157) 2
* 45033: obj =   1.999996234e+00 inf =   4.879e-02 (2171) 2
* 45212: obj =   1.999996213e+00 inf =   4.886e-02 (1975) 2
* 45396: obj =   1.999996197e+00 inf =   4.895e-02 (1284) 1
* 45573: obj =   1.999996188e+00 inf =   4.883e-02 (1346) 2
* 45765: obj =   1.999996175e+00 inf =   4.924e-02 (1264) 2
* 45961: obj =   1.999996169e+00 inf =   4.945e-02 (636) 2
* 46163: obj =   1.999996166e+00 inf =   4.960e-02 (335) 2
* 46365: obj =   1.999996164e+00 inf =   4.961e-02 (159) 2
Removing LP perturbation [46490]...
* 46490: obj =   2.000000000e+00 inf =   7.021e-12 (0) 1
OPTIMAL LP SOLUTION FOUND
Integer optimization begins...
Long-step dual simplex will be used
+ 46490: mip =     not found yet >=              -inf        (1; 0)
+ 46490: mip =     not found yet >=   2.000000000e+00        (2; 0)
Time used: 64.6 secs.  Memory used: 619.3 Mb.
# 46837: obj =   2.004878323e+00 inf =   1.410e-18 (52766) 3 33%
# 47010: obj =   2.013238991e+00 inf =   4.879e-18 (55291) 2 42%
# 47185: obj =   2.025300803e+00 inf =   1.466e-18 (63324) 1 47%
# 47352: obj =   2.033890087e+00 inf =   8.068e-16 (51753) 2 52%
# 47530: obj =   2.044120638e+00 inf =   1.464e-15 (64723) 2 51%
# 47705: obj =   2.066670150e+00 inf =   6.830e-18 (49461) 2 62%
# 47899: obj =   2.075036096e+00 inf =   2.180e-19 (55243) 1 43%
# 48101: obj =   2.079593105e+00 inf =   1.566e-16 (64499) 2 44%
# 48285: obj =   2.089386371e+00 inf =   3.470e-15 (55996) 2 44%
# 48475: obj =   2.097618524e+00 inf =   9.378e-15 (55601) 2 38%
# 48660: obj =   2.109445063e+00 inf =   7.577e-15 (48745) 2 51%
# 48833: obj =   2.121094764e+00 inf =   3.472e-18 (55365) 2 57%
# 49020: obj =   2.132483635e+00 inf =   9.768e-18 (49159) 2 37%
# 49211: obj =   2.144209767e+00 inf =   1.475e-17 (50599) 1 43%
# 49390: obj =   2.153637050e+00 inf =   5.194e-18 (51018) 2 41%
# 49568: obj =   2.162476274e+00 inf =   6.078e-18 (52369) 2 43%
# 49753: obj =   2.168056078e+00 inf =   3.774e-16 (54645) 2 53%
# 49944: obj =   2.171998835e+00 inf =   1.737e-18 (49933) 2 47%
# 50133: obj =   2.175813881e+00 inf =   1.562e-17 (50864) 2 46%
# 50326: obj =   2.180130844e+00 inf =   1.751e-18 (51923) 1 51%
# 50519: obj =   2.184147488e+00 inf =   1.916e-17 (73434) 2 39%
# 50689: obj =   2.189970123e+00 inf =   3.476e-18 (72810) 2 52%
# 50854: obj =   2.195012478e+00 inf =   5.220e-18 (56710) 2 49%
# 51036: obj =   2.200170123e+00 inf =   1.130e-17 (58519) 1 48%
# 51218: obj =   2.203043181e+00 inf =   2.628e-18 (57444) 2 55%
# 51403: obj =   2.207654855e+00 inf =   3.627e-17 (58134) 2 43%
# 51580: obj =   2.210933643e+00 inf =   8.684e-18 (80638) 2 48%
# 51751: obj =   2.214428993e+00 inf =   4.337e-18 (52632) 2 52%
# 51947: obj =   2.216474394e+00 inf =   2.022e-15 (46229) 1 48%
# 52147: obj =   2.218627369e+00 inf =   1.570e-15 (46560) 2 49%
# 52343: obj =   2.220027422e+00 inf =   3.643e-17 (44971) 2 51%
# 52540: obj =   2.221847288e+00 inf =   2.129e-17 (79268) 2 51%
# 52707: obj =   2.224653215e+00 inf =   1.734e-17 (53861) 2 61%
# 52870: obj =   2.227844208e+00 inf =   1.735e-17 (77284) 2 56%
# 53039: obj =   2.231785517e+00 inf =   3.338e-15 (52428) 1 49%
# 53211: obj =   2.236046262e+00 inf =   1.735e-17 (48348) 2 54%
# 53379: obj =   2.256379005e+00 inf =   1.562e-17 (47893) 2 54%
# 53547: obj =   2.299249696e+00 inf =   1.965e-11 (74801) 1 41%
# 53720: obj =   2.304370913e+00 inf =   2.848e-13 (75693) 2 0%
# 53893: obj =   2.312958926e+00 inf =   1.593e-13 (73636) 2 0%
# 54046: obj =   2.313561314e+00 inf =   0.000e+00 (74997) 1 77%
# 54187: obj =   2.313762232e+00 inf =   0.000e+00 (77487) 2 100%
# 54331: obj =   2.313963267e+00 inf =   0.000e+00 (75984) 1 100%
# 54471: obj =   2.318794932e+00 inf =   0.000e+00 (58258) 1 100%
# 54619: obj =   2.326309119e+00 inf =   0.000e+00 (75037) 2 100%
# 54765: obj =   2.326710781e+00 inf =   0.000e+00 (75194) 1 100%
# 54907: obj =   2.326908439e+00 inf =   0.000e+00 (76843) 2 100%
# 55051: obj =   2.326970346e+00 inf =   0.000e+00 (62899) 1 100%
# 55202: obj =   2.326970478e+00 inf =   0.000e+00 (62152) 2 100%
# 55358: obj =   2.326970618e+00 inf =   0.000e+00 (60875) 1 100%
# 55503: obj =   2.326970734e+00 inf =   0.000e+00 (61415) 2 100%
# 55645: obj =   2.327201962e+00 inf =   0.000e+00 (86823) 1 100%
# 55781: obj =   2.327339978e+00 inf =   0.000e+00 (82583) 1 100%
# 55913: obj =   2.327477938e+00 inf =   0.000e+00 (81239) 2 100%
# 56046: obj =   2.327615901e+00 inf =   0.000e+00 (84589) 1 100%
# 56197: obj =   2.333327292e+00 inf =   0.000e+00 (53425) 1 100%
# 56358: obj =   2.333327353e+00 inf =   0.000e+00 (54009) 2 100%
# 56522: obj =   2.333329817e+00 inf =   0.000e+00 (56335) 2 100%
# 56710: obj =   2.333332427e+00 inf =   0.000e+00 (54530) 1 100%
# 56882: obj =   2.333332936e+00 inf =   0.000e+00 (55817) 2 100%
# 57055: obj =   2.333333536e+00 inf =   0.000e+00 (54464) 2 100%
# 57229: obj =   2.333334024e+00 inf =   0.000e+00 (57064) 2 100%
# 57389: obj =   2.333334705e+00 inf =   0.000e+00 (55512) 1 100%
# 57530: obj =   2.333335154e+00 inf =   0.000e+00 (57348) 2 100%
# 57682: obj =   2.333335717e+00 inf =   0.000e+00 (57362) 1 100%
# 57831: obj =   2.333335624e+00 inf =   0.000e+00 (56773) 1 100%
# 57972: obj =   2.333336021e+00 inf =   0.000e+00 (58185) 2 100%
# 58117: obj =   2.333336460e+00 inf =   0.000e+00 (57314) 1 100%
# 58278: obj =   2.333336786e+00 inf =   0.000e+00 (57375) 2 100%
# 58447: obj =   2.333336861e+00 inf =   0.000e+00 (55766) 2 100%
# 58644: obj =   2.333337593e+00 inf =   0.000e+00 (51611) 1 100%
# 58828: obj =   2.333337629e+00 inf =   0.000e+00 (51311) 2 100%
# 59001: obj =   2.333338129e+00 inf =   0.000e+00 (52087) 2 100%
# 59171: obj =   2.333337970e+00 inf =   0.000e+00 (53011) 2 100%
# 59325: obj =   2.333338164e+00 inf =   0.000e+00 (52968) 1 100%
# 59496: obj =   2.333338389e+00 inf =   0.000e+00 (54928) 2 100%
# 59664: obj =   2.333338208e+00 inf =   0.000e+00 (54781) 1 100%
# 59844: obj =   2.333339046e+00 inf =   0.000e+00 (57655) 2 100%
# 60004: obj =   2.333339455e+00 inf =   0.000e+00 (56594) 2 100%
# 60163: obj =   2.333339794e+00 inf =   0.000e+00 (56800) 1 100%
# 60312: obj =   2.333339899e+00 inf =   0.000e+00 (59862) 2 100%
# 60474: obj =   2.333339875e+00 inf =   0.000e+00 (55960) 1 100%
# 60633: obj =   2.333340075e+00 inf =   0.000e+00 (56238) 2 100%
# 60789: obj =   2.333340186e+00 inf =   0.000e+00 (57154) 1 100%
# 60930: obj =   2.333340279e+00 inf =   0.000e+00 (54550) 2 100%
# 61079: obj =   2.333340494e+00 inf =   0.000e+00 (57777) 1 100%
# 61222: obj =   2.333340315e+00 inf =   0.000e+00 (56898) 2 100%
# 61363: obj =   2.333340098e+00 inf =   0.000e+00 (56298) 1 100%
# 61501: obj =   2.333340517e+00 inf =   0.000e+00 (56585) 1 100%
# 61644: obj =   2.333340463e+00 inf =   0.000e+00 (56784) 2 100%
# 61802: obj =   2.333339997e+00 inf =   0.000e+00 (56850) 1 100%
# 61945: obj =   2.333340660e+00 inf =   0.000e+00 (58161) 2 100%
# 62083: obj =   2.333341067e+00 inf =   0.000e+00 (56176) 1 100%
# 62236: obj =   2.333341515e+00 inf =   0.000e+00 (54932) 2 100%
# 62405: obj =   2.333342034e+00 inf =   0.000e+00 (56152) 1 100%
# 62578: obj =   2.333342317e+00 inf =   0.000e+00 (55843) 2 100%
# 62761: obj =   2.333342147e+00 inf =   0.000e+00 (55789) 2 100%
# 62942: obj =   2.333342023e+00 inf =   0.000e+00 (54777) 1 99%
# 63113: obj =   2.333342470e+00 inf =   0.000e+00 (54953) 2 100%
# 63286: obj =   2.333342794e+00 inf =   0.000e+00 (54626) 2 100%
# 63461: obj =   2.333342937e+00 inf =   0.000e+00 (53193) 1 100%
# 63647: obj =   2.333343210e+00 inf =   0.000e+00 (56132) 2 100%
# 63806: obj =   2.333343607e+00 inf =   0.000e+00 (53813) 2 100%
# 63961: obj =   2.333342729e+00 inf =   0.000e+00 (54687) 1 100%
# 64109: obj =   2.333343035e+00 inf =   0.000e+00 (53352) 2 100%
# 64260: obj =   2.333343217e+00 inf =   0.000e+00 (53212) 1 100%
# 64401: obj =   2.333343058e+00 inf =   0.000e+00 (50295) 2 100%
# 64545: obj =   2.333342626e+00 inf =   0.000e+00 (52938) 1 100%
# 64690: obj =   2.333342499e+00 inf =   0.000e+00 (50268) 1 100%
# 64850: obj =   2.333342759e+00 inf =   0.000e+00 (51417) 2 100%
# 65014: obj =   2.333342612e+00 inf =   0.000e+00 (50980) 2 100%
# 65182: obj =   2.333343006e+00 inf =   0.000e+00 (50482) 1 100%
# 65336: obj =   2.333343211e+00 inf =   0.000e+00 (48896) 2 100%
# 65497: obj =   2.333343486e+00 inf =   0.000e+00 (49750) 1 100%
# 65662: obj =   2.333343637e+00 inf =   0.000e+00 (48621) 2 100%
# 65837: obj =   2.333343844e+00 inf =   0.000e+00 (47398) 2 100%
# 65998: obj =   2.333343917e+00 inf =   0.000e+00 (49430) 1 100%
# 66152: obj =   2.333343829e+00 inf =   0.000e+00 (48815) 2 100%
# 66308: obj =   2.333344164e+00 inf =   0.000e+00 (48679) 1 100%
# 66459: obj =   2.333344511e+00 inf =   0.000e+00 (46708) 2 100%
# 66620: obj =   2.333344477e+00 inf =   0.000e+00 (50005) 1 100%
# 66779: obj =   2.333344774e+00 inf =   0.000e+00 (47937) 2 100%
# 66929: obj =   2.333345132e+00 inf =   0.000e+00 (48746) 1 100%
# 67073: obj =   2.333345574e+00 inf =   0.000e+00 (46819) 2 100%
# 67222: obj =   2.333345626e+00 inf =   0.000e+00 (50156) 1 100%
# 67374: obj =   2.333345909e+00 inf =   0.000e+00 (48912) 2 100%
# 67529: obj =   2.333345275e+00 inf =   0.000e+00 (51602) 1 100%
# 67677: obj =   2.333346503e+00 inf =   0.000e+00 (47348) 2 100%
# 67834: obj =   2.333346918e+00 inf =   0.000e+00 (45231) 1 100%
# 67981: obj =   2.333347411e+00 inf =   0.000e+00 (47279) 2 100%
# 68131: obj =   2.333347923e+00 inf =   0.000e+00 (47167) 1 100%
# 68275: obj =   2.333348655e+00 inf =   0.000e+00 (46662) 2 100%
# 68421: obj =   2.333349244e+00 inf =   0.000e+00 (47347) 1 100%
# 68570: obj =   2.333349658e+00 inf =   0.000e+00 (47136) 1 100%
# 68725: obj =   2.333349816e+00 inf =   0.000e+00 (46852) 2 100%
# 68879: obj =   2.333349727e+00 inf =   0.000e+00 (46199) 1 100%
# 69027: obj =   2.333350170e+00 inf =   0.000e+00 (45822) 2 100%
# 69175: obj =   2.333350401e+00 inf =   0.000e+00 (44643) 1 100%
# 69317: obj =   2.333350822e+00 inf =   0.000e+00 (43951) 2 100%
# 69468: obj =   2.333350994e+00 inf =   0.000e+00 (43704) 1 100%
# 69623: obj =   2.333351069e+00 inf =   0.000e+00 (46358) 2 100%
# 69806: obj =   2.333351251e+00 inf =   0.000e+00 (43488) 2 100%
# 69990: obj =   2.333351706e+00 inf =   0.000e+00 (43820) 1 100%
# 70137: obj =   2.333351595e+00 inf =   0.000e+00 (43133) 2 100%
# 70300: obj =   2.333351930e+00 inf =   0.000e+00 (40970) 1 100%
# 70472: obj =   2.333352016e+00 inf =   0.000e+00 (40471) 2 100%
# 70622: obj =   2.333352134e+00 inf =   0.000e+00 (42661) 2 100%
# 70781: obj =   2.333352340e+00 inf =   0.000e+00 (42073) 1 100%
# 70930: obj =   2.333352472e+00 inf =   0.000e+00 (40895) 2 100%
# 71081: obj =   2.333352755e+00 inf =   0.000e+00 (40035) 1 100%
# 71225: obj =   2.333353066e+00 inf =   0.000e+00 (38158) 2 100%
# 71410: obj =   2.333353248e+00 inf =   0.000e+00 (34690) 1 100%
# 71592: obj =   2.333353540e+00 inf =   0.000e+00 (39241) 2 100%
# 71780: obj =   2.333353639e+00 inf =   0.000e+00 (38167) 2 100%
# 71963: obj =   2.333353861e+00 inf =   0.000e+00 (37746) 2 100%
# 72145: obj =   2.333354081e+00 inf =   0.000e+00 (36388) 2 100%
# 72332: obj =   2.333354333e+00 inf =   0.000e+00 (34590) 1 100%
# 72518: obj =   2.333354627e+00 inf =   0.000e+00 (24666) 2 100%
# 72720: obj =   2.333354930e+00 inf =   0.000e+00 (24749) 2 100%
# 72897: obj =   2.333355172e+00 inf =   0.000e+00 (21941) 2 100%
# 73073: obj =   2.333355541e+00 inf =   0.000e+00 (16898) 2 100%
# 73271: obj =   2.333355883e+00 inf =   0.000e+00 (13639) 2 100%
# 73470: obj =   2.333356250e+00 inf =   0.000e+00 (11721) 2 100%
# 73690: obj =   2.333356633e+00 inf =   0.000e+00 (7787) 2 100%
# 73886: obj =   2.333357069e+00 inf =   0.000e+00 (4438) 2 100%
# 74081: obj =   2.333357621e+00 inf =   0.000e+00 (250) 2 100%
# 74106: obj =   2.333333333e+00 inf =   1.567e-14 (0) 100%
+ 74106: mip =     not found yet >=   2.000002510e+00        (3; 1)
Time used: 914.6 secs.  Memory used: 674.5 Mb.
# 74447: obj =   2.336635866e+00 inf =   0.000e+00 (41947) 3 41%
# 74582: obj =   2.336773916e+00 inf =   0.000e+00 (41385) 1 100%
# 74717: obj =   2.336774120e+00 inf =   0.000e+00 (43672) 1 100%
# 74854: obj =   2.345248729e+00 inf =   0.000e+00 (44848) 2 100%
# 74982: obj =   2.345248942e+00 inf =   0.000e+00 (46343) 1 100%
# 75109: obj =   2.345386924e+00 inf =   0.000e+00 (49387) 1 100%
# 75241: obj =   2.353723757e+00 inf =   0.000e+00 (56143) 2 100%
# 75384: obj =   2.353723902e+00 inf =   0.000e+00 (58706) 1 100%
# 75542: obj =   2.370672827e+00 inf =   0.000e+00 (56282) 2 100%
# 75692: obj =   2.370672975e+00 inf =   0.000e+00 (58758) 1 100%
# 75839: obj =   2.370673095e+00 inf =   0.000e+00 (63226) 2 100%
# 75993: obj =   2.370741591e+00 inf =   0.000e+00 (64599) 1 100%
# 76145: obj =   2.375878595e+00 inf =   0.000e+00 (69592) 2 100%
# 76299: obj =   2.375879018e+00 inf =   0.000e+00 (69494) 1 100%
# 76446: obj =   2.375879321e+00 inf =   0.000e+00 (70071) 2 100%
# 76598: obj =   2.384888364e+00 inf =   0.000e+00 (72375) 1 100%
# 76745: obj =   2.385028112e+00 inf =   0.000e+00 (70883) 2 100%
# 76894: obj =   2.385392774e+00 inf =   0.000e+00 (69966) 1 100%
# 77042: obj =   2.403254620e+00 inf =   0.000e+00 (45803) 1 100%
# 77198: obj =   2.403262610e+00 inf =   0.000e+00 (74259) 2 100%
# 77347: obj =   2.403262967e+00 inf =   0.000e+00 (76234) 1 100%
# 77491: obj =   2.403468471e+00 inf =   0.000e+00 (75419) 2 100%
# 77638: obj =   2.403468695e+00 inf =   0.000e+00 (76096) 1 100%
# 77781: obj =   2.418332646e+00 inf =   0.000e+00 (73004) 2 100%
# 77929: obj =   2.418332779e+00 inf =   0.000e+00 (70354) 1 100%
# 78075: obj =   2.418332956e+00 inf =   0.000e+00 (74105) 2 100%
# 78229: obj =   2.418333235e+00 inf =   0.000e+00 (75921) 1 100%
# 78375: obj =   2.418485527e+00 inf =   0.000e+00 (75001) 2 100%
# 78526: obj =   2.427831074e+00 inf =   0.000e+00 (75724) 1 99%
# 78672: obj =   2.432181048e+00 inf =   0.000e+00 (74553) 2 98%
# 78825: obj =   2.440402045e+00 inf =   0.000e+00 (73648) 1 100%
# 78977: obj =   2.440700927e+00 inf =   0.000e+00 (74124) 1 100%
# 79128: obj =   2.440895450e+00 inf =   0.000e+00 (74175) 2 100%
# 79286: obj =   2.440896007e+00 inf =   0.000e+00 (72904) 2 100%
# 79449: obj =   2.448963819e+00 inf =   0.000e+00 (46665) 1 100%
# 79617: obj =   2.448963992e+00 inf =   0.000e+00 (47190) 2 100%
# 79790: obj =   2.448964187e+00 inf =   0.000e+00 (45305) 2 100%
# 79959: obj =   2.448964334e+00 inf =   0.000e+00 (45370) 1 100%
# 80126: obj =   2.448964645e+00 inf =   0.000e+00 (46145) 2 100%
# 80282: obj =   2.452867500e+00 inf =   0.000e+00 (81771) 1 100%
# 80434: obj =   2.453032086e+00 inf =   0.000e+00 (81464) 2 100%
# 80585: obj =   2.453032611e+00 inf =   0.000e+00 (83931) 1 100%
# 80729: obj =   2.453032999e+00 inf =   0.000e+00 (83173) 2 100%
# 80877: obj =   2.453033480e+00 inf =   0.000e+00 (81623) 1 100%
# 81018: obj =   2.453198212e+00 inf =   0.000e+00 (81788) 2 100%
# 81170: obj =   2.453198610e+00 inf =   0.000e+00 (81155) 1 100%
# 81315: obj =   2.453198917e+00 inf =   0.000e+00 (81447) 2 100%
# 81466: obj =   2.459110636e+00 inf =   0.000e+00 (80007) 1 100%
# 81620: obj =   2.459111046e+00 inf =   0.000e+00 (75792) 2 100%
# 81772: obj =   2.459111551e+00 inf =   0.000e+00 (78989) 1 100%
# 81923: obj =   2.459112072e+00 inf =   0.000e+00 (78484) 1 100%
# 82070: obj =   2.459112567e+00 inf =   0.000e+00 (76243) 2 100%
# 82222: obj =   2.459773457e+00 inf =   0.000e+00 (78339) 1 99%
# 82377: obj =   2.459967702e+00 inf =   0.000e+00 (74797) 2 100%
# 82535: obj =   2.471713267e+00 inf =   0.000e+00 (69315) 1 100%
# 82688: obj =   2.479620191e+00 inf =   0.000e+00 (52618) 2 98%
# 82839: obj =   2.479620643e+00 inf =   0.000e+00 (52158) 1 100%
# 82987: obj =   2.479621033e+00 inf =   0.000e+00 (50706) 2 100%
# 83140: obj =   2.499857463e+00 inf =   0.000e+00 (45960) 1 100%
# 83294: obj =   2.499926225e+00 inf =   0.000e+00 (47958) 2 100%
# 83450: obj =   2.499954430e+00 inf =   0.000e+00 (49910) 1 100%
# 83597: obj =   2.499990618e+00 inf =   0.000e+00 (45057) 2 100%
# 83757: obj =   2.499994717e+00 inf =   0.000e+00 (45263) 2 100%
# 83916: obj =   2.499995811e+00 inf =   0.000e+00 (46471) 1 100%
# 84074: obj =   2.499996603e+00 inf =   0.000e+00 (47185) 1 100%
# 84229: obj =   2.499997028e+00 inf =   0.000e+00 (46361) 2 100%
# 84391: obj =   2.499997552e+00 inf =   0.000e+00 (48587) 1 100%
# 84547: obj =   2.499998136e+00 inf =   0.000e+00 (47565) 2 100%
# 84716: obj =   2.499998766e+00 inf =   0.000e+00 (48417) 2 100%
# 84894: obj =   2.499999344e+00 inf =   0.000e+00 (49397) 1 100%
# 85059: obj =   2.500000145e+00 inf =   0.000e+00 (48266) 2 100%
# 85228: obj =   2.500000592e+00 inf =   0.000e+00 (51338) 1 100%
# 85396: obj =   2.500001122e+00 inf =   0.000e+00 (46646) 2 100%
# 85562: obj =   2.500000922e+00 inf =   0.000e+00 (52162) 2 100%
# 85724: obj =   2.500001924e+00 inf =   0.000e+00 (47620) 1 100%
# 85882: obj =   2.500002426e+00 inf =   0.000e+00 (49707) 2 100%
# 86044: obj =   2.500002833e+00 inf =   0.000e+00 (48285) 1 100%
# 86206: obj =   2.500003126e+00 inf =   0.000e+00 (49328) 2 100%
# 86371: obj =   2.500003462e+00 inf =   0.000e+00 (51535) 1 100%
# 86525: obj =   2.500003545e+00 inf =   0.000e+00 (50619) 2 100%
# 86686: obj =   2.500004074e+00 inf =   0.000e+00 (51857) 1 100%
# 86841: obj =   2.500004546e+00 inf =   0.000e+00 (50715) 2 100%
# 87003: obj =   2.500004654e+00 inf =   0.000e+00 (50223) 1 100%
# 87169: obj =   2.500004952e+00 inf =   0.000e+00 (53545) 2 100%
# 87355: obj =   2.500005178e+00 inf =   0.000e+00 (50678) 1 100%
# 87536: obj =   2.500005444e+00 inf =   0.000e+00 (52017) 2 100%
# 87696: obj =   2.500005881e+00 inf =   0.000e+00 (54645) 2 100%
# 87858: obj =   2.500005672e+00 inf =   0.000e+00 (54325) 1 100%
# 88018: obj =   2.500006205e+00 inf =   0.000e+00 (54028) 2 100%
# 88179: obj =   2.500005724e+00 inf =   0.000e+00 (50023) 1 100%
# 88341: obj =   2.500005895e+00 inf =   0.000e+00 (53349) 2 100%
# 88518: obj =   2.500005775e+00 inf =   0.000e+00 (50719) 2 100%
# 88683: obj =   2.500006019e+00 inf =   0.000e+00 (50587) 1 100%
# 88846: obj =   2.500006322e+00 inf =   0.000e+00 (49383) 2 100%
# 89006: obj =   2.500006514e+00 inf =   0.000e+00 (50525) 1 100%
# 89181: obj =   2.500006903e+00 inf =   0.000e+00 (46647) 2 100%
# 89369: obj =   2.500007106e+00 inf =   0.000e+00 (48717) 2 99%
# 89555: obj =   2.500007504e+00 inf =   0.000e+00 (50349) 1 100%
# 89741: obj =   2.500007427e+00 inf =   0.000e+00 (54084) 2 100%
# 89925: obj =   2.500008245e+00 inf =   0.000e+00 (53367) 2 99%
# 90091: obj =   2.500008369e+00 inf =   0.000e+00 (53744) 2 100%
# 90266: obj =   2.500008533e+00 inf =   0.000e+00 (51488) 1 100%
# 90439: obj =   2.500009128e+00 inf =   0.000e+00 (50871) 2 100%
# 90622: obj =   2.500009481e+00 inf =   0.000e+00 (49767) 2 100%
# 90801: obj =   2.500009328e+00 inf =   0.000e+00 (50212) 1 99%
# 90977: obj =   2.500009237e+00 inf =   0.000e+00 (49167) 2 100%
# 91144: obj =   2.500009110e+00 inf =   0.000e+00 (53175) 2 100%
# 91316: obj =   2.500009681e+00 inf =   0.000e+00 (51943) 1 100%
# 91484: obj =   2.500010117e+00 inf =   0.000e+00 (49720) 2 100%
# 91649: obj =   2.500010502e+00 inf =   0.000e+00 (48813) 2 100%
# 91837: obj =   2.500011020e+00 inf =   0.000e+00 (50060) 1 100%
# 92023: obj =   2.500010533e+00 inf =   0.000e+00 (49794) 2 100%
# 92213: obj =   2.500010786e+00 inf =   0.000e+00 (50401) 2 100%
# 92403: obj =   2.500010496e+00 inf =   0.000e+00 (53543) 2 100%
# 92580: obj =   2.500010044e+00 inf =   0.000e+00 (51343) 1 100%
# 92733: obj =   2.500010678e+00 inf =   0.000e+00 (52329) 2 100%
# 92887: obj =   2.500011208e+00 inf =   0.000e+00 (52356) 1 100%
# 93037: obj =   2.500011376e+00 inf =   0.000e+00 (50973) 2 99%
# 93199: obj =   2.500011222e+00 inf =   0.000e+00 (47398) 1 100%
# 93357: obj =   2.500012113e+00 inf =   0.000e+00 (46743) 2 100%
# 93525: obj =   2.500012698e+00 inf =   0.000e+00 (44817) 2 100%
# 93684: obj =   2.500013381e+00 inf =   0.000e+00 (46646) 1 100%
# 93853: obj =   2.500013885e+00 inf =   0.000e+00 (45265) 2 100%
# 94026: obj =   2.500014273e+00 inf =   0.000e+00 (45951) 1 100%
# 94216: obj =   2.500014576e+00 inf =   0.000e+00 (45712) 2 100%
# 94406: obj =   2.500015068e+00 inf =   0.000e+00 (48040) 2 100%
# 94592: obj =   2.500015325e+00 inf =   0.000e+00 (46674) 2 100%
# 94760: obj =   2.500015329e+00 inf =   0.000e+00 (47354) 1 100%
# 94924: obj =   2.500015700e+00 inf =   0.000e+00 (48552) 2 100%
# 95091: obj =   2.500016193e+00 inf =   0.000e+00 (49609) 2 100%
# 95255: obj =   2.500016487e+00 inf =   0.000e+00 (50012) 1 100%
# 95427: obj =   2.500016839e+00 inf =   0.000e+00 (47968) 2 100%
# 95585: obj =   2.500017316e+00 inf =   0.000e+00 (48214) 1 100%
# 95743: obj =   2.500017659e+00 inf =   0.000e+00 (46482) 2 100%
# 95913: obj =   2.500017473e+00 inf =   0.000e+00 (49271) 2 100%
# 96075: obj =   2.500017040e+00 inf =   0.000e+00 (47871) 1 100%
# 96232: obj =   2.500017494e+00 inf =   0.000e+00 (48537) 2 100%
# 96404: obj =   2.500017531e+00 inf =   0.000e+00 (47020) 1 100%
# 96565: obj =   2.500017937e+00 inf =   0.000e+00 (49354) 2 100%
# 96740: obj =   2.500018527e+00 inf =   0.000e+00 (49014) 2 100%
# 96903: obj =   2.500019038e+00 inf =   0.000e+00 (48540) 1 100%
# 97057: obj =   2.500019331e+00 inf =   0.000e+00 (49441) 2 100%
# 97217: obj =   2.500019170e+00 inf =   0.000e+00 (47118) 1 100%
# 97377: obj =   2.500019639e+00 inf =   0.000e+00 (46539) 2 100%
# 97552: obj =   2.500019855e+00 inf =   0.000e+00 (43008) 2 100%
# 97722: obj =   2.500020331e+00 inf =   0.000e+00 (42792) 1 100%
# 97889: obj =   2.500020482e+00 inf =   0.000e+00 (43284) 2 100%
# 98047: obj =   2.500020791e+00 inf =   0.000e+00 (42362) 1 100%
# 98232: obj =   2.500021166e+00 inf =   0.000e+00 (43315) 2 100%
# 98423: obj =   2.500021693e+00 inf =   0.000e+00 (44079) 2 100%
# 98595: obj =   2.500021985e+00 inf =   0.000e+00 (41206) 2 100%
# 98783: obj =   2.500022259e+00 inf =   0.000e+00 (40088) 2 100%
# 98964: obj =   2.500023048e+00 inf =   0.000e+00 (42630) 1 100%
# 99150: obj =   2.500023425e+00 inf =   0.000e+00 (43464) 2 100%
# 99351: obj =   2.500023906e+00 inf =   0.000e+00 (39617) 2 100%
# 99543: obj =   2.500024238e+00 inf =   0.000e+00 (40511) 2 100%
# 99733: obj =   2.500024916e+00 inf =   0.000e+00 (40969) 2 100%
# 99917: obj =   2.500025314e+00 inf =   0.000e+00 (38004) 2 100%
#100112: obj =   2.500025540e+00 inf =   0.000e+00 (36688) 1 100%
#100312: obj =   2.500025855e+00 inf =   0.000e+00 (31139) 2 100%
#100514: obj =   2.500026193e+00 inf =   0.000e+00 (32041) 2 100%
#100686: obj =   2.500026552e+00 inf =   0.000e+00 (34200) 2 100%
#100868: obj =   2.500026789e+00 inf =   0.000e+00 (31729) 2 100%
#101049: obj =   2.500026960e+00 inf =   0.000e+00 (33665) 2 100%
#101238: obj =   2.500027376e+00 inf =   0.000e+00 (35873) 1 100%
#101410: obj =   2.500027460e+00 inf =   0.000e+00 (33222) 2 100%
#101577: obj =   2.500027793e+00 inf =   0.000e+00 (35508) 2 100%
#101757: obj =   2.500027992e+00 inf =   0.000e+00 (33219) 2 100%
#101953: obj =   2.500028151e+00 inf =   0.000e+00 (30047) 1 100%
#102144: obj =   2.500028091e+00 inf =   0.000e+00 (31161) 2 100%
#102358: obj =   2.500028467e+00 inf =   0.000e+00 (37128) 2 100%
#102550: obj =   2.500028805e+00 inf =   0.000e+00 (29786) 2 100%
#102732: obj =   2.500028862e+00 inf =   0.000e+00 (30149) 2 100%
#102909: obj =   2.500029255e+00 inf =   0.000e+00 (25398) 2 100%
#103083: obj =   2.500029558e+00 inf =   0.000e+00 (30868) 2 100%
#103270: obj =   2.500029843e+00 inf =   0.000e+00 (30702) 1 100%
#103480: obj =   2.500030197e+00 inf =   0.000e+00 (25039) 2 100%
#103673: obj =   2.500030532e+00 inf =   0.000e+00 (25522) 2 100%
#103840: obj =   2.500030677e+00 inf =   0.000e+00 (25203) 2 100%
#104029: obj =   2.500030817e+00 inf =   0.000e+00 (18079) 2 100%
#104242: obj =   2.500031191e+00 inf =   0.000e+00 (4481) 2 100%
#104345: obj =   2.500000000e+00 inf =   1.404e-14 (0) 1 100%
+104345: mip =     not found yet >=   2.000002510e+00        (4; 1)
Time used: 1837.6 secs.  Memory used: 674.7 Mb.
#104860: obj =   2.569094745e+00 inf =   0.000e+00 (14774) 5 60%
#105070: obj =   2.569095475e+00 inf =   0.000e+00 (17787) 2 100%
#105297: obj =   2.569096612e+00 inf =   0.000e+00 (19950) 2 100%
#105530: obj =   2.569097284e+00 inf =   0.000e+00 (36302) 2 100%
#105751: obj =   2.569098229e+00 inf =   0.000e+00 (38728) 2 100%
#105955: obj =   2.569099455e+00 inf =   0.000e+00 (41328) 2 100%
#106144: obj =   2.569100414e+00 inf =   0.000e+00 (44566) 2 100%
#106331: obj =   2.569102040e+00 inf =   0.000e+00 (44837) 2 100%
#106535: obj =   2.569105608e+00 inf =   0.000e+00 (43339) 2 100%
#106738: obj =   2.634054619e+00 inf =   0.000e+00 (42736) 2 99%
#106935: obj =   2.634056897e+00 inf =   0.000e+00 (42404) 2 100%
#107125: obj =   2.634058834e+00 inf =   0.000e+00 (41950) 2 100%
#107294: obj =   2.634061189e+00 inf =   0.000e+00 (44687) 2 100%
#107497: obj =   2.999981604e+00 inf =   0.000e+00 (45681) 2 99%
#107666: obj =   2.999988778e+00 inf =   0.000e+00 (45506) 1 100%
#107848: obj =   2.999993579e+00 inf =   0.000e+00 (43202) 2 100%
#108027: obj =   2.999996089e+00 inf =   0.000e+00 (41846) 2 100%
#108206: obj =   2.999997870e+00 inf =   0.000e+00 (41274) 1 100%
#108411: obj =   2.999998920e+00 inf =   0.000e+00 (42092) 3 100%
#108624: obj =   3.000000327e+00 inf =   0.000e+00 (40752) 2 100%
#108827: obj =   3.000001598e+00 inf =   0.000e+00 (41838) 2 100%
#109026: obj =   3.000002721e+00 inf =   0.000e+00 (43279) 1 100%
#109228: obj =   3.000003563e+00 inf =   0.000e+00 (44814) 2 100%
#109435: obj =   3.000004483e+00 inf =   0.000e+00 (45140) 2 100%
#109624: obj =   3.000004981e+00 inf =   0.000e+00 (43071) 2 100%
#109809: obj =   3.000005555e+00 inf =   0.000e+00 (43464) 2 100%
#109992: obj =   3.000006516e+00 inf =   0.000e+00 (43993) 2 100%
#110171: obj =   3.000007191e+00 inf =   0.000e+00 (44683) 2 100%
#110357: obj =   3.000008168e+00 inf =   0.000e+00 (43321) 1 100%
#110550: obj =   3.000008383e+00 inf =   0.000e+00 (44227) 2 100%
#110725: obj =   3.000008977e+00 inf =   0.000e+00 (42400) 2 100%
#110904: obj =   3.000009910e+00 inf =   0.000e+00 (47342) 2 100%
#111078: obj =   3.000010493e+00 inf =   0.000e+00 (46350) 1 100%
#111245: obj =   3.000011527e+00 inf =   0.000e+00 (43348) 2 100%
#111444: obj =   3.000010463e+00 inf =   0.000e+00 (43439) 2 100%
#111650: obj =   3.000012607e+00 inf =   0.000e+00 (42996) 2 100%
#111831: obj =   3.000012179e+00 inf =   0.000e+00 (45837) 2 100%
#112009: obj =   3.000012805e+00 inf =   0.000e+00 (48981) 1 100%
#112185: obj =   3.000012469e+00 inf =   0.000e+00 (47376) 2 100%
#112349: obj =   3.000012045e+00 inf =   0.000e+00 (50277) 2 100%
#112529: obj =   3.000012375e+00 inf =   0.000e+00 (50257) 1 100%
#112696: obj =   3.000012424e+00 inf =   0.000e+00 (50431) 2 100%
#112865: obj =   3.000012145e+00 inf =   0.000e+00 (49503) 2 100%
#113028: obj =   3.000012944e+00 inf =   0.000e+00 (51802) 1 100%
#113187: obj =   3.000012916e+00 inf =   0.000e+00 (49182) 2 100%
#113348: obj =   3.000013111e+00 inf =   0.000e+00 (51333) 1 100%
#113512: obj =   3.000013543e+00 inf =   0.000e+00 (48295) 2 100%
#113685: obj =   3.000013703e+00 inf =   0.000e+00 (51581) 1 100%
#113865: obj =   3.000012952e+00 inf =   0.000e+00 (51156) 2 100%
#114043: obj =   3.000013039e+00 inf =   0.000e+00 (54476) 2 100%
#114212: obj =   3.000013816e+00 inf =   0.000e+00 (54299) 2 100%
#114382: obj =   3.000013927e+00 inf =   0.000e+00 (52585) 1 100%
#114554: obj =   3.000014185e+00 inf =   0.000e+00 (53482) 2 100%
#114723: obj =   3.000014655e+00 inf =   0.000e+00 (52731) 2 100%
#114893: obj =   3.000015301e+00 inf =   0.000e+00 (54829) 1 100%
#115074: obj =   3.000015233e+00 inf =   0.000e+00 (52733) 2 100%
#115252: obj =   3.000015574e+00 inf =   0.000e+00 (52940) 2 100%
#115424: obj =   3.000015422e+00 inf =   0.000e+00 (48321) 1 100%
#115594: obj =   3.000015706e+00 inf =   0.000e+00 (51345) 2 100%
#115754: obj =   3.000015958e+00 inf =   0.000e+00 (54313) 2 100%
#115917: obj =   3.000016450e+00 inf =   0.000e+00 (52687) 1 100%
#116074: obj =   3.000016701e+00 inf =   0.000e+00 (53073) 2 100%
#116237: obj =   3.000016791e+00 inf =   0.000e+00 (51566) 1 100%
#116396: obj =   3.000016652e+00 inf =   0.000e+00 (53698) 2 100%
#116563: obj =   3.000017049e+00 inf =   0.000e+00 (52846) 1 100%
#116721: obj =   3.000016915e+00 inf =   0.000e+00 (53452) 2 100%
#116880: obj =   3.000017402e+00 inf =   0.000e+00 (49854) 2 100%
#117044: obj =   3.000017408e+00 inf =   0.000e+00 (46745) 1 100%
#117201: obj =   3.000017050e+00 inf =   0.000e+00 (52184) 2 100%
#117369: obj =   3.000017300e+00 inf =   0.000e+00 (53237) 1 100%
#117559: obj =   3.000017379e+00 inf =   0.000e+00 (50086) 2 100%
#117741: obj =   3.000017721e+00 inf =   0.000e+00 (52147) 2 100%
#117923: obj =   3.000017628e+00 inf =   0.000e+00 (50107) 2 100%
#118104: obj =   3.000018190e+00 inf =   0.000e+00 (50181) 2 100%
#118278: obj =   3.000018647e+00 inf =   0.000e+00 (52302) 1 100%
#118452: obj =   3.000018709e+00 inf =   0.000e+00 (51468) 2 100%
#118615: obj =   3.000019092e+00 inf =   0.000e+00 (50780) 1 100%
#118778: obj =   3.000019066e+00 inf =   0.000e+00 (54242) 2 100%
#118944: obj =   3.000018782e+00 inf =   0.000e+00 (52106) 2 100%
#119098: obj =   3.000018647e+00 inf =   0.000e+00 (53215) 1 100%
#119257: obj =   3.000018352e+00 inf =   0.000e+00 (50859) 2 100%
#119426: obj =   3.000018412e+00 inf =   0.000e+00 (49539) 1 100%
#119583: obj =   3.000018166e+00 inf =   0.000e+00 (51973) 2 100%
#119749: obj =   3.000018477e+00 inf =   0.000e+00 (50959) 2 100%
#119921: obj =   3.000018229e+00 inf =   0.000e+00 (51453) 1 100%
#120083: obj =   3.000018111e+00 inf =   0.000e+00 (45490) 2 100%
#120233: obj =   3.000018338e+00 inf =   0.000e+00 (44280) 1 100%
#120394: obj =   3.000018661e+00 inf =   0.000e+00 (49458) 2 100%
#120577: obj =   3.000018861e+00 inf =   0.000e+00 (45951) 2 100%
#120757: obj =   3.000018851e+00 inf =   0.000e+00 (45256) 2 100%
#120935: obj =   3.000018954e+00 inf =   0.000e+00 (46997) 1 100%
#121109: obj =   3.000018935e+00 inf =   0.000e+00 (49211) 2 100%
#121275: obj =   3.000019174e+00 inf =   0.000e+00 (48311) 2 100%
#121454: obj =   3.000019428e+00 inf =   0.000e+00 (47148) 1 100%
#121645: obj =   3.000019812e+00 inf =   0.000e+00 (48215) 2 100%
#121828: obj =   3.000020004e+00 inf =   0.000e+00 (46618) 2 100%
#122005: obj =   3.000019373e+00 inf =   0.000e+00 (51379) 2 100%
#122181: obj =   3.000019730e+00 inf =   0.000e+00 (51128) 1 100%
#122356: obj =   3.000019908e+00 inf =   0.000e+00 (45874) 2 100%
#122551: obj =   3.000020120e+00 inf =   0.000e+00 (46999) 2 100%
#122735: obj =   3.000020349e+00 inf =   0.000e+00 (46661) 2 100%
#122911: obj =   3.000020441e+00 inf =   0.000e+00 (45300) 2 100%
#123090: obj =   3.000020352e+00 inf =   0.000e+00 (46675) 1 100%
#123269: obj =   3.000019671e+00 inf =   0.000e+00 (41844) 2 100%
#123450: obj =   3.000019820e+00 inf =   0.000e+00 (41885) 2 100%
#123630: obj =   3.000019648e+00 inf =   0.000e+00 (41725) 2 100%
#123788: obj =   3.000020055e+00 inf =   0.000e+00 (42677) 1 100%
#123941: obj =   3.000020013e+00 inf =   0.000e+00 (46270) 2 100%
#124091: obj =   3.000020117e+00 inf =   0.000e+00 (44993) 1 100%
#124240: obj =   3.000020374e+00 inf =   0.000e+00 (46684) 2 100%
#124398: obj =   3.000020512e+00 inf =   0.000e+00 (47712) 1 100%
#124557: obj =   3.000020759e+00 inf =   0.000e+00 (46772) 2 100%
#124717: obj =   3.000021015e+00 inf =   0.000e+00 (47508) 1 100%
#124877: obj =   3.000021262e+00 inf =   0.000e+00 (43811) 2 100%
#125036: obj =   3.000021432e+00 inf =   0.000e+00 (47422) 1 100%
#125187: obj =   3.000021217e+00 inf =   0.000e+00 (46499) 2 100%
#125343: obj =   3.000021303e+00 inf =   0.000e+00 (50110) 1 100%
#125518: obj =   3.000021220e+00 inf =   0.000e+00 (48115) 2 100%
#125691: obj =   3.000021019e+00 inf =   0.000e+00 (47206) 2 100%
#125855: obj =   3.000021074e+00 inf =   0.000e+00 (45873) 1 100%
#126011: obj =   3.000021227e+00 inf =   0.000e+00 (47777) 2 100%
#126167: obj =   3.000020849e+00 inf =   0.000e+00 (41322) 2 100%
#126340: obj =   3.000020913e+00 inf =   0.000e+00 (39509) 1 100%
#126520: obj =   3.000021168e+00 inf =   0.000e+00 (44004) 2 100%
#126698: obj =   3.000021361e+00 inf =   0.000e+00 (42429) 2 100%
#126869: obj =   3.000021521e+00 inf =   0.000e+00 (40440) 2 100%
#127058: obj =   3.000021617e+00 inf =   0.000e+00 (36036) 1 100%
#127234: obj =   3.000021583e+00 inf =   0.000e+00 (35021) 2 100%
#127418: obj =   3.000021729e+00 inf =   0.000e+00 (37243) 2 100%
#127616: obj =   3.000021852e+00 inf =   0.000e+00 (41120) 2 100%
#127793: obj =   3.000021877e+00 inf =   0.000e+00 (38792) 2 100%
#127983: obj =   3.000022048e+00 inf =   0.000e+00 (33679) 1 100%
#128165: obj =   3.000022195e+00 inf =   0.000e+00 (30510) 2 100%
#128204: obj =   3.000000000e+00 inf =   1.510e-14 (0) 1 100%
+128204: mip =     not found yet >=   2.000002510e+00        (5; 1)
Time used: 2517.2 secs.  Memory used: 674.9 Mb.
#128663: obj =   3.000000921e+00 inf =   0.000e+00 (44817) 4 56%
#128868: obj =   3.000001402e+00 inf =   0.000e+00 (42658) 2 100%
#129065: obj =   3.000001925e+00 inf =   0.000e+00 (43338) 2 100%
#129269: obj =   3.000002550e+00 inf =   0.000e+00 (46169) 2 100%
#129465: obj =   3.000003533e+00 inf =   0.000e+00 (46670) 2 100%
#129651: obj =   3.000004225e+00 inf =   0.000e+00 (47593) 2 100%
#129829: obj =   3.000004803e+00 inf =   0.000e+00 (47796) 2 100%
#130023: obj =   3.000005700e+00 inf =   0.000e+00 (47831) 1 100%
#130187: obj =   3.000006195e+00 inf =   0.000e+00 (47679) 2 100%
#130382: obj =   3.000006648e+00 inf =   0.000e+00 (49539) 2 100%
#130574: obj =   3.000006716e+00 inf =   0.000e+00 (48268) 2 100%
#130777: obj =   3.000007419e+00 inf =   0.000e+00 (48965) 2 100%
#130965: obj =   3.000007912e+00 inf =   0.000e+00 (49359) 2 100%
#131128: obj =   3.000008447e+00 inf =   0.000e+00 (50533) 1 100%
#131310: obj =   3.000008706e+00 inf =   0.000e+00 (48955) 2 100%
#131479: obj =   3.000009058e+00 inf =   0.000e+00 (52130) 2 100%
#131647: obj =   3.000009451e+00 inf =   0.000e+00 (53132) 1 100%
#131808: obj =   3.000009469e+00 inf =   0.000e+00 (49135) 2 100%
#131968: obj =   3.000009344e+00 inf =   0.000e+00 (50122) 2 100%
#132130: obj =   3.000009569e+00 inf =   0.000e+00 (49684) 1 100%
#132297: obj =   3.000009524e+00 inf =   0.000e+00 (49433) 2 100%
#132481: obj =   3.000009210e+00 inf =   0.000e+00 (50293) 2 100%
#132660: obj =   3.000009354e+00 inf =   0.000e+00 (49642) 1 100%
#132828: obj =   3.000009576e+00 inf =   0.000e+00 (51091) 2 100%
#132998: obj =   3.000009680e+00 inf =   0.000e+00 (45703) 2 100%
#133170: obj =   3.000009713e+00 inf =   0.000e+00 (47174) 1 100%
#133368: obj =   3.000009746e+00 inf =   0.000e+00 (47461) 2 100%
#133558: obj =   3.000009784e+00 inf =   0.000e+00 (43752) 2 100%
#133745: obj =   3.000009813e+00 inf =   0.000e+00 (39354) 2 100%
#133932: obj =   3.000009826e+00 inf =   0.000e+00 (34843) 2 100%
#134118: obj =   3.000009835e+00 inf =   0.000e+00 (37463) 2 100%
#134312: obj =   3.000009847e+00 inf =   0.000e+00 (37078) 2 100%
#134507: obj =   3.000009861e+00 inf =   0.000e+00 (39162) 2 100%
#134697: obj =   3.000009875e+00 inf =   0.000e+00 (36234) 2 100%
#134888: obj =   3.000009894e+00 inf =   0.000e+00 (34394) 1 100%
#135066: obj =   3.000009912e+00 inf =   0.000e+00 (35179) 2 100%
#135153: obj =   3.000000000e+00 inf =   4.007e-15 (0) 1 100%
+135153: mip =     not found yet >=   2.000002510e+00        (6; 1)
Time used: 2710.1 secs.  Memory used: 675.1 Mb.
#135595: obj =   3.000001031e+00 inf =   0.000e+00 (44667) 4 54%
#135800: obj =   3.000003074e+00 inf =   0.000e+00 (45751) 2 98%
#135987: obj =   3.000004568e+00 inf =   0.000e+00 (46284) 2 100%
#136179: obj =   3.000006661e+00 inf =   0.000e+00 (49850) 2 100%
#136383: obj =   3.000006968e+00 inf =   0.000e+00 (53856) 2 100%
#136576: obj =   3.000009010e+00 inf =   0.000e+00 (52553) 1 100%
#136762: obj =   3.000011967e+00 inf =   0.000e+00 (51482) 2 100%
#136941: obj =   3.000014298e+00 inf =   0.000e+00 (51876) 2 100%
#137117: obj =   3.000016808e+00 inf =   0.000e+00 (54857) 2 100%
#137314: obj =   3.000017543e+00 inf =   0.000e+00 (60677) 2 100%
#137508: obj =   3.000022811e+00 inf =   0.000e+00 (60698) 2 100%
#137696: obj =   3.000029341e+00 inf =   0.000e+00 (61775) 1 100%
#137876: obj =   3.000040664e+00 inf =   0.000e+00 (59114) 2 100%
#138054: obj =   3.000065736e+00 inf =   0.000e+00 (57578) 2 100%
#138235: obj =   3.000343817e+00 inf =   0.000e+00 (60916) 2 81%
#138416: obj =   3.025245968e+00 inf =   0.000e+00 (57276) 1 64%
#138606: obj =   3.038183206e+00 inf =   0.000e+00 (57097) 2 55%
#138797: obj =   3.040796099e+00 inf =   0.000e+00 (58998) 2 76%
#138980: obj =   3.044281904e+00 inf =   0.000e+00 (61261) 2 75%
#139164: obj =   3.048931668e+00 inf =   0.000e+00 (58192) 2 63%
#139366: obj =   3.053190746e+00 inf =   0.000e+00 (55581) 2 68%
#139561: obj =   3.056373607e+00 inf =   0.000e+00 (54573) 2 76%
#139755: obj =   3.060441656e+00 inf =   0.000e+00 (54359) 1 74%
#139938: obj =   3.064238688e+00 inf =   0.000e+00 (53004) 2 81%
#140119: obj =   3.067234461e+00 inf =   0.000e+00 (56990) 2 79%
#140314: obj =   3.071073580e+00 inf =   0.000e+00 (57873) 2 77%
#140508: obj =   3.076498679e+00 inf =   0.000e+00 (56817) 2 65%
#140692: obj =   3.080999422e+00 inf =   0.000e+00 (54302) 2 75%
#140880: obj =   3.085327509e+00 inf =   0.000e+00 (47326) 1 77%
#141068: obj =   3.087543596e+00 inf =   0.000e+00 (47563) 2 87%
#141272: obj =   3.091097166e+00 inf =   0.000e+00 (49606) 2 80%
#141471: obj =   3.094905295e+00 inf =   0.000e+00 (49727) 2 88%
#141654: obj =   3.099255881e+00 inf =   0.000e+00 (50797) 2 80%
#141841: obj =   3.101057832e+00 inf =   0.000e+00 (48219) 2 88%
#142045: obj =   3.101634866e+00 inf =   0.000e+00 (47973) 2 96%
#142248: obj =   3.101714833e+00 inf =   0.000e+00 (47437) 2 99%
#142465: obj =   3.103477662e+00 inf =   0.000e+00 (46083) 2 84%
#142672: obj =   3.105030307e+00 inf =   0.000e+00 (47384) 2 95%
#142881: obj =   3.107412663e+00 inf =   0.000e+00 (47045) 2 86%
#143073: obj =   3.109471678e+00 inf =   0.000e+00 (46744) 2 91%
#143287: obj =   3.111168076e+00 inf =   0.000e+00 (46003) 2 90%
#143486: obj =   3.112726698e+00 inf =   0.000e+00 (45981) 2 93%
#143687: obj =   3.116161985e+00 inf =   0.000e+00 (45784) 1 78%
#143883: obj =   3.117782499e+00 inf =   0.000e+00 (44158) 2 87%
#144068: obj =   3.122657252e+00 inf =   0.000e+00 (44687) 2 67%
#144261: obj =   3.123564223e+00 inf =   0.000e+00 (49143) 2 96%
#144468: obj =   3.125091175e+00 inf =   0.000e+00 (49173) 2 91%
#144664: obj =   3.127117904e+00 inf =   0.000e+00 (50522) 2 85%
#144855: obj =   3.128377759e+00 inf =   0.000e+00 (51428) 2 93%
#145054: obj =   3.129610676e+00 inf =   0.000e+00 (50312) 2 93%
#145255: obj =   3.130109796e+00 inf =   0.000e+00 (52555) 2 98%
#145480: obj =   3.130427209e+00 inf =   0.000e+00 (52783) 2 98%
#145691: obj =   3.131681617e+00 inf =   0.000e+00 (50901) 2 91%
#145885: obj =   3.139119708e+00 inf =   0.000e+00 (52324) 2 61%
#146069: obj =   3.141889839e+00 inf =   0.000e+00 (51904) 1 85%
#146258: obj =   3.144311182e+00 inf =   0.000e+00 (52413) 2 82%
#146465: obj =   3.144673600e+00 inf =   0.000e+00 (51997) 2 98%
#146673: obj =   3.148494900e+00 inf =   0.000e+00 (48781) 2 87%
#146873: obj =   3.155746201e+00 inf =   0.000e+00 (44519) 2 69%
#147058: obj =   3.159290292e+00 inf =   0.000e+00 (44480) 2 80%
#147264: obj =   3.160590646e+00 inf =   0.000e+00 (45977) 2 94%
#147482: obj =   3.162140492e+00 inf =   0.000e+00 (43018) 2 94%
#147705: obj =   3.164726727e+00 inf =   0.000e+00 (44876) 2 84%
#147920: obj =   3.168360513e+00 inf =   0.000e+00 (45713) 2 75%
#148115: obj =   3.171728299e+00 inf =   0.000e+00 (45671) 2 81%
#148327: obj =   3.172353131e+00 inf =   0.000e+00 (48306) 2 93%
#148558: obj =   3.175040566e+00 inf =   0.000e+00 (47060) 2 83%
#148752: obj =   3.178375905e+00 inf =   0.000e+00 (46656) 2 79%
#148932: obj =   3.178438198e+00 inf =   0.000e+00 (47597) 2 100%
#149106: obj =   3.178603334e+00 inf =   0.000e+00 (48627) 1 100%
#149298: obj =   3.180022045e+00 inf =   0.000e+00 (45596) 2 93%
#149500: obj =   3.180349142e+00 inf =   0.000e+00 (45308) 2 99%
#149704: obj =   3.181727994e+00 inf =   0.000e+00 (46221) 2 90%
#149898: obj =   3.181832030e+00 inf =   0.000e+00 (47150) 2 100%
#150098: obj =   3.187867958e+00 inf =   0.000e+00 (41937) 2 77%
#150310: obj =   3.188854730e+00 inf =   0.000e+00 (40477) 2 97%
#150531: obj =   3.189298892e+00 inf =   0.000e+00 (43862) 2 97%
#150742: obj =   3.189574017e+00 inf =   0.000e+00 (43695) 2 98%
#150944: obj =   3.191740153e+00 inf =   0.000e+00 (43852) 2 85%
#151143: obj =   3.193381353e+00 inf =   0.000e+00 (43905) 2 92%
#151346: obj =   3.193788361e+00 inf =   0.000e+00 (46469) 2 97%
#151535: obj =   3.195762204e+00 inf =   0.000e+00 (45136) 2 89%
#151732: obj =   3.197372868e+00 inf =   0.000e+00 (42867) 2 83%
#151921: obj =   3.197452961e+00 inf =   0.000e+00 (41294) 1 100%
#152109: obj =   3.197823829e+00 inf =   0.000e+00 (40905) 2 97%
#152312: obj =   3.197944221e+00 inf =   0.000e+00 (43527) 2 95%
#152515: obj =   3.198175116e+00 inf =   0.000e+00 (44542) 2 97%
#152712: obj =   3.199797456e+00 inf =   0.000e+00 (45015) 2 91%
#152903: obj =   3.200371045e+00 inf =   0.000e+00 (42944) 2 98%
#153093: obj =   3.205702075e+00 inf =   0.000e+00 (46094) 2 79%
#153291: obj =   3.206901906e+00 inf =   0.000e+00 (45521) 2 91%
#153501: obj =   3.206984327e+00 inf =   0.000e+00 (46081) 2 99%
#153696: obj =   3.207423035e+00 inf =   0.000e+00 (45645) 2 94%
#153898: obj =   3.207930695e+00 inf =   0.000e+00 (47619) 2 97%
#154084: obj =   3.207975429e+00 inf =   0.000e+00 (48504) 2 100%
#154282: obj =   3.208075836e+00 inf =   0.000e+00 (48572) 2 98%
#154496: obj =   3.208362486e+00 inf =   0.000e+00 (49125) 2 98%
#154717: obj =   3.212427527e+00 inf =   0.000e+00 (48427) 2 65%
#154906: obj =   3.215289323e+00 inf =   0.000e+00 (49875) 1 65%
#155084: obj =   3.216374061e+00 inf =   0.000e+00 (46199) 2 89%
#155280: obj =   3.216551401e+00 inf =   0.000e+00 (45892) 2 99%
#155473: obj =   3.217678977e+00 inf =   0.000e+00 (47042) 2 90%
#155658: obj =   3.219078050e+00 inf =   0.000e+00 (47393) 2 94%
#155844: obj =   3.222529242e+00 inf =   0.000e+00 (42863) 1 83%
#156023: obj =   3.225398361e+00 inf =   0.000e+00 (42529) 2 76%
#156199: obj =   3.230947712e+00 inf =   0.000e+00 (42104) 2 67%
#156414: obj =   3.231054286e+00 inf =   0.000e+00 (42651) 2 93%
#156614: obj =   3.232826543e+00 inf =   0.000e+00 (41683) 2 83%
#156802: obj =   3.232868919e+00 inf =   0.000e+00 (41555) 2 100%
#156992: obj =   3.235021122e+00 inf =   0.000e+00 (42797) 2 86%
#157199: obj =   3.236579227e+00 inf =   0.000e+00 (43280) 1 91%
#157403: obj =   3.236785846e+00 inf =   0.000e+00 (43837) 3 98%
#157600: obj =   3.237492235e+00 inf =   0.000e+00 (43823) 1 93%
#157798: obj =   3.238519497e+00 inf =   0.000e+00 (41219) 2 91%
#157988: obj =   3.242213934e+00 inf =   0.000e+00 (43779) 2 86%
#158166: obj =   3.245865159e+00 inf =   0.000e+00 (43134) 2 85%
#158368: obj =   3.246240180e+00 inf =   0.000e+00 (41123) 2 95%
#158569: obj =   3.246522531e+00 inf =   0.000e+00 (42354) 2 95%
#158757: obj =   3.250022434e+00 inf =   0.000e+00 (44365) 2 82%
#158933: obj =   3.251039580e+00 inf =   0.000e+00 (43751) 2 94%
#159127: obj =   3.252525287e+00 inf =   0.000e+00 (42315) 1 92%
#159319: obj =   3.253791480e+00 inf =   0.000e+00 (44856) 2 94%
#159514: obj =   3.253977379e+00 inf =   0.000e+00 (44078) 2 93%
#159711: obj =   3.255156818e+00 inf =   0.000e+00 (39875) 2 94%
#159895: obj =   3.255566288e+00 inf =   0.000e+00 (40298) 2 93%
#160096: obj =   3.256918412e+00 inf =   0.000e+00 (40200) 2 94%
#160280: obj =   3.257583881e+00 inf =   0.000e+00 (42103) 1 92%
#160465: obj =   3.262921196e+00 inf =   0.000e+00 (43011) 2 66%
#160638: obj =   3.268171765e+00 inf =   0.000e+00 (44270) 2 72%
#160810: obj =   3.276616240e+00 inf =   0.000e+00 (43433) 2 60%
#160984: obj =   3.280836686e+00 inf =   0.000e+00 (42532) 1 80%
#161161: obj =   3.284590145e+00 inf =   0.000e+00 (38352) 2 80%
#161364: obj =   3.285717003e+00 inf =   0.000e+00 (40991) 2 92%
#161568: obj =   3.285775812e+00 inf =   0.000e+00 (41245) 2 100%
#161767: obj =   3.286014207e+00 inf =   0.000e+00 (43375) 2 97%
#161958: obj =   3.286353695e+00 inf =   0.000e+00 (46090) 2 93%
#162140: obj =   3.286880373e+00 inf =   0.000e+00 (44510) 2 95%
#162336: obj =   3.287041573e+00 inf =   0.000e+00 (46180) 2 97%
#162536: obj =   3.287169381e+00 inf =   0.000e+00 (48126) 2 98%
#162737: obj =   3.287227371e+00 inf =   0.000e+00 (47726) 1 100%
#162929: obj =   3.292602228e+00 inf =   0.000e+00 (44108) 2 78%
#163106: obj =   3.302542961e+00 inf =   0.000e+00 (45543) 2 61%
#163288: obj =   3.308261083e+00 inf =   0.000e+00 (45818) 2 68%
#163474: obj =   3.308340774e+00 inf =   0.000e+00 (48004) 2 98%
#163670: obj =   3.308446791e+00 inf =   0.000e+00 (48472) 2 100%
#163858: obj =   3.310304638e+00 inf =   0.000e+00 (47055) 1 90%
#164029: obj =   3.310760125e+00 inf =   0.000e+00 (48206) 2 97%
#164201: obj =   3.312202826e+00 inf =   0.000e+00 (46921) 2 90%
#164397: obj =   3.312228753e+00 inf =   0.000e+00 (44660) 2 99%
#164592: obj =   3.312251598e+00 inf =   0.000e+00 (44841) 2 100%
#164781: obj =   3.312762746e+00 inf =   0.000e+00 (48586) 1 97%
#164959: obj =   3.313485427e+00 inf =   0.000e+00 (47780) 2 96%
#165135: obj =   3.314081797e+00 inf =   0.000e+00 (50298) 2 97%
#165323: obj =   3.314148174e+00 inf =   0.000e+00 (49317) 2 100%
#165516: obj =   3.314463044e+00 inf =   0.000e+00 (48553) 2 95%
#165703: obj =   3.315862482e+00 inf =   0.000e+00 (47319) 2 91%
#165907: obj =   3.317001216e+00 inf =   0.000e+00 (44248) 1 94%
#166089: obj =   3.317078002e+00 inf =   0.000e+00 (45016) 2 100%
#166285: obj =   3.317410877e+00 inf =   0.000e+00 (47555) 2 94%
#166478: obj =   3.317494870e+00 inf =   0.000e+00 (47971) 1 97%
#166662: obj =   3.317567731e+00 inf =   0.000e+00 (46708) 2 97%
#166840: obj =   3.317674557e+00 inf =   0.000e+00 (47851) 2 100%
#167017: obj =   3.318252914e+00 inf =   0.000e+00 (50334) 2 89%
#167206: obj =   3.321434425e+00 inf =   0.000e+00 (47917) 1 59%
#167392: obj =   3.323061324e+00 inf =   0.000e+00 (47533) 2 94%
#167574: obj =   3.325090237e+00 inf =   0.000e+00 (45984) 2 96%
#167744: obj =   3.326201647e+00 inf =   0.000e+00 (47125) 2 95%
#167912: obj =   3.329737026e+00 inf =   0.000e+00 (46050) 1 74%
#168077: obj =   3.333201337e+00 inf =   0.000e+00 (47248) 2 67%
#168247: obj =   3.337212726e+00 inf =   0.000e+00 (51745) 1 71%
#168424: obj =   3.340752962e+00 inf =   0.000e+00 (49752) 2 86%
#168598: obj =   3.344288507e+00 inf =   0.000e+00 (49038) 2 77%
#168768: obj =   3.348415229e+00 inf =   0.000e+00 (44249) 2 67%
#168943: obj =   3.354234325e+00 inf =   0.000e+00 (45443) 1 83%
#169116: obj =   3.366714595e+00 inf =   0.000e+00 (39755) 2 55%
#169296: obj =   3.375353391e+00 inf =   0.000e+00 (43217) 2 59%
#169483: obj =   3.377091284e+00 inf =   0.000e+00 (42395) 2 94%
#169672: obj =   3.378184752e+00 inf =   0.000e+00 (42218) 1 98%
#169850: obj =   3.383024497e+00 inf =   0.000e+00 (43420) 2 80%
#170023: obj =   3.385916975e+00 inf =   0.000e+00 (41937) 2 78%
#170199: obj =   3.390628711e+00 inf =   0.000e+00 (43611) 2 69%
#170400: obj =   3.391710033e+00 inf =   0.000e+00 (44650) 1 92%
#170581: obj =   3.395919004e+00 inf =   0.000e+00 (42560) 2 75%
#170755: obj =   3.404274406e+00 inf =   0.000e+00 (43193) 2 41%
#170918: obj =   3.407126760e+00 inf =   0.000e+00 (44958) 2 77%
#171087: obj =   3.407333223e+00 inf =   0.000e+00 (43574) 1 100%
#171265: obj =   3.407615687e+00 inf =   0.000e+00 (44601) 2 99%
#171452: obj =   3.408720501e+00 inf =   0.000e+00 (45567) 2 96%
#171636: obj =   3.411590623e+00 inf =   0.000e+00 (46820) 2 88%
#171811: obj =   3.412897923e+00 inf =   0.000e+00 (46749) 1 89%
#171986: obj =   3.416066934e+00 inf =   0.000e+00 (45514) 2 59%
#172160: obj =   3.421318491e+00 inf =   0.000e+00 (43380) 2 64%
#172348: obj =   3.422108489e+00 inf =   0.000e+00 (41803) 2 95%
#172536: obj =   3.425362461e+00 inf =   0.000e+00 (43205) 2 84%
#172718: obj =   3.425489214e+00 inf =   0.000e+00 (43597) 1 100%
#172896: obj =   3.429114261e+00 inf =   0.000e+00 (43491) 2 82%
#173061: obj =   3.430506545e+00 inf =   0.000e+00 (43229) 2 96%
#173251: obj =   3.430654480e+00 inf =   0.000e+00 (42765) 1 96%
#173445: obj =   3.431034081e+00 inf =   0.000e+00 (44939) 2 93%
#173631: obj =   3.431270020e+00 inf =   0.000e+00 (46208) 2 100%
#173811: obj =   3.434069271e+00 inf =   0.000e+00 (44167) 2 90%
#173989: obj =   3.440855282e+00 inf =   0.000e+00 (44599) 1 72%
#174153: obj =   3.442507387e+00 inf =   0.000e+00 (42599) 2 89%
#174337: obj =   3.443154908e+00 inf =   0.000e+00 (43092) 2 97%
#174532: obj =   3.443919469e+00 inf =   0.000e+00 (42550) 2 98%
#174702: obj =   3.446964239e+00 inf =   0.000e+00 (41996) 1 88%
#174876: obj =   3.447322785e+00 inf =   0.000e+00 (44150) 2 99%
#175043: obj =   3.449411536e+00 inf =   0.000e+00 (45435) 2 89%
#175227: obj =   3.455254733e+00 inf =   0.000e+00 (42155) 1 75%
#175416: obj =   3.455977859e+00 inf =   0.000e+00 (45416) 2 97%
#175601: obj =   3.456319616e+00 inf =   0.000e+00 (45395) 2 98%
#175781: obj =   3.456360426e+00 inf =   0.000e+00 (46884) 2 100%
#175962: obj =   3.456562947e+00 inf =   0.000e+00 (46273) 2 100%
#176139: obj =   3.458925355e+00 inf =   0.000e+00 (47214) 1 88%
#176316: obj =   3.461760194e+00 inf =   0.000e+00 (41772) 2 87%
#176505: obj =   3.462710709e+00 inf =   0.000e+00 (42345) 2 100%
#176700: obj =   3.465332068e+00 inf =   0.000e+00 (43095) 2 87%
#176879: obj =   3.467281239e+00 inf =   0.000e+00 (42861) 2 75%
#177056: obj =   3.469411901e+00 inf =   0.000e+00 (46014) 1 79%
#177234: obj =   3.470821236e+00 inf =   0.000e+00 (46028) 2 79%
#177425: obj =   3.471252926e+00 inf =   0.000e+00 (44832) 2 95%
#177609: obj =   3.472114258e+00 inf =   0.000e+00 (46370) 2 97%
#177790: obj =   3.475766013e+00 inf =   0.000e+00 (44894) 1 76%
#177958: obj =   3.476548816e+00 inf =   0.000e+00 (44390) 2 90%
#178123: obj =   3.477183465e+00 inf =   0.000e+00 (45716) 2 95%
#178293: obj =   3.478335211e+00 inf =   0.000e+00 (44374) 1 92%
#178482: obj =   3.478463048e+00 inf =   0.000e+00 (44085) 2 100%
#178663: obj =   3.478505769e+00 inf =   0.000e+00 (44347) 2 100%
#178839: obj =   3.478538702e+00 inf =   0.000e+00 (45416) 2 100%
#179016: obj =   3.478593996e+00 inf =   0.000e+00 (45384) 2 100%
#179200: obj =   3.479254166e+00 inf =   0.000e+00 (46182) 1 96%
#179391: obj =   3.479593919e+00 inf =   0.000e+00 (45383) 2 98%
#179571: obj =   3.480362079e+00 inf =   0.000e+00 (46430) 2 94%
#179741: obj =   3.480681948e+00 inf =   0.000e+00 (47738) 2 98%
#179914: obj =   3.481610885e+00 inf =   0.000e+00 (46316) 1 94%
#180083: obj =   3.482369154e+00 inf =   0.000e+00 (46320) 2 94%
#180259: obj =   3.482466898e+00 inf =   0.000e+00 (45842) 2 98%
#180448: obj =   3.482551536e+00 inf =   0.000e+00 (44655) 2 100%
#180634: obj =   3.483999550e+00 inf =   0.000e+00 (42693) 2 91%
#180811: obj =   3.484042027e+00 inf =   0.000e+00 (44422) 1 100%
#180982: obj =   3.484242887e+00 inf =   0.000e+00 (46543) 2 99%
#181149: obj =   3.484342043e+00 inf =   0.000e+00 (46571) 2 100%
#181342: obj =   3.484570914e+00 inf =   0.000e+00 (44784) 2 100%
#181538: obj =   3.484750708e+00 inf =   0.000e+00 (43753) 1 98%
#181722: obj =   3.485296894e+00 inf =   0.000e+00 (44485) 2 97%
#181906: obj =   3.486048020e+00 inf =   0.000e+00 (46711) 2 95%
#182073: obj =   3.486120019e+00 inf =   0.000e+00 (47093) 2 100%
#182264: obj =   3.486291396e+00 inf =   0.000e+00 (46822) 2 97%
#182464: obj =   3.486602403e+00 inf =   0.000e+00 (47825) 2 97%
#182655: obj =   3.487155697e+00 inf =   0.000e+00 (44809) 1 95%
#182833: obj =   3.487201089e+00 inf =   0.000e+00 (45257) 2 100%
#183007: obj =   3.487405149e+00 inf =   0.000e+00 (47977) 2 100%
#183177: obj =   3.487633470e+00 inf =   0.000e+00 (48580) 2 100%
#183365: obj =   3.488086907e+00 inf =   0.000e+00 (47076) 2 96%
#183556: obj =   3.488204724e+00 inf =   0.000e+00 (46820) 1 100%
#183733: obj =   3.488809217e+00 inf =   0.000e+00 (46278) 2 97%
#183905: obj =   3.488897260e+00 inf =   0.000e+00 (46573) 2 100%
#184126: obj =   3.489011519e+00 inf =   0.000e+00 (47031) 1 95%
#184311: obj =   3.489909185e+00 inf =   0.000e+00 (46594) 2 83%
#184496: obj =   3.490407466e+00 inf =   0.000e+00 (47106) 2 91%
#184678: obj =   3.490423469e+00 inf =   0.000e+00 (47773) 1 100%
#184854: obj =   3.490447123e+00 inf =   0.000e+00 (47831) 2 100%
#185021: obj =   3.490490444e+00 inf =   0.000e+00 (49049) 2 100%
#185190: obj =   3.491241929e+00 inf =   0.000e+00 (46830) 1 98%
#185388: obj =   3.492901256e+00 inf =   0.000e+00 (44350) 2 87%
#185572: obj =   3.492942822e+00 inf =   0.000e+00 (45040) 2 100%
#185745: obj =   3.492997805e+00 inf =   0.000e+00 (43398) 2 98%
#185922: obj =   3.493108651e+00 inf =   0.000e+00 (46109) 1 98%
#186095: obj =   3.493162614e+00 inf =   0.000e+00 (47492) 2 99%
#186271: obj =   3.493297271e+00 inf =   0.000e+00 (46976) 2 98%
#186456: obj =   3.493446671e+00 inf =   0.000e+00 (47283) 2 98%
#186640: obj =   3.493749862e+00 inf =   0.000e+00 (46118) 2 96%
#186825: obj =   3.494594371e+00 inf =   0.000e+00 (45732) 1 82%
#186997: obj =   3.497112315e+00 inf =   0.000e+00 (49229) 2 86%
#187169: obj =   3.501230101e+00 inf =   0.000e+00 (47482) 2 76%
#187350: obj =   3.503935448e+00 inf =   0.000e+00 (48417) 2 81%
#187529: obj =   3.504543682e+00 inf =   0.000e+00 (49112) 1 97%
#187702: obj =   3.504721355e+00 inf =   0.000e+00 (48097) 2 99%
#187867: obj =   3.504991335e+00 inf =   0.000e+00 (48552) 2 100%
#188042: obj =   3.505485628e+00 inf =   0.000e+00 (51242) 1 100%
#188211: obj =   3.506044777e+00 inf =   0.000e+00 (50408) 2 96%
#188388: obj =   3.506906595e+00 inf =   0.000e+00 (47631) 2 93%
#188563: obj =   3.510844968e+00 inf =   0.000e+00 (44818) 1 75%
#188733: obj =   3.517169912e+00 inf =   0.000e+00 (45934) 2 64%
#188887: obj =   3.520901229e+00 inf =   0.000e+00 (46490) 2 74%
#189036: obj =   3.524921407e+00 inf =   0.000e+00 (45713) 1 78%
#189194: obj =   3.525579267e+00 inf =   0.000e+00 (46364) 1 99%
#189358: obj =   3.526076986e+00 inf =   0.000e+00 (49266) 2 100%
#189537: obj =   3.527149360e+00 inf =   0.000e+00 (48869) 2 95%
#189707: obj =   3.527759968e+00 inf =   0.000e+00 (48822) 2 98%
#189882: obj =   3.528322873e+00 inf =   0.000e+00 (48990) 1 99%
#190052: obj =   3.530681225e+00 inf =   0.000e+00 (52377) 2 83%
#190217: obj =   3.532474442e+00 inf =   0.000e+00 (51667) 1 92%
#190396: obj =   3.532958288e+00 inf =   0.000e+00 (50858) 2 100%
#190578: obj =   3.533679254e+00 inf =   0.000e+00 (47848) 2 95%
#190757: obj =   3.539336950e+00 inf =   0.000e+00 (47787) 2 67%
#190936: obj =   3.542506877e+00 inf =   0.000e+00 (47268) 1 78%
#191092: obj =   3.546241658e+00 inf =   0.000e+00 (41893) 2 88%
#191265: obj =   3.549966968e+00 inf =   0.000e+00 (44018) 2 85%
#191460: obj =   3.551404073e+00 inf =   0.000e+00 (46534) 1 92%
#191633: obj =   3.557510455e+00 inf =   0.000e+00 (43790) 2 47%
#191791: obj =   3.562592922e+00 inf =   0.000e+00 (44514) 2 69%
#191953: obj =   3.567382614e+00 inf =   0.000e+00 (45838) 1 67%
#192114: obj =   3.572296999e+00 inf =   0.000e+00 (44633) 2 65%
#192280: obj =   3.573230398e+00 inf =   0.000e+00 (44171) 1 99%
#192466: obj =   3.573820055e+00 inf =   0.000e+00 (43931) 2 98%
#192648: obj =   3.574308825e+00 inf =   0.000e+00 (44153) 2 97%
#192815: obj =   3.574873093e+00 inf =   0.000e+00 (46897) 2 98%
#192983: obj =   3.575100548e+00 inf =   0.000e+00 (48045) 1 99%
#193147: obj =   3.576380130e+00 inf =   0.000e+00 (47024) 2 91%
#193322: obj =   3.578226547e+00 inf =   0.000e+00 (46478) 2 88%
#193495: obj =   3.579410490e+00 inf =   0.000e+00 (46615) 1 97%
#193664: obj =   3.580102105e+00 inf =   0.000e+00 (46852) 2 96%
#193828: obj =   3.581935194e+00 inf =   0.000e+00 (48677) 2 78%
#193991: obj =   3.585239311e+00 inf =   0.000e+00 (47056) 1 60%
#194146: obj =   3.587805933e+00 inf =   0.000e+00 (49844) 2 78%
#194322: obj =   3.589336627e+00 inf =   0.000e+00 (49394) 2 97%
#194504: obj =   3.591750191e+00 inf =   0.000e+00 (50401) 1 92%
#194652: obj =   3.593945734e+00 inf =   0.000e+00 (84022) 2 85%
#194793: obj =   3.594667637e+00 inf =   0.000e+00 (45426) 1 95%
#194952: obj =   3.594852059e+00 inf =   0.000e+00 (47252) 2 100%
#195119: obj =   3.595053535e+00 inf =   0.000e+00 (46614) 1 99%
#195273: obj =   3.595241865e+00 inf =   0.000e+00 (47993) 2 88%
#195457: obj =   3.595639175e+00 inf =   0.000e+00 (51853) 2 91%
#195612: obj =   3.596688884e+00 inf =   0.000e+00 (50612) 1 92%
#195780: obj =   3.599194878e+00 inf =   0.000e+00 (50695) 2 77%
#195932: obj =   3.599588288e+00 inf =   0.000e+00 (50637) 1 95%
#196071: obj =   3.601820443e+00 inf =   0.000e+00 (50282) 2 74%
#196224: obj =   3.603382426e+00 inf =   0.000e+00 (51497) 1 79%
#196386: obj =   3.603743985e+00 inf =   0.000e+00 (49959) 2 96%
#196561: obj =   3.604051945e+00 inf =   0.000e+00 (51341) 1 98%
#196734: obj =   3.605235972e+00 inf =   0.000e+00 (49417) 2 86%
#196899: obj =   3.605492416e+00 inf =   0.000e+00 (49745) 1 99%
#197032: obj =   3.605682000e+00 inf =   0.000e+00 (47811) 2 96%
#197198: obj =   3.607106887e+00 inf =   0.000e+00 (50946) 1 88%
#197361: obj =   3.607261336e+00 inf =   0.000e+00 (51729) 2 100%
#197511: obj =   3.607389996e+00 inf =   0.000e+00 (51692) 1 100%
#197678: obj =   3.607543222e+00 inf =   0.000e+00 (49126) 2 99%
#197847: obj =   3.607841890e+00 inf =   0.000e+00 (49922) 2 96%
#198016: obj =   3.607924510e+00 inf =   0.000e+00 (50560) 1 100%
#198184: obj =   3.608119761e+00 inf =   0.000e+00 (52238) 2 98%
#198358: obj =   3.608291701e+00 inf =   0.000e+00 (54558) 1 97%
#198515: obj =   3.609086691e+00 inf =   0.000e+00 (57808) 2 94%
#198650: obj =   3.609125502e+00 inf =   0.000e+00 (58221) 1 100%
#198787: obj =   3.611295212e+00 inf =   0.000e+00 (51292) 2 81%
#198945: obj =   3.612227128e+00 inf =   0.000e+00 (53326) 1 98%
#199082: obj =   3.612389343e+00 inf =   0.000e+00 (52726) 2 100%
#199236: obj =   3.612994760e+00 inf =   0.000e+00 (54280) 1 92%
#199399: obj =   3.613581067e+00 inf =   0.000e+00 (52099) 2 97%
#199547: obj =   3.613749035e+00 inf =   0.000e+00 (50491) 1 100%
#199687: obj =   3.614021184e+00 inf =   0.000e+00 (48505) 2 100%
#199846: obj =   3.615207466e+00 inf =   0.000e+00 (51678) 1 88%
#199987: obj =   3.615689236e+00 inf =   0.000e+00 (50634) 2 97%
#200152: obj =   3.616053770e+00 inf =   0.000e+00 (51168) 1 100%
#200325: obj =   3.616328260e+00 inf =   0.000e+00 (51473) 2 98%
#200500: obj =   3.616471018e+00 inf =   0.000e+00 (51373) 2 100%
#200679: obj =   3.616915219e+00 inf =   0.000e+00 (51236) 1 96%
#200848: obj =   3.617193418e+00 inf =   0.000e+00 (51466) 2 97%
#201011: obj =   3.617243828e+00 inf =   0.000e+00 (50658) 2 100%
#201185: obj =   3.617332154e+00 inf =   0.000e+00 (52019) 1 100%
#201343: obj =   3.617586668e+00 inf =   0.000e+00 (53479) 2 100%
#201516: obj =   3.618327499e+00 inf =   0.000e+00 (51544) 2 99%
#201717: obj =   3.621082633e+00 inf =   0.000e+00 (46264) 1 82%
#201881: obj =   3.623126462e+00 inf =   0.000e+00 (48486) 1 78%
#202041: obj =   3.625930878e+00 inf =   0.000e+00 (50204) 2 82%
#202200: obj =   3.626521338e+00 inf =   0.000e+00 (48927) 1 100%
#202373: obj =   3.626898107e+00 inf =   0.000e+00 (48994) 2 98%
#202542: obj =   3.627278597e+00 inf =   0.000e+00 (50755) 2 98%
#202711: obj =   3.627601764e+00 inf =   0.000e+00 (50701) 1 100%
#202873: obj =   3.628951775e+00 inf =   0.000e+00 (45633) 2 86%
#203033: obj =   3.629221425e+00 inf =   0.000e+00 (84942) 1 99%
#203183: obj =   3.631769235e+00 inf =   0.000e+00 (46774) 2 74%
#203360: obj =   3.633467068e+00 inf =   0.000e+00 (47010) 2 89%
#203531: obj =   3.635261420e+00 inf =   0.000e+00 (47062) 1 79%
#203691: obj =   3.635431774e+00 inf =   0.000e+00 (46703) 2 98%
#203855: obj =   3.635499936e+00 inf =   0.000e+00 (48197) 2 100%
#204018: obj =   3.635574533e+00 inf =   0.000e+00 (48229) 1 98%
#204182: obj =   3.635820292e+00 inf =   0.000e+00 (49009) 2 73%
#204364: obj =   3.636310086e+00 inf =   0.000e+00 (48021) 1 75%
#204537: obj =   3.636431029e+00 inf =   0.000e+00 (48398) 2 90%
#204705: obj =   3.637117742e+00 inf =   0.000e+00 (48149) 2 73%
#204871: obj =   3.637382823e+00 inf =   0.000e+00 (48951) 1 85%
#205033: obj =   3.637597881e+00 inf =   0.000e+00 (48845) 2 83%
#205197: obj =   3.638436555e+00 inf =   0.000e+00 (47051) 2 75%
#205384: obj =   3.638880600e+00 inf =   0.000e+00 (47985) 1 84%
#205568: obj =   3.639730375e+00 inf =   0.000e+00 (45727) 2 84%
#205739: obj =   3.642478042e+00 inf =   0.000e+00 (46238) 2 87%
#205907: obj =   3.643627720e+00 inf =   0.000e+00 (44806) 2 87%
#206069: obj =   3.645860767e+00 inf =   0.000e+00 (87183) 1 84%
#206220: obj =   3.651643966e+00 inf =   0.000e+00 (43979) 2 50%
#206409: obj =   3.651975969e+00 inf =   0.000e+00 (45025) 1 95%
#206589: obj =   3.652116575e+00 inf =   0.000e+00 (43721) 2 100%
#206764: obj =   3.652280164e+00 inf =   0.000e+00 (46031) 2 99%
#206935: obj =   3.652514050e+00 inf =   0.000e+00 (45110) 2 98%
#207100: obj =   3.653050755e+00 inf =   0.000e+00 (42853) 1 93%
#207262: obj =   3.653835652e+00 inf =   0.000e+00 (46713) 2 90%
#207442: obj =   3.654042388e+00 inf =   0.000e+00 (46743) 2 99%
#207614: obj =   3.655353872e+00 inf =   0.000e+00 (43651) 1 93%
#207781: obj =   3.657840679e+00 inf =   0.000e+00 (45808) 2 86%
#207949: obj =   3.660958598e+00 inf =   0.000e+00 (45760) 2 60%
#208120: obj =   3.667551834e+00 inf =   0.000e+00 (44757) 1 24%
#208261: obj =   3.671552957e+00 inf =   0.000e+00 (43957) 2 43%
#208426: obj =   3.672452793e+00 inf =   0.000e+00 (49170) 1 95%
#208586: obj =   3.673450709e+00 inf =   0.000e+00 (47362) 2 95%
#208745: obj =   3.674975837e+00 inf =   0.000e+00 (47531) 1 88%
#208903: obj =   3.675663369e+00 inf =   0.000e+00 (83591) 2 91%
#209030: obj =   3.676921475e+00 inf =   0.000e+00 (86657) 1 88%
#209152: obj =   3.677513344e+00 inf =   0.000e+00 (82686) 1 99%
#209272: obj =   3.677723775e+00 inf =   0.000e+00 (83131) 2 100%
#209397: obj =   3.678026710e+00 inf =   0.000e+00 (83487) 1 100%
#209524: obj =   3.678182715e+00 inf =   0.000e+00 (84564) 1 99%
#209652: obj =   3.678223240e+00 inf =   0.000e+00 (85138) 1 99%
#209775: obj =   3.678256180e+00 inf =   0.000e+00 (85826) 2 99%
#209907: obj =   3.678293927e+00 inf =   0.000e+00 (84740) 1 99%
#210037: obj =   3.678335221e+00 inf =   0.000e+00 (85752) 1 100%
#210163: obj =   3.678397578e+00 inf =   0.000e+00 (87758) 1 100%
#210290: obj =   3.678564246e+00 inf =   0.000e+00 (87540) 2 100%
#210428: obj =   3.678604751e+00 inf =   0.000e+00 (88657) 1 100%
#210563: obj =   3.678616133e+00 inf =   0.000e+00 (90096) 1 100%
#210700: obj =   3.678748157e+00 inf =   0.000e+00 (86765) 2 97%
#210834: obj =   3.679792990e+00 inf =   0.000e+00 (83850) 1 80%
#210967: obj =   3.679830764e+00 inf =   0.000e+00 (84066) 1 100%
#211103: obj =   3.681497301e+00 inf =   0.000e+00 (84198) 1 67%
#211244: obj =   3.683903662e+00 inf =   0.000e+00 (85269) 2 63%
#211372: obj =   3.684329346e+00 inf =   0.000e+00 (88081) 1 94%
#211498: obj =   3.684384033e+00 inf =   0.000e+00 (87587) 1 99%
#211621: obj =   3.684625698e+00 inf =   0.000e+00 (86419) 2 95%
#211747: obj =   3.684683266e+00 inf =   0.000e+00 (86809) 1 100%
#211876: obj =   3.684830014e+00 inf =   0.000e+00 (87226) 1 96%
#212004: obj =   3.685385179e+00 inf =   0.000e+00 (89501) 1 92%
#212134: obj =   3.685455965e+00 inf =   0.000e+00 (89996) 1 99%
#212258: obj =   3.685498086e+00 inf =   0.000e+00 (87985) 2 99%
#212384: obj =   3.685557488e+00 inf =   0.000e+00 (88575) 1 100%
#212511: obj =   3.685643128e+00 inf =   0.000e+00 (90216) 1 100%
#212638: obj =   3.686002091e+00 inf =   0.000e+00 (89524) 1 92%
#212765: obj =   3.686072180e+00 inf =   0.000e+00 (89426) 2 100%
#212898: obj =   3.686481612e+00 inf =   0.000e+00 (87899) 1 97%
#213025: obj =   3.686591231e+00 inf =   0.000e+00 (88572) 1 99%
#213171: obj =   3.686702461e+00 inf =   0.000e+00 (48479) 1 100%
#213310: obj =   3.686898772e+00 inf =   0.000e+00 (92084) 2 94%
#213436: obj =   3.686985079e+00 inf =   0.000e+00 (91431) 1 96%
#213561: obj =   3.687000912e+00 inf =   0.000e+00 (89737) 1 100%
#213700: obj =   3.687033511e+00 inf =   0.000e+00 (91209) 2 100%
#213825: obj =   3.687492539e+00 inf =   0.000e+00 (91284) 1 91%
#213952: obj =   3.687808822e+00 inf =   0.000e+00 (90270) 1 91%
#214095: obj =   3.688223806e+00 inf =   0.000e+00 (48953) 1 82%
#214235: obj =   3.688341174e+00 inf =   0.000e+00 (49476) 2 56%
#214356: obj =   3.688426438e+00 inf =   0.000e+00 (88013) 1 63%
#214480: obj =   3.688437838e+00 inf =   0.000e+00 (89251) 1 99%
#214604: obj =   3.688450168e+00 inf =   0.000e+00 (90409) 1 99%
#214730: obj =   3.688735374e+00 inf =   0.000e+00 (90428) 1 92%
#214852: obj =   3.688814963e+00 inf =   0.000e+00 (92154) 2 98%
#214985: obj =   3.689219366e+00 inf =   0.000e+00 (49722) 1 94%
#215131: obj =   3.689999937e+00 inf =   0.000e+00 (46119) 1 86%
#215283: obj =   3.690095586e+00 inf =   0.000e+00 (47817) 2 96%
#215460: obj =   3.690174698e+00 inf =   0.000e+00 (49181) 1 98%
#215623: obj =   3.690536076e+00 inf =   0.000e+00 (48900) 2 95%
#215787: obj =   3.690580929e+00 inf =   0.000e+00 (48898) 2 100%
#215952: obj =   3.690713224e+00 inf =   0.000e+00 (50557) 1 98%
#216122: obj =   3.690882957e+00 inf =   0.000e+00 (49972) 2 91%
#216287: obj =   3.691038379e+00 inf =   0.000e+00 (51182) 2 93%
#216458: obj =   3.691110023e+00 inf =   0.000e+00 (49925) 1 99%
#216621: obj =   3.691316528e+00 inf =   0.000e+00 (52296) 2 98%
#216786: obj =   3.692170981e+00 inf =   0.000e+00 (50202) 1 90%
#216915: obj =   3.692233230e+00 inf =   0.000e+00 (51024) 2 100%
#217062: obj =   3.692607370e+00 inf =   0.000e+00 (47575) 1 98%
#217193: obj =   3.692649870e+00 inf =   0.000e+00 (47896) 1 100%
#217326: obj =   3.692699354e+00 inf =   0.000e+00 (50798) 1 42%
#217437: obj =   3.692844205e+00 inf =   0.000e+00 (89864) 1 29%
#217556: obj =   3.692854597e+00 inf =   0.000e+00 (90438) 2 100%
#217679: obj =   3.692863181e+00 inf =   0.000e+00 (90857) 1 100%
#217806: obj =   3.693187499e+00 inf =   0.000e+00 (90082) 1 87%
#217934: obj =   3.693550665e+00 inf =   0.000e+00 (91256) 1 92%
#218057: obj =   3.693996029e+00 inf =   0.000e+00 (90684) 1 95%
#218176: obj =   3.694248629e+00 inf =   0.000e+00 (89761) 2 92%
#218300: obj =   3.694277531e+00 inf =   0.000e+00 (93546) 1 97%
#218426: obj =   3.694350392e+00 inf =   0.000e+00 (87446) 1 96%
#218559: obj =   3.694492448e+00 inf =   0.000e+00 (90472) 1 94%
#218686: obj =   3.694558881e+00 inf =   0.000e+00 (90063) 1 95%
#218807: obj =   3.695118305e+00 inf =   0.000e+00 (91811) 2 80%
#218933: obj =   3.695332497e+00 inf =   0.000e+00 (48700) 1 92%
#219057: obj =   3.695632384e+00 inf =   0.000e+00 (95352) 1 88%
#219181: obj =   3.695673319e+00 inf =   0.000e+00 (98250) 1 97%
#219307: obj =   3.695789967e+00 inf =   0.000e+00 (100162) 1 96%
#219428: obj =   3.695870147e+00 inf =   0.000e+00 (99355) 2 99%
#219553: obj =   3.696267691e+00 inf =   0.000e+00 (97534) 1 89%
#219688: obj =   3.697813042e+00 inf =   0.000e+00 (48354) 1 64%
#219833: obj =   3.698811729e+00 inf =   0.000e+00 (50193) 2 71%
#219987: obj =   3.700447404e+00 inf =   0.000e+00 (51883) 1 60%
Warning: basis matrix is ill-conditioned (cond = 1.69e+13)
#220128: obj =   3.700991659e+00 inf =   0.000e+00 (52451) 2 90%
#220257: obj =   3.703685228e+00 inf =   0.000e+00 (102075) 1 46%
#220376: obj =   3.703696912e+00 inf =   0.000e+00 (103732) 1 100%
#220494: obj =   3.703733576e+00 inf =   0.000e+00 (104559) 1 94%
#220615: obj =   3.703826895e+00 inf =   0.000e+00 (106731) 1 86%
#220736: obj =   3.703878377e+00 inf =   0.000e+00 (105206) 1 94%
#220858: obj =   3.704239877e+00 inf =   0.000e+00 (105564) 2 59%
#220988: obj =   3.705525708e+00 inf =   0.000e+00 (102574) 1 85%
#221130: obj =   3.707432393e+00 inf =   0.000e+00 (51157) 1 71%
#221284: obj =   3.709072638e+00 inf =   0.000e+00 (51663) 2 70%
#221463: obj =   3.709404140e+00 inf =   0.000e+00 (53484) 1 96%
#221633: obj =   3.710275669e+00 inf =   0.000e+00 (50447) 2 87%
#221789: obj =   3.710294664e+00 inf =   0.000e+00 (51005) 2 100%
#221959: obj =   3.710453716e+00 inf =   0.000e+00 (50580) 1 99%
#222134: obj =   3.710729300e+00 inf =   0.000e+00 (47180) 2 97%
#222303: obj =   3.713018249e+00 inf =   0.000e+00 (47501) 1 62%
#222480: obj =   3.713204999e+00 inf =   0.000e+00 (48139) 2 97%
#222654: obj =   3.713226097e+00 inf =   0.000e+00 (48728) 2 100%
#222829: obj =   3.713298274e+00 inf =   0.000e+00 (51069) 1 100%
#222995: obj =   3.713524240e+00 inf =   0.000e+00 (51405) 2 100%
#223154: obj =   3.715153886e+00 inf =   0.000e+00 (55090) 2 95%
#223315: obj =   3.715960339e+00 inf =   0.000e+00 (52657) 1 95%
#223479: obj =   3.716430839e+00 inf =   0.000e+00 (55740) 2 99%
#223646: obj =   3.717278801e+00 inf =   0.000e+00 (47930) 1 97%
#223809: obj =   3.720421006e+00 inf =   0.000e+00 (44451) 2 80%
#223960: obj =   3.721557850e+00 inf =   0.000e+00 (45668) 1 91%
#224110: obj =   3.723097821e+00 inf =   0.000e+00 (45901) 2 50%
#224247: obj =   3.725015380e+00 inf =   0.000e+00 (95697) 1 75%
#224369: obj =   3.725243811e+00 inf =   0.000e+00 (95800) 1 99%
#224491: obj =   3.725303650e+00 inf =   0.000e+00 (93850) 1 100%
#224609: obj =   3.725799174e+00 inf =   0.000e+00 (96243) 2 98%
#224732: obj =   3.726439364e+00 inf =   0.000e+00 (93793) 1 93%
#224857: obj =   3.726765523e+00 inf =   0.000e+00 (95340) 1 99%
#224976: obj =   3.726829750e+00 inf =   0.000e+00 (96697) 1 100%
#225097: obj =   3.727203514e+00 inf =   0.000e+00 (96408) 1 95%
#225226: obj =   3.727956647e+00 inf =   0.000e+00 (96241) 2 93%
#225351: obj =   3.728195995e+00 inf =   0.000e+00 (96411) 1 98%
#225487: obj =   3.728319600e+00 inf =   0.000e+00 (96226) 1 99%
#225616: obj =   3.728513338e+00 inf =   0.000e+00 (94936) 2 95%
#225743: obj =   3.728543085e+00 inf =   0.000e+00 (96932) 1 100%
#225865: obj =   3.728576410e+00 inf =   0.000e+00 (97120) 1 100%
#225994: obj =   3.729492256e+00 inf =   0.000e+00 (95017) 1 86%
#226131: obj =   3.729536804e+00 inf =   0.000e+00 (92313) 1 100%
#226254: obj =   3.729609138e+00 inf =   0.000e+00 (94619) 1 100%
#226372: obj =   3.729673606e+00 inf =   0.000e+00 (93607) 2 100%
#226498: obj =   3.729691968e+00 inf =   0.000e+00 (94811) 1 100%
#226631: obj =   3.729710870e+00 inf =   0.000e+00 (94975) 1 100%
#226761: obj =   3.729937158e+00 inf =   0.000e+00 (96308) 2 96%
#226887: obj =   3.729994006e+00 inf =   0.000e+00 (96904) 1 99%
#227025: obj =   3.730096394e+00 inf =   0.000e+00 (97228) 1 100%
#227160: obj =   3.730208141e+00 inf =   0.000e+00 (97300) 1 100%
#227288: obj =   3.730487290e+00 inf =   0.000e+00 (97192) 2 89%
#227418: obj =   3.730687163e+00 inf =   0.000e+00 (95346) 1 94%
#227565: obj =   3.730739634e+00 inf =   0.000e+00 (95309) 1 98%
#227691: obj =   3.730749994e+00 inf =   0.000e+00 (95025) 2 100%
#227822: obj =   3.730763592e+00 inf =   0.000e+00 (96004) 1 100%
#227961: obj =   3.730809934e+00 inf =   0.000e+00 (94272) 1 98%
#228108: obj =   3.730814673e+00 inf =   0.000e+00 (94514) 1 100%
#228230: obj =   3.730856253e+00 inf =   0.000e+00 (95422) 2 99%
#228375: obj =   3.730873878e+00 inf =   0.000e+00 (94346) 1 100%
#228499: obj =   3.731209549e+00 inf =   0.000e+00 (94913) 1 91%
#228646: obj =   3.731507353e+00 inf =   0.000e+00 (93373) 2 94%
#228799: obj =   3.731914013e+00 inf =   0.000e+00 (43990) 1 89%
#228962: obj =   3.732284770e+00 inf =   0.000e+00 (43648) 2 96%
#229123: obj =   3.732913083e+00 inf =   0.000e+00 (45913) 1 91%
#229278: obj =   3.736604008e+00 inf =   0.000e+00 (45128) 2 61%
#229458: obj =   3.736834107e+00 inf =   0.000e+00 (48479) 2 98%
#229623: obj =   3.736858076e+00 inf =   0.000e+00 (47421) 1 100%
#229801: obj =   3.736894877e+00 inf =   0.000e+00 (48936) 2 100%
#229974: obj =   3.736971523e+00 inf =   0.000e+00 (50320) 2 99%
#230133: obj =   3.737110336e+00 inf =   0.000e+00 (50469) 1 97%
#230298: obj =   3.737622779e+00 inf =   0.000e+00 (50915) 2 93%
#230457: obj =   3.737678366e+00 inf =   0.000e+00 (46638) 1 100%
#230602: obj =   3.737694287e+00 inf =   0.000e+00 (48258) 2 100%
#230756: obj =   3.737712678e+00 inf =   0.000e+00 (49787) 1 100%
#230900: obj =   3.737733753e+00 inf =   0.000e+00 (51869) 2 100%
#231068: obj =   3.738186687e+00 inf =   0.000e+00 (53097) 1 98%
#231230: obj =   3.738254470e+00 inf =   0.000e+00 (54113) 2 99%
#231402: obj =   3.738453284e+00 inf =   0.000e+00 (51252) 2 97%
#231578: obj =   3.738498433e+00 inf =   0.000e+00 (52604) 2 100%
#231750: obj =   3.738696216e+00 inf =   0.000e+00 (50679) 1 98%
#231913: obj =   3.738724404e+00 inf =   0.000e+00 (51833) 2 100%
#232081: obj =   3.738836295e+00 inf =   0.000e+00 (50975) 1 99%
#232247: obj =   3.738915725e+00 inf =   0.000e+00 (50917) 2 100%
#232423: obj =   3.739087636e+00 inf =   0.000e+00 (49946) 2 95%
#232601: obj =   3.739202797e+00 inf =   0.000e+00 (51315) 2 96%
#232773: obj =   3.739549045e+00 inf =   0.000e+00 (46022) 1 93%
#232964: obj =   3.739957448e+00 inf =   0.000e+00 (47129) 2 98%
#233134: obj =   3.740937150e+00 inf =   0.000e+00 (44054) 1 73%
#233291: obj =   3.743185205e+00 inf =   0.000e+00 (45047) 2 41%
#233469: obj =   3.743265719e+00 inf =   0.000e+00 (48032) 2 98%
#233642: obj =   3.743448557e+00 inf =   0.000e+00 (44799) 1 92%
#233808: obj =   3.743563025e+00 inf =   0.000e+00 (44837) 2 93%
#233975: obj =   3.743621923e+00 inf =   0.000e+00 (47766) 2 100%
#234130: obj =   3.743711624e+00 inf =   0.000e+00 (50789) 1 99%
#234285: obj =   3.743788855e+00 inf =   0.000e+00 (49044) 2 100%
#234454: obj =   3.744114399e+00 inf =   0.000e+00 (48181) 1 95%
#234598: obj =   3.746173544e+00 inf =   0.000e+00 (87764) 1 90%
#234728: obj =   3.746286244e+00 inf =   0.000e+00 (89673) 2 100%
#234867: obj =   3.747188837e+00 inf =   0.000e+00 (45180) 1 85%
#234997: obj =   3.747531904e+00 inf =   0.000e+00 (45721) 1 96%
#235127: obj =   3.747772923e+00 inf =   0.000e+00 (45318) 1 95%
#235251: obj =   3.748203821e+00 inf =   0.000e+00 (45694) 2 94%
#235379: obj =   3.748360792e+00 inf =   0.000e+00 (45816) 1 99%
#235511: obj =   3.748689503e+00 inf =   0.000e+00 (46270) 1 83%
#235667: obj =   3.749530698e+00 inf =   0.000e+00 (45959) 2 77%
#235833: obj =   3.749903011e+00 inf =   0.000e+00 (46919) 1 88%
#235995: obj =   3.750419057e+00 inf =   0.000e+00 (48323) 2 90%
#236153: obj =   3.752138953e+00 inf =   0.000e+00 (47680) 2 81%
#236327: obj =   3.752522121e+00 inf =   0.000e+00 (51541) 1 97%
#236514: obj =   3.753178154e+00 inf =   0.000e+00 (48268) 2 90%
#236679: obj =   3.754086117e+00 inf =   0.000e+00 (46198) 2 92%
#236845: obj =   3.754669565e+00 inf =   0.000e+00 (44210) 1 98%
#237014: obj =   3.758427756e+00 inf =   0.000e+00 (41953) 2 71%
#237160: obj =   3.760823818e+00 inf =   0.000e+00 (41197) 1 78%
#237315: obj =   3.761651625e+00 inf =   0.000e+00 (41907) 2 86%
#237470: obj =   3.762305255e+00 inf =   0.000e+00 (41987) 1 84%
#237641: obj =   3.762604834e+00 inf =   0.000e+00 (40872) 2 94%
#237806: obj =   3.762776403e+00 inf =   0.000e+00 (43073) 2 96%
#237970: obj =   3.763625428e+00 inf =   0.000e+00 (42622) 1 88%
#238107: obj =   3.763905244e+00 inf =   0.000e+00 (40944) 1 85%
#238245: obj =   3.764062399e+00 inf =   0.000e+00 (42232) 2 89%
#238427: obj =   3.764218847e+00 inf =   0.000e+00 (44727) 2 93%
#238585: obj =   3.764262666e+00 inf =   0.000e+00 (43609) 1 100%
#238723: obj =   3.764406978e+00 inf =   0.000e+00 (45125) 1 97%
#238885: obj =   3.764498596e+00 inf =   0.000e+00 (47022) 2 96%
#239050: obj =   3.764620129e+00 inf =   0.000e+00 (46773) 2 89%
#239219: obj =   3.764901374e+00 inf =   0.000e+00 (45153) 1 76%
#239378: obj =   3.765076435e+00 inf =   0.000e+00 (46096) 2 90%
#239521: obj =   3.765404225e+00 inf =   0.000e+00 (49940) 1 76%
#239663: obj =   3.765616156e+00 inf =   0.000e+00 (51170) 2 88%
#239837: obj =   3.766037195e+00 inf =   0.000e+00 (46657) 1 86%
#240001: obj =   3.766195526e+00 inf =   0.000e+00 (47648) 2 96%
#240150: obj =   3.767770506e+00 inf =   0.000e+00 (81759) 2 79%
#240294: obj =   3.767861504e+00 inf =   0.000e+00 (82113) 1 100%
#240416: obj =   3.767916394e+00 inf =   0.000e+00 (81056) 1 100%
#240543: obj =   3.768055546e+00 inf =   0.000e+00 (83604) 1 100%
#240665: obj =   3.768201920e+00 inf =   0.000e+00 (80864) 2 98%
#240798: obj =   3.769026024e+00 inf =   0.000e+00 (81024) 1 85%
#240933: obj =   3.769535414e+00 inf =   0.000e+00 (81117) 1 91%
#241060: obj =   3.770695870e+00 inf =   0.000e+00 (41682) 1 79%
#241219: obj =   3.770823447e+00 inf =   0.000e+00 (43353) 2 100%
#241400: obj =   3.771121286e+00 inf =   0.000e+00 (41806) 2 95%
#241582: obj =   3.771237287e+00 inf =   0.000e+00 (44158) 2 92%
#241757: obj =   3.771298661e+00 inf =   0.000e+00 (44823) 1 100%
#241921: obj =   3.771348128e+00 inf =   0.000e+00 (47222) 2 100%
#242084: obj =   3.772392684e+00 inf =   0.000e+00 (45119) 2 88%
#242219: obj =   3.776168629e+00 inf =   0.000e+00 (40870) 1 60%
#242374: obj =   3.776413167e+00 inf =   0.000e+00 (45874) 1 81%
#242539: obj =   3.776619146e+00 inf =   0.000e+00 (43523) 2 92%
#242669: obj =   3.776663158e+00 inf =   0.000e+00 (42724) 1 99%
#242799: obj =   3.776820260e+00 inf =   0.000e+00 (44296) 1 89%
#242925: obj =   3.777105406e+00 inf =   0.000e+00 (43064) 1 94%
#243062: obj =   3.777400122e+00 inf =   0.000e+00 (44193) 2 74%
#243209: obj =   3.777503694e+00 inf =   0.000e+00 (44587) 1 91%
#243347: obj =   3.777595690e+00 inf =   0.000e+00 (44966) 2 93%
#243506: obj =   3.777808442e+00 inf =   0.000e+00 (46848) 1 94%
#243635: obj =   3.777835977e+00 inf =   0.000e+00 (48255) 2 100%
#243815: obj =   3.777884563e+00 inf =   0.000e+00 (47416) 1 99%
#243990: obj =   3.778008253e+00 inf =   0.000e+00 (85090) 2 95%
#244128: obj =   3.778058354e+00 inf =   0.000e+00 (86114) 1 100%
#244257: obj =   3.778083676e+00 inf =   0.000e+00 (87314) 2 100%
#244384: obj =   3.778103999e+00 inf =   0.000e+00 (87043) 1 100%
#244505: obj =   3.778114537e+00 inf =   0.000e+00 (87713) 1 100%
#244633: obj =   3.778125559e+00 inf =   0.000e+00 (89652) 1 100%
#244763: obj =   3.778171209e+00 inf =   0.000e+00 (85900) 2 98%
#244889: obj =   3.778409057e+00 inf =   0.000e+00 (88260) 1 93%
#245018: obj =   3.779025170e+00 inf =   0.000e+00 (85720) 1 93%
#245160: obj =   3.779310381e+00 inf =   0.000e+00 (86021) 1 95%
