GLPSOL--GLPK LP/MIP Solver 5.0
Parameter(s) specified in the command line:
 -m ../GLPK/GraphColoringGLPK.mod -d queen9_9.col.dat -o ../sol/queen9_9.col.dat.sol
Reading model section from ../GLPK/GraphColoringGLPK.mod...
../GLPK/GraphColoringGLPK.mod:28: warning: unexpected end of file; missing end statement inserted
28 lines were read
Reading data section from queen9_9.col.dat...
queen9_9.col.dat:99: duplicate tuple (2,1) detected
Context:  2 ) ( 2 , 65 ) ( 65 , 2 ) ( 2 , 74 ) ( 74 , 2 ) ( 2 , 1 ) (
MathProg model processing error
GLPSOL--GLPK LP/MIP Solver 5.0
Parameter(s) specified in the command line:
 -m ../GLPK/GraphColoringGLPK.mod -d queen9_9.col.dat -o ../sol/queen9_9.col.dat.sol
Reading model section from ../GLPK/GraphColoringGLPK.mod...
../GLPK/GraphColoringGLPK.mod:28: warning: unexpected end of file; missing end statement inserted
28 lines were read
Reading data section from queen9_9.col.dat...
2117 lines were read
Generating colors_count...
Generating R1...
Generating R2...
Generating R3...
Model has been successfully generated
GLPK Integer Optimizer 5.0
171234 rows, 6642 columns, 532818 non-zeros
6642 integer variables, all of which are binary
Preprocessing...
171233 rows, 6642 columns, 532737 non-zeros
6642 integer variables, all of which are binary
Scaling...
 A: min|aij| =  1.000e+00  max|aij| =  1.000e+00  ratio =  1.000e+00
Problem data seem to be well scaled
Constructing initial basis...
Size of triangular part is 171233
Solving LP relaxation...
GLPK Simplex Optimizer 5.0
171233 rows, 6642 columns, 532737 non-zeros
      0: obj =   0.000000000e+00 inf =   4.305e+03 (2113)
Perturbing LP to avoid stalling [200]...
    900: obj =   3.000000002e+00 inf =   1.799e+03 (1779) 7
   1653: obj =   3.013125620e+00 inf =   1.505e+03 (1725) 7
   2318: obj =   3.107310065e+00 inf =   1.214e+03 (1725) 7
   2964: obj =   3.441023914e+00 inf =   9.806e+02 (1709) 6
   3607: obj =   3.724429782e+00 inf =   7.862e+02 (1567) 6
   4240: obj =   4.268472120e+00 inf =   5.583e+02 (1241) 7
   4859: obj =   5.340506222e+00 inf =   2.462e+02 (731) 6
   5461: obj =   5.525104105e+00 inf =   1.380e+02 (517) 5
   6024: obj =   5.606552187e+00 inf =   5.651e+01 (205) 6
   6601: obj =   5.727250147e+00 inf =   2.499e+01 (11) 5
   7199: obj =   6.604029507e+00 inf =   1.029e+01 (1) 6
   7773: obj =   6.516864643e+00 inf =   6.144e+00 (1) 6
   8343: obj =   6.541835590e+00 inf =   2.499e+00 (1) 5
   8562: obj =   6.449695487e+00 inf =   1.245e-05 (0) 3
*  9137: obj =   5.750220144e+00 inf =   1.745e-05 (3427) 5
*  9701: obj =   5.234494407e+00 inf =   2.639e-05 (3028) 6
* 10264: obj =   5.034959830e+00 inf =   3.191e-05 (3174) 5
* 10815: obj =   4.439489082e+00 inf =   4.856e-05 (3233) 6
* 11375: obj =   3.822373410e+00 inf =   6.120e-05 (3265) 5
* 11888: obj =   3.333825100e+00 inf =   7.511e-05 (3314) 5
* 12401: obj =   3.026264908e+00 inf =   8.758e-05 (3270) 5
* 12913: obj =   2.712915745e+00 inf =   1.042e-04 (3251) 6
* 13456: obj =   2.502086933e+00 inf =   1.192e-04 (3288) 5
* 14022: obj =   2.254376671e+00 inf =   1.403e-04 (3187) 6
* 14638: obj =   2.104520514e+00 inf =   1.690e-04 (297) 6
* 15259: obj =   1.999999652e+00 inf =   1.876e-03 (2537) 6
* 15790: obj =   1.999999400e+00 inf =   3.753e-03 (2295) 5
* 16317: obj =   1.999999229e+00 inf =   5.221e-03 (2320) 5
* 16838: obj =   1.999999114e+00 inf =   6.141e-03 (995) 5
* 17355: obj =   1.999999062e+00 inf =   6.732e-03 (678) 6
Removing LP perturbation [17854]...
* 17854: obj =   2.000000000e+00 inf =   2.497e-12 (0) 4
OPTIMAL LP SOLUTION FOUND
Integer optimization begins...
Long-step dual simplex will be used
+ 17854: mip =     not found yet >=              -inf        (1; 0)
+ 17854: mip =     not found yet >=   2.000000000e+00        (2; 0)
+ 17856: mip =     not found yet >=   2.000000000e+00        (3; 0)
Time used: 70.5 secs.  Memory used: 221.0 Mb.
+ 17857: mip =     not found yet >=   2.000056487e+00        (4; 0)
# 18848: obj =   2.042091698e+00 inf =   0.000e+00 (23480) 9 25%
# 19348: obj =   2.060106748e+00 inf =   0.000e+00 (25569) 5 29%
# 19844: obj =   2.079931670e+00 inf =   0.000e+00 (23284) 5 27%
# 20308: obj =   2.109701197e+00 inf =   0.000e+00 (25963) 5 32%
# 20773: obj =   2.142850532e+00 inf =   0.000e+00 (27446) 4 37%
# 21235: obj =   2.166058519e+00 inf =   0.000e+00 (31608) 5 46%
# 21689: obj =   2.204333248e+00 inf =   0.000e+00 (34197) 4 31%
# 22126: obj =   2.287203841e+00 inf =   0.000e+00 (29853) 5 43%
# 22560: obj =   2.291088889e+00 inf =   0.000e+00 (31891) 4 44%
# 23006: obj =   2.296096851e+00 inf =   0.000e+00 (30767) 4 44%
# 23426: obj =   2.301180324e+00 inf =   0.000e+00 (38755) 5 38%
# 23851: obj =   2.306368497e+00 inf =   0.000e+00 (39220) 4 37%
# 24271: obj =   2.310603644e+00 inf =   0.000e+00 (30038) 4 42%
# 24704: obj =   2.315612954e+00 inf =   0.000e+00 (37225) 4 37%
# 25130: obj =   2.320049111e+00 inf =   0.000e+00 (37606) 4 42%
# 25560: obj =   2.325143965e+00 inf =   0.000e+00 (33530) 5 37%
# 25994: obj =   2.329842331e+00 inf =   0.000e+00 (29985) 4 47%
# 26408: obj =   2.332621798e+00 inf =   0.000e+00 (29375) 4 53%
# 26835: obj =   2.335867983e+00 inf =   0.000e+00 (30662) 4 52%
# 27251: obj =   2.338372785e+00 inf =   0.000e+00 (27683) 4 65%
# 27677: obj =   2.340694697e+00 inf =   0.000e+00 (31582) 5 52%
# 28098: obj =   2.344046617e+00 inf =   0.000e+00 (26438) 4 58%
# 28513: obj =   2.347019868e+00 inf =   0.000e+00 (28622) 4 53%
# 28929: obj =   2.350376352e+00 inf =   0.000e+00 (29343) 4 54%
# 29336: obj =   2.352433654e+00 inf =   0.000e+00 (31856) 4 53%
# 29755: obj =   2.355182724e+00 inf =   0.000e+00 (30152) 4 57%
# 30165: obj =   2.358114443e+00 inf =   0.000e+00 (29487) 4 49%
# 30581: obj =   2.361367987e+00 inf =   0.000e+00 (29892) 4 47%
# 30995: obj =   2.364641025e+00 inf =   0.000e+00 (30680) 4 59%
# 31402: obj =   2.367978046e+00 inf =   0.000e+00 (30318) 5 50%
# 31820: obj =   2.372647845e+00 inf =   0.000e+00 (25991) 4 50%
# 32225: obj =   2.375116255e+00 inf =   0.000e+00 (32676) 4 69%
# 32637: obj =   2.378973483e+00 inf =   0.000e+00 (26960) 4 56%
# 33037: obj =   2.381070083e+00 inf =   0.000e+00 (30666) 4 69%
# 33436: obj =   2.384672121e+00 inf =   0.000e+00 (25638) 4 62%
# 33846: obj =   2.387422876e+00 inf =   0.000e+00 (30881) 4 67%
# 34241: obj =   2.388811518e+00 inf =   0.000e+00 (29231) 4 75%
# 34633: obj =   2.390985242e+00 inf =   0.000e+00 (27693) 3 70%
# 35026: obj =   2.392795012e+00 inf =   0.000e+00 (34604) 4 76%
# 35422: obj =   2.394114488e+00 inf =   0.000e+00 (32110) 4 77%
# 35813: obj =   2.396095702e+00 inf =   0.000e+00 (26914) 4 75%
# 36203: obj =   2.396836947e+00 inf =   0.000e+00 (26628) 4 85%
# 36592: obj =   2.397627518e+00 inf =   0.000e+00 (26795) 4 85%
# 36981: obj =   2.399731209e+00 inf =   0.000e+00 (32120) 4 85%
# 37369: obj =   2.401376151e+00 inf =   0.000e+00 (31792) 3 75%
# 37760: obj =   2.402835065e+00 inf =   0.000e+00 (32071) 4 85%
# 38139: obj =   2.403790632e+00 inf =   0.000e+00 (38510) 4 93%
# 38513: obj =   2.404796074e+00 inf =   0.000e+00 (34184) 4 91%
# 38894: obj =   2.405952617e+00 inf =   0.000e+00 (38680) 4 93%
# 39286: obj =   2.408253849e+00 inf =   0.000e+00 (35982) 3 85%
# 39666: obj =   2.410553181e+00 inf =   0.000e+00 (27762) 4 87%
# 40044: obj =   2.411229147e+00 inf =   0.000e+00 (31972) 4 91%
# 40410: obj =   2.411743505e+00 inf =   0.000e+00 (34016) 4 92%
# 40794: obj =   2.412596736e+00 inf =   0.000e+00 (28715) 3 84%
# 41183: obj =   2.414713616e+00 inf =   0.000e+00 (29639) 4 79%
# 41589: obj =   2.419133546e+00 inf =   0.000e+00 (30187) 4 71%
# 41984: obj =   2.420230889e+00 inf =   0.000e+00 (30303) 4 82%
Warning: basis matrix is ill-conditioned (cond = 7.35e+12)
# 42383: obj =   2.422596591e+00 inf =   0.000e+00 (31900) 5 68%
# 42756: obj =   2.422903067e+00 inf =   0.000e+00 (29264) 3 98%
# 43131: obj =   2.423160810e+00 inf =   0.000e+00 (30028) 4 97%
Warning: basis matrix is ill-conditioned (cond = 1.52e+13)
# 43525: obj =   2.431101790e+00 inf =   0.000e+00 (29992) 4 79%
Warning: basis matrix is ill-conditioned (cond = 4.87e+13)
# 43869: obj =   2.499992084e+00 inf =   0.000e+00 (36632) 3 64%
# 44213: obj =   2.500000038e+00 inf =   0.000e+00 (36474) 4 100%
# 44562: obj =   2.500000432e+00 inf =   0.000e+00 (32341) 3 100%
# 44906: obj =   2.500000575e+00 inf =   0.000e+00 (36841) 4 100%
# 45253: obj =   2.500001001e+00 inf =   0.000e+00 (32174) 3 100%
# 45596: obj =   2.500001532e+00 inf =   0.000e+00 (29705) 4 100%
# 45947: obj =   2.500001809e+00 inf =   0.000e+00 (29522) 3 100%
# 46288: obj =   2.500002305e+00 inf =   0.000e+00 (32416) 3 100%
# 46636: obj =   2.500002721e+00 inf =   0.000e+00 (28195) 4 100%
# 46985: obj =   2.500002744e+00 inf =   0.000e+00 (27545) 3 100%
# 47331: obj =   2.500002723e+00 inf =   0.000e+00 (25775) 4 100%
# 47685: obj =   2.500002400e+00 inf =   0.000e+00 (31248) 3 100%
# 48025: obj =   2.500002580e+00 inf =   0.000e+00 (27572) 4 100%
# 48374: obj =   2.500001830e+00 inf =   0.000e+00 (29235) 3 100%
# 48722: obj =   2.500001151e+00 inf =   0.000e+00 (27786) 3 100%
# 49063: obj =   2.500001240e+00 inf =   0.000e+00 (28183) 4 100%
# 49415: obj =   2.500001569e+00 inf =   0.000e+00 (26577) 3 100%
# 49768: obj =   2.500001333e+00 inf =   0.000e+00 (26040) 4 100%
# 50116: obj =   2.500001457e+00 inf =   0.000e+00 (23216) 3 100%
# 50466: obj =   2.500001577e+00 inf =   0.000e+00 (22639) 4 100%
# 50819: obj =   2.500001684e+00 inf =   0.000e+00 (21018) 3 100%
# 51162: obj =   2.500001773e+00 inf =   0.000e+00 (25285) 4 100%
# 51518: obj =   2.500001855e+00 inf =   0.000e+00 (21449) 3 100%
# 51869: obj =   2.500001916e+00 inf =   0.000e+00 (22437) 4 100%
# 52219: obj =   2.500001971e+00 inf =   0.000e+00 (21194) 3 100%
# 52567: obj =   2.500002020e+00 inf =   0.000e+00 (20341) 4 100%
# 52919: obj =   2.500002056e+00 inf =   0.000e+00 (21090) 3 100%
# 53270: obj =   2.500002093e+00 inf =   0.000e+00 (20506) 3 100%
# 53630: obj =   2.500002136e+00 inf =   0.000e+00 (20476) 4 100%
# 53973: obj =   2.500002172e+00 inf =   0.000e+00 (23448) 3 100%
# 54317: obj =   2.500002207e+00 inf =   0.000e+00 (24499) 4 100%
# 54671: obj =   2.500002238e+00 inf =   0.000e+00 (21881) 3 100%
# 55015: obj =   2.500002265e+00 inf =   0.000e+00 (22973) 4 100%
# 55365: obj =   2.500002290e+00 inf =   0.000e+00 (20454) 3 100%
# 55719: obj =   2.500002311e+00 inf =   0.000e+00 (21536) 4 100%
# 56067: obj =   2.500002330e+00 inf =   0.000e+00 (21579) 3 100%
# 56415: obj =   2.500002349e+00 inf =   0.000e+00 (22062) 4 100%
# 56771: obj =   2.500002364e+00 inf =   0.000e+00 (18239) 3 100%
# 57118: obj =   2.500002376e+00 inf =   0.000e+00 (13194) 4 100%
# 57488: obj =   2.500002385e+00 inf =   0.000e+00 (10213) 3 100%
# 57877: obj =   2.500002393e+00 inf =   0.000e+00 (2156) 4 100%
# 58270: obj =   2.500002399e+00 inf =   0.000e+00 (719) 4 100%
# 58433: obj =   2.500000000e+00 inf =   2.292e-14 (0) 2 100%
+ 58433: mip =     not found yet >=   2.000056487e+00        (5; 0)
Time used: 663.8 secs.  Memory used: 221.3 Mb.
# 59278: obj =   3.000001332e+00 inf =   0.000e+00 (22935) 8 67%
# 59661: obj =   3.000001765e+00 inf =   0.000e+00 (25436) 4 100%
# 60033: obj =   3.000001889e+00 inf =   0.000e+00 (29331) 3 100%
# 60408: obj =   3.000003032e+00 inf =   0.000e+00 (30485) 4 100%
# 60771: obj =   3.000003428e+00 inf =   0.000e+00 (29269) 4 100%
# 61141: obj =   3.000003983e+00 inf =   0.000e+00 (30352) 3 100%
# 61509: obj =   3.000004921e+00 inf =   0.000e+00 (32310) 4 100%
# 61877: obj =   3.000006291e+00 inf =   0.000e+00 (34813) 4 100%
# 62247: obj =   3.000006990e+00 inf =   0.000e+00 (31777) 3 100%
# 62611: obj =   3.000007715e+00 inf =   0.000e+00 (34300) 4 100%
# 62981: obj =   3.000007978e+00 inf =   0.000e+00 (31208) 3 100%
# 63347: obj =   3.000008907e+00 inf =   0.000e+00 (29775) 4 100%
# 63714: obj =   3.000008991e+00 inf =   0.000e+00 (24667) 4 100%
# 64086: obj =   3.000009276e+00 inf =   0.000e+00 (28294) 3 100%
# 64458: obj =   3.000009641e+00 inf =   0.000e+00 (25835) 4 100%
# 64823: obj =   3.000009642e+00 inf =   0.000e+00 (32263) 4 100%
# 65198: obj =   3.000009703e+00 inf =   0.000e+00 (25041) 3 100%
# 65573: obj =   3.000009689e+00 inf =   0.000e+00 (26696) 4 100%
# 65945: obj =   3.000010207e+00 inf =   0.000e+00 (20743) 4 100%
# 66322: obj =   3.000010411e+00 inf =   0.000e+00 (22294) 4 100%
# 66699: obj =   3.000010532e+00 inf =   0.000e+00 (23733) 3 100%
# 67073: obj =   3.000010621e+00 inf =   0.000e+00 (18753) 4 100%
# 67453: obj =   3.000010675e+00 inf =   0.000e+00 (18213) 4 100%
# 67838: obj =   3.000010685e+00 inf =   0.000e+00 (5958) 4 100%
# 67883: obj =   3.000000000e+00 inf =   5.065e-13 (0) 100%
+ 67883: mip =     not found yet >=   2.000056487e+00        (6; 0)
Time used: 825.4 secs.  Memory used: 221.4 Mb.
# 68737: obj =   3.000000032e+00 inf =   0.000e+00 (10849) 8 76%
# 69142: obj =   3.000000043e+00 inf =   0.000e+00 (13479) 4 100%
# 69551: obj =   3.000000054e+00 inf =   0.000e+00 (10665) 4 100%
# 69971: obj =   3.000000059e+00 inf =   0.000e+00 (10069) 4 100%
# 70184: obj =   3.000000000e+00 inf =   5.650e-13 (0) 2 100%
+ 70184: mip =     not found yet >=   2.000056487e+00        (7; 0)
Time used: 888.5 secs.  Memory used: 221.5 Mb.
# 71031: obj =   3.000000013e+00 inf =   0.000e+00 (9794) 8 76%
# 71446: obj =   3.000000015e+00 inf =   0.000e+00 (8124) 4 100%
# 71663: obj =   3.000000000e+00 inf =   6.508e-13 (0) 2 100%
+ 71663: mip =     not found yet >=   2.000056487e+00        (8; 0)
# 72515: obj =   3.000000307e+00 inf =   0.000e+00 (14866) 8 76%
# 72918: obj =   3.000000377e+00 inf =   0.000e+00 (14718) 4 100%
# 73321: obj =   3.000000414e+00 inf =   0.000e+00 (13392) 4 100%
# 73737: obj =   3.000000425e+00 inf =   0.000e+00 (12429) 4 100%
# 74146: obj =   3.000000428e+00 inf =   0.000e+00 (8888) 4 100%
# 74219: obj =   3.000000000e+00 inf =   5.511e-13 (0) 1 100%
+ 74219: mip =     not found yet >=   2.000056487e+00        (9; 0)
Time used: 1007.1 secs.  Memory used: 221.6 Mb.
# 75080: obj =   3.000000166e+00 inf =   0.000e+00 (14800) 8 76%
# 75494: obj =   3.000000186e+00 inf =   0.000e+00 (13597) 4 100%
# 75878: obj =   3.000000000e+00 inf =   5.978e-13 (0) 4 100%
+ 75878: mip =     not found yet >=   2.000056487e+00        (10; 0)
+ 76572: mip =     not found yet >=   2.000056487e+00        (11; 0)
Time used: 1104.3 secs.  Memory used: 221.7 Mb.
# 77471: obj =   3.000000023e+00 inf =   0.000e+00 (11133) 8 77%
# 77679: obj =   3.000000000e+00 inf =   7.807e-13 (0) 2 100%
+ 77679: mip =     not found yet >=   2.000056487e+00        (12; 0)
+ 78402: mip =     not found yet >=   2.000056487e+00        (13; 0)
Time used: 1194.8 secs.  Memory used: 221.7 Mb.
+ 78687: mip =     not found yet >=   2.000056487e+00        (14; 0)
+ 78747: mip =     not found yet >=   2.000056487e+00        (15; 0)
Time used: 1267.3 secs.  Memory used: 221.8 Mb.
+ 79073: mip =     not found yet >=   2.000056487e+00        (16; 0)
# 79982: obj =   3.000000793e+00 inf =   0.000e+00 (13357) 9 77%
# 80402: obj =   3.500001004e+01 inf =   0.000e+00 (21283) 4 99%
# 80810: obj =   3.500001871e+01 inf =   0.000e+00 (21922) 4 100%
# 81014: obj =   3.500000000e+01 inf =   1.233e-11 (20850) 2 99%
+ 81014: mip =     not found yet >=   2.000056487e+00        (15; 1)
+ 81891: mip =     not found yet >=   3.000000000e+00        (14; 2)
Time used: 1332.1 secs.  Memory used: 222.6 Mb.
# 82790: obj =   3.000014601e+00 inf =   0.000e+00 (21157) 8 77%
# 83213: obj =   3.000031329e+00 inf =   0.000e+00 (24611) 5 100%
# 83631: obj =   3.000084315e+00 inf =   0.000e+00 (30920) 4 100%
# 84089: obj =   3.922184197e+00 inf =   0.000e+00 (23750) 4 72%
# 84591: obj =   3.952959945e+00 inf =   0.000e+00 (20092) 5 13%
# 85101: obj =   3.958420064e+00 inf =   0.000e+00 (19094) 5 25%
# 85627: obj =   3.962887466e+00 inf =   0.000e+00 (13028) 5 25%
# 86165: obj =   3.966107893e+00 inf =   0.000e+00 (11114) 6 42%
# 86722: obj =   3.967804962e+00 inf =   0.000e+00 (8299) 5 65%
# 87264: obj =   3.969863901e+00 inf =   0.000e+00 (5604) 6 75%
# 87830: obj =   3.970597192e+00 inf =   0.000e+00 (1347) 5 98%
# 87975: obj =   3.970588235e+00 inf =   2.862e-15 (0) 2 100%
+ 87975: mip =     not found yet >=   3.000000000e+00        (15; 2)
Time used: 1424.0 secs.  Memory used: 222.6 Mb.
+ 87994: mip =     not found yet >=   3.000000000e+00        (16; 2)
# 88907: obj =   3.000012222e+00 inf =   0.000e+00 (17646) 8 77%
# 89333: obj =   3.000024110e+00 inf =   0.000e+00 (24142) 5 100%
# 89756: obj =   3.000068011e+00 inf =   0.000e+00 (26925) 4 100%
# 90222: obj =   3.688977216e+00 inf =   0.000e+00 (26048) 4 55%
# 90726: obj =   3.724464806e+00 inf =   0.000e+00 (23209) 5 19%
# 91239: obj =   3.753337049e+00 inf =   0.000e+00 (20970) 5 31%
# 91767: obj =   3.775777592e+00 inf =   0.000e+00 (17446) 6 45%
# 92292: obj =   3.780699090e+00 inf =   0.000e+00 (17057) 5 78%
# 92816: obj =   3.784477825e+00 inf =   0.000e+00 (13530) 5 86%
# 93346: obj =   3.789151638e+00 inf =   0.000e+00 (13868) 5 84%
# 93858: obj =   3.793463815e+00 inf =   0.000e+00 (13070) 5 89%
# 94393: obj =   3.800131430e+00 inf =   0.000e+00 (9538) 5 88%
# 94907: obj =   3.809456948e+00 inf =   0.000e+00 (6238) 5 98%
# 95447: obj =   3.809459552e+00 inf =   0.000e+00 (3265) 6 100%
# 95490: obj =   3.810810811e+00 inf =   1.177e-14 (0) 86%
+ 95490: mip =     not found yet >=   3.000000000e+00        (16; 3)
Time used: 1530.0 secs.  Memory used: 224.6 Mb.
+ 95703: mip =     not found yet >=   3.000000000e+00        (16; 4)
+ 95788: mip =     not found yet >=   3.000000000e+00        (17; 4)
Time used: 1601.9 secs.  Memory used: 224.6 Mb.
# 96675: obj =   3.000000543e+00 inf =   0.000e+00 (20250) 8 77%
# 97089: obj =   7.799999329e+01 inf =   0.000e+00 (28204) 4 99%
# 97493: obj =   7.800000239e+01 inf =   0.000e+00 (23873) 4 100%
# 97792: obj =   7.800000000e+01 inf =   3.887e-11 (24554) 3 99%
+ 97792: mip =     not found yet >=   3.000000000e+00        (16; 5)
+ 97978: mip =     not found yet >=   3.000000000e+00        (17; 5)
Time used: 1662.0 secs.  Memory used: 224.6 Mb.
+ 98047: mip =     not found yet >=   3.000000000e+00        (18; 5)
+ 98073: mip =     not found yet >=   3.000000000e+00        (19; 5)
Time used: 1732.3 secs.  Memory used: 224.6 Mb.
+ 98119: mip =     not found yet >=   3.000000000e+00        (20; 5)
+ 98169: mip =     not found yet >=   3.000000000e+00        (21; 5)
Time used: 1802.4 secs.  Memory used: 224.6 Mb.
# 99062: obj =   3.000000745e+00 inf =   0.000e+00 (20896) 8 77%
# 99470: obj =   3.000261539e+00 inf =   0.000e+00 (28282) 4 77%
# 99803: obj =   3.000856348e+00 inf =   0.000e+00 (30639) 4 14%
#100110: obj =   3.001437672e+00 inf =   0.000e+00 (31355) 3 1%
#100414: obj =   3.002235283e+00 inf =   0.000e+00 (32012) 3 0%
#100715: obj =   3.003814009e+00 inf =   0.000e+00 (32868) 3 0%
#101008: obj =   3.006584504e+00 inf =   0.000e+00 (35057) 3 0%
#101309: obj =   3.012912201e+00 inf =   0.000e+00 (33205) 3 0%
#101625: obj =   3.920337114e+00 inf =   0.000e+00 (41256) 5 19%
#101637: obj =   2.999999999e+00 inf =   5.680e-08 (33227) 42%
+101637: mip =     not found yet >=   3.000000000e+00        (20; 6)
#102526: obj =   3.000000142e+00 inf =   0.000e+00 (11582) 8 77%
#102543: obj =   3.000000000e+00 inf =   9.328e-13 (0) 100%
+102543: mip =     not found yet >=   3.000000000e+00        (21; 6)
Time used: 1898.2 secs.  Memory used: 224.7 Mb.
+102904: mip =     not found yet >=   3.000000000e+00        (22; 6)
+103294: mip =     not found yet >=   3.000000000e+00        (23; 6)
Time used: 1975.2 secs.  Memory used: 224.7 Mb.
+103729: mip =     not found yet >=   3.000000000e+00        (24; 6)
+103841: mip =     not found yet >=   3.000000000e+00        (25; 6)
Time used: 2050.6 secs.  Memory used: 224.7 Mb.
+103948: mip =     not found yet >=   3.000000000e+00        (26; 6)
#104860: obj =   7.799999323e+01 inf =   0.000e+00 (19419) 9 77%
#104949: obj =   7.800000000e+01 inf =   1.775e-11 (18820) 97%
+104949: mip =     not found yet >=   3.000000000e+00        (25; 7)
+105401: mip =     not found yet >=   3.000000000e+00        (26; 7)
Time used: 2137.2 secs.  Memory used: 224.7 Mb.
#106286: obj =   3.000000071e+00 inf =   0.000e+00 (12378) 8 77%
#106539: obj =   3.000000000e+00 inf =   5.544e-13 (0) 3 100%
+106539: mip =     not found yet >=   3.000000000e+00        (27; 7)
+106918: mip =     not found yet >=   3.000000000e+00        (28; 7)
Time used: 2224.1 secs.  Memory used: 224.7 Mb.
+107213: mip =     not found yet >=   3.000000000e+00        (29; 7)
#108006: obj =   4.799999724e+01 inf =   0.000e+00 (19238) 7 74%
#108215: obj =   4.800000000e+01 inf =   1.825e-11 (22195) 2 99%
+108215: mip =     not found yet >=   3.000000000e+00        (28; 8)
#109085: obj =   3.000000145e+00 inf =   0.000e+00 (14352) 8 77%
#109213: obj =   3.000000000e+00 inf =   9.495e-13 (0) 1 100%
+109213: mip =     not found yet >=   3.000000000e+00        (29; 8)
Time used: 2323.4 secs.  Memory used: 224.7 Mb.
+109815: mip =     not found yet >=   3.000000000e+00        (30; 8)
+109971: mip =     not found yet >=   3.000000000e+00        (31; 8)
Time used: 2404.8 secs.  Memory used: 224.8 Mb.
+110022: mip =     not found yet >=   3.000000000e+00        (32; 8)
#110830: obj =   3.000000574e+00 inf =   0.000e+00 (16712) 8 75%
#110873: obj =   3.000000000e+00 inf =   6.062e-13 (0) 100%
+110873: mip =     not found yet >=   3.000000000e+00        (33; 8)
#111709: obj =   3.000002033e+00 inf =   0.000e+00 (7011) 8 75%
#112123: obj =   3.000050851e+00 inf =   0.000e+00 (9341) 4 99%
#112532: obj =   3.000110194e+00 inf =   0.000e+00 (10551) 4 100%
#112945: obj =   3.000282430e+00 inf =   0.000e+00 (12988) 4 98%
#113320: obj =   3.288054742e+00 inf =   0.000e+00 (14290) 4 26%
#113777: obj =   3.609971358e+00 inf =   0.000e+00 (13772) 4 54%
#114199: obj =   3.610140839e+00 inf =   0.000e+00 (16646) 4 94%
#114609: obj =   3.610164033e+00 inf =   0.000e+00 (15601) 4 100%
#115017: obj =   3.610168245e+00 inf =   0.000e+00 (12127) 4 100%
#115239: obj =   3.610169492e+00 inf =   9.554e-13 (12007) 3 99%
+115239: mip =     not found yet >=   3.000000000e+00        (32; 9)
Time used: 2513.2 secs.  Memory used: 227.0 Mb.
#116071: obj =   3.000013185e+00 inf =   0.000e+00 (22458) 8 75%
#116459: obj =   3.000025254e+00 inf =   0.000e+00 (38396) 4 100%
#116848: obj =   3.000047646e+00 inf =   0.000e+00 (40485) 3 100%
#117237: obj =   3.000229114e+00 inf =   0.000e+00 (35280) 4 100%
#117667: obj =   3.689357775e+00 inf =   0.000e+00 (37024) 4 40%
#118129: obj =   3.727425428e+00 inf =   0.000e+00 (35096) 5 15%
#118575: obj =   3.789069619e+00 inf =   0.000e+00 (33820) 4 34%
#119020: obj =   3.845248602e+00 inf =   0.000e+00 (26277) 5 20%
#119450: obj =   3.861607944e+00 inf =   0.000e+00 (40034) 4 26%
#119899: obj =   3.867682160e+00 inf =   0.000e+00 (36390) 4 51%
#120357: obj =   3.874684691e+00 inf =   0.000e+00 (39389) 5 39%
#120831: obj =   3.881991145e+00 inf =   0.000e+00 (17787) 5 44%
#121362: obj =   3.887407991e+00 inf =   0.000e+00 (11868) 5 64%
#121909: obj =   3.893302999e+00 inf =   0.000e+00 (8093) 5 68%
#122434: obj =   3.899059841e+00 inf =   0.000e+00 (5835) 5 83%
#122890: obj =   3.900000000e+00 inf =   3.691e-15 (0) 5 100%
+122890: mip =     not found yet >=   3.000000000e+00        (33; 9)
Time used: 2606.4 secs.  Memory used: 227.0 Mb.
#124006: obj =   4.715509136e+00 inf =   0.000e+00 (9394) 11 80%
#124553: obj =   4.715510294e+00 inf =   0.000e+00 (8198) 5 100%
#125080: obj =   4.715510993e+00 inf =   0.000e+00 (4148) 5 100%
#125430: obj =   4.715504979e+00 inf =   5.966e-15 (0) 4 100%
+125430: mip =     not found yet >=   3.000000000e+00        (34; 9)
#126811: obj =   3.000013611e+00 inf =   0.000e+00 (7351) 8 76%
#127242: obj =   3.000028051e+00 inf =   0.000e+00 (9333) 4 100%
#127667: obj =   3.618133599e+00 inf =   0.000e+00 (11011) 5 95%
#128201: obj =   3.712730165e+00 inf =   0.000e+00 (9299) 5 25%
#128761: obj =   3.777981149e+00 inf =   0.000e+00 (9938) 5 53%
#129366: obj =   3.802430349e+00 inf =   0.000e+00 (4676) 6 77%
#129817: obj =   3.810810811e+00 inf =   1.244e-14 (0) 4 98%
+129817: mip =     not found yet >=   3.000000000e+00        (34; 10)
Time used: 2687.7 secs.  Memory used: 227.1 Mb.
+130121: mip =     not found yet >=   3.000000000e+00        (34; 11)
+130238: mip =     not found yet >=   3.000000000e+00        (35; 11)
Time used: 2762.6 secs.  Memory used: 227.2 Mb.
#131087: obj =   3.000044002e+00 inf =   0.000e+00 (23799) 8 76%
#131483: obj =   3.000224688e+00 inf =   0.000e+00 (25247) 4 83%
#131787: obj =   3.000698602e+00 inf =   0.000e+00 (26843) 3 5%
#132081: obj =   3.001348520e+00 inf =   0.000e+00 (27973) 3 0%
#132375: obj =   3.002056447e+00 inf =   0.000e+00 (27054) 3 0%
#132662: obj =   3.003738692e+00 inf =   0.000e+00 (30062) 3 0%
#132950: obj =   3.007927780e+00 inf =   0.000e+00 (30017) 2 0%
#133237: obj =   3.288961486e+00 inf =   0.000e+00 (27035) 4 0%
Warning: basis matrix is ill-conditioned (cond = 1.53e+13)
Warning: basis matrix is ill-conditioned (cond = 1.93e+13)
Warning: basis matrix is ill-conditioned (cond = 1.2e+13)
Warning: basis matrix is ill-conditioned (cond = 9.3e+12)
#133253: obj =   7.684736836e+01 inf =   6.661e-15 (27898) 5 0%
+133253: mip =     not found yet >=   3.000000000e+00        (34; 12)
+133438: mip =     not found yet >=   3.000000000e+00        (35; 12)
Time used: 2846.1 secs.  Memory used: 227.2 Mb.
+133474: mip =     not found yet >=   3.000000000e+00        (36; 12)
+133516: mip =     not found yet >=   3.000000000e+00        (37; 12)
Time used: 2918.8 secs.  Memory used: 227.2 Mb.
+133571: mip =     not found yet >=   3.000000000e+00        (38; 12)
#134400: obj =   3.000000574e+00 inf =   0.000e+00 (15670) 8 75%
#134796: obj =   3.000060690e+00 inf =   0.000e+00 (23504) 4 99%
#135007: obj =   7.800000000e+01 inf =   1.420e-10 (26984) 2 97%
+135007: mip =     not found yet >=   3.000000000e+00        (37; 13)
+135756: mip =     not found yet >=   3.000000000e+00        (38; 13)
Time used: 3018.2 secs.  Memory used: 227.2 Mb.
+136021: mip =     not found yet >=   3.000000000e+00        (39; 13)
+136550: mip =     not found yet >=   3.000000000e+00        (40; 13)
Time used: 3099.7 secs.  Memory used: 227.2 Mb.
+136946: mip =     not found yet >=   3.000000000e+00        (41; 13)
+137362: mip =     not found yet >=   3.000000000e+00        (42; 13)
Time used: 3180.2 secs.  Memory used: 227.2 Mb.
+137507: mip =     not found yet >=   3.000000000e+00        (43; 13)
+137804: mip =     not found yet >=   3.000000000e+00        (44; 13)
Time used: 3256.5 secs.  Memory used: 227.3 Mb.
+137916: mip =     not found yet >=   3.000000000e+00        (45; 13)
#138755: obj =   3.000000606e+00 inf =   0.000e+00 (17390) 8 76%
#139146: obj =   3.000084835e+00 inf =   0.000e+00 (24944) 4 99%
#139530: obj =   3.000098275e+00 inf =   0.000e+00 (27037) 3 100%
#139908: obj =   3.000118594e+00 inf =   0.000e+00 (29343) 4 100%
#140275: obj =   3.000416372e+00 inf =   0.000e+00 (32219) 4 77%
#140565: obj =   3.000896825e+00 inf =   0.000e+00 (34954) 3 4%
#140850: obj =   3.001635817e+00 inf =   0.000e+00 (32689) 3 0%
#141134: obj =   3.002926817e+00 inf =   0.000e+00 (32988) 2 0%
#141411: obj =   3.005910207e+00 inf =   0.000e+00 (36551) 3 0%
#141683: obj =   3.027912365e+00 inf =   0.000e+00 (39453) 3 0%
Warning: basis matrix is ill-conditioned (cond = 6.12e+12)
#141772: obj =   7.620531891e+01 inf =   0.000e+00 (38819) 3 0%
+141772: mip =     not found yet >=   3.000000000e+00        (44; 14)
Time used: 3350.1 secs.  Memory used: 227.3 Mb.
#142605: obj =   3.000015157e+00 inf =   0.000e+00 (21722) 8 75%
#143000: obj =   3.000030280e+00 inf =   0.000e+00 (24315) 4 100%
#143379: obj =   3.000070625e+00 inf =   0.000e+00 (27284) 3 100%
#143787: obj =   3.746054094e+00 inf =   0.000e+00 (24729) 4 61%
#144232: obj =   3.767629864e+00 inf =   0.000e+00 (36300) 5 22%
#144692: obj =   3.784704789e+00 inf =   0.000e+00 (23921) 4 31%
#145153: obj =   3.793475249e+00 inf =   0.000e+00 (22884) 5 48%
#145616: obj =   3.803277707e+00 inf =   0.000e+00 (36560) 4 61%
#146069: obj =   3.811411186e+00 inf =   0.000e+00 (22760) 5 70%
#146501: obj =   3.814281774e+00 inf =   0.000e+00 (23242) 4 84%
#146947: obj =   3.818459817e+00 inf =   0.000e+00 (19378) 4 73%
#147381: obj =   3.820048994e+00 inf =   0.000e+00 (17701) 5 93%
#147831: obj =   3.824050835e+00 inf =   0.000e+00 (19182) 4 82%
#148257: obj =   3.825231068e+00 inf =   0.000e+00 (18057) 4 94%
#148672: obj =   3.828473471e+00 inf =   0.000e+00 (32818) 4 92%
#149114: obj =   3.832992875e+00 inf =   0.000e+00 (11820) 4 92%
#149583: obj =   3.838050550e+00 inf =   0.000e+00 (4228) 5 97%
#149836: obj =   3.840000000e+00 inf =   5.376e-15 (0) 3 96%
+149836: mip =     not found yet >=   3.000000000e+00        (45; 14)
Time used: 3476.9 secs.  Memory used: 227.3 Mb.
#150666: obj =   3.000012035e+00 inf =   0.000e+00 (23048) 8 75%
#151059: obj =   3.000021458e+00 inf =   0.000e+00 (24300) 4 100%
#151444: obj =   3.000045333e+00 inf =   0.000e+00 (25818) 3 100%
#151828: obj =   3.000228357e+00 inf =   0.000e+00 (37261) 4 100%
#152260: obj =   3.747280289e+00 inf =   0.000e+00 (29641) 4 32%
#152702: obj =   3.767656063e+00 inf =   0.000e+00 (28475) 5 17%
#153140: obj =   3.784593268e+00 inf =   0.000e+00 (23675) 4 27%
#153600: obj =   3.798182012e+00 inf =   0.000e+00 (34274) 5 47%
#154054: obj =   3.806786308e+00 inf =   0.000e+00 (21925) 4 61%
#154498: obj =   3.810519275e+00 inf =   0.000e+00 (19115) 4 80%
#154945: obj =   3.817319740e+00 inf =   0.000e+00 (17524) 5 70%
#155413: obj =   3.823137378e+00 inf =   0.000e+00 (13719) 4 75%
#155893: obj =   3.827411741e+00 inf =   0.000e+00 (12299) 5 84%
#156388: obj =   3.831837953e+00 inf =   0.000e+00 (7640) 5 89%
#156875: obj =   3.836183738e+00 inf =   0.000e+00 (2880) 5 95%
#157279: obj =   3.840000000e+00 inf =   9.257e-15 (0) 4 98%
+157279: mip =     not found yet >=   3.000000000e+00        (45; 15)
Time used: 3567.1 secs.  Memory used: 227.4 Mb.
#158107: obj =   3.000008730e+00 inf =   0.000e+00 (24545) 8 75%
#158499: obj =   3.000017319e+00 inf =   0.000e+00 (25844) 3 100%
#158878: obj =   3.000033844e+00 inf =   0.000e+00 (26138) 4 100%
#159260: obj =   3.000070540e+00 inf =   0.000e+00 (27712) 4 100%
#159646: obj =   3.685999138e+00 inf =   0.000e+00 (28632) 4 89%
#160102: obj =   3.737839057e+00 inf =   0.000e+00 (25086) 4 25%
#160546: obj =   3.760566218e+00 inf =   0.000e+00 (25622) 5 18%
#161007: obj =   3.786371486e+00 inf =   0.000e+00 (35277) 4 25%
#161478: obj =   3.803130767e+00 inf =   0.000e+00 (20351) 5 38%
#161953: obj =   3.813032905e+00 inf =   0.000e+00 (33548) 5 60%
#162447: obj =   3.822526273e+00 inf =   0.000e+00 (22730) 4 67%
#162936: obj =   3.828522135e+00 inf =   0.000e+00 (28584) 5 70%
#163402: obj =   3.830992873e+00 inf =   0.000e+00 (9813) 5 93%
#163868: obj =   3.830997239e+00 inf =   0.000e+00 (13449) 4 99%
#164371: obj =   3.834492112e+00 inf =   0.000e+00 (7635) 5 97%
#164885: obj =   3.840000000e+00 inf =   1.027e-13 (0) 5 97%
+164885: mip =     not found yet >=   3.000000000e+00        (45; 16)
Time used: 3688.5 secs.  Memory used: 227.5 Mb.
#165799: obj =   4.680002408e+00 inf =   0.000e+00 (9261) 9 78%
#166233: obj =   4.680005045e+00 inf =   0.000e+00 (10691) 4 100%
#166658: obj =   4.680005983e+00 inf =   0.000e+00 (7041) 4 100%
#167102: obj =   4.680006630e+00 inf =   0.000e+00 (8480) 4 100%
#167538: obj =   4.680007199e+00 inf =   0.000e+00 (3343) 5 100%
#167740: obj =   4.680000000e+00 inf =   3.070e-14 (0) 2 100%
+167740: mip =     not found yet >=   3.000000000e+00        (46; 16)
Time used: 3755.8 secs.  Memory used: 227.5 Mb.
#168703: obj =   5.520004534e+00 inf =   0.000e+00 (6807) 9 79%
#169155: obj =   5.520006211e+00 inf =   0.000e+00 (7362) 4 100%
#169592: obj =   5.520006983e+00 inf =   0.000e+00 (6682) 5 100%
#170053: obj =   5.520007541e+00 inf =   0.000e+00 (3044) 4 100%
#170238: obj =   5.520000000e+00 inf =   2.068e-14 (0) 2 100%
+170238: mip =     not found yet >=   3.000000000e+00        (47; 16)
Time used: 3819.0 secs.  Memory used: 227.6 Mb.
#171201: obj =   6.360002905e+00 inf =   0.000e+00 (7113) 9 79%
#171652: obj =   6.360004993e+00 inf =   0.000e+00 (8443) 4 100%
#172073: obj =   6.360006171e+00 inf =   0.000e+00 (6584) 5 100%
#172522: obj =   6.360006720e+00 inf =   0.000e+00 (5022) 4 100%
#172882: obj =   6.360000000e+00 inf =   2.408e-14 (0) 3 100%
+172882: mip =     not found yet >=   3.000000000e+00        (48; 16)
Time used: 3883.8 secs.  Memory used: 227.6 Mb.
#173811: obj =   7.200002101e+00 inf =   0.000e+00 (9606) 9 78%
#174252: obj =   7.200002867e+00 inf =   0.000e+00 (7843) 4 100%
#174645: obj =   7.200004933e+00 inf =   0.000e+00 (6615) 4 100%
#175083: obj =   7.200005880e+00 inf =   0.000e+00 (7495) 4 100%
#175530: obj =   7.200006324e+00 inf =   0.000e+00 (1283) 5 100%
#175571: obj =   7.200000000e+00 inf =   1.883e-14 (0) 100%
+175571: mip =     not found yet >=   3.000000000e+00        (49; 16)
Time used: 3950.1 secs.  Memory used: 227.6 Mb.
#176505: obj =   8.040001878e+00 inf =   0.000e+00 (6589) 9 78%
#176954: obj =   8.040003448e+00 inf =   0.000e+00 (8864) 4 100%
#177389: obj =   8.040004322e+00 inf =   0.000e+00 (4830) 4 100%
#177846: obj =   8.040004706e+00 inf =   0.000e+00 (3017) 5 100%
#177970: obj =   8.040000000e+00 inf =   2.033e-14 (0) 1 100%
+177970: mip =     not found yet >=   3.000000000e+00        (50; 16)
Time used: 4012.6 secs.  Memory used: 227.7 Mb.
#178894: obj =   8.880001270e+00 inf =   0.000e+00 (10041) 9 78%
#179333: obj =   8.880002177e+00 inf =   0.000e+00 (7972) 4 100%
#179771: obj =   8.880002725e+00 inf =   0.000e+00 (7591) 4 100%
#180207: obj =   8.880003741e+00 inf =   0.000e+00 (7801) 4 100%
#180624: obj =   8.880004776e+00 inf =   0.000e+00 (1426) 5 100%
#180807: obj =   8.880000000e+00 inf =   8.510e-14 (0) 1 100%
+180807: mip =     not found yet >=   3.000000000e+00        (51; 16)
Time used: 4081.1 secs.  Memory used: 227.7 Mb.
#181758: obj =   9.720000993e+00 inf =   0.000e+00 (7748) 9 78%
#182213: obj =   9.720001547e+00 inf =   0.000e+00 (9886) 4 100%
#182641: obj =   9.720002311e+00 inf =   0.000e+00 (7079) 5 100%
#183095: obj =   9.720002734e+00 inf =   0.000e+00 (3777) 4 100%
#183264: obj =   9.720000000e+00 inf =   5.296e-14 (0) 2 100%
+183264: mip =     not found yet >=   3.000000000e+00        (52; 16)
Time used: 4144.1 secs.  Memory used: 227.7 Mb.
#184197: obj =   1.056000103e+01 inf =   0.000e+00 (10810) 9 78%
#184645: obj =   1.056000155e+01 inf =   0.000e+00 (8871) 4 100%
#185083: obj =   1.056000217e+01 inf =   0.000e+00 (9474) 4 100%
#185531: obj =   1.056000264e+01 inf =   0.000e+00 (7938) 5 100%
#185973: obj =   1.056000308e+01 inf =   0.000e+00 (7190) 4 99%
#186417: obj =   1.056000367e+01 inf =   0.000e+00 (1704) 5 100%
#186542: obj =   1.056000000e+01 inf =   2.034e-14 (0) 1 100%
+186542: mip =     not found yet >=   3.000000000e+00        (53; 16)
Time used: 4216.8 secs.  Memory used: 227.8 Mb.
#187491: obj =   1.140000100e+01 inf =   0.000e+00 (10721) 9 78%
#187943: obj =   1.140000152e+01 inf =   0.000e+00 (8674) 4 100%
#188389: obj =   1.140000187e+01 inf =   0.000e+00 (7659) 5 100%
#188848: obj =   1.140000231e+01 inf =   0.000e+00 (6374) 4 100%
#189302: obj =   1.140000258e+01 inf =   0.000e+00 (2218) 5 100%
#189401: obj =   1.140000000e+01 inf =   2.370e-14 (0) 1 100%
+189401: mip =     not found yet >=   3.000000000e+00        (54; 16)
Time used: 4284.1 secs.  Memory used: 227.8 Mb.
#190343: obj =   1.224000070e+01 inf =   0.000e+00 (10050) 9 78%
#190792: obj =   1.224000104e+01 inf =   0.000e+00 (7586) 4 100%
#191225: obj =   1.224000127e+01 inf =   0.000e+00 (5521) 5 100%
#191695: obj =   1.224000000e+01 inf =   1.027e-13 (0) 4 100%
+191695: mip =     not found yet >=   3.000000000e+00        (55; 16)
Time used: 4345.7 secs.  Memory used: 227.8 Mb.
#192647: obj =   1.308000061e+01 inf =   0.000e+00 (8013) 9 78%
#193106: obj =   1.308000099e+01 inf =   0.000e+00 (6794) 4 100%
#193553: obj =   1.308000118e+01 inf =   0.000e+00 (2706) 5 100%
#193866: obj =   1.308000000e+01 inf =   3.662e-13 (0) 3 100%
+193866: mip =     not found yet >=   3.000000000e+00        (56; 16)
Time used: 4406.4 secs.  Memory used: 227.9 Mb.
#194845: obj =   1.392000078e+01 inf =   0.000e+00 (12147) 9 79%
#195442: obj =   1.392000136e+01 inf =   0.000e+00 (8932) 6 100%
#196019: obj =   1.392000173e+01 inf =   0.000e+00 (9724) 6 100%
#196587: obj =   1.392005692e+01 inf =   0.000e+00 (25599) 5 99%
#197170: obj =   1.396244881e+01 inf =   0.000e+00 (6236) 6 94%
#197763: obj =   1.396800156e+01 inf =   0.000e+00 (4975) 6 99%
#198363: obj =   1.400000149e+01 inf =   0.000e+00 (7851) 6 99%
#198946: obj =   1.400000233e+01 inf =   0.000e+00 (10444) 6 100%
#199519: obj =   1.400000263e+01 inf =   0.000e+00 (6606) 5 100%
#199821: obj =   1.400000000e+01 inf =   8.327e-17 (0) 3 100%
+199821: mip =     not found yet >=   3.000000000e+00        (57; 16)
+200574: mip =     not found yet >=   3.000000000e+00        (59; 16)
Time used: 4469.4 secs.  Memory used: 228.1 Mb.
+200959: mip =     not found yet >=   3.000000000e+00        (61; 16)
+201469: mip =     not found yet >=   3.000000000e+00        (63; 16)
+201975: mip =     not found yet >=   3.000000000e+00        (64; 16)
+202912: mip =     not found yet >=   3.000000000e+00        (66; 16)
+203603: mip =     not found yet >=   3.000000000e+00        (68; 16)
+204272: mip =     not found yet >=   3.000000000e+00        (70; 16)
+204749: mip =     not found yet >=   3.000000000e+00        (72; 16)
+205355: mip =     not found yet >=   3.000000000e+00        (74; 16)
Time used: 4529.7 secs.  Memory used: 228.9 Mb.
+205936: mip =     not found yet >=   3.000000000e+00        (76; 16)
+206737: mip =     not found yet >=   3.000000000e+00        (78; 16)
+207477: mip =     not found yet >=   3.000000000e+00        (80; 16)
+207905: mip =     not found yet >=   3.000000000e+00        (82; 16)
+208374: mip =     not found yet >=   3.000000000e+00        (84; 16)
+208815: mip =     not found yet >=   3.000000000e+00        (86; 16)
+209384: mip =     not found yet >=   3.000000000e+00        (89; 16)
+209890: mip =     not found yet >=   3.000000000e+00        (92; 16)
+210303: mip =     not found yet >=   3.000000000e+00        (95; 16)
Time used: 4591.0 secs.  Memory used: 229.7 Mb.
+210673: mip =     not found yet >=   3.000000000e+00        (98; 16)
+211288: mip =     not found yet >=   3.000000000e+00        (101; 16)
+211748: mip =     not found yet >=   3.000000000e+00        (104; 16)
+212377: mip =     not found yet >=   3.000000000e+00        (107; 16)
+213168: mip =     not found yet >=   3.000000000e+00        (110; 16)
+213771: mip =     not found yet >=   3.000000000e+00        (112; 16)
+214375: mip =     not found yet >=   3.000000000e+00        (115; 16)
+215227: mip =     not found yet >=   3.000000000e+00        (118; 16)
+215805: mip =     not found yet >=   3.000000000e+00        (122; 16)
Time used: 4651.3 secs.  Memory used: 230.8 Mb.
+216435: mip =     not found yet >=   3.000000000e+00        (126; 16)
+217167: mip =     not found yet >=   3.000000000e+00        (129; 16)
+217764: mip =     not found yet >=   3.000000000e+00        (133; 16)
#219257: obj =   1.402044628e+01 inf =   0.000e+00 (9255) 13 60%
#219867: obj =   1.402702351e+01 inf =   0.000e+00 (12355) 6 61%
#220462: obj =   1.405716748e+01 inf =   0.000e+00 (13616) 5 44%
#221047: obj =   1.407025207e+01 inf =   0.000e+00 (13799) 6 24%
#221632: obj =   1.408556128e+01 inf =   0.000e+00 (14172) 6 21%
#222213: obj =   1.409153882e+01 inf =   0.000e+00 (13262) 6 44%
#222808: obj =   1.409855832e+01 inf =   0.000e+00 (10742) 6 36%
#223416: obj =   1.410382924e+01 inf =   0.000e+00 (12785) 6 52%
#224021: obj =   1.410880185e+01 inf =   0.000e+00 (6604) 6 51%
#224632: obj =   1.411029964e+01 inf =   0.000e+00 (8109) 6 84%
#225265: obj =   1.411285034e+01 inf =   0.000e+00 (7040) 6 78%
#225557: obj =   1.411764706e+01 inf =   1.671e-14 (0) 3 82%
+225557: mip =     not found yet >=   3.000000000e+00        (135; 16)
Time used: 4732.4 secs.  Memory used: 231.4 Mb.
+226239: mip =     not found yet >=   3.000000000e+00        (136; 16)
+227425: mip =     not found yet >=   3.000000000e+00        (138; 16)
+227933: mip =     not found yet >=   3.000000000e+00        (139; 16)
+228482: >>>>>   1.500000000e+01 >=   3.000000000e+00  80.0% (143; 16)
#229290: obj =   3.000010899e+00 inf =   0.000e+00 (19453) 8 75%
#229677: obj =   3.000019670e+00 inf =   0.000e+00 (25510) 3 100%
#230048: obj =   3.000035641e+00 inf =   0.000e+00 (25419) 4 100%
#230419: obj =   3.000075776e+00 inf =   0.000e+00 (27120) 4 100%
#230800: obj =   3.699480084e+00 inf =   0.000e+00 (35649) 3 83%
#231214: obj =   3.727440105e+00 inf =   0.000e+00 (42657) 5 22%
#231627: obj =   3.746972822e+00 inf =   0.000e+00 (27632) 4 33%
#232049: obj =   3.765132051e+00 inf =   0.000e+00 (22759) 4 29%
#232509: obj =   3.780714608e+00 inf =   0.000e+00 (22873) 4 45%
#232946: obj =   3.796059992e+00 inf =   0.000e+00 (15938) 5 43%
#233413: obj =   3.812042624e+00 inf =   0.000e+00 (20679) 4 47%
#233857: obj =   3.816414909e+00 inf =   0.000e+00 (22754) 5 74%
#234294: obj =   3.821968471e+00 inf =   0.000e+00 (15991) 4 74%
#234753: obj =   3.823713886e+00 inf =   0.000e+00 (15582) 4 87%
#235195: obj =   3.827504632e+00 inf =   0.000e+00 (13011) 5 85%
#235660: obj =   3.829126972e+00 inf =   0.000e+00 (12331) 4 93%
#236127: obj =   3.831555387e+00 inf =   0.000e+00 (25657) 4 92%
#236554: obj =   3.836823784e+00 inf =   0.000e+00 (9366) 5 95%
#236987: obj =   3.837193309e+00 inf =   0.000e+00 (7160) 4 98%
#237410: obj =   3.840009389e+00 inf =   0.000e+00 (988) 4 99%
#237486: obj =   3.840000000e+00 inf =   2.002e-14 (0) 1 100%
+237486: mip =   1.500000000e+01 >=   3.000000000e+00  80.0% (122; 47)
Time used: 4920.8 secs.  Memory used: 232.2 Mb.
#238859: obj =   3.857142857e+00 inf =   2.577e-14 (325) 13 6%
#239503: obj =   3.865168539e+00 inf =   6.221e-14 (336) 6 7%
#240097: obj =   3.869565232e+00 inf =   0.000e+00 (240) 6 50%
#240618: obj =   3.873684228e+00 inf =   0.000e+00 (317) 6 99%
#240675: obj =   3.875000000e+00 inf =   3.316e-14 (0) 96%
+240675: mip =   1.500000000e+01 >=   3.000000000e+00  80.0% (123; 47)
#241603: obj =   4.000000660e+00 inf =   0.000e+00 (8519) 9 73%
#242027: obj =   4.000001082e+00 inf =   0.000e+00 (10066) 4 100%
#242439: obj =   4.000001239e+00 inf =   0.000e+00 (10721) 4 100%
#242835: obj =   4.000001509e+00 inf =   0.000e+00 (14766) 4 100%
#243239: obj =   4.000001675e+00 inf =   0.000e+00 (11793) 4 100%
#243636: obj =   4.000001859e+00 inf =   0.000e+00 (12273) 4 100%
#244033: obj =   4.000002015e+00 inf =   0.000e+00 (9925) 4 100%
#244430: obj =   4.000002130e+00 inf =   0.000e+00 (11443) 4 100%
#244829: obj =   4.000002183e+00 inf =   0.000e+00 (8263) 4 100%
#244981: obj =   4.000000000e+00 inf =   5.343e-13 (0) 1 100%
+244981: mip =   1.500000000e+01 >=   3.000000000e+00  80.0% (124; 47)
Time used: 5063.8 secs.  Memory used: 232.3 Mb.
#245806: obj =   4.000000040e+00 inf =   0.000e+00 (14365) 8 75%
#246197: obj =   4.000000056e+00 inf =   0.000e+00 (12830) 4 100%
#246587: obj =   4.000000069e+00 inf =   0.000e+00 (10450) 3 100%
#246802: obj =   4.000000000e+00 inf =   5.822e-13 (0) 3 100%
+246802: mip =   1.500000000e+01 >=   3.000000000e+00  80.0% (125; 47)
#247610: obj =   4.000000059e+00 inf =   0.000e+00 (12717) 8 75%
#248004: obj =   4.000000087e+00 inf =   0.000e+00 (10100) 3 100%
#248138: obj =   4.000000000e+00 inf =   4.868e-13 (0) 2 100%
+248138: mip =   1.500000000e+01 >=   3.000000000e+00  80.0% (126; 47)
Time used: 5173.5 secs.  Memory used: 232.4 Mb.
#248946: obj =   4.000000080e+00 inf =   0.000e+00 (15969) 8 75%
#249335: obj =   4.000000129e+00 inf =   0.000e+00 (16260) 3 100%
#249718: obj =   4.000000186e+00 inf =   0.000e+00 (16767) 4 100%
#250110: obj =   4.000000244e+00 inf =   0.000e+00 (9984) 4 100%
#250508: obj =   4.000000304e+00 inf =   0.000e+00 (9741) 4 100%
#250633: obj =   4.000000000e+00 inf =   2.651e-13 (0) 1 100%
+250633: mip =   1.500000000e+01 >=   3.000000000e+00  80.0% (127; 47)
Time used: 5240.4 secs.  Memory used: 232.4 Mb.
#251445: obj =   4.000000202e+00 inf =   0.000e+00 (22995) 8 75%
#251822: obj =   4.000000619e+00 inf =   0.000e+00 (28529) 3 100%
#252180: obj =   4.000001024e+00 inf =   0.000e+00 (31510) 4 100%
#252547: obj =   4.000001317e+00 inf =   0.000e+00 (33879) 3 100%
#252902: obj =   4.000001666e+00 inf =   0.000e+00 (41213) 4 100%
#253256: obj =   4.000002221e+00 inf =   0.000e+00 (38223) 3 100%
#253609: obj =   4.000002327e+00 inf =   0.000e+00 (30062) 4 100%
#253962: obj =   4.000002432e+00 inf =   0.000e+00 (27322) 3 100%
#254315: obj =   4.000002552e+00 inf =   0.000e+00 (27774) 4 100%
#254675: obj =   4.000002676e+00 inf =   0.000e+00 (23038) 4 100%
#255036: obj =   4.000002826e+00 inf =   0.000e+00 (21670) 3 100%
#255402: obj =   4.000002958e+00 inf =   0.000e+00 (21198) 4 100%
#255770: obj =   4.000003023e+00 inf =   0.000e+00 (16479) 3 100%
#256052: obj =   4.000000000e+00 inf =   3.701e-13 (0) 3 100%
+256052: mip =   1.500000000e+01 >=   3.000000000e+00  80.0% (128; 47)
Time used: 5350.5 secs.  Memory used: 232.5 Mb.
+256812: mip =   1.500000000e+01 >=   3.000000000e+00  80.0% (129; 47)
+257114: mip =   1.500000000e+01 >=   3.000000000e+00  80.0% (130; 47)
Time used: 5411.2 secs.  Memory used: 232.5 Mb.
#257966: obj =   4.000002162e+00 inf =   0.000e+00 (7802) 8 76%
#258350: obj =   5.096154298e+00 inf =   0.000e+00 (11218) 4 99%
#258731: obj =   5.096157038e+00 inf =   0.000e+00 (11396) 4 100%
#258736: obj =   2.300000000e+01 inf =   2.638e-12 (12896) 80%
+258736: mip =   1.500000000e+01 >=   3.000000000e+00  80.0% (129; 48)
#259533: obj =   3.000009044e+00 inf =   0.000e+00 (22508) 7 74%
#259915: obj =   3.000016848e+00 inf =   0.000e+00 (23149) 4 100%
#260283: obj =   3.000028693e+00 inf =   0.000e+00 (25455) 4 100%
#260654: obj =   3.000051828e+00 inf =   0.000e+00 (25164) 3 100%
#261016: obj =   3.000213594e+00 inf =   0.000e+00 (28786) 4 100%
#261435: obj =   3.673151866e+00 inf =   0.000e+00 (41400) 4 33%
#261868: obj =   3.702650570e+00 inf =   0.000e+00 (34744) 5 24%
#262327: obj =   3.725389499e+00 inf =   0.000e+00 (21547) 4 26%
#262763: obj =   3.743631052e+00 inf =   0.000e+00 (33200) 4 32%
#263215: obj =   3.757523084e+00 inf =   0.000e+00 (21449) 5 46%
#263677: obj =   3.766772213e+00 inf =   0.000e+00 (19201) 4 62%
#264134: obj =   3.777627747e+00 inf =   0.000e+00 (31055) 5 48%
#264597: obj =   3.784513726e+00 inf =   0.000e+00 (22954) 4 71%
#265048: obj =   3.791453752e+00 inf =   0.000e+00 (17258) 5 69%
#265512: obj =   3.792105598e+00 inf =   0.000e+00 (17745) 4 96%
#265924: obj =   3.792538115e+00 inf =   0.000e+00 (21276) 4 95%
#266345: obj =   3.796443356e+00 inf =   0.000e+00 (16129) 4 82%
#266741: obj =   3.796458423e+00 inf =   0.000e+00 (17881) 4 100%
#267138: obj =   3.802814072e+00 inf =   0.000e+00 (17361) 4 94%
#267546: obj =   3.805058355e+00 inf =   0.000e+00 (15458) 4 99%
#267954: obj =   3.808215710e+00 inf =   0.000e+00 (28449) 4 99%
#268376: obj =   3.808226653e+00 inf =   0.000e+00 (7115) 4 100%
#268753: obj =   3.810810811e+00 inf =   9.595e-15 (0) 4 98%
+268753: mip =   1.500000000e+01 >=   3.000000000e+00  80.0% (130; 48)
Time used: 5586.5 secs.  Memory used: 235.4 Mb.
+268754: mip =   1.500000000e+01 >=   3.000000000e+00  80.0% (131; 48)
+268755: mip =   1.500000000e+01 >=   3.000000000e+00  80.0% (132; 48)
Time used: 5653.8 secs.  Memory used: 235.4 Mb.
+268756: mip =   1.500000000e+01 >=   3.000000000e+00  80.0% (133; 48)
+268757: mip =   1.500000000e+01 >=   3.000000000e+00  80.0% (134; 48)
Time used: 5720.7 secs.  Memory used: 235.4 Mb.
+268758: mip =   1.500000000e+01 >=   3.000000000e+00  80.0% (135; 48)
+268759: mip =   1.500000000e+01 >=   3.000000000e+00  80.0% (136; 48)
Time used: 5786.3 secs.  Memory used: 235.4 Mb.
+268760: mip =   1.500000000e+01 >=   3.000000000e+00  80.0% (137; 48)
+268761: mip =   1.500000000e+01 >=   3.000000000e+00  80.0% (138; 48)
Time used: 5852.3 secs.  Memory used: 235.4 Mb.
+268762: mip =   1.500000000e+01 >=   3.000000000e+00  80.0% (139; 48)
+268763: mip =   1.500000000e+01 >=   3.000000000e+00  80.0% (140; 48)
Time used: 5914.9 secs.  Memory used: 235.4 Mb.
+268764: mip =   1.500000000e+01 >=   3.000000000e+00  80.0% (141; 48)
+268765: mip =   1.500000000e+01 >=   3.000000000e+00  80.0% (142; 48)
Time used: 5976.8 secs.  Memory used: 235.4 Mb.
+268766: mip =   1.500000000e+01 >=   3.000000000e+00  80.0% (143; 48)
+268767: mip =   1.500000000e+01 >=   3.000000000e+00  80.0% (144; 48)
Time used: 6038.0 secs.  Memory used: 235.4 Mb.
+268768: mip =   1.500000000e+01 >=   3.000000000e+00  80.0% (145; 48)
+268769: mip =   1.500000000e+01 >=   3.000000000e+00  80.0% (146; 48)
Time used: 6098.4 secs.  Memory used: 235.4 Mb.
+268770: mip =   1.500000000e+01 >=   3.000000000e+00  80.0% (147; 48)
+268771: mip =   1.500000000e+01 >=   3.000000000e+00  80.0% (148; 48)
+268772: mip =   1.500000000e+01 >=   3.000000000e+00  80.0% (149; 48)
Time used: 6185.9 secs.  Memory used: 235.4 Mb.
+268773: mip =   1.500000000e+01 >=   3.000000000e+00  80.0% (150; 48)
+268774: mip =   1.500000000e+01 >=   3.000000000e+00  80.0% (151; 48)
+268775: mip =   1.500000000e+01 >=   3.000000000e+00  80.0% (152; 48)
Time used: 6270.0 secs.  Memory used: 235.4 Mb.
+268776: mip =   1.500000000e+01 >=   3.000000000e+00  80.0% (153; 48)
+268777: mip =   1.500000000e+01 >=   3.000000000e+00  80.0% (154; 48)
+268778: mip =   1.500000000e+01 >=   3.000000000e+00  80.0% (155; 48)
Time used: 6351.2 secs.  Memory used: 235.4 Mb.
+268779: mip =   1.500000000e+01 >=   3.000000000e+00  80.0% (156; 48)
+268780: mip =   1.500000000e+01 >=   3.000000000e+00  80.0% (157; 48)
+268781: mip =   1.500000000e+01 >=   3.000000000e+00  80.0% (158; 48)
Time used: 6430.6 secs.  Memory used: 235.4 Mb.
+268782: mip =   1.500000000e+01 >=   3.000000000e+00  80.0% (159; 48)
+268783: mip =   1.500000000e+01 >=   3.000000000e+00  80.0% (160; 48)
+268784: mip =   1.500000000e+01 >=   3.000000000e+00  80.0% (161; 48)
Time used: 6505.7 secs.  Memory used: 235.4 Mb.
+268785: mip =   1.500000000e+01 >=   3.000000000e+00  80.0% (162; 48)
+268786: mip =   1.500000000e+01 >=   3.000000000e+00  80.0% (163; 48)
+268787: mip =   1.500000000e+01 >=   3.000000000e+00  80.0% (164; 48)
Time used: 6576.0 secs.  Memory used: 235.4 Mb.
+268788: mip =   1.500000000e+01 >=   3.000000000e+00  80.0% (165; 48)
+268789: mip =   1.500000000e+01 >=   3.000000000e+00  80.0% (166; 48)
+268790: mip =   1.500000000e+01 >=   3.000000000e+00  80.0% (167; 48)
Time used: 6642.7 secs.  Memory used: 235.4 Mb.
+268791: mip =   1.500000000e+01 >=   3.000000000e+00  80.0% (168; 48)
+268792: mip =   1.500000000e+01 >=   3.000000000e+00  80.0% (169; 48)
+268793: mip =   1.500000000e+01 >=   3.000000000e+00  80.0% (170; 48)
Time used: 6707.1 secs.  Memory used: 235.4 Mb.
+268794: mip =   1.500000000e+01 >=   3.000000000e+00  80.0% (171; 48)
+268795: mip =   1.500000000e+01 >=   3.000000000e+00  80.0% (172; 48)
+268796: mip =   1.500000000e+01 >=   3.000000000e+00  80.0% (173; 48)
+268797: mip =   1.500000000e+01 >=   3.000000000e+00  80.0% (174; 48)
Time used: 6784.6 secs.  Memory used: 235.4 Mb.
+268798: mip =   1.500000000e+01 >=   3.000000000e+00  80.0% (175; 48)
+268799: mip =   1.500000000e+01 >=   3.000000000e+00  80.0% (176; 48)
+268800: mip =   1.500000000e+01 >=   3.000000000e+00  80.0% (177; 48)
+268801: mip =   1.500000000e+01 >=   3.000000000e+00  80.0% (178; 48)
Time used: 6855.5 secs.  Memory used: 235.4 Mb.
+268802: mip =   1.500000000e+01 >=   3.000000000e+00  80.0% (179; 48)
+268803: mip =   1.500000000e+01 >=   3.000000000e+00  80.0% (180; 48)
+268804: mip =   1.500000000e+01 >=   3.000000000e+00  80.0% (181; 48)
+268805: mip =   1.500000000e+01 >=   3.000000000e+00  80.0% (182; 48)
Time used: 6917.7 secs.  Memory used: 235.4 Mb.
+268806: mip =   1.500000000e+01 >=   3.000000000e+00  80.0% (183; 48)
+268807: mip =   1.500000000e+01 >=   3.000000000e+00  80.0% (184; 48)
+268808: mip =   1.500000000e+01 >=   3.000000000e+00  80.0% (185; 48)
+268809: mip =   1.500000000e+01 >=   3.000000000e+00  80.0% (186; 48)
+268810: mip =   1.500000000e+01 >=   3.000000000e+00  80.0% (187; 48)
Time used: 6985.1 secs.  Memory used: 235.8 Mb.
+268811: mip =   1.500000000e+01 >=   3.000000000e+00  80.0% (188; 48)
+268812: mip =   1.500000000e+01 >=   3.000000000e+00  80.0% (189; 48)
+268813: mip =   1.500000000e+01 >=   3.000000000e+00  80.0% (190; 48)
+268814: mip =   1.500000000e+01 >=   3.000000000e+00  80.0% (191; 48)
+268815: mip =   1.500000000e+01 >=   3.000000000e+00  80.0% (192; 48)
