GLPSOL--GLPK LP/MIP Solver 5.0
Parameter(s) specified in the command line:
 -m ../GLPK/GraphColoringGLPK.mod -d queen10_10.col.dat -o ../sol/queen10_10.col.dat.sol
Reading model section from ../GLPK/GraphColoringGLPK.mod...
../GLPK/GraphColoringGLPK.mod:28: warning: unexpected end of file; missing end statement inserted
28 lines were read
Reading data section from queen10_10.col.dat...
queen10_10.col.dat:111: duplicate tuple (2,1) detected
Context:  2 ) ( 2 , 82 ) ( 82 , 2 ) ( 2 , 92 ) ( 92 , 2 ) ( 2 , 1 ) (
MathProg model processing error
GLPSOL--GLPK LP/MIP Solver 5.0
Parameter(s) specified in the command line:
 -m ../GLPK/GraphColoringGLPK.mod -d queen10_10.col.dat -o ../sol/queen10_10.col.dat.sol
Reading model section from ../GLPK/GraphColoringGLPK.mod...
../GLPK/GraphColoringGLPK.mod:28: warning: unexpected end of file; missing end statement inserted
28 lines were read
Reading data section from queen10_10.col.dat...
2945 lines were read
Generating colors_count...
Generating R1...
Generating R2...
Generating R3...
Model has been successfully generated
GLPK Integer Optimizer 5.0
294200 rows, 10100 columns, 911900 non-zeros
10100 integer variables, all of which are binary
Preprocessing...
294199 rows, 10100 columns, 911800 non-zeros
10100 integer variables, all of which are binary
Scaling...
 A: min|aij| =  1.000e+00  max|aij| =  1.000e+00  ratio =  1.000e+00
Problem data seem to be well scaled
Constructing initial basis...
Size of triangular part is 294199
Solving LP relaxation...
GLPK Simplex Optimizer 5.0
294199 rows, 10100 columns, 911800 non-zeros
      0: obj =   0.000000000e+00 inf =   5.980e+03 (2941)
Perturbing LP to avoid stalling [200]...
    543: obj =   3.000000000e+00 inf =   2.761e+03 (2693) 3
    979: obj =   2.989743587e+00 inf =   2.526e+03 (2501) 4
   1388: obj =   3.000930361e+00 inf =   2.395e+03 (2501) 4
   1751: obj =   3.023424778e+00 inf =   2.231e+03 (2501) 4
   2116: obj =   3.016872051e+00 inf =   2.125e+03 (2501) 3
   2443: obj =   3.012388785e+00 inf =   2.057e+03 (2501) 4
   2767: obj =   3.082771700e+00 inf =   1.959e+03 (2501) 3
   3082: obj =   3.155574745e+00 inf =   1.857e+03 (2501) 3
   3386: obj =   3.188548831e+00 inf =   1.817e+03 (2501) 3
   3659: obj =   3.291759688e+00 inf =   1.709e+03 (2501) 2
   3953: obj =   3.376443866e+00 inf =   1.641e+03 (2501) 3
   4284: obj =   3.501452296e+00 inf =   1.568e+03 (2501) 3
   4594: obj =   3.881103688e+00 inf =   1.386e+03 (2499) 3
   4905: obj =   4.209169579e+00 inf =   1.214e+03 (2459) 3
   5204: obj =   4.402695771e+00 inf =   1.114e+03 (2457) 3
   5487: obj =   4.710285838e+00 inf =   9.375e+02 (2457) 3
   5780: obj =   5.329430140e+00 inf =   6.184e+02 (1649) 3
   6046: obj =   5.358813042e+00 inf =   5.001e+02 (1629) 2
   6323: obj =   5.410982020e+00 inf =   4.396e+02 (1553) 3
   6613: obj =   5.363225725e+00 inf =   3.046e+02 (1059) 3
   6909: obj =   5.352773092e+00 inf =   1.980e+02 (919) 3
   7218: obj =   5.348733679e+00 inf =   1.355e+02 (791) 3
   7490: obj =   5.315694122e+00 inf =   7.904e+01 (367) 2
   7770: obj =   6.848957397e+00 inf =   2.653e+01 (113) 3
   8076: obj =   8.335264087e+00 inf =   1.548e+00 (61) 3
   8175: obj =   8.421925795e+00 inf =   6.011e-05 (0) 1
*  8487: obj =   7.907193900e+00 inf =   5.921e-05 (5139) 3
*  8790: obj =   7.373738598e+00 inf =   6.344e-05 (5048) 3
*  9058: obj =   7.060779320e+00 inf =   6.443e-05 (5261) 3
*  9359: obj =   6.929605489e+00 inf =   8.439e-05 (5071) 3
*  9611: obj =   6.551527006e+00 inf =   8.530e-05 (5084) 2
*  9881: obj =   6.422889511e+00 inf =   8.937e-05 (5046) 3
* 10169: obj =   6.274715372e+00 inf =   9.787e-05 (4894) 3
* 10443: obj =   6.148310927e+00 inf =   1.003e-04 (4830) 2
* 10729: obj =   5.790776489e+00 inf =   1.107e-04 (4917) 3
* 10980: obj =   5.508511762e+00 inf =   1.184e-04 (4703) 3
* 11274: obj =   5.405311754e+00 inf =   1.239e-04 (4135) 2
* 11545: obj =   5.250975929e+00 inf =   1.305e-04 (4826) 3
* 11793: obj =   4.983837947e+00 inf =   1.411e-04 (5146) 3
* 12069: obj =   4.715969524e+00 inf =   1.549e-04 (4836) 2
* 12342: obj =   4.670366837e+00 inf =   1.613e-04 (4968) 3
* 12634: obj =   4.457829415e+00 inf =   1.715e-04 (4965) 3
* 12866: obj =   4.257799921e+00 inf =   1.842e-04 (4891) 2
* 13110: obj =   4.132797116e+00 inf =   1.901e-04 (4682) 3
* 13358: obj =   4.106392929e+00 inf =   1.989e-04 (5059) 2
* 13599: obj =   3.957551024e+00 inf =   2.087e-04 (4689) 2
* 13830: obj =   3.812192547e+00 inf =   2.197e-04 (5021) 3
* 14063: obj =   3.710481294e+00 inf =   2.327e-04 (5034) 2
* 14295: obj =   3.698252859e+00 inf =   2.409e-04 (5031) 2
* 14510: obj =   3.629986168e+00 inf =   2.460e-04 (5018) 2
* 14721: obj =   3.509395626e+00 inf =   2.591e-04 (4828) 3
* 14942: obj =   3.404511978e+00 inf =   2.751e-04 (5118) 2
* 15180: obj =   3.356427314e+00 inf =   2.830e-04 (5058) 2
* 15396: obj =   3.308825599e+00 inf =   2.875e-04 (5081) 2
* 15589: obj =   3.210917155e+00 inf =   2.981e-04 (4983) 2
* 15790: obj =   3.142110985e+00 inf =   3.114e-04 (5021) 2
* 16000: obj =   3.067793331e+00 inf =   3.258e-04 (4938) 2
* 16233: obj =   3.046559898e+00 inf =   3.341e-04 (4995) 3
* 16462: obj =   3.041652450e+00 inf =   3.355e-04 (5022) 2
* 16704: obj =   3.034659928e+00 inf =   3.478e-04 (5080) 2
* 16937: obj =   2.967135811e+00 inf =   3.570e-04 (5025) 2
* 17154: obj =   2.911691603e+00 inf =   3.626e-04 (4971) 3
* 17425: obj =   2.835566948e+00 inf =   3.777e-04 (4966) 2
* 17666: obj =   2.745179783e+00 inf =   3.963e-04 (4987) 3
* 17888: obj =   2.667608470e+00 inf =   4.208e-04 (4974) 2
* 18157: obj =   2.601566511e+00 inf =   4.296e-04 (4963) 3
* 18415: obj =   2.535857726e+00 inf =   4.512e-04 (5169) 2
* 18641: obj =   2.471361916e+00 inf =   4.680e-04 (4852) 2
* 18873: obj =   2.407830994e+00 inf =   4.858e-04 (5102) 3
* 19136: obj =   2.353530988e+00 inf =   5.090e-04 (5008) 2
* 19398: obj =   2.301040067e+00 inf =   5.248e-04 (4955) 3
* 19657: obj =   2.246585181e+00 inf =   5.518e-04 (5015) 2
* 19926: obj =   2.174688115e+00 inf =   5.807e-04 (5007) 3
* 20200: obj =   2.150511067e+00 inf =   5.945e-04 (5045) 3
* 20455: obj =   2.105973488e+00 inf =   5.966e-04 (4691) 2
* 20698: obj =   2.061860134e+00 inf =   6.516e-04 (632) 3
* 20964: obj =   2.000000203e+00 inf =   1.312e-03 (491) 2
* 21207: obj =   1.999999599e+00 inf =   2.763e-03 (3439) 3
* 21439: obj =   1.999999445e+00 inf =   4.302e-03 (4017) 2
* 21671: obj =   1.999999352e+00 inf =   5.235e-03 (3272) 2
* 21890: obj =   1.999999281e+00 inf =   5.800e-03 (3829) 3
* 22121: obj =   1.999999208e+00 inf =   6.561e-03 (3186) 2
* 22347: obj =   1.999999163e+00 inf =   7.049e-03 (3605) 2
* 22596: obj =   1.999999094e+00 inf =   7.696e-03 (3291) 3
* 22863: obj =   1.999999045e+00 inf =   8.227e-03 (3126) 2
* 23116: obj =   1.999998998e+00 inf =   8.902e-03 (2402) 3
* 23384: obj =   1.999998944e+00 inf =   9.618e-03 (3174) 2
* 23639: obj =   1.999998903e+00 inf =   1.051e-02 (2103) 3
* 23910: obj =   1.999998865e+00 inf =   1.107e-02 (1698) 3
* 24174: obj =   1.999998834e+00 inf =   1.188e-02 (2054) 2
* 24429: obj =   1.999998813e+00 inf =   1.254e-02 (1130) 3
* 24702: obj =   1.999998796e+00 inf =   1.318e-02 (727) 2
* 24955: obj =   1.999998786e+00 inf =   1.366e-02 (625) 3
* 25211: obj =   1.999998782e+00 inf =   1.406e-02 (153) 2
Removing LP perturbation [25328]...
* 25328: obj =   2.000000000e+00 inf =   3.196e-12 (0) 1
OPTIMAL LP SOLUTION FOUND
Integer optimization begins...
Long-step dual simplex will be used
+ 25328: mip =     not found yet >=              -inf        (1; 0)
+ 25328: mip =     not found yet >=   2.000000000e+00        (2; 0)
Time used: 103.2 secs.  Memory used: 379.1 Mb.
+ 25329: mip =     not found yet >=   2.000000000e+00        (3; 0)
Time used: 201.4 secs.  Memory used: 379.1 Mb.
+ 25330: mip =     not found yet >=   2.000000000e+00        (4; 0)
Time used: 296.1 secs.  Memory used: 379.1 Mb.
+ 25331: mip =     not found yet >=   2.000000000e+00        (5; 0)
Time used: 388.2 secs.  Memory used: 379.1 Mb.
+ 25332: mip =     not found yet >=   2.000000000e+00        (6; 0)
Time used: 475.2 secs.  Memory used: 379.1 Mb.
+ 25333: mip =     not found yet >=   2.000000000e+00        (7; 0)
Time used: 558.6 secs.  Memory used: 379.1 Mb.
+ 25334: mip =     not found yet >=   2.000000000e+00        (8; 0)
Time used: 643.6 secs.  Memory used: 379.2 Mb.
+ 25335: mip =     not found yet >=   2.000000000e+00        (9; 0)
Time used: 729.3 secs.  Memory used: 379.6 Mb.
+ 25336: mip =     not found yet >=   2.000000000e+00        (10; 0)
Time used: 812.3 secs.  Memory used: 379.7 Mb.
+ 25337: mip =     not found yet >=   2.000000000e+00        (11; 0)
Time used: 894.3 secs.  Memory used: 379.8 Mb.
+ 25338: mip =     not found yet >=   2.000000000e+00        (12; 0)
Time used: 974.2 secs.  Memory used: 379.8 Mb.
+ 25339: mip =     not found yet >=   2.000000000e+00        (13; 0)
Time used: 1055.2 secs.  Memory used: 379.8 Mb.
+ 25340: mip =     not found yet >=   2.000000000e+00        (14; 0)
Time used: 1134.7 secs.  Memory used: 379.8 Mb.
+ 25341: mip =     not found yet >=   2.000000000e+00        (15; 0)
Time used: 1212.6 secs.  Memory used: 379.8 Mb.
+ 25342: mip =     not found yet >=   2.000000000e+00        (16; 0)
Time used: 1291.9 secs.  Memory used: 379.8 Mb.
+ 25343: mip =     not found yet >=   2.000000000e+00        (17; 0)
Time used: 1369.0 secs.  Memory used: 379.8 Mb.
+ 25344: mip =     not found yet >=   2.000000000e+00        (18; 0)
Time used: 1445.5 secs.  Memory used: 379.8 Mb.
+ 25345: mip =     not found yet >=   2.000000000e+00        (19; 0)
Time used: 1522.7 secs.  Memory used: 379.8 Mb.
+ 25346: mip =     not found yet >=   2.000000000e+00        (20; 0)
Time used: 1596.9 secs.  Memory used: 379.8 Mb.
+ 25347: mip =     not found yet >=   2.000000000e+00        (21; 0)
Time used: 1672.5 secs.  Memory used: 379.8 Mb.
+ 25348: mip =     not found yet >=   2.000000000e+00        (22; 0)
Time used: 1743.6 secs.  Memory used: 379.8 Mb.
+ 25349: mip =     not found yet >=   2.000000000e+00        (23; 0)
Time used: 1815.2 secs.  Memory used: 379.8 Mb.
+ 25350: mip =     not found yet >=   2.000000000e+00        (24; 0)
Time used: 1885.1 secs.  Memory used: 379.8 Mb.
+ 25351: mip =     not found yet >=   2.000000000e+00        (25; 0)
Time used: 1956.0 secs.  Memory used: 379.8 Mb.
+ 25352: mip =     not found yet >=   2.000000000e+00        (26; 0)
Time used: 2025.3 secs.  Memory used: 379.8 Mb.
+ 25353: mip =     not found yet >=   2.000000000e+00        (27; 0)
Time used: 2093.8 secs.  Memory used: 379.8 Mb.
+ 25354: mip =     not found yet >=   2.000000000e+00        (28; 0)
Time used: 2159.0 secs.  Memory used: 379.8 Mb.
+ 25355: mip =     not found yet >=   2.000000000e+00        (29; 0)
Time used: 2225.9 secs.  Memory used: 379.8 Mb.
+ 25356: mip =     not found yet >=   2.000000000e+00        (30; 0)
Time used: 2290.8 secs.  Memory used: 379.8 Mb.
+ 25357: mip =     not found yet >=   2.000000000e+00        (31; 0)
Time used: 2354.1 secs.  Memory used: 379.8 Mb.
+ 25358: mip =     not found yet >=   2.000000000e+00        (32; 0)
Time used: 2419.2 secs.  Memory used: 379.8 Mb.
+ 25359: mip =     not found yet >=   2.000000000e+00        (33; 0)
Time used: 2483.2 secs.  Memory used: 379.8 Mb.
+ 25360: mip =     not found yet >=   2.000000000e+00        (34; 0)
+ 25361: mip =     not found yet >=   2.000000000e+00        (35; 0)
Time used: 2604.4 secs.  Memory used: 379.8 Mb.
+ 25362: mip =     not found yet >=   2.000000000e+00        (36; 0)
+ 25363: mip =     not found yet >=   2.000000000e+00        (37; 0)
Time used: 2722.4 secs.  Memory used: 379.8 Mb.
+ 25364: mip =     not found yet >=   2.000000000e+00        (38; 0)
+ 25365: mip =     not found yet >=   2.000000000e+00        (39; 0)
Time used: 2839.1 secs.  Memory used: 379.8 Mb.
+ 25366: mip =     not found yet >=   2.000000000e+00        (40; 0)
+ 25367: mip =     not found yet >=   2.000000000e+00        (41; 0)
Time used: 2949.6 secs.  Memory used: 379.8 Mb.
+ 25368: mip =     not found yet >=   2.000000000e+00        (42; 0)
+ 25369: mip =     not found yet >=   2.000000000e+00        (43; 0)
Time used: 3058.3 secs.  Memory used: 379.8 Mb.
+ 25370: mip =     not found yet >=   2.000000000e+00        (44; 0)
+ 25371: mip =     not found yet >=   2.000000000e+00        (45; 0)
Time used: 3161.1 secs.  Memory used: 379.8 Mb.
+ 25372: mip =     not found yet >=   2.000000000e+00        (46; 0)
+ 25373: mip =     not found yet >=   2.000000000e+00        (47; 0)
Time used: 3269.1 secs.  Memory used: 379.8 Mb.
+ 25374: mip =     not found yet >=   2.000000000e+00        (48; 0)
+ 25375: mip =     not found yet >=   2.000000000e+00        (49; 0)
Time used: 3370.3 secs.  Memory used: 379.8 Mb.
+ 25376: mip =     not found yet >=   2.000000000e+00        (50; 0)
+ 25377: mip =     not found yet >=   2.000000000e+00        (51; 0)
Time used: 3462.6 secs.  Memory used: 379.8 Mb.
+ 25378: mip =     not found yet >=   2.000000000e+00        (52; 0)
+ 25379: mip =     not found yet >=   2.000000000e+00        (53; 0)
Time used: 3552.6 secs.  Memory used: 379.8 Mb.
+ 25380: mip =     not found yet >=   2.000000000e+00        (54; 0)
+ 25381: mip =     not found yet >=   2.000000000e+00        (55; 0)
Time used: 3638.7 secs.  Memory used: 379.8 Mb.
+ 25382: mip =     not found yet >=   2.000000000e+00        (56; 0)
+ 25383: mip =     not found yet >=   2.000000000e+00        (57; 0)
Time used: 3723.2 secs.  Memory used: 379.9 Mb.
+ 25384: mip =     not found yet >=   2.000000000e+00        (58; 0)
+ 25385: mip =     not found yet >=   2.000000000e+00        (59; 0)
Time used: 3801.1 secs.  Memory used: 379.9 Mb.
+ 25386: mip =     not found yet >=   2.000000000e+00        (60; 0)
+ 25387: mip =     not found yet >=   2.000000000e+00        (61; 0)
Time used: 3873.5 secs.  Memory used: 379.9 Mb.
+ 25388: mip =     not found yet >=   2.000000000e+00        (62; 0)
+ 25389: mip =     not found yet >=   2.000000000e+00        (63; 0)
Time used: 3944.7 secs.  Memory used: 379.9 Mb.
+ 25390: mip =     not found yet >=   2.000000000e+00        (64; 0)
+ 25391: mip =     not found yet >=   2.000000000e+00        (65; 0)
Time used: 4014.1 secs.  Memory used: 379.9 Mb.
+ 25392: mip =     not found yet >=   2.000000000e+00        (66; 0)
+ 25393: mip =     not found yet >=   2.000000000e+00        (67; 0)
Time used: 4076.8 secs.  Memory used: 379.9 Mb.
+ 25394: mip =     not found yet >=   2.000000000e+00        (68; 0)
+ 25395: mip =     not found yet >=   2.000000000e+00        (69; 0)
Time used: 4138.0 secs.  Memory used: 379.9 Mb.
+ 25396: mip =     not found yet >=   2.000000000e+00        (70; 0)
+ 25397: mip =     not found yet >=   2.000000000e+00        (71; 0)
+ 25398: mip =     not found yet >=   2.000000000e+00        (72; 0)
Time used: 4223.2 secs.  Memory used: 379.9 Mb.
+ 25399: mip =     not found yet >=   2.000000000e+00        (73; 0)
+ 25400: mip =     not found yet >=   2.000000000e+00        (74; 0)
+ 25401: mip =     not found yet >=   2.000000000e+00        (75; 0)
Time used: 4303.4 secs.  Memory used: 379.9 Mb.
+ 25402: mip =     not found yet >=   2.000000000e+00        (76; 0)
+ 25403: mip =     not found yet >=   2.000000000e+00        (77; 0)
+ 25404: mip =     not found yet >=   2.000000000e+00        (78; 0)
Time used: 4373.2 secs.  Memory used: 379.9 Mb.
+ 25405: mip =     not found yet >=   2.000000000e+00        (79; 0)
+ 25406: mip =     not found yet >=   2.000000000e+00        (80; 0)
+ 25407: mip =     not found yet >=   2.000000000e+00        (81; 0)
+ 25408: mip =     not found yet >=   2.000000000e+00        (82; 0)
Time used: 4452.1 secs.  Memory used: 379.9 Mb.
+ 25409: mip =     not found yet >=   2.000000000e+00        (83; 0)
+ 25410: mip =     not found yet >=   2.000000000e+00        (84; 0)
+ 25411: mip =     not found yet >=   2.000000000e+00        (85; 0)
+ 25412: mip =     not found yet >=   2.000000000e+00        (86; 0)
Time used: 4518.7 secs.  Memory used: 379.9 Mb.
+ 25413: mip =     not found yet >=   2.000000000e+00        (87; 0)
+ 25414: mip =     not found yet >=   2.000000000e+00        (88; 0)
+ 25415: mip =     not found yet >=   2.000000000e+00        (89; 0)
+ 25416: mip =     not found yet >=   2.000000000e+00        (90; 0)
+ 25417: mip =     not found yet >=   2.000000000e+00        (91; 0)
Time used: 4580.5 secs.  Memory used: 379.9 Mb.
+ 25418: mip =     not found yet >=   2.000000000e+00        (92; 0)
+ 25419: mip =     not found yet >=   2.000000000e+00        (93; 0)
+ 25420: mip =     not found yet >=   2.000000000e+00        (94; 0)
+ 25421: mip =     not found yet >=   2.000000000e+00        (95; 0)
+ 25422: mip =     not found yet >=   2.000000000e+00        (96; 0)
# 25982: obj =   2.006904411e+00 inf =   5.253e-15 (39312) 5 24%
# 26244: obj =   2.009099210e+00 inf =   1.735e-18 (36431) 3 22%
# 26521: obj =   2.011646875e+00 inf =   1.893e-15 (53206) 2 19%
# 26780: obj =   2.013809990e+00 inf =   1.908e-17 (46314) 3 18%
# 27041: obj =   2.016273421e+00 inf =   5.208e-18 (42969) 2 16%
# 27272: obj =   2.018902040e+00 inf =   2.429e-17 (38642) 3 25%
# 27528: obj =   2.020889017e+00 inf =   6.476e-15 (33036) 2 27%
# 27778: obj =   2.023477988e+00 inf =   1.041e-17 (33399) 3 21%
# 28034: obj =   2.026249439e+00 inf =   4.707e-13 (34598) 2 26%
# 28288: obj =   2.029666937e+00 inf =   4.163e-17 (31623) 3 15%
# 28537: obj =   2.032965931e+00 inf =   2.069e-17 (36496) 2 23%
# 28778: obj =   2.036103523e+00 inf =   5.212e-18 (30976) 3 19%
# 29038: obj =   2.039148447e+00 inf =   5.214e-18 (32926) 2 20%
# 29276: obj =   2.042063181e+00 inf =   5.204e-18 (34164) 3 23%
# 29542: obj =   2.045726232e+00 inf =   5.338e-14 (38144) 2 12%
# 29785: obj =   2.048665602e+00 inf =   6.940e-18 (35302) 3 16%
# 30031: obj =   2.051971573e+00 inf =   1.314e-16 (35246) 2 29%
# 30279: obj =   2.055592745e+00 inf =   1.161e-22 (34166) 3 16%
# 30540: obj =   2.058210151e+00 inf =   6.942e-18 (35618) 2 24%
# 30756: obj =   2.060385073e+00 inf =   3.053e-14 (34499) 2 27%
# 30972: obj =   2.062480338e+00 inf =   2.997e-15 (36655) 2 23%
# 31178: obj =   2.064901034e+00 inf =   5.209e-18 (36127) 2 17%
# 31403: obj =   2.067251907e+00 inf =   9.442e-18 (35500) 3 22%
# 31629: obj =   2.068767578e+00 inf =   1.316e-14 (38316) 2 21%
# 31853: obj =   2.070633331e+00 inf =   2.643e-15 (40617) 2 25%
# 32073: obj =   2.072640544e+00 inf =   1.315e-15 (39809) 2 27%
# 32294: obj =   2.074781674e+00 inf =   1.606e-17 (47696) 2 28%
# 32505: obj =   2.076157848e+00 inf =   2.733e-17 (41745) 3 27%
# 32710: obj =   2.077149063e+00 inf =   0.000e+00 (42222) 2 35%
# 32913: obj =   2.078348999e+00 inf =   2.648e-17 (47810) 2 30%
# 33117: obj =   2.079297405e+00 inf =   1.869e-15 (39356) 2 41%
# 33323: obj =   2.080630557e+00 inf =   4.566e-16 (40209) 2 36%
# 33540: obj =   2.081699394e+00 inf =   6.207e-16 (49516) 2 31%
# 33745: obj =   2.082591565e+00 inf =   2.357e-16 (41235) 2 36%
# 33958: obj =   2.083640944e+00 inf =   4.821e-16 (39128) 2 32%
# 34195: obj =   2.084764335e+00 inf =   1.366e-17 (38375) 2 35%
# 34417: obj =   2.086006839e+00 inf =   1.544e-14 (39363) 3 33%
# 34643: obj =   2.086738888e+00 inf =   2.433e-17 (44479) 2 32%
# 34863: obj =   2.087539938e+00 inf =   1.104e-15 (48545) 2 35%
# 35097: obj =   2.088232075e+00 inf =   1.828e-14 (45663) 2 47%
# 35318: obj =   2.088849215e+00 inf =   2.212e-17 (49157) 2 36%
# 35533: obj =   2.089475356e+00 inf =   1.583e-14 (46518) 3 39%
# 35737: obj =   2.090043798e+00 inf =   1.378e-15 (44244) 2 40%
# 35944: obj =   2.090651538e+00 inf =   2.402e-15 (50538) 2 42%
# 36128: obj =   2.091297037e+00 inf =   2.031e-15 (57216) 1 42%
# 36304: obj =   2.091894456e+00 inf =   3.718e-15 (49846) 2 34%
# 36498: obj =   2.092393075e+00 inf =   1.258e-06 (54555) 2 38%
# 36687: obj =   2.092863685e+00 inf =   0.000e+00 (54970) 2 51%
# 36875: obj =   2.093286300e+00 inf =   0.000e+00 (44625) 2 45%
# 37081: obj =   2.093861533e+00 inf =   0.000e+00 (47330) 2 50%
# 37289: obj =   2.094232985e+00 inf =   0.000e+00 (53160) 2 63%
# 37489: obj =   2.094686049e+00 inf =   0.000e+00 (49457) 2 60%
# 37699: obj =   2.095112931e+00 inf =   0.000e+00 (42997) 2 60%
# 37896: obj =   2.095437745e+00 inf =   0.000e+00 (45694) 2 72%
# 38101: obj =   2.095862248e+00 inf =   0.000e+00 (38908) 2 63%
# 38311: obj =   2.096338970e+00 inf =   0.000e+00 (44440) 2 55%
# 38513: obj =   2.096855850e+00 inf =   0.000e+00 (48446) 2 60%
# 38725: obj =   2.097146901e+00 inf =   0.000e+00 (43662) 2 58%
# 38934: obj =   2.097589811e+00 inf =   0.000e+00 (41817) 2 60%
# 39155: obj =   2.098217786e+00 inf =   0.000e+00 (39526) 2 41%
# 39370: obj =   2.098689324e+00 inf =   0.000e+00 (42275) 2 52%
# 39572: obj =   2.098985073e+00 inf =   0.000e+00 (47922) 2 68%
# 39770: obj =   2.099347570e+00 inf =   0.000e+00 (42307) 2 55%
# 39970: obj =   2.099758319e+00 inf =   0.000e+00 (40283) 2 57%
# 40182: obj =   2.100026745e+00 inf =   0.000e+00 (42562) 3 63%
# 40406: obj =   2.100333592e+00 inf =   0.000e+00 (46089) 2 66%
# 40615: obj =   2.100461368e+00 inf =   0.000e+00 (49776) 2 81%
# 40823: obj =   2.100581221e+00 inf =   0.000e+00 (51422) 2 84%
# 41010: obj =   2.100774261e+00 inf =   0.000e+00 (46885) 2 73%
# 41224: obj =   2.101222295e+00 inf =   0.000e+00 (39121) 2 55%
# 41441: obj =   2.101569945e+00 inf =   0.000e+00 (40441) 2 62%
# 41641: obj =   2.101764268e+00 inf =   0.000e+00 (54928) 2 75%
# 41849: obj =   2.101961686e+00 inf =   0.000e+00 (45030) 2 70%
# 42059: obj =   2.102162006e+00 inf =   0.000e+00 (40547) 2 72%
# 42262: obj =   2.102371517e+00 inf =   0.000e+00 (48657) 2 71%
# 42470: obj =   2.102561551e+00 inf =   0.000e+00 (42651) 2 67%
# 42681: obj =   2.102678704e+00 inf =   0.000e+00 (38843) 2 74%
# 42870: obj =   2.102814453e+00 inf =   0.000e+00 (46976) 2 80%
# 43059: obj =   2.102911600e+00 inf =   0.000e+00 (37931) 2 82%
# 43247: obj =   2.103016683e+00 inf =   0.000e+00 (51191) 2 81%
# 43432: obj =   2.103312374e+00 inf =   0.000e+00 (39626) 2 58%
# 43609: obj =   2.103402765e+00 inf =   0.000e+00 (49567) 1 86%
# 43804: obj =   2.103570204e+00 inf =   0.000e+00 (47098) 2 68%
# 44012: obj =   2.103871569e+00 inf =   0.000e+00 (47877) 2 60%
# 44215: obj =   2.104073505e+00 inf =   0.000e+00 (44475) 2 67%
# 44419: obj =   2.104225480e+00 inf =   0.000e+00 (44052) 2 74%
# 44609: obj =   2.104273676e+00 inf =   0.000e+00 (43214) 2 93%
# 44799: obj =   2.104382311e+00 inf =   0.000e+00 (48285) 2 84%
# 45007: obj =   2.104561728e+00 inf =   0.000e+00 (36649) 2 69%
# 45200: obj =   2.104734614e+00 inf =   0.000e+00 (36257) 2 67%
# 45420: obj =   2.104831824e+00 inf =   0.000e+00 (37426) 2 90%
# 45632: obj =   2.104877284e+00 inf =   0.000e+00 (36550) 2 90%
# 45823: obj =   2.104927359e+00 inf =   0.000e+00 (41523) 2 90%
# 46014: obj =   2.104946409e+00 inf =   0.000e+00 (39105) 2 98%
# 46210: obj =   2.105016075e+00 inf =   0.000e+00 (38984) 2 93%
# 46409: obj =   2.105089429e+00 inf =   0.000e+00 (38563) 2 87%
# 46605: obj =   2.105148637e+00 inf =   0.000e+00 (39788) 2 94%
# 46793: obj =   2.105255490e+00 inf =   0.000e+00 (39802) 2 84%
# 46991: obj =   2.105376048e+00 inf =   0.000e+00 (46159) 2 87%
# 47199: obj =   2.105651828e+00 inf =   0.000e+00 (45281) 2 59%
# 47414: obj =   2.106037323e+00 inf =   0.000e+00 (37019) 2 54%
# 47626: obj =   2.106164829e+00 inf =   0.000e+00 (38803) 2 88%
# 47837: obj =   2.106423855e+00 inf =   0.000e+00 (38114) 2 63%
# 48047: obj =   2.106752594e+00 inf =   0.000e+00 (38715) 2 61%
# 48257: obj =   2.107149070e+00 inf =   0.000e+00 (42091) 3 56%
# 48464: obj =   2.107489504e+00 inf =   0.000e+00 (39021) 2 58%
# 48675: obj =   2.107552141e+00 inf =   0.000e+00 (38812) 2 87%
# 48866: obj =   2.107576330e+00 inf =   0.000e+00 (41156) 2 96%
# 49060: obj =   2.107602173e+00 inf =   0.000e+00 (40564) 1 97%
# 49248: obj =   2.107720318e+00 inf =   0.000e+00 (35132) 2 78%
# 49449: obj =   2.107894538e+00 inf =   0.000e+00 (39179) 2 68%
# 49651: obj =   2.107932809e+00 inf =   0.000e+00 (37411) 2 95%
# 49829: obj =   2.107963060e+00 inf =   0.000e+00 (37951) 2 94%
# 50009: obj =   2.108096156e+00 inf =   0.000e+00 (35365) 2 76%
# 50204: obj =   2.108439800e+00 inf =   0.000e+00 (40933) 2 50%
# 50397: obj =   2.108701667e+00 inf =   0.000e+00 (41463) 2 65%
# 50594: obj =   2.108772927e+00 inf =   0.000e+00 (41477) 2 95%
# 50806: obj =   2.108848976e+00 inf =   0.000e+00 (38299) 2 89%
# 51012: obj =   2.109091595e+00 inf =   0.000e+00 (38976) 2 69%
# 51207: obj =   2.109166857e+00 inf =   0.000e+00 (35075) 2 88%
# 51394: obj =   2.109325352e+00 inf =   0.000e+00 (29614) 1 72%
# 51584: obj =   2.109400682e+00 inf =   0.000e+00 (39041) 2 85%
# 51767: obj =   2.109458206e+00 inf =   0.000e+00 (41941) 2 91%
# 51960: obj =   2.109664470e+00 inf =   0.000e+00 (40784) 2 61%
# 52159: obj =   2.109859342e+00 inf =   0.000e+00 (34911) 2 74%
# 52353: obj =   2.110104672e+00 inf =   0.000e+00 (36577) 2 62%
# 52555: obj =   2.110154543e+00 inf =   0.000e+00 (47510) 2 97%
# 52757: obj =   2.110279061e+00 inf =   0.000e+00 (33765) 2 94%
# 52947: obj =   2.110319141e+00 inf =   0.000e+00 (41126) 2 93%
# 53132: obj =   2.110325505e+00 inf =   0.000e+00 (41523) 2 100%
# 53318: obj =   2.110366217e+00 inf =   0.000e+00 (51922) 1 97%
# 53506: obj =   2.110384160e+00 inf =   0.000e+00 (41674) 2 97%
# 53709: obj =   2.110437553e+00 inf =   0.000e+00 (43913) 2 95%
# 53919: obj =   2.110486588e+00 inf =   0.000e+00 (39720) 2 95%
# 54125: obj =   2.110576848e+00 inf =   0.000e+00 (38920) 2 80%
# 54334: obj =   2.110700268e+00 inf =   0.000e+00 (34971) 3 77%
# 54547: obj =   2.110719461e+00 inf =   0.000e+00 (39382) 2 95%
# 54739: obj =   2.110732331e+00 inf =   0.000e+00 (45024) 2 96%
# 54930: obj =   2.110762602e+00 inf =   0.000e+00 (38019) 1 92%
# 55109: obj =   2.110786689e+00 inf =   0.000e+00 (40044) 2 98%
# 55295: obj =   2.110808856e+00 inf =   0.000e+00 (38114) 2 100%
# 55472: obj =   2.110835051e+00 inf =   0.000e+00 (32862) 2 98%
# 55667: obj =   2.110847539e+00 inf =   0.000e+00 (37153) 2 98%
# 55861: obj =   2.110898225e+00 inf =   0.000e+00 (39657) 2 90%
# 56056: obj =   2.111030647e+00 inf =   0.000e+00 (41303) 2 75%
# 56255: obj =   2.111159578e+00 inf =   0.000e+00 (40363) 1 85%
# 56453: obj =   2.111282190e+00 inf =   0.000e+00 (37875) 2 84%
# 56662: obj =   2.111307607e+00 inf =   0.000e+00 (46762) 3 94%
# 56853: obj =   2.111326374e+00 inf =   0.000e+00 (37445) 1 95%
# 57049: obj =   2.111341783e+00 inf =   0.000e+00 (45355) 2 96%
# 57243: obj =   2.111456587e+00 inf =   0.000e+00 (37232) 2 68%
# 57420: obj =   2.111497010e+00 inf =   0.000e+00 (37328) 2 90%
# 57616: obj =   2.111507421e+00 inf =   0.000e+00 (37598) 2 96%
# 57788: obj =   2.111517840e+00 inf =   0.000e+00 (38805) 2 99%
# 57957: obj =   2.111547046e+00 inf =   0.000e+00 (46015) 1 97%
# 58128: obj =   2.111561873e+00 inf =   0.000e+00 (37949) 2 96%
# 58306: obj =   2.111567311e+00 inf =   0.000e+00 (40966) 2 100%
# 58502: obj =   2.111576345e+00 inf =   0.000e+00 (51361) 2 92%
# 58684: obj =   2.111590440e+00 inf =   0.000e+00 (53065) 2 98%
# 58881: obj =   2.111654225e+00 inf =   0.000e+00 (39173) 1 88%
# 59051: obj =   2.111707327e+00 inf =   0.000e+00 (38661) 2 91%
# 59236: obj =   2.111751513e+00 inf =   0.000e+00 (48295) 2 92%
# 59411: obj =   2.111774201e+00 inf =   0.000e+00 (38068) 2 97%
# 59603: obj =   2.111876456e+00 inf =   0.000e+00 (43843) 2 72%
# 59796: obj =   2.112041139e+00 inf =   0.000e+00 (48078) 2 63%
# 59981: obj =   2.112096921e+00 inf =   0.000e+00 (49443) 1 93%
# 60176: obj =   2.112115315e+00 inf =   0.000e+00 (39481) 2 100%
# 60379: obj =   2.112166587e+00 inf =   0.000e+00 (40953) 2 91%
# 60583: obj =   2.112170710e+00 inf =   0.000e+00 (37397) 2 99%
# 60767: obj =   2.112180785e+00 inf =   0.000e+00 (43449) 2 100%
# 60953: obj =   2.112213148e+00 inf =   0.000e+00 (45201) 2 94%
# 61145: obj =   2.112320486e+00 inf =   0.000e+00 (44264) 2 81%
# 61331: obj =   2.112417896e+00 inf =   0.000e+00 (46975) 2 83%
# 61518: obj =   2.112436449e+00 inf =   0.000e+00 (40029) 2 94%
# 61716: obj =   2.112446631e+00 inf =   0.000e+00 (37101) 2 97%
# 61918: obj =   2.112484558e+00 inf =   0.000e+00 (37940) 2 89%
# 62099: obj =   2.112495795e+00 inf =   0.000e+00 (40495) 1 97%
# 62274: obj =   2.112505190e+00 inf =   0.000e+00 (42191) 2 97%
# 62459: obj =   2.112508157e+00 inf =   0.000e+00 (43214) 2 100%
# 62642: obj =   2.112511426e+00 inf =   0.000e+00 (45336) 2 100%
# 62815: obj =   2.112528854e+00 inf =   0.000e+00 (52322) 1 94%
# 62994: obj =   2.112571347e+00 inf =   0.000e+00 (38514) 2 87%
# 63186: obj =   2.112646588e+00 inf =   0.000e+00 (42388) 2 82%
# 63362: obj =   2.112720743e+00 inf =   0.000e+00 (43609) 2 85%
# 63546: obj =   2.112734721e+00 inf =   0.000e+00 (42300) 2 96%
# 63738: obj =   2.112760067e+00 inf =   0.000e+00 (45776) 2 94%
# 63941: obj =   2.112881535e+00 inf =   0.000e+00 (46805) 2 70%
# 64141: obj =   2.113080664e+00 inf =   0.000e+00 (36540) 1 69%
# 64336: obj =   2.113097220e+00 inf =   0.000e+00 (35131) 2 100%
# 64547: obj =   2.113149745e+00 inf =   0.000e+00 (32236) 3 92%
# 64741: obj =   2.113178685e+00 inf =   0.000e+00 (31606) 1 98%
# 64925: obj =   2.113206115e+00 inf =   0.000e+00 (38992) 2 96%
# 65107: obj =   2.113243880e+00 inf =   0.000e+00 (41262) 2 93%
# 65300: obj =   2.113404094e+00 inf =   0.000e+00 (42854) 2 69%
# 65506: obj =   2.113564298e+00 inf =   0.000e+00 (43340) 2 82%
# 65695: obj =   2.113568711e+00 inf =   0.000e+00 (36405) 2 100%
# 65883: obj =   2.113584173e+00 inf =   0.000e+00 (38003) 2 95%
# 66077: obj =   2.113671550e+00 inf =   0.000e+00 (36856) 2 75%
# 66277: obj =   2.113827618e+00 inf =   0.000e+00 (35410) 2 60%
# 66468: obj =   2.113835144e+00 inf =   0.000e+00 (50566) 1 95%
# 66648: obj =   2.113851216e+00 inf =   0.000e+00 (40056) 2 96%
# 66833: obj =   2.113950664e+00 inf =   0.000e+00 (41122) 2 67%
# 67005: obj =   2.114084867e+00 inf =   0.000e+00 (42917) 2 68%
# 67194: obj =   2.114232033e+00 inf =   0.000e+00 (46686) 2 75%
# 67356: obj =   2.114237685e+00 inf =   0.000e+00 (44815) 1 100%
# 67534: obj =   2.114325688e+00 inf =   0.000e+00 (48736) 2 89%
# 67723: obj =   2.114481126e+00 inf =   0.000e+00 (38289) 2 69%
# 67916: obj =   2.114808184e+00 inf =   0.000e+00 (44271) 2 53%
# 68114: obj =   2.114836453e+00 inf =   0.000e+00 (40137) 2 97%
# 68309: obj =   2.114870809e+00 inf =   0.000e+00 (46783) 2 91%
# 68490: obj =   2.114873654e+00 inf =   0.000e+00 (38809) 1 100%
# 68674: obj =   2.114874909e+00 inf =   0.000e+00 (37696) 2 100%
# 68875: obj =   2.114875871e+00 inf =   0.000e+00 (37264) 2 100%
# 69050: obj =   2.114876724e+00 inf =   0.000e+00 (40636) 2 100%
# 69228: obj =   2.114894264e+00 inf =   0.000e+00 (46425) 2 96%
# 69392: obj =   2.114945521e+00 inf =   0.000e+00 (51554) 1 90%
# 69583: obj =   2.115047629e+00 inf =   0.000e+00 (41385) 2 77%
# 69756: obj =   2.115049467e+00 inf =   0.000e+00 (37952) 2 100%
# 69927: obj =   2.115052028e+00 inf =   0.000e+00 (39401) 2 100%
# 70115: obj =   2.115053485e+00 inf =   0.000e+00 (39716) 2 100%
# 70283: obj =   2.115102754e+00 inf =   0.000e+00 (32641) 1 89%
# 70443: obj =   2.115106258e+00 inf =   0.000e+00 (31924) 2 98%
# 70622: obj =   2.115116888e+00 inf =   0.000e+00 (34158) 2 95%
# 70811: obj =   2.115120747e+00 inf =   0.000e+00 (32222) 1 97%
# 70980: obj =   2.115122057e+00 inf =   0.000e+00 (33416) 2 100%
# 71161: obj =   2.115154368e+00 inf =   0.000e+00 (48413) 2 87%
# 71357: obj =   2.115218846e+00 inf =   0.000e+00 (48232) 2 82%
# 71557: obj =   2.115431389e+00 inf =   0.000e+00 (52412) 2 54%
# 71755: obj =   2.115803884e+00 inf =   0.000e+00 (47554) 2 43%
# 71930: obj =   2.115881318e+00 inf =   0.000e+00 (48494) 2 89%
# 72125: obj =   2.115886107e+00 inf =   0.000e+00 (50798) 1 99%
# 72327: obj =   2.115971654e+00 inf =   0.000e+00 (45219) 2 91%
# 72519: obj =   2.116330032e+00 inf =   0.000e+00 (37442) 2 60%
# 72713: obj =   2.116490615e+00 inf =   0.000e+00 (36364) 2 84%
# 72903: obj =   2.116677100e+00 inf =   0.000e+00 (35300) 2 80%
# 73098: obj =   2.116757768e+00 inf =   0.000e+00 (54297) 2 92%
# 73279: obj =   2.116869956e+00 inf =   0.000e+00 (41460) 2 81%
# 73473: obj =   2.116951159e+00 inf =   0.000e+00 (33850) 2 84%
# 73669: obj =   2.117244463e+00 inf =   0.000e+00 (32256) 2 57%
# 73853: obj =   2.117277583e+00 inf =   0.000e+00 (31463) 2 96%
# 74051: obj =   2.117308736e+00 inf =   0.000e+00 (32845) 2 98%
# 74253: obj =   2.117344668e+00 inf =   0.000e+00 (35139) 2 97%
# 74455: obj =   2.117379187e+00 inf =   0.000e+00 (34864) 2 97%
# 74653: obj =   2.117643692e+00 inf =   0.000e+00 (36599) 1 69%
# 74851: obj =   2.117648961e+00 inf =   0.000e+00 (37477) 2 100%
# 75043: obj =   2.117657099e+00 inf =   0.000e+00 (41657) 2 99%
# 75246: obj =   2.117702167e+00 inf =   0.000e+00 (34978) 2 91%
# 75447: obj =   2.117706191e+00 inf =   0.000e+00 (36101) 2 99%
# 75638: obj =   2.117763370e+00 inf =   0.000e+00 (37590) 2 91%
# 75825: obj =   2.117771716e+00 inf =   0.000e+00 (37766) 2 100%
# 75998: obj =   2.117776996e+00 inf =   0.000e+00 (40986) 2 100%
# 76163: obj =   2.117779702e+00 inf =   0.000e+00 (42089) 1 100%
# 76332: obj =   2.117800195e+00 inf =   0.000e+00 (44725) 2 95%
# 76508: obj =   2.117801790e+00 inf =   0.000e+00 (44889) 2 100%
# 76683: obj =   2.117802022e+00 inf =   0.000e+00 (43871) 2 100%
# 76872: obj =   2.117803172e+00 inf =   0.000e+00 (43919) 1 100%
# 77048: obj =   2.117804330e+00 inf =   0.000e+00 (43429) 2 100%
# 77221: obj =   2.117806315e+00 inf =   0.000e+00 (43411) 2 100%
# 77390: obj =   2.117815525e+00 inf =   0.000e+00 (57436) 2 99%
# 77558: obj =   2.117817915e+00 inf =   0.000e+00 (42659) 1 100%
# 77722: obj =   2.117823477e+00 inf =   0.000e+00 (41810) 2 97%
# 77892: obj =   2.117826155e+00 inf =   0.000e+00 (41796) 1 100%
# 78073: obj =   2.117831775e+00 inf =   0.000e+00 (44608) 2 100%
# 78237: obj =   2.117836693e+00 inf =   0.000e+00 (40682) 2 100%
# 78402: obj =   2.117845653e+00 inf =   0.000e+00 (45162) 1 99%
# 78583: obj =   2.117889088e+00 inf =   0.000e+00 (43984) 2 92%
# 78763: obj =   2.117891600e+00 inf =   0.000e+00 (44757) 2 100%
# 78948: obj =   2.117894841e+00 inf =   0.000e+00 (43950) 2 100%
# 79124: obj =   2.117905453e+00 inf =   0.000e+00 (58853) 2 99%
# 79301: obj =   2.117911699e+00 inf =   0.000e+00 (46541) 1 100%
# 79459: obj =   2.117917406e+00 inf =   0.000e+00 (43874) 2 100%
# 79634: obj =   2.117932318e+00 inf =   0.000e+00 (44487) 2 96%
# 79818: obj =   2.117948124e+00 inf =   0.000e+00 (57865) 2 98%
# 80009: obj =   2.117951880e+00 inf =   0.000e+00 (36529) 1 100%
# 80190: obj =   2.117954236e+00 inf =   0.000e+00 (43692) 2 99%
# 80366: obj =   2.117954990e+00 inf =   0.000e+00 (40521) 2 100%
# 80536: obj =   2.117956098e+00 inf =   0.000e+00 (58282) 2 100%
# 80703: obj =   2.117994757e+00 inf =   0.000e+00 (46218) 1 90%
# 80877: obj =   2.118009080e+00 inf =   0.000e+00 (45106) 2 91%
# 81055: obj =   2.118012136e+00 inf =   0.000e+00 (45558) 2 100%
# 81234: obj =   2.118019998e+00 inf =   0.000e+00 (44528) 2 98%
# 81425: obj =   2.118059335e+00 inf =   0.000e+00 (40651) 1 92%
# 81600: obj =   2.118208285e+00 inf =   0.000e+00 (41082) 2 80%
# 81770: obj =   2.118245212e+00 inf =   0.000e+00 (43383) 2 96%
# 81946: obj =   2.118351026e+00 inf =   0.000e+00 (43857) 2 89%
# 82135: obj =   2.118399881e+00 inf =   0.000e+00 (37226) 1 96%
# 82326: obj =   2.118447447e+00 inf =   0.000e+00 (43266) 2 98%
# 82514: obj =   2.118448675e+00 inf =   0.000e+00 (43123) 2 100%
# 82692: obj =   2.118449906e+00 inf =   0.000e+00 (42006) 2 100%
# 82871: obj =   2.118450777e+00 inf =   0.000e+00 (43647) 2 100%
# 83050: obj =   2.118462780e+00 inf =   0.000e+00 (42707) 1 94%
# 83228: obj =   2.118477153e+00 inf =   0.000e+00 (41329) 2 97%
# 83409: obj =   2.118477723e+00 inf =   0.000e+00 (41595) 2 100%
# 83588: obj =   2.118481860e+00 inf =   0.000e+00 (40157) 2 98%
# 83765: obj =   2.118549297e+00 inf =   0.000e+00 (42101) 2 87%
# 83945: obj =   2.118551852e+00 inf =   0.000e+00 (42116) 1 100%
# 84138: obj =   2.118553857e+00 inf =   0.000e+00 (40039) 2 100%
# 84303: obj =   2.118604978e+00 inf =   0.000e+00 (42762) 2 90%
# 84470: obj =   2.118697515e+00 inf =   0.000e+00 (40875) 2 83%
# 84632: obj =   2.118700345e+00 inf =   0.000e+00 (39925) 1 99%
# 84805: obj =   2.118700758e+00 inf =   0.000e+00 (40079) 2 100%
# 84972: obj =   2.118701005e+00 inf =   0.000e+00 (39087) 2 100%
# 85150: obj =   2.118738157e+00 inf =   0.000e+00 (38404) 1 92%
# 85316: obj =   2.118790577e+00 inf =   0.000e+00 (39122) 2 91%
# 85494: obj =   2.118928920e+00 inf =   0.000e+00 (46577) 2 80%
# 85679: obj =   2.118950811e+00 inf =   0.000e+00 (40561) 2 96%
# 85849: obj =   2.118951332e+00 inf =   0.000e+00 (38061) 1 100%
# 86024: obj =   2.118951970e+00 inf =   0.000e+00 (39879) 2 100%
# 86207: obj =   2.118958461e+00 inf =   0.000e+00 (38019) 2 99%
# 86386: obj =   2.118977792e+00 inf =   0.000e+00 (40020) 2 94%
# 86572: obj =   2.119037771e+00 inf =   0.000e+00 (36671) 1 91%
# 86756: obj =   2.119038295e+00 inf =   0.000e+00 (36665) 2 100%
# 86921: obj =   2.119038742e+00 inf =   0.000e+00 (34669) 2 100%
# 87098: obj =   2.119049323e+00 inf =   0.000e+00 (47086) 2 100%
# 87271: obj =   2.119076012e+00 inf =   0.000e+00 (35705) 1 91%
# 87433: obj =   2.119130804e+00 inf =   0.000e+00 (36394) 2 82%
# 87623: obj =   2.119235719e+00 inf =   0.000e+00 (40401) 2 85%
# 87800: obj =   2.119237774e+00 inf =   0.000e+00 (38628) 2 97%
# 87985: obj =   2.119263381e+00 inf =   0.000e+00 (38912) 1 93%
# 88170: obj =   2.119266852e+00 inf =   0.000e+00 (37008) 2 100%
# 88359: obj =   2.119327594e+00 inf =   0.000e+00 (38842) 2 90%
# 88544: obj =   2.119365971e+00 inf =   0.000e+00 (39537) 2 96%
# 88709: obj =   2.119369203e+00 inf =   0.000e+00 (37783) 2 98%
# 88879: obj =   2.119425270e+00 inf =   0.000e+00 (39491) 1 91%
# 89071: obj =   2.119426471e+00 inf =   0.000e+00 (32376) 2 100%
# 89262: obj =   2.119502723e+00 inf =   0.000e+00 (38364) 2 89%
# 89446: obj =   2.119503192e+00 inf =   0.000e+00 (37390) 2 100%
# 89627: obj =   2.119503578e+00 inf =   0.000e+00 (41140) 2 100%
# 89800: obj =   2.119560717e+00 inf =   0.000e+00 (38573) 1 93%
# 89980: obj =   2.119561200e+00 inf =   0.000e+00 (39999) 2 100%
# 90160: obj =   2.119610225e+00 inf =   0.000e+00 (37172) 2 95%
# 90332: obj =   2.119610458e+00 inf =   0.000e+00 (36835) 2 100%
# 90504: obj =   2.119610695e+00 inf =   0.000e+00 (37746) 1 100%
# 90667: obj =   2.119610441e+00 inf =   0.000e+00 (35426) 2 100%
# 90833: obj =   2.119615480e+00 inf =   0.000e+00 (36413) 2 99%
# 90996: obj =   2.119615861e+00 inf =   0.000e+00 (37003) 1 100%
# 91156: obj =   2.119622388e+00 inf =   0.000e+00 (41366) 2 100%
# 91329: obj =   2.120004083e+00 inf =   0.000e+00 (37906) 1 78%
# 91500: obj =   2.120004530e+00 inf =   0.000e+00 (38323) 2 100%
# 91668: obj =   2.120004980e+00 inf =   0.000e+00 (39799) 2 100%
# 91844: obj =   2.120005375e+00 inf =   0.000e+00 (36982) 2 100%
# 92008: obj =   2.120005782e+00 inf =   0.000e+00 (38330) 1 100%
# 92174: obj =   2.120052762e+00 inf =   0.000e+00 (37430) 2 96%
# 92346: obj =   2.120093265e+00 inf =   0.000e+00 (36707) 2 97%
# 92515: obj =   2.120137485e+00 inf =   0.000e+00 (39086) 1 91%
# 92681: obj =   2.120137705e+00 inf =   0.000e+00 (40524) 2 100%
# 92857: obj =   2.120179653e+00 inf =   0.000e+00 (39559) 2 95%
# 93045: obj =   2.120695703e+00 inf =   0.000e+00 (41262) 1 69%
# 93213: obj =   2.120696549e+00 inf =   0.000e+00 (42316) 2 100%
# 93375: obj =   2.120794815e+00 inf =   0.000e+00 (40708) 2 87%
# 93536: obj =   2.120794380e+00 inf =   0.000e+00 (39390) 1 100%
# 93691: obj =   2.120795151e+00 inf =   0.000e+00 (40195) 2 100%
# 93844: obj =   2.120795471e+00 inf =   0.000e+00 (35317) 1 100%
# 93999: obj =   2.120795664e+00 inf =   0.000e+00 (34653) 2 100%
# 94177: obj =   2.120845240e+00 inf =   0.000e+00 (41206) 2 95%
# 94361: obj =   2.120915887e+00 inf =   0.000e+00 (36866) 1 94%
# 94530: obj =   2.120922971e+00 inf =   0.000e+00 (34813) 2 98%
# 94712: obj =   2.120969764e+00 inf =   0.000e+00 (38589) 2 97%
# 94887: obj =   2.120992777e+00 inf =   0.000e+00 (38316) 2 98%
# 95063: obj =   2.121038838e+00 inf =   0.000e+00 (36638) 1 97%
# 95239: obj =   2.121088797e+00 inf =   0.000e+00 (37348) 2 93%
# 95413: obj =   2.121103211e+00 inf =   0.000e+00 (36833) 2 98%
# 95584: obj =   2.121103520e+00 inf =   0.000e+00 (37813) 2 100%
# 95764: obj =   2.121316848e+00 inf =   0.000e+00 (39850) 1 87%
# 95936: obj =   2.121317221e+00 inf =   0.000e+00 (38316) 2 100%
# 96110: obj =   2.121318326e+00 inf =   0.000e+00 (39770) 2 100%
# 96301: obj =   2.121480084e+00 inf =   0.000e+00 (35576) 2 85%
# 96481: obj =   2.121481459e+00 inf =   0.000e+00 (36824) 1 100%
# 96664: obj =   2.121481918e+00 inf =   0.000e+00 (39495) 2 100%
# 96827: obj =   2.121482371e+00 inf =   0.000e+00 (37176) 2 100%
# 96983: obj =   2.121482656e+00 inf =   0.000e+00 (35940) 1 100%
# 97145: obj =   2.121484800e+00 inf =   0.000e+00 (39928) 2 100%
# 97316: obj =   2.121525891e+00 inf =   0.000e+00 (35183) 2 97%
# 97488: obj =   2.121548166e+00 inf =   0.000e+00 (48326) 1 97%
# 97664: obj =   2.121601726e+00 inf =   0.000e+00 (40402) 2 93%
# 97849: obj =   2.121602400e+00 inf =   0.000e+00 (38226) 2 100%
# 98011: obj =   2.121602912e+00 inf =   0.000e+00 (39826) 2 100%
# 98184: obj =   2.121617229e+00 inf =   0.000e+00 (39495) 1 100%
# 98360: obj =   2.121768326e+00 inf =   0.000e+00 (39165) 2 84%
# 98528: obj =   2.121776452e+00 inf =   0.000e+00 (42061) 2 99%
# 98703: obj =   2.121776785e+00 inf =   0.000e+00 (43134) 1 100%
# 98882: obj =   2.121777327e+00 inf =   0.000e+00 (42559) 2 100%
# 99050: obj =   2.121779312e+00 inf =   0.000e+00 (40541) 2 100%
# 99213: obj =   2.121787833e+00 inf =   0.000e+00 (36636) 1 100%
# 99385: obj =   2.121809675e+00 inf =   0.000e+00 (37613) 2 97%
# 99551: obj =   2.121820207e+00 inf =   0.000e+00 (40640) 2 98%
# 99734: obj =   2.121822407e+00 inf =   0.000e+00 (40388) 2 100%
# 99917: obj =   2.121824096e+00 inf =   0.000e+00 (35483) 1 100%
#100102: obj =   2.121828675e+00 inf =   0.000e+00 (38144) 2 100%
#100298: obj =   2.121829722e+00 inf =   0.000e+00 (37427) 2 100%
#100493: obj =   2.121830339e+00 inf =   0.000e+00 (40979) 2 100%
#100691: obj =   2.122003104e+00 inf =   0.000e+00 (39197) 2 90%
#100884: obj =   2.122004088e+00 inf =   0.000e+00 (38485) 2 100%
#101073: obj =   2.122008624e+00 inf =   0.000e+00 (37961) 2 100%
#101271: obj =   2.122043103e+00 inf =   0.000e+00 (53121) 2 96%
#101461: obj =   2.122043722e+00 inf =   0.000e+00 (51373) 2 100%
#101661: obj =   2.122103889e+00 inf =   0.000e+00 (40313) 2 96%
#101877: obj =   2.122284590e+00 inf =   0.000e+00 (39174) 2 92%
#102093: obj =   2.122452310e+00 inf =   0.000e+00 (39804) 2 92%
#102312: obj =   2.122507243e+00 inf =   0.000e+00 (38753) 2 95%
#102531: obj =   2.122677211e+00 inf =   0.000e+00 (33766) 2 89%
#102742: obj =   2.122686931e+00 inf =   0.000e+00 (33867) 2 98%
#102952: obj =   2.122687306e+00 inf =   0.000e+00 (36193) 3 100%
#103170: obj =   2.122712715e+00 inf =   0.000e+00 (46945) 2 97%
#103392: obj =   2.123038353e+00 inf =   0.000e+00 (38193) 2 74%
#103603: obj =   2.123038611e+00 inf =   0.000e+00 (36401) 2 100%
#103812: obj =   2.123038839e+00 inf =   0.000e+00 (34668) 2 100%
#104024: obj =   2.123039046e+00 inf =   0.000e+00 (33435) 2 100%
#104241: obj =   2.123074478e+00 inf =   0.000e+00 (37540) 2 97%
#104451: obj =   2.123074701e+00 inf =   0.000e+00 (33753) 2 100%
#104660: obj =   2.123074979e+00 inf =   0.000e+00 (33546) 2 100%
#104871: obj =   2.123083069e+00 inf =   0.000e+00 (40443) 3 98%
#105082: obj =   2.123083288e+00 inf =   0.000e+00 (41450) 2 100%
#105297: obj =   2.123129876e+00 inf =   0.000e+00 (38354) 2 94%
#105510: obj =   2.123130248e+00 inf =   0.000e+00 (35380) 2 100%
#105722: obj =   2.123130584e+00 inf =   0.000e+00 (34749) 2 100%
#105936: obj =   2.123216544e+00 inf =   0.000e+00 (39536) 2 90%
#106150: obj =   2.123258696e+00 inf =   0.000e+00 (45046) 2 96%
